<?xml version="1.0" encoding="UTF-8"?>
<testsuites name="1-1 Order Test Suite" time="350" tests="2" failures="2" errors="0">
   <testsuite name="1-1 Order Test Suite" tests="2" failures="2" errors="0" time="350" timestamp="2019-06-05 10:16:23" hostname="KennyIC_Chen - Larry_Chen.compal.com" id="Test Suites/1-1 Order Test Suite">
      <properties>
         <property name="deviceName" value=""/>
         <property name="devicePlatform" value=""/>
         <property name="logFolder" value="D:\\Kenny\\D\\Katalon Studio\\PSI\\PSItest\\Reports\\1-1 Order Test Suite\\20190605_101616"/>
         <property name="logFiles" value="D:\\Kenny\\D\\Katalon Studio\\PSI\\PSItest\\Reports\\1-1 Order Test Suite\\20190605_101616\\execution0.log"/>
         <property name="attachments" value="D:\\Kenny\\D\\Katalon Studio\\PSI\\PSItest\\Reports\\1-1 Order Test Suite\\20190605_101616\\1559701169802.png, D:\\Kenny\\D\\Katalon Studio\\PSI\\PSItest\\Reports\\1-1 Order Test Suite\\20190605_101616\\1559701170503.png, D:\\Kenny\\D\\Katalon Studio\\PSI\\PSItest\\Reports\\1-1 Order Test Suite\\20190605_101616\\1559701332434.png"/>
         <property name="hostName" value="KennyIC_Chen - Larry_Chen.compal.com"/>
         <property name="os" value="Windows 10 64bit"/>
         <property name="katalonVersion" value="5.10.1.1"/>
         <property name="browser" value="Chrome 74.0.3729.169"/>
         <property name="hostAddress" value="10.109.102.145"/>
         <property name="sessionId" value="b2c2a4c0e64d53bcd56343579ef73f36"/>
         <property name="seleniumVersion" value="3.7.1"/>
         <property name="proxyInformation" value="ProxyInformation{proxyOption=NO_PROXY, proxyServerType=HTTP, password=, proxyServerAddress=, proxyServerPort=0}"/>
         <property name="platform" value="Windows 10"/>
      </properties>
      <testcase name="Test Cases/Others/Login" classname="Test Cases/Others/Login" status="PASSED">
         <system-out><![CDATA[2019-06-05 10:16:24 - [TEST_CASE][PASSED] - Test Cases/Others/Login: Test Cases/Others/Login

2019-06-05 10:16:25 - [TEST_STEP][PASSED] - openBrowser(""): Browser is opened with url: ''

2019-06-05 10:16:26 - [MESSAGE][INFO] - Starting 'Chrome' driver

2019-06-05 10:16:26 - [MESSAGE][INFO] - Action delay is set to 0 seconds

2019-06-05 10:16:32 - [MESSAGE][PASSED] - Browser is opened with url: ''

2019-06-05 10:16:32 - [TEST_STEP][PASSED] - navigateToUrl("https://psi-azcldap.unicore.com.tw/login"): Navigate to 'https://psi-azcldap.unicore.com.tw/login' successfully

2019-06-05 10:16:38 - [MESSAGE][PASSED] - Navigate to 'https://psi-azcldap.unicore.com.tw/login' successfully

2019-06-05 10:16:38 - [TEST_STEP][PASSED] - maximizeWindow(): Current window maximized

2019-06-05 10:16:39 - [MESSAGE][PASSED] - Current window maximized

2019-06-05 10:16:39 - [TEST_STEP][PASSED] - setText(findTestObject("Others/Login/ID-QWE"), "QWE"): Text 'QWE' is set on object 'Object Repository/Others/Login/ID-QWE'

2019-06-05 10:16:40 - [MESSAGE][PASSED] - Text 'QWE' is set on object 'Object Repository/Others/Login/ID-QWE'

2019-06-05 10:16:40 - [TEST_STEP][PASSED] - setEncryptedText(findTestObject("Others/Login/PW-QWE"), "5opu+sh6ATw="): Text ****** has been set on object 'Object Repository/Others/Login/PW-QWE'

2019-06-05 10:16:41 - [MESSAGE][PASSED] - Text ****** has been set on object 'Object Repository/Others/Login/PW-QWE'

2019-06-05 10:16:41 - [TEST_STEP][PASSED] - click(findTestObject("Others/Login/Login Button")): Object: 'Object Repository/Others/Login/Login Button' is clicked on

2019-06-05 10:16:41 - [MESSAGE][PASSED] - Object: 'Object Repository/Others/Login/Login Button' is clicked on

2019-06-05 10:16:41 - [TEST_STEP][PASSED] - verifyElementClickable(findTestObject("Others/Login/Verify button")): Object 'Object Repository/Others/Login/Verify button' is clickable

2019-06-05 10:16:42 - [MESSAGE][PASSED] - Object 'Object Repository/Others/Login/Verify button' is clickable]]></system-out>
         <system-err><![CDATA[]]></system-err>
      </testcase>
      <testcase name="Test Cases/1 In/1-1 Order/1-1 Order-Add" classname="Test Cases/1 In/1-1 Order/1-1 Order-Add" status="PASSED">
         <system-out><![CDATA[2019-06-05 10:16:42 - [TEST_CASE][PASSED] - Test Cases/1 In/1-1 Order/1-1 Order-Add: Test Cases/1 In/1-1 Order/1-1 Order-Add

2019-06-05 10:16:42 - [TEST_STEP][PASSED] - click(findTestObject("1 In/1-1 Order/Add/New button")): Object: 'Object Repository/1 In/1-1 Order/Add/New button' is clicked on

2019-06-05 10:16:43 - [MESSAGE][PASSED] - Object: 'Object Repository/1 In/1-1 Order/Add/New button' is clicked on

2019-06-05 10:16:43 - [TEST_STEP][PASSED] - click(findTestObject("1 In/1-1 Order/Add/Order button")): Object: 'Object Repository/1 In/1-1 Order/Add/Order button' is clicked on

2019-06-05 10:16:43 - [MESSAGE][PASSED] - Object: 'Object Repository/1 In/1-1 Order/Add/Order button' is clicked on

2019-06-05 10:16:43 - [TEST_STEP][PASSED] - click(findTestObject("1 In/1-1 Order/Add/Vendor button")): Object: 'Object Repository/1 In/1-1 Order/Add/Vendor button' is clicked on

2019-06-05 10:16:43 - [MESSAGE][PASSED] - Object: 'Object Repository/1 In/1-1 Order/Add/Vendor button' is clicked on

2019-06-05 10:16:43 - [TEST_STEP][PASSED] - click(findTestObject("1 In/1-1 Order/Add/Vendor 2324")): Object: 'Object Repository/1 In/1-1 Order/Add/Vendor 2324' is clicked on

2019-06-05 10:16:44 - [MESSAGE][PASSED] - Object: 'Object Repository/1 In/1-1 Order/Add/Vendor 2324' is clicked on

2019-06-05 10:16:44 - [TEST_STEP][PASSED] - click(findTestObject("1 In/1-1 Order/Add/Employee button")): Object: 'Object Repository/1 In/1-1 Order/Add/Employee button' is clicked on

2019-06-05 10:16:44 - [MESSAGE][PASSED] - Object: 'Object Repository/1 In/1-1 Order/Add/Employee button' is clicked on

2019-06-05 10:16:44 - [TEST_STEP][PASSED] - click(findTestObject("1 In/1-1 Order/Add/Emplyee Larry")): Object: 'Object Repository/1 In/1-1 Order/Add/Emplyee Larry' is clicked on

2019-06-05 10:16:45 - [MESSAGE][PASSED] - Object: 'Object Repository/1 In/1-1 Order/Add/Emplyee Larry' is clicked on

2019-06-05 10:16:45 - [TEST_STEP][PASSED] - click(findTestObject("1 In/1-1 Order/Add/Ship button")): Object: 'Object Repository/1 In/1-1 Order/Add/Ship button' is clicked on

2019-06-05 10:16:45 - [MESSAGE][PASSED] - Object: 'Object Repository/1 In/1-1 Order/Add/Ship button' is clicked on

2019-06-05 10:16:45 - [TEST_STEP][PASSED] - click(findTestObject("1 In/1-1 Order/Add/Ship 1")): Object: 'Object Repository/1 In/1-1 Order/Add/Ship 1' is clicked on

2019-06-05 10:16:45 - [MESSAGE][PASSED] - Object: 'Object Repository/1 In/1-1 Order/Add/Ship 1' is clicked on

2019-06-05 10:16:45 - [TEST_STEP][PASSED] - click(findTestObject("1 In/1-1 Order/Add/TAX select")): Object: 'Object Repository/1 In/1-1 Order/Add/TAX select' is clicked on

2019-06-05 10:16:46 - [MESSAGE][PASSED] - Object: 'Object Repository/1 In/1-1 Order/Add/TAX select' is clicked on

2019-06-05 10:16:46 - [TEST_STEP][PASSED] - selectOptionByValue(findTestObject("1 In/1-1 Order/Add/TAX1"), "0: 1", true): All options with value '0: 1' are selected in object 'Object Repository/1 In/1-1 Order/Add/TAX1'  using regular expression

2019-06-05 10:16:46 - [MESSAGE][PASSED] - All options with value '0: 1' are selected in object 'Object Repository/1 In/1-1 Order/Add/TAX1'  using regular expression

2019-06-05 10:16:46 - [TEST_STEP][PASSED] - setText(findTestObject("1 In/1-1 Order/Add/Note"), time()): null

2019-06-05 10:16:46 - [TEST_STEP][PASSED] - date = new java.util.Date(): null

2019-06-05 10:16:46 - [TEST_STEP][PASSED] - sdf = new java.text.SimpleDateFormat(yyyyMMddHHmm): null

2019-06-05 10:16:46 - [TEST_STEP][PASSED] - Time = Note + sdf.format(date): null

2019-06-05 10:16:46 - [TEST_STEP][PASSED] - return internal.GlobalVariable.Time: Text 'Testing201906051016' is set on object 'Object Repository/1 In/1-1 Order/Add/Note'

2019-06-05 10:16:46 - [MESSAGE][PASSED] - Text 'Testing201906051016' is set on object 'Object Repository/1 In/1-1 Order/Add/Note'

2019-06-05 10:16:46 - [TEST_STEP][PASSED] - click(findTestObject("1 In/1-1 Order/Add/Add item")): Object: 'Object Repository/1 In/1-1 Order/Add/Add item' is clicked on

2019-06-05 10:16:46 - [MESSAGE][PASSED] - Object: 'Object Repository/1 In/1-1 Order/Add/Add item' is clicked on

2019-06-05 10:16:46 - [TEST_STEP][PASSED] - click(findTestObject("1 In/1-1 Order/Add/Item IPAD")): Object: 'Object Repository/1 In/1-1 Order/Add/Item IPAD' is clicked on

2019-06-05 10:16:47 - [MESSAGE][PASSED] - Object: 'Object Repository/1 In/1-1 Order/Add/Item IPAD' is clicked on

2019-06-05 10:16:47 - [TEST_STEP][PASSED] - click(findTestObject("1 In/1-1 Order/Add/Unit button")): Object: 'Object Repository/1 In/1-1 Order/Add/Unit button' is clicked on

2019-06-05 10:16:47 - [MESSAGE][PASSED] - Object: 'Object Repository/1 In/1-1 Order/Add/Unit button' is clicked on

2019-06-05 10:16:47 - [TEST_STEP][PASSED] - click(findTestObject("1 In/1-1 Order/Add/Unit Change")): Object: 'Object Repository/1 In/1-1 Order/Add/Unit Change' is clicked on

2019-06-05 10:16:48 - [MESSAGE][PASSED] - Object: 'Object Repository/1 In/1-1 Order/Add/Unit Change' is clicked on

2019-06-05 10:16:48 - [TEST_STEP][PASSED] - setText(findTestObject("1 In/1-1 Order/Add/Qty"), "10"): Text '10' is set on object 'Object Repository/1 In/1-1 Order/Add/Qty'

2019-06-05 10:16:48 - [MESSAGE][PASSED] - Text '10' is set on object 'Object Repository/1 In/1-1 Order/Add/Qty'

2019-06-05 10:16:48 - [TEST_STEP][PASSED] - setText(findTestObject("1 In/1-1 Order/Add/Price"), "200"): Text '200' is set on object 'Object Repository/1 In/1-1 Order/Add/Price'

2019-06-05 10:16:49 - [MESSAGE][PASSED] - Text '200' is set on object 'Object Repository/1 In/1-1 Order/Add/Price'

2019-06-05 10:16:49 - [TEST_STEP][PASSED] - setText(findTestObject("1 In/1-1 Order/Add/Total Price"), "2000"): Text '2000' is set on object 'Object Repository/1 In/1-1 Order/Add/Total Price'

2019-06-05 10:16:49 - [MESSAGE][PASSED] - Text '2000' is set on object 'Object Repository/1 In/1-1 Order/Add/Total Price'

2019-06-05 10:16:49 - [TEST_STEP][PASSED] - click(findTestObject("1 In/1-1 Order/Add/Save")): Object: 'Object Repository/1 In/1-1 Order/Add/Save' is clicked on

2019-06-05 10:16:49 - [MESSAGE][PASSED] - Object: 'Object Repository/1 In/1-1 Order/Add/Save' is clicked on

2019-06-05 10:16:49 - [TEST_STEP][PASSED] - delay(1): Delayed 1 second(s)

2019-06-05 10:16:50 - [MESSAGE][PASSED] - Delayed 1 second(s)

2019-06-05 10:16:50 - [TEST_STEP][NOT_RUN] - acceptAlert(): NOT_RUN: acceptAlert()

2019-06-05 10:16:50 - [MESSAGE][NOT_RUN] - NOT_RUN: acceptAlert()

2019-06-05 10:16:50 - [TEST_STEP][NOT_RUN] - verifyElementClickable(findTestObject("1 In/1-1 Order/Add/Order button")): NOT_RUN: verifyElementClickable(findTestObject("1 In/1-1 Order/Add/Order button"))

2019-06-05 10:16:50 - [MESSAGE][NOT_RUN] - NOT_RUN: verifyElementClickable(findTestObject("1 In/1-1 Order/Add/Order button"))]]></system-out>
         <system-err><![CDATA[]]></system-err>
      </testcase>
      <testcase name="Test Cases/Others/Accept and verify" classname="Test Cases/Others/Accept and verify" status="FAILED">
         <failure type="FAILED" message="Test Cases/Others/Accept and verify FAILED.
Reason:
com.kms.katalon.core.exception.StepFailedException: Unable to verify object 'Object Repository/Others/Accept and verify/Verify button' to be clickable (Root cause: com.kms.katalon.core.exception.StepFailedException: Web element with id: 'Object Repository/Others/Accept and verify/Verify button' located by 'By.xpath: (//button[@type='button'])[3]' not found)
	at com.kms.katalon.core.keyword.internal.KeywordMain.stepFailed(KeywordMain.groovy:36)
	at com.kms.katalon.core.webui.keyword.internal.WebUIKeywordMain.stepFailed(WebUIKeywordMain.groovy:65)
	at com.kms.katalon.core.webui.keyword.internal.WebUIKeywordMain.runKeyword(WebUIKeywordMain.groovy:27)
	at com.kms.katalon.core.webui.keyword.builtin.VerifyElementClickableKeyword.verifyElementClickable(VerifyElementClickableKeyword.groovy:96)
	at com.kms.katalon.core.webui.keyword.builtin.VerifyElementClickableKeyword.execute(VerifyElementClickableKeyword.groovy:67)
	at com.kms.katalon.core.keyword.internal.KeywordExecutor.executeKeywordForPlatform(KeywordExecutor.groovy:53)
	at com.kms.katalon.core.webui.keyword.WebUiBuiltInKeywords.verifyElementClickable(WebUiBuiltInKeywords.groovy:562)
	at com.kms.katalon.core.webui.keyword.WebUiBuiltInKeywords$verifyElementClickable$5.call(Unknown Source)
	at Accept and verify.run(Accept and verify:22)
	at com.kms.katalon.core.main.ScriptEngine.run(ScriptEngine.java:194)
	at com.kms.katalon.core.main.ScriptEngine.runScriptAsRawText(ScriptEngine.java:119)
	at com.kms.katalon.core.main.TestCaseExecutor.runScript(TestCaseExecutor.java:328)
	at com.kms.katalon.core.main.TestCaseExecutor.doExecute(TestCaseExecutor.java:319)
	at com.kms.katalon.core.main.TestCaseExecutor.processExecutionPhase(TestCaseExecutor.java:298)
	at com.kms.katalon.core.main.TestCaseExecutor.accessMainPhase(TestCaseExecutor.java:290)
	at com.kms.katalon.core.main.TestCaseExecutor.execute(TestCaseExecutor.java:224)
	at com.kms.katalon.core.main.TestSuiteExecutor.accessTestCaseMainPhase(TestSuiteExecutor.java:129)
	at com.kms.katalon.core.main.TestSuiteExecutor.accessTestSuiteMainPhase(TestSuiteExecutor.java:112)
	at com.kms.katalon.core.main.TestSuiteExecutor.execute(TestSuiteExecutor.java:81)
	at com.kms.katalon.core.main.TestCaseMain.startTestSuite(TestCaseMain.java:149)
	at com.kms.katalon.core.main.TestCaseMain$startTestSuite$0.call(Unknown Source)
	at TempTestSuite1559700976582.run(TempTestSuite1559700976582.groovy:36)
"/>
         <system-out><![CDATA[2019-06-05 10:16:50 - [TEST_CASE][FAILED] - Test Cases/Others/Accept and verify: Test Cases/Others/Accept and verify FAILED.
Reason:
com.kms.katalon.core.exception.StepFailedException: Unable to verify object 'Object Repository/Others/Accept and verify/Verify button' to be clickable (Root cause: com.kms.katalon.core.exception.StepFailedException: Web element with id: 'Object Repository/Others/Accept and verify/Verify button' located by 'By.xpath: (//button[@type='button'])[3]' not found)
	at com.kms.katalon.core.keyword.internal.KeywordMain.stepFailed(KeywordMain.groovy:36)
	at com.kms.katalon.core.webui.keyword.internal.WebUIKeywordMain.stepFailed(WebUIKeywordMain.groovy:65)
	at com.kms.katalon.core.webui.keyword.internal.WebUIKeywordMain.runKeyword(WebUIKeywordMain.groovy:27)
	at com.kms.katalon.core.webui.keyword.builtin.VerifyElementClickableKeyword.verifyElementClickable(VerifyElementClickableKeyword.groovy:96)
	at com.kms.katalon.core.webui.keyword.builtin.VerifyElementClickableKeyword.execute(VerifyElementClickableKeyword.groovy:67)
	at com.kms.katalon.core.keyword.internal.KeywordExecutor.executeKeywordForPlatform(KeywordExecutor.groovy:53)
	at com.kms.katalon.core.webui.keyword.WebUiBuiltInKeywords.verifyElementClickable(WebUiBuiltInKeywords.groovy:562)
	at com.kms.katalon.core.webui.keyword.WebUiBuiltInKeywords$verifyElementClickable$5.call(Unknown Source)
	at Accept and verify.run(Accept and verify:22)
	at com.kms.katalon.core.main.ScriptEngine.run(ScriptEngine.java:194)
	at com.kms.katalon.core.main.ScriptEngine.runScriptAsRawText(ScriptEngine.java:119)
	at com.kms.katalon.core.main.TestCaseExecutor.runScript(TestCaseExecutor.java:328)
	at com.kms.katalon.core.main.TestCaseExecutor.doExecute(TestCaseExecutor.java:319)
	at com.kms.katalon.core.main.TestCaseExecutor.processExecutionPhase(TestCaseExecutor.java:298)
	at com.kms.katalon.core.main.TestCaseExecutor.accessMainPhase(TestCaseExecutor.java:290)
	at com.kms.katalon.core.main.TestCaseExecutor.execute(TestCaseExecutor.java:224)
	at com.kms.katalon.core.main.TestSuiteExecutor.accessTestCaseMainPhase(TestSuiteExecutor.java:129)
	at com.kms.katalon.core.main.TestSuiteExecutor.accessTestSuiteMainPhase(TestSuiteExecutor.java:112)
	at com.kms.katalon.core.main.TestSuiteExecutor.execute(TestSuiteExecutor.java:81)
	at com.kms.katalon.core.main.TestCaseMain.startTestSuite(TestCaseMain.java:149)
	at com.kms.katalon.core.main.TestCaseMain$startTestSuite$0.call(Unknown Source)
	at TempTestSuite1559700976582.run(TempTestSuite1559700976582.groovy:36)


2019-06-05 10:16:51 - [TEST_STEP][PASSED] - delay(1): Delayed 1 second(s)

2019-06-05 10:16:52 - [MESSAGE][PASSED] - Delayed 1 second(s)

2019-06-05 10:16:52 - [TEST_STEP][PASSED] - waitForAlert(5): Alert is present after 5 second(s).

2019-06-05 10:16:52 - [MESSAGE][PASSED] - Alert is present after 5 second(s).

2019-06-05 10:16:52 - [TEST_STEP][PASSED] - acceptAlert(): Alert accepted

2019-06-05 10:16:52 - [MESSAGE][PASSED] - Alert accepted

2019-06-05 10:16:52 - [TEST_STEP][FAILED] - verifyElementClickable(findTestObject("Others/Accept and verify/Verify button")): verifyElementClickable(findTestObject("Others/Accept and verify/Verify button")) FAILED.
Reason:
com.kms.katalon.core.exception.StepFailedException: Unable to verify object 'Object Repository/Others/Accept and verify/Verify button' to be clickable (Root cause: com.kms.katalon.core.exception.StepFailedException: Web element with id: 'Object Repository/Others/Accept and verify/Verify button' located by 'By.xpath: (//button[@type='button'])[3]' not found)
	at com.kms.katalon.core.keyword.internal.KeywordMain.stepFailed(KeywordMain.groovy:36)
	at com.kms.katalon.core.webui.keyword.internal.WebUIKeywordMain.stepFailed(WebUIKeywordMain.groovy:65)
	at com.kms.katalon.core.webui.keyword.internal.WebUIKeywordMain.runKeyword(WebUIKeywordMain.groovy:27)
	at com.kms.katalon.core.webui.keyword.builtin.VerifyElementClickableKeyword.verifyElementClickable(VerifyElementClickableKeyword.groovy:96)
	at com.kms.katalon.core.webui.keyword.builtin.VerifyElementClickableKeyword.execute(VerifyElementClickableKeyword.groovy:67)
	at com.kms.katalon.core.keyword.internal.KeywordExecutor.executeKeywordForPlatform(KeywordExecutor.groovy:53)
	at com.kms.katalon.core.webui.keyword.WebUiBuiltInKeywords.verifyElementClickable(WebUiBuiltInKeywords.groovy:562)
	at com.kms.katalon.core.webui.keyword.WebUiBuiltInKeywords$verifyElementClickable$5.call(Unknown Source)
	at Accept and verify.run(Accept and verify:22)
	at com.kms.katalon.core.main.ScriptEngine.run(ScriptEngine.java:194)
	at com.kms.katalon.core.main.ScriptEngine.runScriptAsRawText(ScriptEngine.java:119)
	at com.kms.katalon.core.main.TestCaseExecutor.runScript(TestCaseExecutor.java:328)
	at com.kms.katalon.core.main.TestCaseExecutor.doExecute(TestCaseExecutor.java:319)
	at com.kms.katalon.core.main.TestCaseExecutor.processExecutionPhase(TestCaseExecutor.java:298)
	at com.kms.katalon.core.main.TestCaseExecutor.accessMainPhase(TestCaseExecutor.java:290)
	at com.kms.katalon.core.main.TestCaseExecutor.execute(TestCaseExecutor.java:224)
	at com.kms.katalon.core.main.TestSuiteExecutor.accessTestCaseMainPhase(TestSuiteExecutor.java:129)
	at com.kms.katalon.core.main.TestSuiteExecutor.accessTestSuiteMainPhase(TestSuiteExecutor.java:112)
	at com.kms.katalon.core.main.TestSuiteExecutor.execute(TestSuiteExecutor.java:81)
	at com.kms.katalon.core.main.TestCaseMain.startTestSuite(TestCaseMain.java:149)
	at com.kms.katalon.core.main.TestCaseMain$startTestSuite$0.call(Unknown Source)
	at TempTestSuite1559700976582.run(TempTestSuite1559700976582.groovy:36)


2019-06-05 10:19:29 - [MESSAGE][INFO] - Unable to find the element located by 'By.xpath: (//button[@type='button'])[3]'. Please recheck the objects properties to make sure the desired element is located. 

2019-06-05 10:19:30 - [MESSAGE][FAILED] - Web element with id: 'Object Repository/Others/Accept and verify/Verify button' located by 'By.xpath: (//button[@type='button'])[3]' not found
[[ATTACHMENT|D:\\Kenny\\D\\Katalon Studio\\PSI\\PSItest\\Reports\\1-1 Order Test Suite\\20190605_101616\\1559701169802.png]]

2019-06-05 10:19:31 - [MESSAGE][FAILED] - Unable to verify object 'Object Repository/Others/Accept and verify/Verify button' to be clickable (Root cause: com.kms.katalon.core.exception.StepFailedException: Web element with id: 'Object Repository/Others/Accept and verify/Verify button' located by 'By.xpath: (//button[@type='button'])[3]' not found)
[[ATTACHMENT|D:\\Kenny\\D\\Katalon Studio\\PSI\\PSItest\\Reports\\1-1 Order Test Suite\\20190605_101616\\1559701170503.png]]

2019-06-05 10:19:31 - [MESSAGE][FAILED] - verifyElementClickable(findTestObject("Others/Accept and verify/Verify button")) FAILED.
Reason:
com.kms.katalon.core.exception.StepFailedException: Unable to verify object 'Object Repository/Others/Accept and verify/Verify button' to be clickable (Root cause: com.kms.katalon.core.exception.StepFailedException: Web element with id: 'Object Repository/Others/Accept and verify/Verify button' located by 'By.xpath: (//button[@type='button'])[3]' not found)
	at com.kms.katalon.core.keyword.internal.KeywordMain.stepFailed(KeywordMain.groovy:36)
	at com.kms.katalon.core.webui.keyword.internal.WebUIKeywordMain.stepFailed(WebUIKeywordMain.groovy:65)
	at com.kms.katalon.core.webui.keyword.internal.WebUIKeywordMain.runKeyword(WebUIKeywordMain.groovy:27)
	at com.kms.katalon.core.webui.keyword.builtin.VerifyElementClickableKeyword.verifyElementClickable(VerifyElementClickableKeyword.groovy:96)
	at com.kms.katalon.core.webui.keyword.builtin.VerifyElementClickableKeyword.execute(VerifyElementClickableKeyword.groovy:67)
	at com.kms.katalon.core.keyword.internal.KeywordExecutor.executeKeywordForPlatform(KeywordExecutor.groovy:53)
	at com.kms.katalon.core.webui.keyword.WebUiBuiltInKeywords.verifyElementClickable(WebUiBuiltInKeywords.groovy:562)
	at com.kms.katalon.core.webui.keyword.WebUiBuiltInKeywords$verifyElementClickable$5.call(Unknown Source)
	at Accept and verify.run(Accept and verify:22)
	at com.kms.katalon.core.main.ScriptEngine.run(ScriptEngine.java:194)
	at com.kms.katalon.core.main.ScriptEngine.runScriptAsRawText(ScriptEngine.java:119)
	at com.kms.katalon.core.main.TestCaseExecutor.runScript(TestCaseExecutor.java:328)
	at com.kms.katalon.core.main.TestCaseExecutor.doExecute(TestCaseExecutor.java:319)
	at com.kms.katalon.core.main.TestCaseExecutor.processExecutionPhase(TestCaseExecutor.java:298)
	at com.kms.katalon.core.main.TestCaseExecutor.accessMainPhase(TestCaseExecutor.java:290)
	at com.kms.katalon.core.main.TestCaseExecutor.execute(TestCaseExecutor.java:224)
	at com.kms.katalon.core.main.TestSuiteExecutor.accessTestCaseMainPhase(TestSuiteExecutor.java:129)
	at com.kms.katalon.core.main.TestSuiteExecutor.accessTestSuiteMainPhase(TestSuiteExecutor.java:112)
	at com.kms.katalon.core.main.TestSuiteExecutor.execute(TestSuiteExecutor.java:81)
	at com.kms.katalon.core.main.TestCaseMain.startTestSuite(TestCaseMain.java:149)
	at com.kms.katalon.core.main.TestCaseMain$startTestSuite$0.call(Unknown Source)
	at TempTestSuite1559700976582.run(TempTestSuite1559700976582.groovy:36)]]></system-out>
         <system-err><![CDATA[2019-06-05 10:16:50 - [TEST_CASE][FAILED] - Test Cases/Others/Accept and verify: Test Cases/Others/Accept and verify FAILED.
Reason:
com.kms.katalon.core.exception.StepFailedException: Unable to verify object 'Object Repository/Others/Accept and verify/Verify button' to be clickable (Root cause: com.kms.katalon.core.exception.StepFailedException: Web element with id: 'Object Repository/Others/Accept and verify/Verify button' located by 'By.xpath: (//button[@type='button'])[3]' not found)
	at com.kms.katalon.core.keyword.internal.KeywordMain.stepFailed(KeywordMain.groovy:36)
	at com.kms.katalon.core.webui.keyword.internal.WebUIKeywordMain.stepFailed(WebUIKeywordMain.groovy:65)
	at com.kms.katalon.core.webui.keyword.internal.WebUIKeywordMain.runKeyword(WebUIKeywordMain.groovy:27)
	at com.kms.katalon.core.webui.keyword.builtin.VerifyElementClickableKeyword.verifyElementClickable(VerifyElementClickableKeyword.groovy:96)
	at com.kms.katalon.core.webui.keyword.builtin.VerifyElementClickableKeyword.execute(VerifyElementClickableKeyword.groovy:67)
	at com.kms.katalon.core.keyword.internal.KeywordExecutor.executeKeywordForPlatform(KeywordExecutor.groovy:53)
	at com.kms.katalon.core.webui.keyword.WebUiBuiltInKeywords.verifyElementClickable(WebUiBuiltInKeywords.groovy:562)
	at com.kms.katalon.core.webui.keyword.WebUiBuiltInKeywords$verifyElementClickable$5.call(Unknown Source)
	at Accept and verify.run(Accept and verify:22)
	at com.kms.katalon.core.main.ScriptEngine.run(ScriptEngine.java:194)
	at com.kms.katalon.core.main.ScriptEngine.runScriptAsRawText(ScriptEngine.java:119)
	at com.kms.katalon.core.main.TestCaseExecutor.runScript(TestCaseExecutor.java:328)
	at com.kms.katalon.core.main.TestCaseExecutor.doExecute(TestCaseExecutor.java:319)
	at com.kms.katalon.core.main.TestCaseExecutor.processExecutionPhase(TestCaseExecutor.java:298)
	at com.kms.katalon.core.main.TestCaseExecutor.accessMainPhase(TestCaseExecutor.java:290)
	at com.kms.katalon.core.main.TestCaseExecutor.execute(TestCaseExecutor.java:224)
	at com.kms.katalon.core.main.TestSuiteExecutor.accessTestCaseMainPhase(TestSuiteExecutor.java:129)
	at com.kms.katalon.core.main.TestSuiteExecutor.accessTestSuiteMainPhase(TestSuiteExecutor.java:112)
	at com.kms.katalon.core.main.TestSuiteExecutor.execute(TestSuiteExecutor.java:81)
	at com.kms.katalon.core.main.TestCaseMain.startTestSuite(TestCaseMain.java:149)
	at com.kms.katalon.core.main.TestCaseMain$startTestSuite$0.call(Unknown Source)
	at TempTestSuite1559700976582.run(TempTestSuite1559700976582.groovy:36)]]></system-err>
      </testcase>
      <testcase name="Test Cases/1 In/1-1 Order/1-1 Order-Edit" classname="Test Cases/1 In/1-1 Order/1-1 Order-Edit" status="FAILED">
         <failure type="FAILED" message="Test Cases/1 In/1-1 Order/1-1 Order-Edit FAILED.
Reason:
com.kms.katalon.core.exception.StepFailedException: Unable to click on object 'Object Repository/1 In/1-1 Order/Edit/Sort by order no' (Root cause: com.kms.katalon.core.webui.exception.WebElementNotFoundException: Web element with id: 'Object Repository/1 In/1-1 Order/Edit/Sort by order no' located by 'By.xpath: //td[(text() = '單號' or . = '單號')]' not found)
	at com.kms.katalon.core.keyword.internal.KeywordMain.stepFailed(KeywordMain.groovy:36)
	at com.kms.katalon.core.webui.keyword.internal.WebUIKeywordMain.stepFailed(WebUIKeywordMain.groovy:65)
	at com.kms.katalon.core.webui.keyword.internal.WebUIKeywordMain.runKeyword(WebUIKeywordMain.groovy:27)
	at com.kms.katalon.core.webui.keyword.builtin.ClickKeyword.click(ClickKeyword.groovy:86)
	at com.kms.katalon.core.webui.keyword.builtin.ClickKeyword.execute(ClickKeyword.groovy:67)
	at com.kms.katalon.core.keyword.internal.KeywordExecutor.executeKeywordForPlatform(KeywordExecutor.groovy:53)
	at com.kms.katalon.core.webui.keyword.WebUiBuiltInKeywords.click(WebUiBuiltInKeywords.groovy:616)
	at com.kms.katalon.core.webui.keyword.WebUiBuiltInKeywords$click$4.call(Unknown Source)
	at 1-1 Order-Edit.run(1-1 Order-Edit:20)
	at com.kms.katalon.core.main.ScriptEngine.run(ScriptEngine.java:194)
	at com.kms.katalon.core.main.ScriptEngine.runScriptAsRawText(ScriptEngine.java:119)
	at com.kms.katalon.core.main.TestCaseExecutor.runScript(TestCaseExecutor.java:328)
	at com.kms.katalon.core.main.TestCaseExecutor.doExecute(TestCaseExecutor.java:319)
	at com.kms.katalon.core.main.TestCaseExecutor.processExecutionPhase(TestCaseExecutor.java:298)
	at com.kms.katalon.core.main.TestCaseExecutor.accessMainPhase(TestCaseExecutor.java:290)
	at com.kms.katalon.core.main.TestCaseExecutor.execute(TestCaseExecutor.java:224)
	at com.kms.katalon.core.main.TestSuiteExecutor.accessTestCaseMainPhase(TestSuiteExecutor.java:129)
	at com.kms.katalon.core.main.TestSuiteExecutor.accessTestSuiteMainPhase(TestSuiteExecutor.java:112)
	at com.kms.katalon.core.main.TestSuiteExecutor.execute(TestSuiteExecutor.java:81)
	at com.kms.katalon.core.main.TestCaseMain.startTestSuite(TestCaseMain.java:149)
	at com.kms.katalon.core.main.TestCaseMain$startTestSuite$0.call(Unknown Source)
	at TempTestSuite1559700976582.run(TempTestSuite1559700976582.groovy:36)
"/>
         <system-out><![CDATA[2019-06-05 10:19:31 - [TEST_CASE][FAILED] - Test Cases/1 In/1-1 Order/1-1 Order-Edit: Test Cases/1 In/1-1 Order/1-1 Order-Edit FAILED.
Reason:
com.kms.katalon.core.exception.StepFailedException: Unable to click on object 'Object Repository/1 In/1-1 Order/Edit/Sort by order no' (Root cause: com.kms.katalon.core.webui.exception.WebElementNotFoundException: Web element with id: 'Object Repository/1 In/1-1 Order/Edit/Sort by order no' located by 'By.xpath: //td[(text() = '單號' or . = '單號')]' not found)
	at com.kms.katalon.core.keyword.internal.KeywordMain.stepFailed(KeywordMain.groovy:36)
	at com.kms.katalon.core.webui.keyword.internal.WebUIKeywordMain.stepFailed(WebUIKeywordMain.groovy:65)
	at com.kms.katalon.core.webui.keyword.internal.WebUIKeywordMain.runKeyword(WebUIKeywordMain.groovy:27)
	at com.kms.katalon.core.webui.keyword.builtin.ClickKeyword.click(ClickKeyword.groovy:86)
	at com.kms.katalon.core.webui.keyword.builtin.ClickKeyword.execute(ClickKeyword.groovy:67)
	at com.kms.katalon.core.keyword.internal.KeywordExecutor.executeKeywordForPlatform(KeywordExecutor.groovy:53)
	at com.kms.katalon.core.webui.keyword.WebUiBuiltInKeywords.click(WebUiBuiltInKeywords.groovy:616)
	at com.kms.katalon.core.webui.keyword.WebUiBuiltInKeywords$click$4.call(Unknown Source)
	at 1-1 Order-Edit.run(1-1 Order-Edit:20)
	at com.kms.katalon.core.main.ScriptEngine.run(ScriptEngine.java:194)
	at com.kms.katalon.core.main.ScriptEngine.runScriptAsRawText(ScriptEngine.java:119)
	at com.kms.katalon.core.main.TestCaseExecutor.runScript(TestCaseExecutor.java:328)
	at com.kms.katalon.core.main.TestCaseExecutor.doExecute(TestCaseExecutor.java:319)
	at com.kms.katalon.core.main.TestCaseExecutor.processExecutionPhase(TestCaseExecutor.java:298)
	at com.kms.katalon.core.main.TestCaseExecutor.accessMainPhase(TestCaseExecutor.java:290)
	at com.kms.katalon.core.main.TestCaseExecutor.execute(TestCaseExecutor.java:224)
	at com.kms.katalon.core.main.TestSuiteExecutor.accessTestCaseMainPhase(TestSuiteExecutor.java:129)
	at com.kms.katalon.core.main.TestSuiteExecutor.accessTestSuiteMainPhase(TestSuiteExecutor.java:112)
	at com.kms.katalon.core.main.TestSuiteExecutor.execute(TestSuiteExecutor.java:81)
	at com.kms.katalon.core.main.TestCaseMain.startTestSuite(TestCaseMain.java:149)
	at com.kms.katalon.core.main.TestCaseMain$startTestSuite$0.call(Unknown Source)
	at TempTestSuite1559700976582.run(TempTestSuite1559700976582.groovy:36)


2019-06-05 10:19:31 - [TEST_STEP][PASSED] - delay(3): Delayed 3 second(s)

2019-06-05 10:19:34 - [MESSAGE][PASSED] - Delayed 3 second(s)

2019-06-05 10:19:34 - [TEST_STEP][FAILED] - click(findTestObject("1 In/1-1 Order/Edit/Sort by order no")): click(findTestObject("1 In/1-1 Order/Edit/Sort by order no")) FAILED.
Reason:
com.kms.katalon.core.exception.StepFailedException: Unable to click on object 'Object Repository/1 In/1-1 Order/Edit/Sort by order no' (Root cause: com.kms.katalon.core.webui.exception.WebElementNotFoundException: Web element with id: 'Object Repository/1 In/1-1 Order/Edit/Sort by order no' located by 'By.xpath: //td[(text() = '單號' or . = '單號')]' not found)
	at com.kms.katalon.core.keyword.internal.KeywordMain.stepFailed(KeywordMain.groovy:36)
	at com.kms.katalon.core.webui.keyword.internal.WebUIKeywordMain.stepFailed(WebUIKeywordMain.groovy:65)
	at com.kms.katalon.core.webui.keyword.internal.WebUIKeywordMain.runKeyword(WebUIKeywordMain.groovy:27)
	at com.kms.katalon.core.webui.keyword.builtin.ClickKeyword.click(ClickKeyword.groovy:86)
	at com.kms.katalon.core.webui.keyword.builtin.ClickKeyword.execute(ClickKeyword.groovy:67)
	at com.kms.katalon.core.keyword.internal.KeywordExecutor.executeKeywordForPlatform(KeywordExecutor.groovy:53)
	at com.kms.katalon.core.webui.keyword.WebUiBuiltInKeywords.click(WebUiBuiltInKeywords.groovy:616)
	at com.kms.katalon.core.webui.keyword.WebUiBuiltInKeywords$click$4.call(Unknown Source)
	at 1-1 Order-Edit.run(1-1 Order-Edit:20)
	at com.kms.katalon.core.main.ScriptEngine.run(ScriptEngine.java:194)
	at com.kms.katalon.core.main.ScriptEngine.runScriptAsRawText(ScriptEngine.java:119)
	at com.kms.katalon.core.main.TestCaseExecutor.runScript(TestCaseExecutor.java:328)
	at com.kms.katalon.core.main.TestCaseExecutor.doExecute(TestCaseExecutor.java:319)
	at com.kms.katalon.core.main.TestCaseExecutor.processExecutionPhase(TestCaseExecutor.java:298)
	at com.kms.katalon.core.main.TestCaseExecutor.accessMainPhase(TestCaseExecutor.java:290)
	at com.kms.katalon.core.main.TestCaseExecutor.execute(TestCaseExecutor.java:224)
	at com.kms.katalon.core.main.TestSuiteExecutor.accessTestCaseMainPhase(TestSuiteExecutor.java:129)
	at com.kms.katalon.core.main.TestSuiteExecutor.accessTestSuiteMainPhase(TestSuiteExecutor.java:112)
	at com.kms.katalon.core.main.TestSuiteExecutor.execute(TestSuiteExecutor.java:81)
	at com.kms.katalon.core.main.TestCaseMain.startTestSuite(TestCaseMain.java:149)
	at com.kms.katalon.core.main.TestCaseMain$startTestSuite$0.call(Unknown Source)
	at TempTestSuite1559700976582.run(TempTestSuite1559700976582.groovy:36)


2019-06-05 10:22:12 - [MESSAGE][INFO] - Unable to find the element located by 'By.xpath: //td[(text() = '單號' or . = '單號')]'. Please recheck the objects properties to make sure the desired element is located. 

2019-06-05 10:22:13 - [MESSAGE][FAILED] - Unable to click on object 'Object Repository/1 In/1-1 Order/Edit/Sort by order no' (Root cause: com.kms.katalon.core.webui.exception.WebElementNotFoundException: Web element with id: 'Object Repository/1 In/1-1 Order/Edit/Sort by order no' located by 'By.xpath: //td[(text() = '單號' or . = '單號')]' not found)
[[ATTACHMENT|D:\\Kenny\\D\\Katalon Studio\\PSI\\PSItest\\Reports\\1-1 Order Test Suite\\20190605_101616\\1559701332434.png]]

2019-06-05 10:22:13 - [MESSAGE][FAILED] - click(findTestObject("1 In/1-1 Order/Edit/Sort by order no")) FAILED.
Reason:
com.kms.katalon.core.exception.StepFailedException: Unable to click on object 'Object Repository/1 In/1-1 Order/Edit/Sort by order no' (Root cause: com.kms.katalon.core.webui.exception.WebElementNotFoundException: Web element with id: 'Object Repository/1 In/1-1 Order/Edit/Sort by order no' located by 'By.xpath: //td[(text() = '單號' or . = '單號')]' not found)
	at com.kms.katalon.core.keyword.internal.KeywordMain.stepFailed(KeywordMain.groovy:36)
	at com.kms.katalon.core.webui.keyword.internal.WebUIKeywordMain.stepFailed(WebUIKeywordMain.groovy:65)
	at com.kms.katalon.core.webui.keyword.internal.WebUIKeywordMain.runKeyword(WebUIKeywordMain.groovy:27)
	at com.kms.katalon.core.webui.keyword.builtin.ClickKeyword.click(ClickKeyword.groovy:86)
	at com.kms.katalon.core.webui.keyword.builtin.ClickKeyword.execute(ClickKeyword.groovy:67)
	at com.kms.katalon.core.keyword.internal.KeywordExecutor.executeKeywordForPlatform(KeywordExecutor.groovy:53)
	at com.kms.katalon.core.webui.keyword.WebUiBuiltInKeywords.click(WebUiBuiltInKeywords.groovy:616)
	at com.kms.katalon.core.webui.keyword.WebUiBuiltInKeywords$click$4.call(Unknown Source)
	at 1-1 Order-Edit.run(1-1 Order-Edit:20)
	at com.kms.katalon.core.main.ScriptEngine.run(ScriptEngine.java:194)
	at com.kms.katalon.core.main.ScriptEngine.runScriptAsRawText(ScriptEngine.java:119)
	at com.kms.katalon.core.main.TestCaseExecutor.runScript(TestCaseExecutor.java:328)
	at com.kms.katalon.core.main.TestCaseExecutor.doExecute(TestCaseExecutor.java:319)
	at com.kms.katalon.core.main.TestCaseExecutor.processExecutionPhase(TestCaseExecutor.java:298)
	at com.kms.katalon.core.main.TestCaseExecutor.accessMainPhase(TestCaseExecutor.java:290)
	at com.kms.katalon.core.main.TestCaseExecutor.execute(TestCaseExecutor.java:224)
	at com.kms.katalon.core.main.TestSuiteExecutor.accessTestCaseMainPhase(TestSuiteExecutor.java:129)
	at com.kms.katalon.core.main.TestSuiteExecutor.accessTestSuiteMainPhase(TestSuiteExecutor.java:112)
	at com.kms.katalon.core.main.TestSuiteExecutor.execute(TestSuiteExecutor.java:81)
	at com.kms.katalon.core.main.TestCaseMain.startTestSuite(TestCaseMain.java:149)
	at com.kms.katalon.core.main.TestCaseMain$startTestSuite$0.call(Unknown Source)
	at TempTestSuite1559700976582.run(TempTestSuite1559700976582.groovy:36)]]></system-out>
         <system-err><![CDATA[2019-06-05 10:19:31 - [TEST_CASE][FAILED] - Test Cases/1 In/1-1 Order/1-1 Order-Edit: Test Cases/1 In/1-1 Order/1-1 Order-Edit FAILED.
Reason:
com.kms.katalon.core.exception.StepFailedException: Unable to click on object 'Object Repository/1 In/1-1 Order/Edit/Sort by order no' (Root cause: com.kms.katalon.core.webui.exception.WebElementNotFoundException: Web element with id: 'Object Repository/1 In/1-1 Order/Edit/Sort by order no' located by 'By.xpath: //td[(text() = '單號' or . = '單號')]' not found)
	at com.kms.katalon.core.keyword.internal.KeywordMain.stepFailed(KeywordMain.groovy:36)
	at com.kms.katalon.core.webui.keyword.internal.WebUIKeywordMain.stepFailed(WebUIKeywordMain.groovy:65)
	at com.kms.katalon.core.webui.keyword.internal.WebUIKeywordMain.runKeyword(WebUIKeywordMain.groovy:27)
	at com.kms.katalon.core.webui.keyword.builtin.ClickKeyword.click(ClickKeyword.groovy:86)
	at com.kms.katalon.core.webui.keyword.builtin.ClickKeyword.execute(ClickKeyword.groovy:67)
	at com.kms.katalon.core.keyword.internal.KeywordExecutor.executeKeywordForPlatform(KeywordExecutor.groovy:53)
	at com.kms.katalon.core.webui.keyword.WebUiBuiltInKeywords.click(WebUiBuiltInKeywords.groovy:616)
	at com.kms.katalon.core.webui.keyword.WebUiBuiltInKeywords$click$4.call(Unknown Source)
	at 1-1 Order-Edit.run(1-1 Order-Edit:20)
	at com.kms.katalon.core.main.ScriptEngine.run(ScriptEngine.java:194)
	at com.kms.katalon.core.main.ScriptEngine.runScriptAsRawText(ScriptEngine.java:119)
	at com.kms.katalon.core.main.TestCaseExecutor.runScript(TestCaseExecutor.java:328)
	at com.kms.katalon.core.main.TestCaseExecutor.doExecute(TestCaseExecutor.java:319)
	at com.kms.katalon.core.main.TestCaseExecutor.processExecutionPhase(TestCaseExecutor.java:298)
	at com.kms.katalon.core.main.TestCaseExecutor.accessMainPhase(TestCaseExecutor.java:290)
	at com.kms.katalon.core.main.TestCaseExecutor.execute(TestCaseExecutor.java:224)
	at com.kms.katalon.core.main.TestSuiteExecutor.accessTestCaseMainPhase(TestSuiteExecutor.java:129)
	at com.kms.katalon.core.main.TestSuiteExecutor.accessTestSuiteMainPhase(TestSuiteExecutor.java:112)
	at com.kms.katalon.core.main.TestSuiteExecutor.execute(TestSuiteExecutor.java:81)
	at com.kms.katalon.core.main.TestCaseMain.startTestSuite(TestCaseMain.java:149)
	at com.kms.katalon.core.main.TestCaseMain$startTestSuite$0.call(Unknown Source)
	at TempTestSuite1559700976582.run(TempTestSuite1559700976582.groovy:36)]]></system-err>
      </testcase>
      <system-out><![CDATA[2019-06-05 10:16:23 - [TEST_SUITE][FAILED] - 1-1 Order Test Suite: Test Cases/Others/Accept and verify FAILED.
Reason:
com.kms.katalon.core.exception.StepFailedException: Unable to verify object 'Object Repository/Others/Accept and verify/Verify button' to be clickable (Root cause: com.kms.katalon.core.exception.StepFailedException: Web element with id: 'Object Repository/Others/Accept and verify/Verify button' located by 'By.xpath: (//button[@type='button'])[3]' not found)
	at com.kms.katalon.core.keyword.internal.KeywordMain.stepFailed(KeywordMain.groovy:36)
	at com.kms.katalon.core.webui.keyword.internal.WebUIKeywordMain.stepFailed(WebUIKeywordMain.groovy:65)
	at com.kms.katalon.core.webui.keyword.internal.WebUIKeywordMain.runKeyword(WebUIKeywordMain.groovy:27)
	at com.kms.katalon.core.webui.keyword.builtin.VerifyElementClickableKeyword.verifyElementClickable(VerifyElementClickableKeyword.groovy:96)
	at com.kms.katalon.core.webui.keyword.builtin.VerifyElementClickableKeyword.execute(VerifyElementClickableKeyword.groovy:67)
	at com.kms.katalon.core.keyword.internal.KeywordExecutor.executeKeywordForPlatform(KeywordExecutor.groovy:53)
	at com.kms.katalon.core.webui.keyword.WebUiBuiltInKeywords.verifyElementClickable(WebUiBuiltInKeywords.groovy:562)
	at com.kms.katalon.core.webui.keyword.WebUiBuiltInKeywords$verifyElementClickable$5.call(Unknown Source)
	at Accept and verify.run(Accept and verify:22)
	at com.kms.katalon.core.main.ScriptEngine.run(ScriptEngine.java:194)
	at com.kms.katalon.core.main.ScriptEngine.runScriptAsRawText(ScriptEngine.java:119)
	at com.kms.katalon.core.main.TestCaseExecutor.runScript(TestCaseExecutor.java:328)
	at com.kms.katalon.core.main.TestCaseExecutor.doExecute(TestCaseExecutor.java:319)
	at com.kms.katalon.core.main.TestCaseExecutor.processExecutionPhase(TestCaseExecutor.java:298)
	at com.kms.katalon.core.main.TestCaseExecutor.accessMainPhase(TestCaseExecutor.java:290)
	at com.kms.katalon.core.main.TestCaseExecutor.execute(TestCaseExecutor.java:224)
	at com.kms.katalon.core.main.TestSuiteExecutor.accessTestCaseMainPhase(TestSuiteExecutor.java:129)
	at com.kms.katalon.core.main.TestSuiteExecutor.accessTestSuiteMainPhase(TestSuiteExecutor.java:112)
	at com.kms.katalon.core.main.TestSuiteExecutor.execute(TestSuiteExecutor.java:81)
	at com.kms.katalon.core.main.TestCaseMain.startTestSuite(TestCaseMain.java:149)
	at com.kms.katalon.core.main.TestCaseMain$startTestSuite$0.call(Unknown Source)
	at TempTestSuite1559700976582.run(TempTestSuite1559700976582.groovy:36)]]></system-out>
      <system-err><![CDATA[2019-06-05 10:16:23 - [TEST_SUITE][FAILED] - 1-1 Order Test Suite: Test Cases/Others/Accept and verify FAILED.
Reason:
com.kms.katalon.core.exception.StepFailedException: Unable to verify object 'Object Repository/Others/Accept and verify/Verify button' to be clickable (Root cause: com.kms.katalon.core.exception.StepFailedException: Web element with id: 'Object Repository/Others/Accept and verify/Verify button' located by 'By.xpath: (//button[@type='button'])[3]' not found)
	at com.kms.katalon.core.keyword.internal.KeywordMain.stepFailed(KeywordMain.groovy:36)
	at com.kms.katalon.core.webui.keyword.internal.WebUIKeywordMain.stepFailed(WebUIKeywordMain.groovy:65)
	at com.kms.katalon.core.webui.keyword.internal.WebUIKeywordMain.runKeyword(WebUIKeywordMain.groovy:27)
	at com.kms.katalon.core.webui.keyword.builtin.VerifyElementClickableKeyword.verifyElementClickable(VerifyElementClickableKeyword.groovy:96)
	at com.kms.katalon.core.webui.keyword.builtin.VerifyElementClickableKeyword.execute(VerifyElementClickableKeyword.groovy:67)
	at com.kms.katalon.core.keyword.internal.KeywordExecutor.executeKeywordForPlatform(KeywordExecutor.groovy:53)
	at com.kms.katalon.core.webui.keyword.WebUiBuiltInKeywords.verifyElementClickable(WebUiBuiltInKeywords.groovy:562)
	at com.kms.katalon.core.webui.keyword.WebUiBuiltInKeywords$verifyElementClickable$5.call(Unknown Source)
	at Accept and verify.run(Accept and verify:22)
	at com.kms.katalon.core.main.ScriptEngine.run(ScriptEngine.java:194)
	at com.kms.katalon.core.main.ScriptEngine.runScriptAsRawText(ScriptEngine.java:119)
	at com.kms.katalon.core.main.TestCaseExecutor.runScript(TestCaseExecutor.java:328)
	at com.kms.katalon.core.main.TestCaseExecutor.doExecute(TestCaseExecutor.java:319)
	at com.kms.katalon.core.main.TestCaseExecutor.processExecutionPhase(TestCaseExecutor.java:298)
	at com.kms.katalon.core.main.TestCaseExecutor.accessMainPhase(TestCaseExecutor.java:290)
	at com.kms.katalon.core.main.TestCaseExecutor.execute(TestCaseExecutor.java:224)
	at com.kms.katalon.core.main.TestSuiteExecutor.accessTestCaseMainPhase(TestSuiteExecutor.java:129)
	at com.kms.katalon.core.main.TestSuiteExecutor.accessTestSuiteMainPhase(TestSuiteExecutor.java:112)
	at com.kms.katalon.core.main.TestSuiteExecutor.execute(TestSuiteExecutor.java:81)
	at com.kms.katalon.core.main.TestCaseMain.startTestSuite(TestCaseMain.java:149)
	at com.kms.katalon.core.main.TestCaseMain$startTestSuite$0.call(Unknown Source)
	at TempTestSuite1559700976582.run(TempTestSuite1559700976582.groovy:36)]]></system-err>
   </testsuite>
</testsuites>
