<?xml version="1.0" encoding="UTF-8"?>
<testsuites name="Purchase Test Suite" time="33" tests="2" failures="1" errors="0">
   <testsuite name="Purchase Test Suite" tests="2" failures="1" errors="0" time="33" timestamp="2019-04-19 17:28:04" hostname="KennyIC_Chen - KennyIC_Chen.compal.com" id="Test Suites/Purchase Test Suite">
      <properties>
         <property name="deviceName" value=""/>
         <property name="devicePlatform" value=""/>
         <property name="logFolder" value="C:\\Users\\KennyIC_chen.COMPAL\\git\\PSItest\\Reports\\Purchase Test Suite\\20190419_172802"/>
         <property name="logFiles" value="C:\\Users\\KennyIC_chen.COMPAL\\git\\PSItest\\Reports\\Purchase Test Suite\\20190419_172802\\execution0.log"/>
         <property name="attachments" value=""/>
         <property name="hostName" value="KennyIC_Chen - KennyIC_Chen.compal.com"/>
         <property name="os" value="Windows 10 64bit"/>
         <property name="katalonVersion" value="5.10.1.1"/>
         <property name="browser" value="Chrome 73.0.3683.103"/>
         <property name="hostAddress" value="192.168.1.206"/>
         <property name="sessionId" value="693e3cf1ede87bf1174985427da15563"/>
         <property name="seleniumVersion" value="3.7.1"/>
         <property name="proxyInformation" value="ProxyInformation{proxyOption=NO_PROXY, proxyServerType=HTTP, password=, proxyServerAddress=, proxyServerPort=0}"/>
         <property name="platform" value="Windows 10"/>
      </properties>
      <testcase name="Test Cases/Login" classname="Test Cases/Login" status="PASSED">
         <system-out><![CDATA[2019-04-19 17:28:05 - [TEST_CASE][PASSED] - Test Cases/Login: Test Cases/Login

2019-04-19 17:28:05 - [TEST_STEP][PASSED] - openBrowser(""): Browser is opened with url: ''

2019-04-19 17:28:05 - [MESSAGE][INFO] - Starting 'Chrome' driver

2019-04-19 17:28:05 - [MESSAGE][INFO] - Action delay is set to 0 seconds

2019-04-19 17:28:11 - [MESSAGE][PASSED] - Browser is opened with url: ''

2019-04-19 17:28:11 - [TEST_STEP][PASSED] - navigateToUrl("https://psi-azcldap.unicore.com.tw/login"): Navigate to 'https://psi-azcldap.unicore.com.tw/login' successfully

2019-04-19 17:28:18 - [MESSAGE][PASSED] - Navigate to 'https://psi-azcldap.unicore.com.tw/login' successfully

2019-04-19 17:28:18 - [TEST_STEP][PASSED] - maximizeWindow(): Current window maximized

2019-04-19 17:28:19 - [MESSAGE][PASSED] - Current window maximized

2019-04-19 17:28:19 - [TEST_STEP][PASSED] - setText(findTestObject("Login/ID-QWE"), "QWE"): Text 'QWE' is set on object 'Object Repository/Login/ID-QWE'

2019-04-19 17:28:19 - [MESSAGE][PASSED] - Text 'QWE' is set on object 'Object Repository/Login/ID-QWE'

2019-04-19 17:28:19 - [TEST_STEP][PASSED] - setEncryptedText(findTestObject("Login/PW-QWE"), "5opu+sh6ATw="): Text ****** has been set on object 'Object Repository/Login/PW-QWE'

2019-04-19 17:28:20 - [MESSAGE][PASSED] - Text ****** has been set on object 'Object Repository/Login/PW-QWE'

2019-04-19 17:28:20 - [TEST_STEP][PASSED] - click(findTestObject("Login/Login Button")): Object: 'Object Repository/Login/Login Button' is clicked on

2019-04-19 17:28:20 - [MESSAGE][PASSED] - Object: 'Object Repository/Login/Login Button' is clicked on

2019-04-19 17:28:20 - [TEST_STEP][PASSED] - verifyElementClickable(findTestObject("Login/Verify button")): Object 'Object Repository/Login/Verify button' is clickable

2019-04-19 17:28:20 - [MESSAGE][PASSED] - Object 'Object Repository/Login/Verify button' is clickable]]></system-out>
         <system-err><![CDATA[]]></system-err>
      </testcase>
      <testcase name="Test Cases/Purchase-Add" classname="Test Cases/Purchase-Add" status="PASSED">
         <system-out><![CDATA[2019-04-19 17:28:20 - [TEST_CASE][PASSED] - Test Cases/Purchase-Add: Test Cases/Purchase-Add

2019-04-19 17:28:21 - [TEST_STEP][PASSED] - click(findTestObject("Purchase/Purchase button")): Object: 'Object Repository/Purchase/Purchase button' is clicked on

2019-04-19 17:28:21 - [MESSAGE][PASSED] - Object: 'Object Repository/Purchase/Purchase button' is clicked on

2019-04-19 17:28:21 - [TEST_STEP][PASSED] - click(findTestObject("Purchase/Add button")): Object: 'Object Repository/Purchase/Add button' is clicked on

2019-04-19 17:28:21 - [MESSAGE][PASSED] - Object: 'Object Repository/Purchase/Add button' is clicked on

2019-04-19 17:28:21 - [TEST_STEP][PASSED] - click(findTestObject("Purchase/Vendor button")): Object: 'Object Repository/Purchase/Vendor button' is clicked on

2019-04-19 17:28:21 - [MESSAGE][PASSED] - Object: 'Object Repository/Purchase/Vendor button' is clicked on

2019-04-19 17:28:21 - [TEST_STEP][PASSED] - click(findTestObject("Purchase/Vendor 2324")): Object: 'Object Repository/Purchase/Vendor 2324' is clicked on

2019-04-19 17:28:21 - [MESSAGE][PASSED] - Object: 'Object Repository/Purchase/Vendor 2324' is clicked on

2019-04-19 17:28:21 - [TEST_STEP][PASSED] - click(findTestObject("Purchase/Payment select")): Object: 'Object Repository/Purchase/Payment select' is clicked on

2019-04-19 17:28:22 - [MESSAGE][PASSED] - Object: 'Object Repository/Purchase/Payment select' is clicked on

2019-04-19 17:28:22 - [TEST_STEP][PASSED] - selectOptionByValue(findTestObject("Purchase/Payment Cash"), "0: 1", true): All options with value '0: 1' are selected in object 'Object Repository/Purchase/Payment Cash'  using regular expression

2019-04-19 17:28:22 - [MESSAGE][PASSED] - All options with value '0: 1' are selected in object 'Object Repository/Purchase/Payment Cash'  using regular expression

2019-04-19 17:28:22 - [TEST_STEP][PASSED] - click(findTestObject("Purchase/Payment date 1")): Object: 'Object Repository/Purchase/Payment date 1' is clicked on

2019-04-19 17:28:22 - [MESSAGE][PASSED] - Object: 'Object Repository/Purchase/Payment date 1' is clicked on

2019-04-19 17:28:22 - [TEST_STEP][PASSED] - click(findTestObject("Purchase/Payment date 1 next month")): Object: 'Object Repository/Purchase/Payment date 1 next month' is clicked on

2019-04-19 17:28:22 - [MESSAGE][PASSED] - Object: 'Object Repository/Purchase/Payment date 1 next month' is clicked on

2019-04-19 17:28:22 - [TEST_STEP][PASSED] - click(findTestObject("Purchase/Payment date 1 next month_10")): Object: 'Object Repository/Purchase/Payment date 1 next month_10' is clicked on

2019-04-19 17:28:22 - [MESSAGE][PASSED] - Object: 'Object Repository/Purchase/Payment date 1 next month_10' is clicked on

2019-04-19 17:28:22 - [TEST_STEP][PASSED] - click(findTestObject("Purchase/Payment date 2")): Object: 'Object Repository/Purchase/Payment date 2' is clicked on

2019-04-19 17:28:22 - [MESSAGE][PASSED] - Object: 'Object Repository/Purchase/Payment date 2' is clicked on

2019-04-19 17:28:22 - [TEST_STEP][PASSED] - click(findTestObject("Purchase/Payment date 2 next month")): Object: 'Object Repository/Purchase/Payment date 2 next month' is clicked on

2019-04-19 17:28:22 - [MESSAGE][PASSED] - Object: 'Object Repository/Purchase/Payment date 2 next month' is clicked on

2019-04-19 17:28:22 - [TEST_STEP][PASSED] - click(findTestObject("Purchase/Payment date 2 next month_15")): Object: 'Object Repository/Purchase/Payment date 2 next month_15' is clicked on

2019-04-19 17:28:22 - [MESSAGE][PASSED] - Object: 'Object Repository/Purchase/Payment date 2 next month_15' is clicked on

2019-04-19 17:28:22 - [TEST_STEP][PASSED] - click(findTestObject("Purchase/Payment date 3")): Object: 'Object Repository/Purchase/Payment date 3' is clicked on

2019-04-19 17:28:22 - [MESSAGE][PASSED] - Object: 'Object Repository/Purchase/Payment date 3' is clicked on

2019-04-19 17:28:22 - [TEST_STEP][PASSED] - click(findTestObject("Purchase/Payment date 3 next month")): Object: 'Object Repository/Purchase/Payment date 3 next month' is clicked on

2019-04-19 17:28:23 - [MESSAGE][PASSED] - Object: 'Object Repository/Purchase/Payment date 3 next month' is clicked on

2019-04-19 17:28:23 - [TEST_STEP][PASSED] - click(findTestObject("Purchase/Payment date 3 next month_20")): Object: 'Object Repository/Purchase/Payment date 3 next month_20' is clicked on

2019-04-19 17:28:23 - [MESSAGE][PASSED] - Object: 'Object Repository/Purchase/Payment date 3 next month_20' is clicked on

2019-04-19 17:28:23 - [TEST_STEP][PASSED] - click(findTestObject("Purchase/Invoice select")): Object: 'Object Repository/Purchase/Invoice select' is clicked on

2019-04-19 17:28:23 - [MESSAGE][PASSED] - Object: 'Object Repository/Purchase/Invoice select' is clicked on

2019-04-19 17:28:23 - [TEST_STEP][PASSED] - selectOptionByValue(findTestObject("Purchase/Invoice 1"), "3: 4", true): All options with value '3: 4' are selected in object 'Object Repository/Purchase/Invoice 1'  using regular expression

2019-04-19 17:28:23 - [MESSAGE][PASSED] - All options with value '3: 4' are selected in object 'Object Repository/Purchase/Invoice 1'  using regular expression

2019-04-19 17:28:23 - [TEST_STEP][PASSED] - click(findTestObject("Purchase/Employee button")): Object: 'Object Repository/Purchase/Employee button' is clicked on

2019-04-19 17:28:23 - [MESSAGE][PASSED] - Object: 'Object Repository/Purchase/Employee button' is clicked on

2019-04-19 17:28:23 - [TEST_STEP][PASSED] - click(findTestObject("Purchase/Emplyee Larry")): Object: 'Object Repository/Purchase/Emplyee Larry' is clicked on

2019-04-19 17:28:24 - [MESSAGE][PASSED] - Object: 'Object Repository/Purchase/Emplyee Larry' is clicked on

2019-04-19 17:28:24 - [TEST_STEP][PASSED] - setText(findTestObject("Purchase/Note"), "Test"): Text 'Test' is set on object 'Object Repository/Purchase/Note'

2019-04-19 17:28:24 - [MESSAGE][PASSED] - Text 'Test' is set on object 'Object Repository/Purchase/Note'

2019-04-19 17:28:24 - [TEST_STEP][PASSED] - setText(findTestObject("Purchase/Invoice number"), "AA888888"): Text 'AA888888' is set on object 'Object Repository/Purchase/Invoice number'

2019-04-19 17:28:24 - [MESSAGE][PASSED] - Text 'AA888888' is set on object 'Object Repository/Purchase/Invoice number'

2019-04-19 17:28:24 - [TEST_STEP][PASSED] - click(findTestObject("Purchase/Add item button")): Object: 'Object Repository/Purchase/Add item button' is clicked on

2019-04-19 17:28:24 - [MESSAGE][PASSED] - Object: 'Object Repository/Purchase/Add item button' is clicked on

2019-04-19 17:28:24 - [TEST_STEP][PASSED] - click(findTestObject("Purchase/Item IPAD")): Object: 'Object Repository/Purchase/Item IPAD' is clicked on

2019-04-19 17:28:25 - [MESSAGE][PASSED] - Object: 'Object Repository/Purchase/Item IPAD' is clicked on

2019-04-19 17:28:25 - [TEST_STEP][PASSED] - click(findTestObject("Purchase/Unit button")): Object: 'Object Repository/Purchase/Unit button' is clicked on

2019-04-19 17:28:25 - [MESSAGE][PASSED] - Object: 'Object Repository/Purchase/Unit button' is clicked on

2019-04-19 17:28:25 - [TEST_STEP][PASSED] - click(findTestObject("Purchase/Unit Change")): Object: 'Object Repository/Purchase/Unit Change' is clicked on

2019-04-19 17:28:26 - [MESSAGE][PASSED] - Object: 'Object Repository/Purchase/Unit Change' is clicked on

2019-04-19 17:28:26 - [TEST_STEP][PASSED] - setText(findTestObject("Purchase/Qty"), "10"): Text '10' is set on object 'Object Repository/Purchase/Qty'

2019-04-19 17:28:26 - [MESSAGE][PASSED] - Text '10' is set on object 'Object Repository/Purchase/Qty'

2019-04-19 17:28:26 - [TEST_STEP][PASSED] - setText(findTestObject("Purchase/Price"), "200"): Text '200' is set on object 'Object Repository/Purchase/Price'

2019-04-19 17:28:26 - [MESSAGE][PASSED] - Text '200' is set on object 'Object Repository/Purchase/Price'

2019-04-19 17:28:26 - [TEST_STEP][PASSED] - setText(findTestObject("Purchase/Total price"), "2000"): Text '2000' is set on object 'Object Repository/Purchase/Total price'

2019-04-19 17:28:26 - [MESSAGE][PASSED] - Text '2000' is set on object 'Object Repository/Purchase/Total price'

2019-04-19 17:28:26 - [TEST_STEP][PASSED] - click(findTestObject("Purchase/Warehouse button")): Object: 'Object Repository/Purchase/Warehouse button' is clicked on

2019-04-19 17:28:26 - [MESSAGE][PASSED] - Object: 'Object Repository/Purchase/Warehouse button' is clicked on

2019-04-19 17:28:26 - [TEST_STEP][PASSED] - click(findTestObject("Purchase/Warehouse 111")): Object: 'Object Repository/Purchase/Warehouse 111' is clicked on

2019-04-19 17:28:27 - [MESSAGE][PASSED] - Object: 'Object Repository/Purchase/Warehouse 111' is clicked on

2019-04-19 17:28:27 - [TEST_STEP][PASSED] - click(findTestObject("Purchase/Save")): Object: 'Object Repository/Purchase/Save' is clicked on

2019-04-19 17:28:27 - [MESSAGE][PASSED] - Object: 'Object Repository/Purchase/Save' is clicked on]]></system-out>
         <system-err><![CDATA[]]></system-err>
      </testcase>
      <testcase name="Test Cases/Accept and verify" classname="Test Cases/Accept and verify" status="FAILED">
         <failure type="FAILED" message="Test Cases/Accept and verify FAILED.
Reason:
com.kms.katalon.core.exception.StepFailedException: Unable to accept alert (Root cause: com.kms.katalon.core.exception.StepFailedException: No alert found)
	at com.kms.katalon.core.keyword.internal.KeywordMain.stepFailed(KeywordMain.groovy:36)
	at com.kms.katalon.core.webui.keyword.internal.WebUIKeywordMain.stepFailed(WebUIKeywordMain.groovy:65)
	at com.kms.katalon.core.webui.keyword.internal.WebUIKeywordMain.runKeyword(WebUIKeywordMain.groovy:27)
	at com.kms.katalon.core.webui.keyword.builtin.AcceptAlertKeyword.acceptAlert(AcceptAlertKeyword.groovy:71)
	at com.kms.katalon.core.webui.keyword.builtin.AcceptAlertKeyword.execute(AcceptAlertKeyword.groovy:66)
	at com.kms.katalon.core.keyword.internal.KeywordExecutor.executeKeywordForPlatform(KeywordExecutor.groovy:53)
	at com.kms.katalon.core.webui.keyword.WebUiBuiltInKeywords.acceptAlert(WebUiBuiltInKeywords.groovy:1492)
	at com.kms.katalon.core.webui.keyword.WebUiBuiltInKeywords$acceptAlert$7.call(Unknown Source)
	at Accept and verify.run(Accept and verify:16)
	at com.kms.katalon.core.main.ScriptEngine.run(ScriptEngine.java:194)
	at com.kms.katalon.core.main.ScriptEngine.runScriptAsRawText(ScriptEngine.java:119)
	at com.kms.katalon.core.main.TestCaseExecutor.runScript(TestCaseExecutor.java:328)
	at com.kms.katalon.core.main.TestCaseExecutor.doExecute(TestCaseExecutor.java:319)
	at com.kms.katalon.core.main.TestCaseExecutor.processExecutionPhase(TestCaseExecutor.java:298)
	at com.kms.katalon.core.main.TestCaseExecutor.accessMainPhase(TestCaseExecutor.java:290)
	at com.kms.katalon.core.main.TestCaseExecutor.execute(TestCaseExecutor.java:224)
	at com.kms.katalon.core.main.TestSuiteExecutor.accessTestCaseMainPhase(TestSuiteExecutor.java:129)
	at com.kms.katalon.core.main.TestSuiteExecutor.accessTestSuiteMainPhase(TestSuiteExecutor.java:112)
	at com.kms.katalon.core.main.TestSuiteExecutor.execute(TestSuiteExecutor.java:81)
	at com.kms.katalon.core.main.TestCaseMain.startTestSuite(TestCaseMain.java:149)
	at com.kms.katalon.core.main.TestCaseMain$startTestSuite$0.call(Unknown Source)
	at TempTestSuite1555666082928.run(TempTestSuite1555666082928.groovy:36)
"/>
         <system-out><![CDATA[2019-04-19 17:28:27 - [TEST_CASE][FAILED] - Test Cases/Accept and verify: Test Cases/Accept and verify FAILED.
Reason:
com.kms.katalon.core.exception.StepFailedException: Unable to accept alert (Root cause: com.kms.katalon.core.exception.StepFailedException: No alert found)
	at com.kms.katalon.core.keyword.internal.KeywordMain.stepFailed(KeywordMain.groovy:36)
	at com.kms.katalon.core.webui.keyword.internal.WebUIKeywordMain.stepFailed(WebUIKeywordMain.groovy:65)
	at com.kms.katalon.core.webui.keyword.internal.WebUIKeywordMain.runKeyword(WebUIKeywordMain.groovy:27)
	at com.kms.katalon.core.webui.keyword.builtin.AcceptAlertKeyword.acceptAlert(AcceptAlertKeyword.groovy:71)
	at com.kms.katalon.core.webui.keyword.builtin.AcceptAlertKeyword.execute(AcceptAlertKeyword.groovy:66)
	at com.kms.katalon.core.keyword.internal.KeywordExecutor.executeKeywordForPlatform(KeywordExecutor.groovy:53)
	at com.kms.katalon.core.webui.keyword.WebUiBuiltInKeywords.acceptAlert(WebUiBuiltInKeywords.groovy:1492)
	at com.kms.katalon.core.webui.keyword.WebUiBuiltInKeywords$acceptAlert$7.call(Unknown Source)
	at Accept and verify.run(Accept and verify:16)
	at com.kms.katalon.core.main.ScriptEngine.run(ScriptEngine.java:194)
	at com.kms.katalon.core.main.ScriptEngine.runScriptAsRawText(ScriptEngine.java:119)
	at com.kms.katalon.core.main.TestCaseExecutor.runScript(TestCaseExecutor.java:328)
	at com.kms.katalon.core.main.TestCaseExecutor.doExecute(TestCaseExecutor.java:319)
	at com.kms.katalon.core.main.TestCaseExecutor.processExecutionPhase(TestCaseExecutor.java:298)
	at com.kms.katalon.core.main.TestCaseExecutor.accessMainPhase(TestCaseExecutor.java:290)
	at com.kms.katalon.core.main.TestCaseExecutor.execute(TestCaseExecutor.java:224)
	at com.kms.katalon.core.main.TestSuiteExecutor.accessTestCaseMainPhase(TestSuiteExecutor.java:129)
	at com.kms.katalon.core.main.TestSuiteExecutor.accessTestSuiteMainPhase(TestSuiteExecutor.java:112)
	at com.kms.katalon.core.main.TestSuiteExecutor.execute(TestSuiteExecutor.java:81)
	at com.kms.katalon.core.main.TestCaseMain.startTestSuite(TestCaseMain.java:149)
	at com.kms.katalon.core.main.TestCaseMain$startTestSuite$0.call(Unknown Source)
	at TempTestSuite1555666082928.run(TempTestSuite1555666082928.groovy:36)


2019-04-19 17:28:27 - [TEST_STEP][FAILED] - acceptAlert(): acceptAlert() FAILED.
Reason:
com.kms.katalon.core.exception.StepFailedException: Unable to accept alert (Root cause: com.kms.katalon.core.exception.StepFailedException: No alert found)
	at com.kms.katalon.core.keyword.internal.KeywordMain.stepFailed(KeywordMain.groovy:36)
	at com.kms.katalon.core.webui.keyword.internal.WebUIKeywordMain.stepFailed(WebUIKeywordMain.groovy:65)
	at com.kms.katalon.core.webui.keyword.internal.WebUIKeywordMain.runKeyword(WebUIKeywordMain.groovy:27)
	at com.kms.katalon.core.webui.keyword.builtin.AcceptAlertKeyword.acceptAlert(AcceptAlertKeyword.groovy:71)
	at com.kms.katalon.core.webui.keyword.builtin.AcceptAlertKeyword.execute(AcceptAlertKeyword.groovy:66)
	at com.kms.katalon.core.keyword.internal.KeywordExecutor.executeKeywordForPlatform(KeywordExecutor.groovy:53)
	at com.kms.katalon.core.webui.keyword.WebUiBuiltInKeywords.acceptAlert(WebUiBuiltInKeywords.groovy:1492)
	at com.kms.katalon.core.webui.keyword.WebUiBuiltInKeywords$acceptAlert$7.call(Unknown Source)
	at Accept and verify.run(Accept and verify:16)
	at com.kms.katalon.core.main.ScriptEngine.run(ScriptEngine.java:194)
	at com.kms.katalon.core.main.ScriptEngine.runScriptAsRawText(ScriptEngine.java:119)
	at com.kms.katalon.core.main.TestCaseExecutor.runScript(TestCaseExecutor.java:328)
	at com.kms.katalon.core.main.TestCaseExecutor.doExecute(TestCaseExecutor.java:319)
	at com.kms.katalon.core.main.TestCaseExecutor.processExecutionPhase(TestCaseExecutor.java:298)
	at com.kms.katalon.core.main.TestCaseExecutor.accessMainPhase(TestCaseExecutor.java:290)
	at com.kms.katalon.core.main.TestCaseExecutor.execute(TestCaseExecutor.java:224)
	at com.kms.katalon.core.main.TestSuiteExecutor.accessTestCaseMainPhase(TestSuiteExecutor.java:129)
	at com.kms.katalon.core.main.TestSuiteExecutor.accessTestSuiteMainPhase(TestSuiteExecutor.java:112)
	at com.kms.katalon.core.main.TestSuiteExecutor.execute(TestSuiteExecutor.java:81)
	at com.kms.katalon.core.main.TestCaseMain.startTestSuite(TestCaseMain.java:149)
	at com.kms.katalon.core.main.TestCaseMain$startTestSuite$0.call(Unknown Source)
	at TempTestSuite1555666082928.run(TempTestSuite1555666082928.groovy:36)


2019-04-19 17:28:37 - [MESSAGE][WARNING] - Cannot take screenshot

2019-04-19 17:28:37 - [MESSAGE][FAILED] - No alert found

2019-04-19 17:28:37 - [MESSAGE][WARNING] - Cannot take screenshot

2019-04-19 17:28:37 - [MESSAGE][FAILED] - Unable to accept alert (Root cause: com.kms.katalon.core.exception.StepFailedException: No alert found)

2019-04-19 17:28:37 - [MESSAGE][FAILED] - acceptAlert() FAILED.
Reason:
com.kms.katalon.core.exception.StepFailedException: Unable to accept alert (Root cause: com.kms.katalon.core.exception.StepFailedException: No alert found)
	at com.kms.katalon.core.keyword.internal.KeywordMain.stepFailed(KeywordMain.groovy:36)
	at com.kms.katalon.core.webui.keyword.internal.WebUIKeywordMain.stepFailed(WebUIKeywordMain.groovy:65)
	at com.kms.katalon.core.webui.keyword.internal.WebUIKeywordMain.runKeyword(WebUIKeywordMain.groovy:27)
	at com.kms.katalon.core.webui.keyword.builtin.AcceptAlertKeyword.acceptAlert(AcceptAlertKeyword.groovy:71)
	at com.kms.katalon.core.webui.keyword.builtin.AcceptAlertKeyword.execute(AcceptAlertKeyword.groovy:66)
	at com.kms.katalon.core.keyword.internal.KeywordExecutor.executeKeywordForPlatform(KeywordExecutor.groovy:53)
	at com.kms.katalon.core.webui.keyword.WebUiBuiltInKeywords.acceptAlert(WebUiBuiltInKeywords.groovy:1492)
	at com.kms.katalon.core.webui.keyword.WebUiBuiltInKeywords$acceptAlert$7.call(Unknown Source)
	at Accept and verify.run(Accept and verify:16)
	at com.kms.katalon.core.main.ScriptEngine.run(ScriptEngine.java:194)
	at com.kms.katalon.core.main.ScriptEngine.runScriptAsRawText(ScriptEngine.java:119)
	at com.kms.katalon.core.main.TestCaseExecutor.runScript(TestCaseExecutor.java:328)
	at com.kms.katalon.core.main.TestCaseExecutor.doExecute(TestCaseExecutor.java:319)
	at com.kms.katalon.core.main.TestCaseExecutor.processExecutionPhase(TestCaseExecutor.java:298)
	at com.kms.katalon.core.main.TestCaseExecutor.accessMainPhase(TestCaseExecutor.java:290)
	at com.kms.katalon.core.main.TestCaseExecutor.execute(TestCaseExecutor.java:224)
	at com.kms.katalon.core.main.TestSuiteExecutor.accessTestCaseMainPhase(TestSuiteExecutor.java:129)
	at com.kms.katalon.core.main.TestSuiteExecutor.accessTestSuiteMainPhase(TestSuiteExecutor.java:112)
	at com.kms.katalon.core.main.TestSuiteExecutor.execute(TestSuiteExecutor.java:81)
	at com.kms.katalon.core.main.TestCaseMain.startTestSuite(TestCaseMain.java:149)
	at com.kms.katalon.core.main.TestCaseMain$startTestSuite$0.call(Unknown Source)
	at TempTestSuite1555666082928.run(TempTestSuite1555666082928.groovy:36)]]></system-out>
         <system-err><![CDATA[2019-04-19 17:28:27 - [TEST_CASE][FAILED] - Test Cases/Accept and verify: Test Cases/Accept and verify FAILED.
Reason:
com.kms.katalon.core.exception.StepFailedException: Unable to accept alert (Root cause: com.kms.katalon.core.exception.StepFailedException: No alert found)
	at com.kms.katalon.core.keyword.internal.KeywordMain.stepFailed(KeywordMain.groovy:36)
	at com.kms.katalon.core.webui.keyword.internal.WebUIKeywordMain.stepFailed(WebUIKeywordMain.groovy:65)
	at com.kms.katalon.core.webui.keyword.internal.WebUIKeywordMain.runKeyword(WebUIKeywordMain.groovy:27)
	at com.kms.katalon.core.webui.keyword.builtin.AcceptAlertKeyword.acceptAlert(AcceptAlertKeyword.groovy:71)
	at com.kms.katalon.core.webui.keyword.builtin.AcceptAlertKeyword.execute(AcceptAlertKeyword.groovy:66)
	at com.kms.katalon.core.keyword.internal.KeywordExecutor.executeKeywordForPlatform(KeywordExecutor.groovy:53)
	at com.kms.katalon.core.webui.keyword.WebUiBuiltInKeywords.acceptAlert(WebUiBuiltInKeywords.groovy:1492)
	at com.kms.katalon.core.webui.keyword.WebUiBuiltInKeywords$acceptAlert$7.call(Unknown Source)
	at Accept and verify.run(Accept and verify:16)
	at com.kms.katalon.core.main.ScriptEngine.run(ScriptEngine.java:194)
	at com.kms.katalon.core.main.ScriptEngine.runScriptAsRawText(ScriptEngine.java:119)
	at com.kms.katalon.core.main.TestCaseExecutor.runScript(TestCaseExecutor.java:328)
	at com.kms.katalon.core.main.TestCaseExecutor.doExecute(TestCaseExecutor.java:319)
	at com.kms.katalon.core.main.TestCaseExecutor.processExecutionPhase(TestCaseExecutor.java:298)
	at com.kms.katalon.core.main.TestCaseExecutor.accessMainPhase(TestCaseExecutor.java:290)
	at com.kms.katalon.core.main.TestCaseExecutor.execute(TestCaseExecutor.java:224)
	at com.kms.katalon.core.main.TestSuiteExecutor.accessTestCaseMainPhase(TestSuiteExecutor.java:129)
	at com.kms.katalon.core.main.TestSuiteExecutor.accessTestSuiteMainPhase(TestSuiteExecutor.java:112)
	at com.kms.katalon.core.main.TestSuiteExecutor.execute(TestSuiteExecutor.java:81)
	at com.kms.katalon.core.main.TestCaseMain.startTestSuite(TestCaseMain.java:149)
	at com.kms.katalon.core.main.TestCaseMain$startTestSuite$0.call(Unknown Source)
	at TempTestSuite1555666082928.run(TempTestSuite1555666082928.groovy:36)]]></system-err>
      </testcase>
      <system-out><![CDATA[2019-04-19 17:28:04 - [TEST_SUITE][FAILED] - Purchase Test Suite: Test Cases/Accept and verify FAILED.
Reason:
com.kms.katalon.core.exception.StepFailedException: Unable to accept alert (Root cause: com.kms.katalon.core.exception.StepFailedException: No alert found)
	at com.kms.katalon.core.keyword.internal.KeywordMain.stepFailed(KeywordMain.groovy:36)
	at com.kms.katalon.core.webui.keyword.internal.WebUIKeywordMain.stepFailed(WebUIKeywordMain.groovy:65)
	at com.kms.katalon.core.webui.keyword.internal.WebUIKeywordMain.runKeyword(WebUIKeywordMain.groovy:27)
	at com.kms.katalon.core.webui.keyword.builtin.AcceptAlertKeyword.acceptAlert(AcceptAlertKeyword.groovy:71)
	at com.kms.katalon.core.webui.keyword.builtin.AcceptAlertKeyword.execute(AcceptAlertKeyword.groovy:66)
	at com.kms.katalon.core.keyword.internal.KeywordExecutor.executeKeywordForPlatform(KeywordExecutor.groovy:53)
	at com.kms.katalon.core.webui.keyword.WebUiBuiltInKeywords.acceptAlert(WebUiBuiltInKeywords.groovy:1492)
	at com.kms.katalon.core.webui.keyword.WebUiBuiltInKeywords$acceptAlert$7.call(Unknown Source)
	at Accept and verify.run(Accept and verify:16)
	at com.kms.katalon.core.main.ScriptEngine.run(ScriptEngine.java:194)
	at com.kms.katalon.core.main.ScriptEngine.runScriptAsRawText(ScriptEngine.java:119)
	at com.kms.katalon.core.main.TestCaseExecutor.runScript(TestCaseExecutor.java:328)
	at com.kms.katalon.core.main.TestCaseExecutor.doExecute(TestCaseExecutor.java:319)
	at com.kms.katalon.core.main.TestCaseExecutor.processExecutionPhase(TestCaseExecutor.java:298)
	at com.kms.katalon.core.main.TestCaseExecutor.accessMainPhase(TestCaseExecutor.java:290)
	at com.kms.katalon.core.main.TestCaseExecutor.execute(TestCaseExecutor.java:224)
	at com.kms.katalon.core.main.TestSuiteExecutor.accessTestCaseMainPhase(TestSuiteExecutor.java:129)
	at com.kms.katalon.core.main.TestSuiteExecutor.accessTestSuiteMainPhase(TestSuiteExecutor.java:112)
	at com.kms.katalon.core.main.TestSuiteExecutor.execute(TestSuiteExecutor.java:81)
	at com.kms.katalon.core.main.TestCaseMain.startTestSuite(TestCaseMain.java:149)
	at com.kms.katalon.core.main.TestCaseMain$startTestSuite$0.call(Unknown Source)
	at TempTestSuite1555666082928.run(TempTestSuite1555666082928.groovy:36)]]></system-out>
      <system-err><![CDATA[2019-04-19 17:28:04 - [TEST_SUITE][FAILED] - Purchase Test Suite: Test Cases/Accept and verify FAILED.
Reason:
com.kms.katalon.core.exception.StepFailedException: Unable to accept alert (Root cause: com.kms.katalon.core.exception.StepFailedException: No alert found)
	at com.kms.katalon.core.keyword.internal.KeywordMain.stepFailed(KeywordMain.groovy:36)
	at com.kms.katalon.core.webui.keyword.internal.WebUIKeywordMain.stepFailed(WebUIKeywordMain.groovy:65)
	at com.kms.katalon.core.webui.keyword.internal.WebUIKeywordMain.runKeyword(WebUIKeywordMain.groovy:27)
	at com.kms.katalon.core.webui.keyword.builtin.AcceptAlertKeyword.acceptAlert(AcceptAlertKeyword.groovy:71)
	at com.kms.katalon.core.webui.keyword.builtin.AcceptAlertKeyword.execute(AcceptAlertKeyword.groovy:66)
	at com.kms.katalon.core.keyword.internal.KeywordExecutor.executeKeywordForPlatform(KeywordExecutor.groovy:53)
	at com.kms.katalon.core.webui.keyword.WebUiBuiltInKeywords.acceptAlert(WebUiBuiltInKeywords.groovy:1492)
	at com.kms.katalon.core.webui.keyword.WebUiBuiltInKeywords$acceptAlert$7.call(Unknown Source)
	at Accept and verify.run(Accept and verify:16)
	at com.kms.katalon.core.main.ScriptEngine.run(ScriptEngine.java:194)
	at com.kms.katalon.core.main.ScriptEngine.runScriptAsRawText(ScriptEngine.java:119)
	at com.kms.katalon.core.main.TestCaseExecutor.runScript(TestCaseExecutor.java:328)
	at com.kms.katalon.core.main.TestCaseExecutor.doExecute(TestCaseExecutor.java:319)
	at com.kms.katalon.core.main.TestCaseExecutor.processExecutionPhase(TestCaseExecutor.java:298)
	at com.kms.katalon.core.main.TestCaseExecutor.accessMainPhase(TestCaseExecutor.java:290)
	at com.kms.katalon.core.main.TestCaseExecutor.execute(TestCaseExecutor.java:224)
	at com.kms.katalon.core.main.TestSuiteExecutor.accessTestCaseMainPhase(TestSuiteExecutor.java:129)
	at com.kms.katalon.core.main.TestSuiteExecutor.accessTestSuiteMainPhase(TestSuiteExecutor.java:112)
	at com.kms.katalon.core.main.TestSuiteExecutor.execute(TestSuiteExecutor.java:81)
	at com.kms.katalon.core.main.TestCaseMain.startTestSuite(TestCaseMain.java:149)
	at com.kms.katalon.core.main.TestCaseMain$startTestSuite$0.call(Unknown Source)
	at TempTestSuite1555666082928.run(TempTestSuite1555666082928.groovy:36)]]></system-err>
   </testsuite>
</testsuites>
