<?xml version="1.0" encoding="UTF-8"?>
<testsuites name="3-1 Stock Take Test Suite" time="173" tests="3" failures="1" errors="0">
   <testsuite name="3-1 Stock Take Test Suite" tests="3" failures="1" errors="0" time="173" timestamp="2019-05-30 10:16:54" hostname="KennyIC_Chen - Larry_Chen.compal.com" id="Test Suites/3-1 Stock Take Test Suite">
      <properties>
         <property name="deviceName" value=""/>
         <property name="devicePlatform" value=""/>
         <property name="logFolder" value="D:\\Kenny\\D\\Katalon Studio\\PSI\\PSItest\\Reports\\3-1 Stock Take Test Suite\\20190530_101652"/>
         <property name="logFiles" value="D:\\Kenny\\D\\Katalon Studio\\PSI\\PSItest\\Reports\\3-1 Stock Take Test Suite\\20190530_101652\\execution0.log"/>
         <property name="attachments" value="D:\\Kenny\\D\\Katalon Studio\\PSI\\PSItest\\Reports\\3-1 Stock Take Test Suite\\20190530_101652\\1559182787051.png"/>
         <property name="hostName" value="KennyIC_Chen - Larry_Chen.compal.com"/>
         <property name="os" value="Windows 10 64bit"/>
         <property name="katalonVersion" value="5.10.1.1"/>
         <property name="browser" value="Chrome 74.0.3729.169"/>
         <property name="hostAddress" value="10.109.102.145"/>
         <property name="sessionId" value="5d18025cf529e59f38ecf734ecf0d937"/>
         <property name="seleniumVersion" value="3.7.1"/>
         <property name="proxyInformation" value="ProxyInformation{proxyOption=NO_PROXY, proxyServerType=HTTP, password=, proxyServerAddress=, proxyServerPort=0}"/>
         <property name="platform" value="Windows 10"/>
      </properties>
      <testcase name="Test Cases/Others/Login" classname="Test Cases/Others/Login" status="PASSED">
         <system-out><![CDATA[2019-05-30 10:16:54 - [TEST_CASE][PASSED] - Test Cases/Others/Login: Test Cases/Others/Login

2019-05-30 10:16:54 - [TEST_STEP][PASSED] - openBrowser(""): Browser is opened with url: ''

2019-05-30 10:16:54 - [MESSAGE][INFO] - Starting 'Chrome' driver

2019-05-30 10:16:54 - [MESSAGE][INFO] - Action delay is set to 0 seconds

2019-05-30 10:16:57 - [MESSAGE][PASSED] - Browser is opened with url: ''

2019-05-30 10:16:57 - [TEST_STEP][PASSED] - navigateToUrl("https://psi-azcldap.unicore.com.tw/login"): Navigate to 'https://psi-azcldap.unicore.com.tw/login' successfully

2019-05-30 10:17:00 - [MESSAGE][PASSED] - Navigate to 'https://psi-azcldap.unicore.com.tw/login' successfully

2019-05-30 10:17:00 - [TEST_STEP][PASSED] - maximizeWindow(): Current window maximized

2019-05-30 10:17:02 - [MESSAGE][PASSED] - Current window maximized

2019-05-30 10:17:02 - [TEST_STEP][PASSED] - setText(findTestObject("Others/Login/ID-QWE"), "QWE"): Text 'QWE' is set on object 'Object Repository/Others/Login/ID-QWE'

2019-05-30 10:17:02 - [MESSAGE][PASSED] - Text 'QWE' is set on object 'Object Repository/Others/Login/ID-QWE'

2019-05-30 10:17:02 - [TEST_STEP][PASSED] - setEncryptedText(findTestObject("Others/Login/PW-QWE"), "5opu+sh6ATw="): Text ****** has been set on object 'Object Repository/Others/Login/PW-QWE'

2019-05-30 10:17:02 - [MESSAGE][PASSED] - Text ****** has been set on object 'Object Repository/Others/Login/PW-QWE'

2019-05-30 10:17:02 - [TEST_STEP][PASSED] - click(findTestObject("Others/Login/Login Button")): Object: 'Object Repository/Others/Login/Login Button' is clicked on

2019-05-30 10:17:02 - [MESSAGE][PASSED] - Object: 'Object Repository/Others/Login/Login Button' is clicked on

2019-05-30 10:17:02 - [TEST_STEP][PASSED] - verifyElementClickable(findTestObject("Others/Login/Verify button")): Object 'Object Repository/Others/Login/Verify button' is clickable

2019-05-30 10:17:03 - [MESSAGE][PASSED] - Object 'Object Repository/Others/Login/Verify button' is clickable]]></system-out>
         <system-err><![CDATA[]]></system-err>
      </testcase>
      <testcase name="Test Cases/3 Stock/3-1 Stock Take/3-1 Stock Take-add" classname="Test Cases/3 Stock/3-1 Stock Take/3-1 Stock Take-add" status="PASSED">
         <system-out><![CDATA[2019-05-30 10:17:03 - [TEST_CASE][PASSED] - Test Cases/3 Stock/3-1 Stock Take/3-1 Stock Take-add: Test Cases/3 Stock/3-1 Stock Take/3-1 Stock Take-add

2019-05-30 10:17:03 - [TEST_STEP][PASSED] - click(findTestObject("3 Stock/3-1 Stock take/3-1 Stock take - add/Stock take button")): Object: 'Object Repository/3 Stock/3-1 Stock take/3-1 Stock take - add/Stock take button' is clicked on

2019-05-30 10:17:03 - [MESSAGE][PASSED] - Object: 'Object Repository/3 Stock/3-1 Stock take/3-1 Stock take - add/Stock take button' is clicked on

2019-05-30 10:17:03 - [TEST_STEP][PASSED] - click(findTestObject("3 Stock/3-1 Stock take/3-1 Stock take - add/Add button")): Object: 'Object Repository/3 Stock/3-1 Stock take/3-1 Stock take - add/Add button' is clicked on

2019-05-30 10:17:03 - [MESSAGE][PASSED] - Object: 'Object Repository/3 Stock/3-1 Stock take/3-1 Stock take - add/Add button' is clicked on

2019-05-30 10:17:03 - [TEST_STEP][PASSED] - click(findTestObject("3 Stock/3-1 Stock take/3-1 Stock take - add/Stock take date")): Object: 'Object Repository/3 Stock/3-1 Stock take/3-1 Stock take - add/Stock take date' is clicked on

2019-05-30 10:17:03 - [MESSAGE][PASSED] - Object: 'Object Repository/3 Stock/3-1 Stock take/3-1 Stock take - add/Stock take date' is clicked on

2019-05-30 10:17:03 - [TEST_STEP][PASSED] - click(findTestObject("3 Stock/3-1 Stock take/3-1 Stock take - add/Date 18", ["date":today_check()])): null

2019-05-30 10:17:03 - [TEST_STEP][PASSED] - today = new java.util.Date(): null

2019-05-30 10:17:03 - [TEST_STEP][PASSED] - return today.format(d): Object: 'Object Repository/3 Stock/3-1 Stock take/3-1 Stock take - add/Date 18' is clicked on

2019-05-30 10:17:03 - [MESSAGE][PASSED] - Object: 'Object Repository/3 Stock/3-1 Stock take/3-1 Stock take - add/Date 18' is clicked on

2019-05-30 10:17:03 - [TEST_STEP][PASSED] - click(findTestObject("3 Stock/3-1 Stock take/3-1 Stock take - add/Employee button")): Object: 'Object Repository/3 Stock/3-1 Stock take/3-1 Stock take - add/Employee button' is clicked on

2019-05-30 10:17:03 - [MESSAGE][PASSED] - Object: 'Object Repository/3 Stock/3-1 Stock take/3-1 Stock take - add/Employee button' is clicked on

2019-05-30 10:17:03 - [TEST_STEP][PASSED] - click(findTestObject("3 Stock/3-1 Stock take/3-1 Stock take - add/Employee Larry")): Object: 'Object Repository/3 Stock/3-1 Stock take/3-1 Stock take - add/Employee Larry' is clicked on

2019-05-30 10:17:04 - [MESSAGE][PASSED] - Object: 'Object Repository/3 Stock/3-1 Stock take/3-1 Stock take - add/Employee Larry' is clicked on

2019-05-30 10:17:04 - [TEST_STEP][PASSED] - click(findTestObject("3 Stock/3-1 Stock take/3-1 Stock take - add/Warehouse button")): Object: 'Object Repository/3 Stock/3-1 Stock take/3-1 Stock take - add/Warehouse button' is clicked on

2019-05-30 10:17:04 - [MESSAGE][PASSED] - Object: 'Object Repository/3 Stock/3-1 Stock take/3-1 Stock take - add/Warehouse button' is clicked on

2019-05-30 10:17:04 - [TEST_STEP][PASSED] - click(findTestObject("3 Stock/3-1 Stock take/3-1 Stock take - add/Warehouse 111")): Object: 'Object Repository/3 Stock/3-1 Stock take/3-1 Stock take - add/Warehouse 111' is clicked on

2019-05-30 10:17:05 - [MESSAGE][PASSED] - Object: 'Object Repository/3 Stock/3-1 Stock take/3-1 Stock take - add/Warehouse 111' is clicked on

2019-05-30 10:17:05 - [TEST_STEP][PASSED] - click(findTestObject("3 Stock/3-1 Stock take/3-1 Stock take - add/Class button")): Object: 'Object Repository/3 Stock/3-1 Stock take/3-1 Stock take - add/Class button' is clicked on

2019-05-30 10:17:05 - [MESSAGE][PASSED] - Object: 'Object Repository/3 Stock/3-1 Stock take/3-1 Stock take - add/Class button' is clicked on

2019-05-30 10:17:05 - [TEST_STEP][PASSED] - click(findTestObject("3 Stock/3-1 Stock take/3-1 Stock take - add/Class IPAD")): Object: 'Object Repository/3 Stock/3-1 Stock take/3-1 Stock take - add/Class IPAD' is clicked on

2019-05-30 10:17:05 - [MESSAGE][PASSED] - Object: 'Object Repository/3 Stock/3-1 Stock take/3-1 Stock take - add/Class IPAD' is clicked on

2019-05-30 10:17:05 - [TEST_STEP][PASSED] - click(findTestObject("3 Stock/3-1 Stock take/3-1 Stock take - add/Class ok button")): Object: 'Object Repository/3 Stock/3-1 Stock take/3-1 Stock take - add/Class ok button' is clicked on

2019-05-30 10:17:05 - [MESSAGE][PASSED] - Object: 'Object Repository/3 Stock/3-1 Stock take/3-1 Stock take - add/Class ok button' is clicked on

2019-05-30 10:17:05 - [TEST_STEP][PASSED] - setText(findTestObject("3 Stock/3-1 Stock take/3-1 Stock take - add/Note"), time()): null

2019-05-30 10:17:05 - [TEST_STEP][PASSED] - date = new java.util.Date(): null

2019-05-30 10:17:05 - [TEST_STEP][PASSED] - sdf = new java.text.SimpleDateFormat(yyyyMMddHHmm): null

2019-05-30 10:17:05 - [TEST_STEP][PASSED] - return (internal.GlobalVariable.Note + sdf.format(date)): Text 'Testing201905301017' is set on object 'Object Repository/3 Stock/3-1 Stock take/3-1 Stock take - add/Note'

2019-05-30 10:17:06 - [MESSAGE][PASSED] - Text 'Testing201905301017' is set on object 'Object Repository/3 Stock/3-1 Stock take/3-1 Stock take - add/Note'

2019-05-30 10:17:06 - [TEST_STEP][PASSED] - qqq = <not implemented yet for class: org.codehaus.groovy.ast.expr.EmptyExpression>: null

2019-05-30 10:17:06 - [TEST_STEP][PASSED] - qqq = getAttribute(findTestObject("3 Stock/3-1 Stock take/3-1 Stock take - add/Stock number"), "value"): Attribute 'value' of object 'Object Repository/3 Stock/3-1 Stock take/3-1 Stock take - add/Stock number' is: '-1,873'

2019-05-30 10:17:06 - [MESSAGE][PASSED] - Attribute 'value' of object 'Object Repository/3 Stock/3-1 Stock take/3-1 Stock take - add/Stock number' is: '-1,873'

2019-05-30 10:17:06 - [TEST_STEP][PASSED] - qqq = qqq.replaceAll(",", ""): null

2019-05-30 10:17:06 - [TEST_STEP][PASSED] - kkk = qqq.toInteger(): null

2019-05-30 10:17:06 - [TEST_STEP][PASSED] - kkk = kkk - 10: null

2019-05-30 10:17:06 - [TEST_STEP][PASSED] - sendKeys(findTestObject("3 Stock/3-1 Stock take/3-1 Stock take - add/Stock number"), Keys.chord(CONTROL, "a")): Keys 'CONTROL + a' sent to object: 'Object Repository/3 Stock/3-1 Stock take/3-1 Stock take - add/Stock number'

2019-05-30 10:17:06 - [MESSAGE][PASSED] - Keys 'CONTROL + a' sent to object: 'Object Repository/3 Stock/3-1 Stock take/3-1 Stock take - add/Stock number'

2019-05-30 10:17:06 - [TEST_STEP][PASSED] - sendKeys(findTestObject("3 Stock/3-1 Stock take/3-1 Stock take - add/Stock number"), Keys.chord(DELETE)): Keys 'DELETE + ' sent to object: 'Object Repository/3 Stock/3-1 Stock take/3-1 Stock take - add/Stock number'

2019-05-30 10:17:06 - [MESSAGE][PASSED] - Keys 'DELETE + ' sent to object: 'Object Repository/3 Stock/3-1 Stock take/3-1 Stock take - add/Stock number'

2019-05-30 10:17:06 - [TEST_STEP][PASSED] - sendKeys(findTestObject("3 Stock/3-1 Stock take/3-1 Stock take - add/Stock number"), kkk.toString()): Keys '-1883' sent to object: 'Object Repository/3 Stock/3-1 Stock take/3-1 Stock take - add/Stock number'

2019-05-30 10:17:06 - [MESSAGE][PASSED] - Keys '-1883' sent to object: 'Object Repository/3 Stock/3-1 Stock take/3-1 Stock take - add/Stock number'

2019-05-30 10:17:06 - [TEST_STEP][PASSED] - selectOptionByValue(findTestObject("3 Stock/3-1 Stock take/3-1 Stock take - add/Stock take done"), "Y", true): All options with value 'Y' are selected in object 'Object Repository/3 Stock/3-1 Stock take/3-1 Stock take - add/Stock take done'  using regular expression

2019-05-30 10:17:06 - [MESSAGE][PASSED] - All options with value 'Y' are selected in object 'Object Repository/3 Stock/3-1 Stock take/3-1 Stock take - add/Stock take done'  using regular expression

2019-05-30 10:17:06 - [TEST_STEP][PASSED] - setText(findTestObject("3 Stock/3-1 Stock take/3-1 Stock take - add/Stock take IPAD note"), "-10"): Text '-10' is set on object 'Object Repository/3 Stock/3-1 Stock take/3-1 Stock take - add/Stock take IPAD note'

2019-05-30 10:17:06 - [MESSAGE][PASSED] - Text '-10' is set on object 'Object Repository/3 Stock/3-1 Stock take/3-1 Stock take - add/Stock take IPAD note'

2019-05-30 10:17:06 - [TEST_STEP][PASSED] - selectOptionByValue(findTestObject("3 Stock/3-1 Stock take/3-1 Stock take - add/Done select"), "Y", true): All options with value 'Y' are selected in object 'Object Repository/3 Stock/3-1 Stock take/3-1 Stock take - add/Done select'  using regular expression

2019-05-30 10:17:07 - [MESSAGE][PASSED] - All options with value 'Y' are selected in object 'Object Repository/3 Stock/3-1 Stock take/3-1 Stock take - add/Done select'  using regular expression

2019-05-30 10:17:07 - [TEST_STEP][PASSED] - click(findTestObject("3 Stock/3-1 Stock take/3-1 Stock take - add/Done")): Object: 'Object Repository/3 Stock/3-1 Stock take/3-1 Stock take - add/Done' is clicked on

2019-05-30 10:17:07 - [MESSAGE][PASSED] - Object: 'Object Repository/3 Stock/3-1 Stock take/3-1 Stock take - add/Done' is clicked on]]></system-out>
         <system-err><![CDATA[]]></system-err>
      </testcase>
      <testcase name="Test Cases/Others/Accept and verify" classname="Test Cases/Others/Accept and verify" status="PASSED">
         <system-out><![CDATA[2019-05-30 10:17:07 - [TEST_CASE][PASSED] - Test Cases/Others/Accept and verify: Test Cases/Others/Accept and verify

2019-05-30 10:17:07 - [TEST_STEP][PASSED] - delay(3): Delayed 3 second(s)

2019-05-30 10:17:10 - [MESSAGE][PASSED] - Delayed 3 second(s)

2019-05-30 10:17:10 - [TEST_STEP][PASSED] - waitForAlert(5): Alert is present after 5 second(s).

2019-05-30 10:17:10 - [MESSAGE][PASSED] - Alert is present after 5 second(s).

2019-05-30 10:17:10 - [TEST_STEP][PASSED] - acceptAlert(): Alert accepted

2019-05-30 10:17:10 - [MESSAGE][PASSED] - Alert accepted

2019-05-30 10:17:10 - [TEST_STEP][PASSED] - verifyElementClickable(findTestObject("Others/Accept and verify/Verify button")): Object 'Object Repository/Others/Accept and verify/Verify button' is clickable

2019-05-30 10:17:10 - [MESSAGE][PASSED] - Object 'Object Repository/Others/Accept and verify/Verify button' is clickable]]></system-out>
         <system-err><![CDATA[]]></system-err>
      </testcase>
      <testcase name="Test Cases/3 Stock/3-1 Stock Take/3-1 Stock Take-edit" classname="Test Cases/3 Stock/3-1 Stock Take/3-1 Stock Take-edit" status="FAILED">
         <failure type="FAILED" message="Test Cases/3 Stock/3-1 Stock Take/3-1 Stock Take-edit FAILED.
Reason:
com.kms.katalon.core.exception.StepFailedException: Unable to click on object 'Object Repository/3 Stock/3-1 Stock take/3-1 Stock take - edit/Select by note' (Root cause: com.kms.katalon.core.webui.exception.WebElementNotFoundException: Web element with id: 'Object Repository/3 Stock/3-1 Stock take/3-1 Stock take - edit/Select by note' located by 'By.xpath: //td[(text() = '' or . = '')]' not found)
	at com.kms.katalon.core.keyword.internal.KeywordMain.stepFailed(KeywordMain.groovy:36)
	at com.kms.katalon.core.webui.keyword.internal.WebUIKeywordMain.stepFailed(WebUIKeywordMain.groovy:65)
	at com.kms.katalon.core.webui.keyword.internal.WebUIKeywordMain.runKeyword(WebUIKeywordMain.groovy:27)
	at com.kms.katalon.core.webui.keyword.builtin.ClickKeyword.click(ClickKeyword.groovy:86)
	at com.kms.katalon.core.webui.keyword.builtin.ClickKeyword.execute(ClickKeyword.groovy:67)
	at com.kms.katalon.core.keyword.internal.KeywordExecutor.executeKeywordForPlatform(KeywordExecutor.groovy:53)
	at com.kms.katalon.core.webui.keyword.WebUiBuiltInKeywords.click(WebUiBuiltInKeywords.groovy:616)
	at com.kms.katalon.core.webui.keyword.WebUiBuiltInKeywords$click$4.call(Unknown Source)
	at 3-1 Stock Take-edit.run(3-1 Stock Take-edit:26)
	at com.kms.katalon.core.main.ScriptEngine.run(ScriptEngine.java:194)
	at com.kms.katalon.core.main.ScriptEngine.runScriptAsRawText(ScriptEngine.java:119)
	at com.kms.katalon.core.main.TestCaseExecutor.runScript(TestCaseExecutor.java:328)
	at com.kms.katalon.core.main.TestCaseExecutor.doExecute(TestCaseExecutor.java:319)
	at com.kms.katalon.core.main.TestCaseExecutor.processExecutionPhase(TestCaseExecutor.java:298)
	at com.kms.katalon.core.main.TestCaseExecutor.accessMainPhase(TestCaseExecutor.java:290)
	at com.kms.katalon.core.main.TestCaseExecutor.execute(TestCaseExecutor.java:224)
	at com.kms.katalon.core.main.TestSuiteExecutor.accessTestCaseMainPhase(TestSuiteExecutor.java:129)
	at com.kms.katalon.core.main.TestSuiteExecutor.accessTestSuiteMainPhase(TestSuiteExecutor.java:112)
	at com.kms.katalon.core.main.TestSuiteExecutor.execute(TestSuiteExecutor.java:81)
	at com.kms.katalon.core.main.TestCaseMain.startTestSuite(TestCaseMain.java:149)
	at com.kms.katalon.core.main.TestCaseMain$startTestSuite$0.call(Unknown Source)
	at TempTestSuite1559182612805.run(TempTestSuite1559182612805.groovy:36)
"/>
         <system-out><![CDATA[2019-05-30 10:17:10 - [TEST_CASE][FAILED] - Test Cases/3 Stock/3-1 Stock Take/3-1 Stock Take-edit: Test Cases/3 Stock/3-1 Stock Take/3-1 Stock Take-edit FAILED.
Reason:
com.kms.katalon.core.exception.StepFailedException: Unable to click on object 'Object Repository/3 Stock/3-1 Stock take/3-1 Stock take - edit/Select by note' (Root cause: com.kms.katalon.core.webui.exception.WebElementNotFoundException: Web element with id: 'Object Repository/3 Stock/3-1 Stock take/3-1 Stock take - edit/Select by note' located by 'By.xpath: //td[(text() = '' or . = '')]' not found)
	at com.kms.katalon.core.keyword.internal.KeywordMain.stepFailed(KeywordMain.groovy:36)
	at com.kms.katalon.core.webui.keyword.internal.WebUIKeywordMain.stepFailed(WebUIKeywordMain.groovy:65)
	at com.kms.katalon.core.webui.keyword.internal.WebUIKeywordMain.runKeyword(WebUIKeywordMain.groovy:27)
	at com.kms.katalon.core.webui.keyword.builtin.ClickKeyword.click(ClickKeyword.groovy:86)
	at com.kms.katalon.core.webui.keyword.builtin.ClickKeyword.execute(ClickKeyword.groovy:67)
	at com.kms.katalon.core.keyword.internal.KeywordExecutor.executeKeywordForPlatform(KeywordExecutor.groovy:53)
	at com.kms.katalon.core.webui.keyword.WebUiBuiltInKeywords.click(WebUiBuiltInKeywords.groovy:616)
	at com.kms.katalon.core.webui.keyword.WebUiBuiltInKeywords$click$4.call(Unknown Source)
	at 3-1 Stock Take-edit.run(3-1 Stock Take-edit:26)
	at com.kms.katalon.core.main.ScriptEngine.run(ScriptEngine.java:194)
	at com.kms.katalon.core.main.ScriptEngine.runScriptAsRawText(ScriptEngine.java:119)
	at com.kms.katalon.core.main.TestCaseExecutor.runScript(TestCaseExecutor.java:328)
	at com.kms.katalon.core.main.TestCaseExecutor.doExecute(TestCaseExecutor.java:319)
	at com.kms.katalon.core.main.TestCaseExecutor.processExecutionPhase(TestCaseExecutor.java:298)
	at com.kms.katalon.core.main.TestCaseExecutor.accessMainPhase(TestCaseExecutor.java:290)
	at com.kms.katalon.core.main.TestCaseExecutor.execute(TestCaseExecutor.java:224)
	at com.kms.katalon.core.main.TestSuiteExecutor.accessTestCaseMainPhase(TestSuiteExecutor.java:129)
	at com.kms.katalon.core.main.TestSuiteExecutor.accessTestSuiteMainPhase(TestSuiteExecutor.java:112)
	at com.kms.katalon.core.main.TestSuiteExecutor.execute(TestSuiteExecutor.java:81)
	at com.kms.katalon.core.main.TestCaseMain.startTestSuite(TestCaseMain.java:149)
	at com.kms.katalon.core.main.TestCaseMain$startTestSuite$0.call(Unknown Source)
	at TempTestSuite1559182612805.run(TempTestSuite1559182612805.groovy:36)


2019-05-30 10:17:10 - [TEST_STEP][PASSED] - click(findTestObject("3 Stock/3-1 Stock take/3-1 Stock take - edit/Sort by no")): Object: 'Object Repository/3 Stock/3-1 Stock take/3-1 Stock take - edit/Sort by no' is clicked on

2019-05-30 10:17:10 - [MESSAGE][PASSED] - Object: 'Object Repository/3 Stock/3-1 Stock take/3-1 Stock take - edit/Sort by no' is clicked on

2019-05-30 10:17:10 - [TEST_STEP][PASSED] - click(findTestObject("3 Stock/3-1 Stock take/3-1 Stock take - edit/Sort by no")): Object: 'Object Repository/3 Stock/3-1 Stock take/3-1 Stock take - edit/Sort by no' is clicked on

2019-05-30 10:17:10 - [MESSAGE][PASSED] - Object: 'Object Repository/3 Stock/3-1 Stock take/3-1 Stock take - edit/Sort by no' is clicked on

2019-05-30 10:17:10 - [TEST_STEP][PASSED] - XXX = Time: null

2019-05-30 10:17:10 - [TEST_STEP][FAILED] - click(findTestObject("3 Stock/3-1 Stock take/3-1 Stock take - edit/Select by note", ["xxx":XXX])): click(findTestObject("3 Stock/3-1 Stock take/3-1 Stock take - edit/Select by note", ["xxx":XXX])) FAILED.
Reason:
com.kms.katalon.core.exception.StepFailedException: Unable to click on object 'Object Repository/3 Stock/3-1 Stock take/3-1 Stock take - edit/Select by note' (Root cause: com.kms.katalon.core.webui.exception.WebElementNotFoundException: Web element with id: 'Object Repository/3 Stock/3-1 Stock take/3-1 Stock take - edit/Select by note' located by 'By.xpath: //td[(text() = '' or . = '')]' not found)
	at com.kms.katalon.core.keyword.internal.KeywordMain.stepFailed(KeywordMain.groovy:36)
	at com.kms.katalon.core.webui.keyword.internal.WebUIKeywordMain.stepFailed(WebUIKeywordMain.groovy:65)
	at com.kms.katalon.core.webui.keyword.internal.WebUIKeywordMain.runKeyword(WebUIKeywordMain.groovy:27)
	at com.kms.katalon.core.webui.keyword.builtin.ClickKeyword.click(ClickKeyword.groovy:86)
	at com.kms.katalon.core.webui.keyword.builtin.ClickKeyword.execute(ClickKeyword.groovy:67)
	at com.kms.katalon.core.keyword.internal.KeywordExecutor.executeKeywordForPlatform(KeywordExecutor.groovy:53)
	at com.kms.katalon.core.webui.keyword.WebUiBuiltInKeywords.click(WebUiBuiltInKeywords.groovy:616)
	at com.kms.katalon.core.webui.keyword.WebUiBuiltInKeywords$click$4.call(Unknown Source)
	at 3-1 Stock Take-edit.run(3-1 Stock Take-edit:26)
	at com.kms.katalon.core.main.ScriptEngine.run(ScriptEngine.java:194)
	at com.kms.katalon.core.main.ScriptEngine.runScriptAsRawText(ScriptEngine.java:119)
	at com.kms.katalon.core.main.TestCaseExecutor.runScript(TestCaseExecutor.java:328)
	at com.kms.katalon.core.main.TestCaseExecutor.doExecute(TestCaseExecutor.java:319)
	at com.kms.katalon.core.main.TestCaseExecutor.processExecutionPhase(TestCaseExecutor.java:298)
	at com.kms.katalon.core.main.TestCaseExecutor.accessMainPhase(TestCaseExecutor.java:290)
	at com.kms.katalon.core.main.TestCaseExecutor.execute(TestCaseExecutor.java:224)
	at com.kms.katalon.core.main.TestSuiteExecutor.accessTestCaseMainPhase(TestSuiteExecutor.java:129)
	at com.kms.katalon.core.main.TestSuiteExecutor.accessTestSuiteMainPhase(TestSuiteExecutor.java:112)
	at com.kms.katalon.core.main.TestSuiteExecutor.execute(TestSuiteExecutor.java:81)
	at com.kms.katalon.core.main.TestCaseMain.startTestSuite(TestCaseMain.java:149)
	at com.kms.katalon.core.main.TestCaseMain$startTestSuite$0.call(Unknown Source)
	at TempTestSuite1559182612805.run(TempTestSuite1559182612805.groovy:36)


2019-05-30 10:19:47 - [MESSAGE][INFO] - Unable to find the element located by 'By.xpath: //td[(text() = '' or . = '')]'. Please recheck the objects properties to make sure the desired element is located. 

2019-05-30 10:19:47 - [MESSAGE][FAILED] - Unable to click on object 'Object Repository/3 Stock/3-1 Stock take/3-1 Stock take - edit/Select by note' (Root cause: com.kms.katalon.core.webui.exception.WebElementNotFoundException: Web element with id: 'Object Repository/3 Stock/3-1 Stock take/3-1 Stock take - edit/Select by note' located by 'By.xpath: //td[(text() = '' or . = '')]' not found)
[[ATTACHMENT|D:\\Kenny\\D\\Katalon Studio\\PSI\\PSItest\\Reports\\3-1 Stock Take Test Suite\\20190530_101652\\1559182787051.png]]

2019-05-30 10:19:47 - [MESSAGE][FAILED] - click(findTestObject("3 Stock/3-1 Stock take/3-1 Stock take - edit/Select by note", ["xxx":XXX])) FAILED.
Reason:
com.kms.katalon.core.exception.StepFailedException: Unable to click on object 'Object Repository/3 Stock/3-1 Stock take/3-1 Stock take - edit/Select by note' (Root cause: com.kms.katalon.core.webui.exception.WebElementNotFoundException: Web element with id: 'Object Repository/3 Stock/3-1 Stock take/3-1 Stock take - edit/Select by note' located by 'By.xpath: //td[(text() = '' or . = '')]' not found)
	at com.kms.katalon.core.keyword.internal.KeywordMain.stepFailed(KeywordMain.groovy:36)
	at com.kms.katalon.core.webui.keyword.internal.WebUIKeywordMain.stepFailed(WebUIKeywordMain.groovy:65)
	at com.kms.katalon.core.webui.keyword.internal.WebUIKeywordMain.runKeyword(WebUIKeywordMain.groovy:27)
	at com.kms.katalon.core.webui.keyword.builtin.ClickKeyword.click(ClickKeyword.groovy:86)
	at com.kms.katalon.core.webui.keyword.builtin.ClickKeyword.execute(ClickKeyword.groovy:67)
	at com.kms.katalon.core.keyword.internal.KeywordExecutor.executeKeywordForPlatform(KeywordExecutor.groovy:53)
	at com.kms.katalon.core.webui.keyword.WebUiBuiltInKeywords.click(WebUiBuiltInKeywords.groovy:616)
	at com.kms.katalon.core.webui.keyword.WebUiBuiltInKeywords$click$4.call(Unknown Source)
	at 3-1 Stock Take-edit.run(3-1 Stock Take-edit:26)
	at com.kms.katalon.core.main.ScriptEngine.run(ScriptEngine.java:194)
	at com.kms.katalon.core.main.ScriptEngine.runScriptAsRawText(ScriptEngine.java:119)
	at com.kms.katalon.core.main.TestCaseExecutor.runScript(TestCaseExecutor.java:328)
	at com.kms.katalon.core.main.TestCaseExecutor.doExecute(TestCaseExecutor.java:319)
	at com.kms.katalon.core.main.TestCaseExecutor.processExecutionPhase(TestCaseExecutor.java:298)
	at com.kms.katalon.core.main.TestCaseExecutor.accessMainPhase(TestCaseExecutor.java:290)
	at com.kms.katalon.core.main.TestCaseExecutor.execute(TestCaseExecutor.java:224)
	at com.kms.katalon.core.main.TestSuiteExecutor.accessTestCaseMainPhase(TestSuiteExecutor.java:129)
	at com.kms.katalon.core.main.TestSuiteExecutor.accessTestSuiteMainPhase(TestSuiteExecutor.java:112)
	at com.kms.katalon.core.main.TestSuiteExecutor.execute(TestSuiteExecutor.java:81)
	at com.kms.katalon.core.main.TestCaseMain.startTestSuite(TestCaseMain.java:149)
	at com.kms.katalon.core.main.TestCaseMain$startTestSuite$0.call(Unknown Source)
	at TempTestSuite1559182612805.run(TempTestSuite1559182612805.groovy:36)]]></system-out>
         <system-err><![CDATA[2019-05-30 10:17:10 - [TEST_CASE][FAILED] - Test Cases/3 Stock/3-1 Stock Take/3-1 Stock Take-edit: Test Cases/3 Stock/3-1 Stock Take/3-1 Stock Take-edit FAILED.
Reason:
com.kms.katalon.core.exception.StepFailedException: Unable to click on object 'Object Repository/3 Stock/3-1 Stock take/3-1 Stock take - edit/Select by note' (Root cause: com.kms.katalon.core.webui.exception.WebElementNotFoundException: Web element with id: 'Object Repository/3 Stock/3-1 Stock take/3-1 Stock take - edit/Select by note' located by 'By.xpath: //td[(text() = '' or . = '')]' not found)
	at com.kms.katalon.core.keyword.internal.KeywordMain.stepFailed(KeywordMain.groovy:36)
	at com.kms.katalon.core.webui.keyword.internal.WebUIKeywordMain.stepFailed(WebUIKeywordMain.groovy:65)
	at com.kms.katalon.core.webui.keyword.internal.WebUIKeywordMain.runKeyword(WebUIKeywordMain.groovy:27)
	at com.kms.katalon.core.webui.keyword.builtin.ClickKeyword.click(ClickKeyword.groovy:86)
	at com.kms.katalon.core.webui.keyword.builtin.ClickKeyword.execute(ClickKeyword.groovy:67)
	at com.kms.katalon.core.keyword.internal.KeywordExecutor.executeKeywordForPlatform(KeywordExecutor.groovy:53)
	at com.kms.katalon.core.webui.keyword.WebUiBuiltInKeywords.click(WebUiBuiltInKeywords.groovy:616)
	at com.kms.katalon.core.webui.keyword.WebUiBuiltInKeywords$click$4.call(Unknown Source)
	at 3-1 Stock Take-edit.run(3-1 Stock Take-edit:26)
	at com.kms.katalon.core.main.ScriptEngine.run(ScriptEngine.java:194)
	at com.kms.katalon.core.main.ScriptEngine.runScriptAsRawText(ScriptEngine.java:119)
	at com.kms.katalon.core.main.TestCaseExecutor.runScript(TestCaseExecutor.java:328)
	at com.kms.katalon.core.main.TestCaseExecutor.doExecute(TestCaseExecutor.java:319)
	at com.kms.katalon.core.main.TestCaseExecutor.processExecutionPhase(TestCaseExecutor.java:298)
	at com.kms.katalon.core.main.TestCaseExecutor.accessMainPhase(TestCaseExecutor.java:290)
	at com.kms.katalon.core.main.TestCaseExecutor.execute(TestCaseExecutor.java:224)
	at com.kms.katalon.core.main.TestSuiteExecutor.accessTestCaseMainPhase(TestSuiteExecutor.java:129)
	at com.kms.katalon.core.main.TestSuiteExecutor.accessTestSuiteMainPhase(TestSuiteExecutor.java:112)
	at com.kms.katalon.core.main.TestSuiteExecutor.execute(TestSuiteExecutor.java:81)
	at com.kms.katalon.core.main.TestCaseMain.startTestSuite(TestCaseMain.java:149)
	at com.kms.katalon.core.main.TestCaseMain$startTestSuite$0.call(Unknown Source)
	at TempTestSuite1559182612805.run(TempTestSuite1559182612805.groovy:36)]]></system-err>
      </testcase>
      <system-out><![CDATA[2019-05-30 10:16:54 - [TEST_SUITE][FAILED] - 3-1 Stock Take Test Suite: Test Cases/3 Stock/3-1 Stock Take/3-1 Stock Take-edit FAILED.
Reason:
com.kms.katalon.core.exception.StepFailedException: Unable to click on object 'Object Repository/3 Stock/3-1 Stock take/3-1 Stock take - edit/Select by note' (Root cause: com.kms.katalon.core.webui.exception.WebElementNotFoundException: Web element with id: 'Object Repository/3 Stock/3-1 Stock take/3-1 Stock take - edit/Select by note' located by 'By.xpath: //td[(text() = '' or . = '')]' not found)
	at com.kms.katalon.core.keyword.internal.KeywordMain.stepFailed(KeywordMain.groovy:36)
	at com.kms.katalon.core.webui.keyword.internal.WebUIKeywordMain.stepFailed(WebUIKeywordMain.groovy:65)
	at com.kms.katalon.core.webui.keyword.internal.WebUIKeywordMain.runKeyword(WebUIKeywordMain.groovy:27)
	at com.kms.katalon.core.webui.keyword.builtin.ClickKeyword.click(ClickKeyword.groovy:86)
	at com.kms.katalon.core.webui.keyword.builtin.ClickKeyword.execute(ClickKeyword.groovy:67)
	at com.kms.katalon.core.keyword.internal.KeywordExecutor.executeKeywordForPlatform(KeywordExecutor.groovy:53)
	at com.kms.katalon.core.webui.keyword.WebUiBuiltInKeywords.click(WebUiBuiltInKeywords.groovy:616)
	at com.kms.katalon.core.webui.keyword.WebUiBuiltInKeywords$click$4.call(Unknown Source)
	at 3-1 Stock Take-edit.run(3-1 Stock Take-edit:26)
	at com.kms.katalon.core.main.ScriptEngine.run(ScriptEngine.java:194)
	at com.kms.katalon.core.main.ScriptEngine.runScriptAsRawText(ScriptEngine.java:119)
	at com.kms.katalon.core.main.TestCaseExecutor.runScript(TestCaseExecutor.java:328)
	at com.kms.katalon.core.main.TestCaseExecutor.doExecute(TestCaseExecutor.java:319)
	at com.kms.katalon.core.main.TestCaseExecutor.processExecutionPhase(TestCaseExecutor.java:298)
	at com.kms.katalon.core.main.TestCaseExecutor.accessMainPhase(TestCaseExecutor.java:290)
	at com.kms.katalon.core.main.TestCaseExecutor.execute(TestCaseExecutor.java:224)
	at com.kms.katalon.core.main.TestSuiteExecutor.accessTestCaseMainPhase(TestSuiteExecutor.java:129)
	at com.kms.katalon.core.main.TestSuiteExecutor.accessTestSuiteMainPhase(TestSuiteExecutor.java:112)
	at com.kms.katalon.core.main.TestSuiteExecutor.execute(TestSuiteExecutor.java:81)
	at com.kms.katalon.core.main.TestCaseMain.startTestSuite(TestCaseMain.java:149)
	at com.kms.katalon.core.main.TestCaseMain$startTestSuite$0.call(Unknown Source)
	at TempTestSuite1559182612805.run(TempTestSuite1559182612805.groovy:36)]]></system-out>
      <system-err><![CDATA[2019-05-30 10:16:54 - [TEST_SUITE][FAILED] - 3-1 Stock Take Test Suite: Test Cases/3 Stock/3-1 Stock Take/3-1 Stock Take-edit FAILED.
Reason:
com.kms.katalon.core.exception.StepFailedException: Unable to click on object 'Object Repository/3 Stock/3-1 Stock take/3-1 Stock take - edit/Select by note' (Root cause: com.kms.katalon.core.webui.exception.WebElementNotFoundException: Web element with id: 'Object Repository/3 Stock/3-1 Stock take/3-1 Stock take - edit/Select by note' located by 'By.xpath: //td[(text() = '' or . = '')]' not found)
	at com.kms.katalon.core.keyword.internal.KeywordMain.stepFailed(KeywordMain.groovy:36)
	at com.kms.katalon.core.webui.keyword.internal.WebUIKeywordMain.stepFailed(WebUIKeywordMain.groovy:65)
	at com.kms.katalon.core.webui.keyword.internal.WebUIKeywordMain.runKeyword(WebUIKeywordMain.groovy:27)
	at com.kms.katalon.core.webui.keyword.builtin.ClickKeyword.click(ClickKeyword.groovy:86)
	at com.kms.katalon.core.webui.keyword.builtin.ClickKeyword.execute(ClickKeyword.groovy:67)
	at com.kms.katalon.core.keyword.internal.KeywordExecutor.executeKeywordForPlatform(KeywordExecutor.groovy:53)
	at com.kms.katalon.core.webui.keyword.WebUiBuiltInKeywords.click(WebUiBuiltInKeywords.groovy:616)
	at com.kms.katalon.core.webui.keyword.WebUiBuiltInKeywords$click$4.call(Unknown Source)
	at 3-1 Stock Take-edit.run(3-1 Stock Take-edit:26)
	at com.kms.katalon.core.main.ScriptEngine.run(ScriptEngine.java:194)
	at com.kms.katalon.core.main.ScriptEngine.runScriptAsRawText(ScriptEngine.java:119)
	at com.kms.katalon.core.main.TestCaseExecutor.runScript(TestCaseExecutor.java:328)
	at com.kms.katalon.core.main.TestCaseExecutor.doExecute(TestCaseExecutor.java:319)
	at com.kms.katalon.core.main.TestCaseExecutor.processExecutionPhase(TestCaseExecutor.java:298)
	at com.kms.katalon.core.main.TestCaseExecutor.accessMainPhase(TestCaseExecutor.java:290)
	at com.kms.katalon.core.main.TestCaseExecutor.execute(TestCaseExecutor.java:224)
	at com.kms.katalon.core.main.TestSuiteExecutor.accessTestCaseMainPhase(TestSuiteExecutor.java:129)
	at com.kms.katalon.core.main.TestSuiteExecutor.accessTestSuiteMainPhase(TestSuiteExecutor.java:112)
	at com.kms.katalon.core.main.TestSuiteExecutor.execute(TestSuiteExecutor.java:81)
	at com.kms.katalon.core.main.TestCaseMain.startTestSuite(TestCaseMain.java:149)
	at com.kms.katalon.core.main.TestCaseMain$startTestSuite$0.call(Unknown Source)
	at TempTestSuite1559182612805.run(TempTestSuite1559182612805.groovy:36)]]></system-err>
   </testsuite>
</testsuites>
