<?xml version="1.0" encoding="UTF-8"?>
<testsuites name="1-3 Purchase return Test Suite" time="61" tests="1" failures="2" errors="0">
   <testsuite name="1-3 Purchase return Test Suite" tests="1" failures="2" errors="0" time="61" timestamp="2019-04-25 15:23:09" hostname="KennyIC_Chen - KennyIC_Chen.compal.com" id="Test Suites/1-3 Purchase return Test Suite">
      <properties>
         <property name="deviceName" value=""/>
         <property name="devicePlatform" value=""/>
         <property name="logFolder" value="C:\\Users\\KennyIC_chen.COMPAL\\git\\PSItest\\Reports\\1-3 Purchase return Test Suite\\20190425_152307"/>
         <property name="logFiles" value="C:\\Users\\KennyIC_chen.COMPAL\\git\\PSItest\\Reports\\1-3 Purchase return Test Suite\\20190425_152307\\execution0.log"/>
         <property name="attachments" value="C:\\Users\\KennyIC_chen.COMPAL\\git\\PSItest\\Reports\\1-3 Purchase return Test Suite\\20190425_152307\\1556177043884.png, C:\\Users\\KennyIC_chen.COMPAL\\git\\PSItest\\Reports\\1-3 Purchase return Test Suite\\20190425_152307\\1556177049520.png, C:\\Users\\KennyIC_chen.COMPAL\\git\\PSItest\\Reports\\1-3 Purchase return Test Suite\\20190425_152307\\1556177049899.png"/>
         <property name="hostName" value="KennyIC_Chen - KennyIC_Chen.compal.com"/>
         <property name="os" value="Windows 10 64bit"/>
         <property name="katalonVersion" value="5.10.1.1"/>
         <property name="browser" value="Chrome 73.0.3683.103"/>
         <property name="hostAddress" value="10.109.102.148"/>
         <property name="sessionId" value="08392e814c9a77b264fe567adfdb9d03"/>
         <property name="seleniumVersion" value="3.7.1"/>
         <property name="proxyInformation" value="ProxyInformation{proxyOption=NO_PROXY, proxyServerType=HTTP, password=, proxyServerAddress=, proxyServerPort=0}"/>
         <property name="platform" value="Windows 10"/>
      </properties>
      <testcase name="Test Cases/Others/Login" classname="Test Cases/Others/Login" status="PASSED">
         <system-out><![CDATA[2019-04-25 15:23:09 - [TEST_CASE][PASSED] - Test Cases/Others/Login: Test Cases/Others/Login

2019-04-25 15:23:09 - [TEST_STEP][PASSED] - openBrowser(""): Browser is opened with url: ''

2019-04-25 15:23:10 - [MESSAGE][INFO] - Starting 'Chrome' driver

2019-04-25 15:23:10 - [MESSAGE][INFO] - Action delay is set to 0 seconds

2019-04-25 15:23:13 - [MESSAGE][PASSED] - Browser is opened with url: ''

2019-04-25 15:23:13 - [TEST_STEP][PASSED] - navigateToUrl("https://psi-azcldap.unicore.com.tw/login"): Navigate to 'https://psi-azcldap.unicore.com.tw/login' successfully

2019-04-25 15:23:24 - [MESSAGE][PASSED] - Navigate to 'https://psi-azcldap.unicore.com.tw/login' successfully

2019-04-25 15:23:24 - [TEST_STEP][PASSED] - maximizeWindow(): Current window maximized

2019-04-25 15:23:26 - [MESSAGE][PASSED] - Current window maximized

2019-04-25 15:23:26 - [TEST_STEP][PASSED] - setText(findTestObject("Others/Login/ID-QWE"), "QWE"): Text 'QWE' is set on object 'Object Repository/Others/Login/ID-QWE'

2019-04-25 15:23:26 - [MESSAGE][PASSED] - Text 'QWE' is set on object 'Object Repository/Others/Login/ID-QWE'

2019-04-25 15:23:26 - [TEST_STEP][PASSED] - setEncryptedText(findTestObject("Others/Login/PW-QWE"), "5opu+sh6ATw="): Text ****** has been set on object 'Object Repository/Others/Login/PW-QWE'

2019-04-25 15:23:26 - [MESSAGE][PASSED] - Text ****** has been set on object 'Object Repository/Others/Login/PW-QWE'

2019-04-25 15:23:26 - [TEST_STEP][PASSED] - click(findTestObject("Others/Login/Login Button")): Object: 'Object Repository/Others/Login/Login Button' is clicked on

2019-04-25 15:23:26 - [MESSAGE][PASSED] - Object: 'Object Repository/Others/Login/Login Button' is clicked on

2019-04-25 15:23:26 - [TEST_STEP][PASSED] - verifyElementClickable(findTestObject("Others/Login/Verify button")): Object 'Object Repository/Others/Login/Verify button' is clickable

2019-04-25 15:23:26 - [MESSAGE][PASSED] - Object 'Object Repository/Others/Login/Verify button' is clickable]]></system-out>
         <system-err><![CDATA[]]></system-err>
      </testcase>
      <testcase name="Test Cases/1-3 Purchase return-Add" classname="Test Cases/1-3 Purchase return-Add" status="FAILED">
         <failure type="FAILED" message="Test Cases/1-3 Purchase return-Add FAILED.
Reason:
com.kms.katalon.core.exception.StepFailedException: Unable to click on object 'Object Repository/1-3 Return/Warehouse 111' (Root cause: com.kms.katalon.core.webui.exception.WebElementNotFoundException: Web element with id: 'Object Repository/1-3 Return/Warehouse 111' located by 'By.xpath: //td[(text() = '0測試倉庫0' or . = '0測試倉庫0')]' not found)
	at com.kms.katalon.core.keyword.internal.KeywordMain.stepFailed(KeywordMain.groovy:36)
	at com.kms.katalon.core.webui.keyword.internal.WebUIKeywordMain.stepFailed(WebUIKeywordMain.groovy:65)
	at com.kms.katalon.core.webui.keyword.internal.WebUIKeywordMain.runKeyword(WebUIKeywordMain.groovy:27)
	at com.kms.katalon.core.webui.keyword.builtin.ClickKeyword.click(ClickKeyword.groovy:86)
	at com.kms.katalon.core.webui.keyword.builtin.ClickKeyword.execute(ClickKeyword.groovy:67)
	at com.kms.katalon.core.keyword.internal.KeywordExecutor.executeKeywordForPlatform(KeywordExecutor.groovy:53)
	at com.kms.katalon.core.webui.keyword.WebUiBuiltInKeywords.click(WebUiBuiltInKeywords.groovy:616)
	at com.kms.katalon.core.webui.keyword.WebUiBuiltInKeywords$click$4.call(Unknown Source)
	at 1-3 Purchase return-Add.run(1-3 Purchase return-Add:92)
	at com.kms.katalon.core.main.ScriptEngine.run(ScriptEngine.java:194)
	at com.kms.katalon.core.main.ScriptEngine.runScriptAsRawText(ScriptEngine.java:119)
	at com.kms.katalon.core.main.TestCaseExecutor.runScript(TestCaseExecutor.java:328)
	at com.kms.katalon.core.main.TestCaseExecutor.doExecute(TestCaseExecutor.java:319)
	at com.kms.katalon.core.main.TestCaseExecutor.processExecutionPhase(TestCaseExecutor.java:298)
	at com.kms.katalon.core.main.TestCaseExecutor.accessMainPhase(TestCaseExecutor.java:290)
	at com.kms.katalon.core.main.TestCaseExecutor.execute(TestCaseExecutor.java:224)
	at com.kms.katalon.core.main.TestSuiteExecutor.accessTestCaseMainPhase(TestSuiteExecutor.java:129)
	at com.kms.katalon.core.main.TestSuiteExecutor.accessTestSuiteMainPhase(TestSuiteExecutor.java:112)
	at com.kms.katalon.core.main.TestSuiteExecutor.execute(TestSuiteExecutor.java:81)
	at com.kms.katalon.core.main.TestCaseMain.startTestSuite(TestCaseMain.java:149)
	at com.kms.katalon.core.main.TestCaseMain$startTestSuite$0.call(Unknown Source)
	at TempTestSuite1556176987846.run(TempTestSuite1556176987846.groovy:36)
"/>
         <system-out><![CDATA[2019-04-25 15:23:26 - [TEST_CASE][FAILED] - Test Cases/1-3 Purchase return-Add: Test Cases/1-3 Purchase return-Add FAILED.
Reason:
com.kms.katalon.core.exception.StepFailedException: Unable to click on object 'Object Repository/1-3 Return/Warehouse 111' (Root cause: com.kms.katalon.core.webui.exception.WebElementNotFoundException: Web element with id: 'Object Repository/1-3 Return/Warehouse 111' located by 'By.xpath: //td[(text() = '0測試倉庫0' or . = '0測試倉庫0')]' not found)
	at com.kms.katalon.core.keyword.internal.KeywordMain.stepFailed(KeywordMain.groovy:36)
	at com.kms.katalon.core.webui.keyword.internal.WebUIKeywordMain.stepFailed(WebUIKeywordMain.groovy:65)
	at com.kms.katalon.core.webui.keyword.internal.WebUIKeywordMain.runKeyword(WebUIKeywordMain.groovy:27)
	at com.kms.katalon.core.webui.keyword.builtin.ClickKeyword.click(ClickKeyword.groovy:86)
	at com.kms.katalon.core.webui.keyword.builtin.ClickKeyword.execute(ClickKeyword.groovy:67)
	at com.kms.katalon.core.keyword.internal.KeywordExecutor.executeKeywordForPlatform(KeywordExecutor.groovy:53)
	at com.kms.katalon.core.webui.keyword.WebUiBuiltInKeywords.click(WebUiBuiltInKeywords.groovy:616)
	at com.kms.katalon.core.webui.keyword.WebUiBuiltInKeywords$click$4.call(Unknown Source)
	at 1-3 Purchase return-Add.run(1-3 Purchase return-Add:92)
	at com.kms.katalon.core.main.ScriptEngine.run(ScriptEngine.java:194)
	at com.kms.katalon.core.main.ScriptEngine.runScriptAsRawText(ScriptEngine.java:119)
	at com.kms.katalon.core.main.TestCaseExecutor.runScript(TestCaseExecutor.java:328)
	at com.kms.katalon.core.main.TestCaseExecutor.doExecute(TestCaseExecutor.java:319)
	at com.kms.katalon.core.main.TestCaseExecutor.processExecutionPhase(TestCaseExecutor.java:298)
	at com.kms.katalon.core.main.TestCaseExecutor.accessMainPhase(TestCaseExecutor.java:290)
	at com.kms.katalon.core.main.TestCaseExecutor.execute(TestCaseExecutor.java:224)
	at com.kms.katalon.core.main.TestSuiteExecutor.accessTestCaseMainPhase(TestSuiteExecutor.java:129)
	at com.kms.katalon.core.main.TestSuiteExecutor.accessTestSuiteMainPhase(TestSuiteExecutor.java:112)
	at com.kms.katalon.core.main.TestSuiteExecutor.execute(TestSuiteExecutor.java:81)
	at com.kms.katalon.core.main.TestCaseMain.startTestSuite(TestCaseMain.java:149)
	at com.kms.katalon.core.main.TestCaseMain$startTestSuite$0.call(Unknown Source)
	at TempTestSuite1556176987846.run(TempTestSuite1556176987846.groovy:36)


2019-04-25 15:23:27 - [TEST_STEP][PASSED] - click(findTestObject("1-3 Return/Return button")): Object: 'Object Repository/1-3 Return/Return button' is clicked on

2019-04-25 15:23:27 - [MESSAGE][PASSED] - Object: 'Object Repository/1-3 Return/Return button' is clicked on

2019-04-25 15:23:27 - [TEST_STEP][PASSED] - click(findTestObject("1-3 Return/Add button")): Object: 'Object Repository/1-3 Return/Add button' is clicked on

2019-04-25 15:23:27 - [MESSAGE][PASSED] - Object: 'Object Repository/1-3 Return/Add button' is clicked on

2019-04-25 15:23:27 - [TEST_STEP][PASSED] - click(findTestObject("1-3 Return/Customer button")): Object: 'Object Repository/1-3 Return/Customer button' is clicked on

2019-04-25 15:23:27 - [MESSAGE][PASSED] - Object: 'Object Repository/1-3 Return/Customer button' is clicked on

2019-04-25 15:23:27 - [TEST_STEP][PASSED] - click(findTestObject("1-3 Return/Customer 95230")): Object: 'Object Repository/1-3 Return/Customer 95230' is clicked on

2019-04-25 15:23:28 - [MESSAGE][PASSED] - Object: 'Object Repository/1-3 Return/Customer 95230' is clicked on

2019-04-25 15:23:28 - [TEST_STEP][PASSED] - click(findTestObject("1-3 Return/Payment select")): Object: 'Object Repository/1-3 Return/Payment select' is clicked on

2019-04-25 15:23:28 - [MESSAGE][PASSED] - Object: 'Object Repository/1-3 Return/Payment select' is clicked on

2019-04-25 15:23:28 - [TEST_STEP][PASSED] - selectOptionByValue(findTestObject("1-3 Return/Payment"), "0: 1", true): All options with value '0: 1' are selected in object 'Object Repository/1-3 Return/Payment'  using regular expression

2019-04-25 15:23:28 - [MESSAGE][PASSED] - All options with value '0: 1' are selected in object 'Object Repository/1-3 Return/Payment'  using regular expression

2019-04-25 15:23:28 - [TEST_STEP][PASSED] - click(findTestObject("1-3 Return/Payment date 1")): Object: 'Object Repository/1-3 Return/Payment date 1' is clicked on

2019-04-25 15:23:28 - [MESSAGE][PASSED] - Object: 'Object Repository/1-3 Return/Payment date 1' is clicked on

2019-04-25 15:23:28 - [TEST_STEP][PASSED] - click(findTestObject("1-3 Return/Payment date 1 next month 10", ["xxx":abc(5)])): null

2019-04-25 15:23:28 - [TEST_STEP][PASSED] - today = new java.util.Date(): null

2019-04-25 15:23:28 - [TEST_STEP][PASSED] - day1 = Date().plus(num): null

2019-04-25 15:23:28 - [TEST_STEP][PASSED] - if (day1.format("MM") > today.format("MM")): null

2019-04-25 15:23:28 - [TEST_STEP][PASSED] - else: Object: 'Object Repository/1-3 Return/Payment date 1 next month 10' is clicked on

2019-04-25 15:23:28 - [TEST_STEP][PASSED] - return day1.format(d): Object: 'Object Repository/1-3 Return/Payment date 1 next month 10' is clicked on

2019-04-25 15:23:28 - [MESSAGE][PASSED] - Object: 'Object Repository/1-3 Return/Payment date 1 next month 10' is clicked on

2019-04-25 15:23:28 - [TEST_STEP][PASSED] - click(findTestObject("1-3 Return/Payment date 2")): Object: 'Object Repository/1-3 Return/Payment date 2' is clicked on

2019-04-25 15:23:28 - [MESSAGE][PASSED] - Object: 'Object Repository/1-3 Return/Payment date 2' is clicked on

2019-04-25 15:23:28 - [TEST_STEP][PASSED] - click(findTestObject("1-3 Return/Payment date 2 next month 15", ["xxx":abc(10)])): null

2019-04-25 15:23:28 - [TEST_STEP][PASSED] - today = new java.util.Date(): null

2019-04-25 15:23:28 - [TEST_STEP][PASSED] - day1 = Date().plus(num): null

2019-04-25 15:23:28 - [TEST_STEP][PASSED] - if (day1.format("MM") > today.format("MM")): Object: 'Object Repository/1-3 Return/Payment date 2 next month 15' is clicked on

2019-04-25 15:23:28 - [TEST_STEP][PASSED] - click(findTestObject("1-2 Purchase/Payment date 1 next month")): Object: 'Object Repository/1-2 Purchase/Payment date 1 next month' is clicked on

2019-04-25 15:23:28 - [MESSAGE][PASSED] - Object: 'Object Repository/1-2 Purchase/Payment date 1 next month' is clicked on

2019-04-25 15:23:28 - [TEST_STEP][PASSED] - return day1.format(d): Object: 'Object Repository/1-3 Return/Payment date 2 next month 15' is clicked on

2019-04-25 15:23:29 - [MESSAGE][PASSED] - Object: 'Object Repository/1-3 Return/Payment date 2 next month 15' is clicked on

2019-04-25 15:23:29 - [TEST_STEP][PASSED] - click(findTestObject("1-3 Return/Payment date 3")): Object: 'Object Repository/1-3 Return/Payment date 3' is clicked on

2019-04-25 15:23:29 - [MESSAGE][PASSED] - Object: 'Object Repository/1-3 Return/Payment date 3' is clicked on

2019-04-25 15:23:29 - [TEST_STEP][PASSED] - click(findTestObject("1-3 Return/Payment date 3 next month 20", ["xxx":abc(15)])): null

2019-04-25 15:23:29 - [TEST_STEP][PASSED] - today = new java.util.Date(): null

2019-04-25 15:23:29 - [TEST_STEP][PASSED] - day1 = Date().plus(num): null

2019-04-25 15:23:29 - [TEST_STEP][PASSED] - if (day1.format("MM") > today.format("MM")): Object: 'Object Repository/1-3 Return/Payment date 3 next month 20' is clicked on

2019-04-25 15:23:29 - [TEST_STEP][PASSED] - click(findTestObject("1-2 Purchase/Payment date 1 next month")): Object: 'Object Repository/1-2 Purchase/Payment date 1 next month' is clicked on

2019-04-25 15:23:29 - [MESSAGE][PASSED] - Object: 'Object Repository/1-2 Purchase/Payment date 1 next month' is clicked on

2019-04-25 15:23:29 - [TEST_STEP][PASSED] - return day1.format(d): Object: 'Object Repository/1-3 Return/Payment date 3 next month 20' is clicked on

2019-04-25 15:23:29 - [MESSAGE][PASSED] - Object: 'Object Repository/1-3 Return/Payment date 3 next month 20' is clicked on

2019-04-25 15:23:29 - [TEST_STEP][PASSED] - click(findTestObject("1-3 Return/Invoice select")): Object: 'Object Repository/1-3 Return/Invoice select' is clicked on

2019-04-25 15:23:29 - [MESSAGE][PASSED] - Object: 'Object Repository/1-3 Return/Invoice select' is clicked on

2019-04-25 15:23:29 - [TEST_STEP][PASSED] - selectOptionByValue(findTestObject("1-3 Return/Invoice"), "3: 4", true): All options with value '3: 4' are selected in object 'Object Repository/1-3 Return/Invoice'  using regular expression

2019-04-25 15:23:29 - [MESSAGE][PASSED] - All options with value '3: 4' are selected in object 'Object Repository/1-3 Return/Invoice'  using regular expression

2019-04-25 15:23:29 - [TEST_STEP][PASSED] - setText(findTestObject("1-3 Return/Invoice number"), Invoice_number): Text 'AB-12345678' is set on object 'Object Repository/1-3 Return/Invoice number'

2019-04-25 15:23:29 - [MESSAGE][PASSED] - Text 'AB-12345678' is set on object 'Object Repository/1-3 Return/Invoice number'

2019-04-25 15:23:29 - [TEST_STEP][PASSED] - click(findTestObject("1-3 Return/Empolyee button")): Object: 'Object Repository/1-3 Return/Empolyee button' is clicked on

2019-04-25 15:23:29 - [MESSAGE][PASSED] - Object: 'Object Repository/1-3 Return/Empolyee button' is clicked on

2019-04-25 15:23:29 - [TEST_STEP][PASSED] - click(findTestObject("1-3 Return/Employee Larry")): Object: 'Object Repository/1-3 Return/Employee Larry' is clicked on

2019-04-25 15:23:30 - [MESSAGE][PASSED] - Object: 'Object Repository/1-3 Return/Employee Larry' is clicked on

2019-04-25 15:23:30 - [TEST_STEP][PASSED] - setText(findTestObject("1-3 Return/Purchase number"), "BB87654321"): Text 'BB87654321' is set on object 'Object Repository/1-3 Return/Purchase number'

2019-04-25 15:23:30 - [MESSAGE][PASSED] - Text 'BB87654321' is set on object 'Object Repository/1-3 Return/Purchase number'

2019-04-25 15:23:30 - [TEST_STEP][PASSED] - setText(findTestObject("1-3 Return/Comment"), time()): null

2019-04-25 15:23:30 - [TEST_STEP][PASSED] - date = new java.util.Date(): null

2019-04-25 15:23:30 - [TEST_STEP][PASSED] - sdf = new java.text.SimpleDateFormat(yyyy-MM-dd HH:mm): null

2019-04-25 15:23:30 - [TEST_STEP][PASSED] - return (internal.GlobalVariable.Note + sdf.format(date)): Text 'Testing2019-04-25 15:23' is set on object 'Object Repository/1-3 Return/Comment'

2019-04-25 15:23:30 - [MESSAGE][PASSED] - Text 'Testing2019-04-25 15:23' is set on object 'Object Repository/1-3 Return/Comment'

2019-04-25 15:23:30 - [TEST_STEP][PASSED] - click(findTestObject("1-3 Return/New item button")): Object: 'Object Repository/1-3 Return/New item button' is clicked on

2019-04-25 15:23:30 - [MESSAGE][PASSED] - Object: 'Object Repository/1-3 Return/New item button' is clicked on

2019-04-25 15:23:30 - [TEST_STEP][PASSED] - click(findTestObject("1-3 Return/Item IPAD")): Object: 'Object Repository/1-3 Return/Item IPAD' is clicked on

2019-04-25 15:23:31 - [MESSAGE][PASSED] - Object: 'Object Repository/1-3 Return/Item IPAD' is clicked on

2019-04-25 15:23:31 - [TEST_STEP][PASSED] - click(findTestObject("1-3 Return/Unit button")): Object: 'Object Repository/1-3 Return/Unit button' is clicked on

2019-04-25 15:23:31 - [MESSAGE][PASSED] - Object: 'Object Repository/1-3 Return/Unit button' is clicked on

2019-04-25 15:23:31 - [TEST_STEP][PASSED] - click(findTestObject("1-3 Return/Unit Change")): Object: 'Object Repository/1-3 Return/Unit Change' is clicked on

2019-04-25 15:23:32 - [MESSAGE][PASSED] - Object: 'Object Repository/1-3 Return/Unit Change' is clicked on

2019-04-25 15:23:32 - [TEST_STEP][PASSED] - setText(findTestObject("1-3 Return/Number"), "10"): Text '10' is set on object 'Object Repository/1-3 Return/Number'

2019-04-25 15:23:32 - [MESSAGE][PASSED] - Text '10' is set on object 'Object Repository/1-3 Return/Number'

2019-04-25 15:23:32 - [TEST_STEP][PASSED] - setText(findTestObject("1-3 Return/Price"), "200"): Text '200' is set on object 'Object Repository/1-3 Return/Price'

2019-04-25 15:23:32 - [MESSAGE][PASSED] - Text '200' is set on object 'Object Repository/1-3 Return/Price'

2019-04-25 15:23:32 - [TEST_STEP][PASSED] - setText(findTestObject("1-3 Return/Total price"), "2000"): Text '2000' is set on object 'Object Repository/1-3 Return/Total price'

2019-04-25 15:23:32 - [MESSAGE][PASSED] - Text '2000' is set on object 'Object Repository/1-3 Return/Total price'

2019-04-25 15:23:32 - [TEST_STEP][PASSED] - click(findTestObject("1-3 Return/Warehouse button")): Object: 'Object Repository/1-3 Return/Warehouse button' is clicked on

2019-04-25 15:23:32 - [MESSAGE][PASSED] - Object: 'Object Repository/1-3 Return/Warehouse button' is clicked on

2019-04-25 15:23:32 - [TEST_STEP][FAILED] - click(findTestObject("1-3 Return/Warehouse 111")): click(findTestObject("1-3 Return/Warehouse 111")) FAILED.
Reason:
com.kms.katalon.core.exception.StepFailedException: Unable to click on object 'Object Repository/1-3 Return/Warehouse 111' (Root cause: com.kms.katalon.core.webui.exception.WebElementNotFoundException: Web element with id: 'Object Repository/1-3 Return/Warehouse 111' located by 'By.xpath: //td[(text() = '0測試倉庫0' or . = '0測試倉庫0')]' not found)
	at com.kms.katalon.core.keyword.internal.KeywordMain.stepFailed(KeywordMain.groovy:36)
	at com.kms.katalon.core.webui.keyword.internal.WebUIKeywordMain.stepFailed(WebUIKeywordMain.groovy:65)
	at com.kms.katalon.core.webui.keyword.internal.WebUIKeywordMain.runKeyword(WebUIKeywordMain.groovy:27)
	at com.kms.katalon.core.webui.keyword.builtin.ClickKeyword.click(ClickKeyword.groovy:86)
	at com.kms.katalon.core.webui.keyword.builtin.ClickKeyword.execute(ClickKeyword.groovy:67)
	at com.kms.katalon.core.keyword.internal.KeywordExecutor.executeKeywordForPlatform(KeywordExecutor.groovy:53)
	at com.kms.katalon.core.webui.keyword.WebUiBuiltInKeywords.click(WebUiBuiltInKeywords.groovy:616)
	at com.kms.katalon.core.webui.keyword.WebUiBuiltInKeywords$click$4.call(Unknown Source)
	at 1-3 Purchase return-Add.run(1-3 Purchase return-Add:92)
	at com.kms.katalon.core.main.ScriptEngine.run(ScriptEngine.java:194)
	at com.kms.katalon.core.main.ScriptEngine.runScriptAsRawText(ScriptEngine.java:119)
	at com.kms.katalon.core.main.TestCaseExecutor.runScript(TestCaseExecutor.java:328)
	at com.kms.katalon.core.main.TestCaseExecutor.doExecute(TestCaseExecutor.java:319)
	at com.kms.katalon.core.main.TestCaseExecutor.processExecutionPhase(TestCaseExecutor.java:298)
	at com.kms.katalon.core.main.TestCaseExecutor.accessMainPhase(TestCaseExecutor.java:290)
	at com.kms.katalon.core.main.TestCaseExecutor.execute(TestCaseExecutor.java:224)
	at com.kms.katalon.core.main.TestSuiteExecutor.accessTestCaseMainPhase(TestSuiteExecutor.java:129)
	at com.kms.katalon.core.main.TestSuiteExecutor.accessTestSuiteMainPhase(TestSuiteExecutor.java:112)
	at com.kms.katalon.core.main.TestSuiteExecutor.execute(TestSuiteExecutor.java:81)
	at com.kms.katalon.core.main.TestCaseMain.startTestSuite(TestCaseMain.java:149)
	at com.kms.katalon.core.main.TestCaseMain$startTestSuite$0.call(Unknown Source)
	at TempTestSuite1556176987846.run(TempTestSuite1556176987846.groovy:36)


2019-04-25 15:24:03 - [MESSAGE][INFO] - Unable to find the element located by 'By.xpath: //td[(text() = '0測試倉庫0' or . = '0測試倉庫0')]'. Please recheck the objects properties to make sure the desired element is located. 

2019-04-25 15:24:04 - [MESSAGE][FAILED] - Unable to click on object 'Object Repository/1-3 Return/Warehouse 111' (Root cause: com.kms.katalon.core.webui.exception.WebElementNotFoundException: Web element with id: 'Object Repository/1-3 Return/Warehouse 111' located by 'By.xpath: //td[(text() = '0測試倉庫0' or . = '0測試倉庫0')]' not found)
[[ATTACHMENT|C:\\Users\\KennyIC_chen.COMPAL\\git\\PSItest\\Reports\\1-3 Purchase return Test Suite\\20190425_152307\\1556177043884.png]]

2019-04-25 15:24:04 - [MESSAGE][FAILED] - click(findTestObject("1-3 Return/Warehouse 111")) FAILED.
Reason:
com.kms.katalon.core.exception.StepFailedException: Unable to click on object 'Object Repository/1-3 Return/Warehouse 111' (Root cause: com.kms.katalon.core.webui.exception.WebElementNotFoundException: Web element with id: 'Object Repository/1-3 Return/Warehouse 111' located by 'By.xpath: //td[(text() = '0測試倉庫0' or . = '0測試倉庫0')]' not found)
	at com.kms.katalon.core.keyword.internal.KeywordMain.stepFailed(KeywordMain.groovy:36)
	at com.kms.katalon.core.webui.keyword.internal.WebUIKeywordMain.stepFailed(WebUIKeywordMain.groovy:65)
	at com.kms.katalon.core.webui.keyword.internal.WebUIKeywordMain.runKeyword(WebUIKeywordMain.groovy:27)
	at com.kms.katalon.core.webui.keyword.builtin.ClickKeyword.click(ClickKeyword.groovy:86)
	at com.kms.katalon.core.webui.keyword.builtin.ClickKeyword.execute(ClickKeyword.groovy:67)
	at com.kms.katalon.core.keyword.internal.KeywordExecutor.executeKeywordForPlatform(KeywordExecutor.groovy:53)
	at com.kms.katalon.core.webui.keyword.WebUiBuiltInKeywords.click(WebUiBuiltInKeywords.groovy:616)
	at com.kms.katalon.core.webui.keyword.WebUiBuiltInKeywords$click$4.call(Unknown Source)
	at 1-3 Purchase return-Add.run(1-3 Purchase return-Add:92)
	at com.kms.katalon.core.main.ScriptEngine.run(ScriptEngine.java:194)
	at com.kms.katalon.core.main.ScriptEngine.runScriptAsRawText(ScriptEngine.java:119)
	at com.kms.katalon.core.main.TestCaseExecutor.runScript(TestCaseExecutor.java:328)
	at com.kms.katalon.core.main.TestCaseExecutor.doExecute(TestCaseExecutor.java:319)
	at com.kms.katalon.core.main.TestCaseExecutor.processExecutionPhase(TestCaseExecutor.java:298)
	at com.kms.katalon.core.main.TestCaseExecutor.accessMainPhase(TestCaseExecutor.java:290)
	at com.kms.katalon.core.main.TestCaseExecutor.execute(TestCaseExecutor.java:224)
	at com.kms.katalon.core.main.TestSuiteExecutor.accessTestCaseMainPhase(TestSuiteExecutor.java:129)
	at com.kms.katalon.core.main.TestSuiteExecutor.accessTestSuiteMainPhase(TestSuiteExecutor.java:112)
	at com.kms.katalon.core.main.TestSuiteExecutor.execute(TestSuiteExecutor.java:81)
	at com.kms.katalon.core.main.TestCaseMain.startTestSuite(TestCaseMain.java:149)
	at com.kms.katalon.core.main.TestCaseMain$startTestSuite$0.call(Unknown Source)
	at TempTestSuite1556176987846.run(TempTestSuite1556176987846.groovy:36)]]></system-out>
         <system-err><![CDATA[2019-04-25 15:23:26 - [TEST_CASE][FAILED] - Test Cases/1-3 Purchase return-Add: Test Cases/1-3 Purchase return-Add FAILED.
Reason:
com.kms.katalon.core.exception.StepFailedException: Unable to click on object 'Object Repository/1-3 Return/Warehouse 111' (Root cause: com.kms.katalon.core.webui.exception.WebElementNotFoundException: Web element with id: 'Object Repository/1-3 Return/Warehouse 111' located by 'By.xpath: //td[(text() = '0測試倉庫0' or . = '0測試倉庫0')]' not found)
	at com.kms.katalon.core.keyword.internal.KeywordMain.stepFailed(KeywordMain.groovy:36)
	at com.kms.katalon.core.webui.keyword.internal.WebUIKeywordMain.stepFailed(WebUIKeywordMain.groovy:65)
	at com.kms.katalon.core.webui.keyword.internal.WebUIKeywordMain.runKeyword(WebUIKeywordMain.groovy:27)
	at com.kms.katalon.core.webui.keyword.builtin.ClickKeyword.click(ClickKeyword.groovy:86)
	at com.kms.katalon.core.webui.keyword.builtin.ClickKeyword.execute(ClickKeyword.groovy:67)
	at com.kms.katalon.core.keyword.internal.KeywordExecutor.executeKeywordForPlatform(KeywordExecutor.groovy:53)
	at com.kms.katalon.core.webui.keyword.WebUiBuiltInKeywords.click(WebUiBuiltInKeywords.groovy:616)
	at com.kms.katalon.core.webui.keyword.WebUiBuiltInKeywords$click$4.call(Unknown Source)
	at 1-3 Purchase return-Add.run(1-3 Purchase return-Add:92)
	at com.kms.katalon.core.main.ScriptEngine.run(ScriptEngine.java:194)
	at com.kms.katalon.core.main.ScriptEngine.runScriptAsRawText(ScriptEngine.java:119)
	at com.kms.katalon.core.main.TestCaseExecutor.runScript(TestCaseExecutor.java:328)
	at com.kms.katalon.core.main.TestCaseExecutor.doExecute(TestCaseExecutor.java:319)
	at com.kms.katalon.core.main.TestCaseExecutor.processExecutionPhase(TestCaseExecutor.java:298)
	at com.kms.katalon.core.main.TestCaseExecutor.accessMainPhase(TestCaseExecutor.java:290)
	at com.kms.katalon.core.main.TestCaseExecutor.execute(TestCaseExecutor.java:224)
	at com.kms.katalon.core.main.TestSuiteExecutor.accessTestCaseMainPhase(TestSuiteExecutor.java:129)
	at com.kms.katalon.core.main.TestSuiteExecutor.accessTestSuiteMainPhase(TestSuiteExecutor.java:112)
	at com.kms.katalon.core.main.TestSuiteExecutor.execute(TestSuiteExecutor.java:81)
	at com.kms.katalon.core.main.TestCaseMain.startTestSuite(TestCaseMain.java:149)
	at com.kms.katalon.core.main.TestCaseMain$startTestSuite$0.call(Unknown Source)
	at TempTestSuite1556176987846.run(TempTestSuite1556176987846.groovy:36)]]></system-err>
      </testcase>
      <testcase name="Test Cases/Others/Accept and verify" classname="Test Cases/Others/Accept and verify" status="FAILED">
         <failure type="FAILED" message="Test Cases/Others/Accept and verify FAILED.
Reason:
com.kms.katalon.core.exception.StepFailedException: Unable to accept alert (Root cause: com.kms.katalon.core.exception.StepFailedException: No alert found)
	at com.kms.katalon.core.keyword.internal.KeywordMain.stepFailed(KeywordMain.groovy:36)
	at com.kms.katalon.core.webui.keyword.internal.WebUIKeywordMain.stepFailed(WebUIKeywordMain.groovy:65)
	at com.kms.katalon.core.webui.keyword.internal.WebUIKeywordMain.runKeyword(WebUIKeywordMain.groovy:27)
	at com.kms.katalon.core.webui.keyword.builtin.AcceptAlertKeyword.acceptAlert(AcceptAlertKeyword.groovy:71)
	at com.kms.katalon.core.webui.keyword.builtin.AcceptAlertKeyword.execute(AcceptAlertKeyword.groovy:66)
	at com.kms.katalon.core.keyword.internal.KeywordExecutor.executeKeywordForPlatform(KeywordExecutor.groovy:53)
	at com.kms.katalon.core.webui.keyword.WebUiBuiltInKeywords.acceptAlert(WebUiBuiltInKeywords.groovy:1492)
	at com.kms.katalon.core.webui.keyword.WebUiBuiltInKeywords$acceptAlert$8.call(Unknown Source)
	at Accept and verify.run(Accept and verify:18)
	at com.kms.katalon.core.main.ScriptEngine.run(ScriptEngine.java:194)
	at com.kms.katalon.core.main.ScriptEngine.runScriptAsRawText(ScriptEngine.java:119)
	at com.kms.katalon.core.main.TestCaseExecutor.runScript(TestCaseExecutor.java:328)
	at com.kms.katalon.core.main.TestCaseExecutor.doExecute(TestCaseExecutor.java:319)
	at com.kms.katalon.core.main.TestCaseExecutor.processExecutionPhase(TestCaseExecutor.java:298)
	at com.kms.katalon.core.main.TestCaseExecutor.accessMainPhase(TestCaseExecutor.java:290)
	at com.kms.katalon.core.main.TestCaseExecutor.execute(TestCaseExecutor.java:224)
	at com.kms.katalon.core.main.TestSuiteExecutor.accessTestCaseMainPhase(TestSuiteExecutor.java:129)
	at com.kms.katalon.core.main.TestSuiteExecutor.accessTestSuiteMainPhase(TestSuiteExecutor.java:112)
	at com.kms.katalon.core.main.TestSuiteExecutor.execute(TestSuiteExecutor.java:81)
	at com.kms.katalon.core.main.TestCaseMain.startTestSuite(TestCaseMain.java:149)
	at com.kms.katalon.core.main.TestCaseMain$startTestSuite$0.call(Unknown Source)
	at TempTestSuite1556176987846.run(TempTestSuite1556176987846.groovy:36)
"/>
         <system-out><![CDATA[2019-04-25 15:24:04 - [TEST_CASE][FAILED] - Test Cases/Others/Accept and verify: Test Cases/Others/Accept and verify FAILED.
Reason:
com.kms.katalon.core.exception.StepFailedException: Unable to accept alert (Root cause: com.kms.katalon.core.exception.StepFailedException: No alert found)
	at com.kms.katalon.core.keyword.internal.KeywordMain.stepFailed(KeywordMain.groovy:36)
	at com.kms.katalon.core.webui.keyword.internal.WebUIKeywordMain.stepFailed(WebUIKeywordMain.groovy:65)
	at com.kms.katalon.core.webui.keyword.internal.WebUIKeywordMain.runKeyword(WebUIKeywordMain.groovy:27)
	at com.kms.katalon.core.webui.keyword.builtin.AcceptAlertKeyword.acceptAlert(AcceptAlertKeyword.groovy:71)
	at com.kms.katalon.core.webui.keyword.builtin.AcceptAlertKeyword.execute(AcceptAlertKeyword.groovy:66)
	at com.kms.katalon.core.keyword.internal.KeywordExecutor.executeKeywordForPlatform(KeywordExecutor.groovy:53)
	at com.kms.katalon.core.webui.keyword.WebUiBuiltInKeywords.acceptAlert(WebUiBuiltInKeywords.groovy:1492)
	at com.kms.katalon.core.webui.keyword.WebUiBuiltInKeywords$acceptAlert$8.call(Unknown Source)
	at Accept and verify.run(Accept and verify:18)
	at com.kms.katalon.core.main.ScriptEngine.run(ScriptEngine.java:194)
	at com.kms.katalon.core.main.ScriptEngine.runScriptAsRawText(ScriptEngine.java:119)
	at com.kms.katalon.core.main.TestCaseExecutor.runScript(TestCaseExecutor.java:328)
	at com.kms.katalon.core.main.TestCaseExecutor.doExecute(TestCaseExecutor.java:319)
	at com.kms.katalon.core.main.TestCaseExecutor.processExecutionPhase(TestCaseExecutor.java:298)
	at com.kms.katalon.core.main.TestCaseExecutor.accessMainPhase(TestCaseExecutor.java:290)
	at com.kms.katalon.core.main.TestCaseExecutor.execute(TestCaseExecutor.java:224)
	at com.kms.katalon.core.main.TestSuiteExecutor.accessTestCaseMainPhase(TestSuiteExecutor.java:129)
	at com.kms.katalon.core.main.TestSuiteExecutor.accessTestSuiteMainPhase(TestSuiteExecutor.java:112)
	at com.kms.katalon.core.main.TestSuiteExecutor.execute(TestSuiteExecutor.java:81)
	at com.kms.katalon.core.main.TestCaseMain.startTestSuite(TestCaseMain.java:149)
	at com.kms.katalon.core.main.TestCaseMain$startTestSuite$0.call(Unknown Source)
	at TempTestSuite1556176987846.run(TempTestSuite1556176987846.groovy:36)


2019-04-25 15:24:04 - [TEST_STEP][PASSED] - waitForAlert(5): No alert found after 5 second(s).

2019-04-25 15:24:09 - [MESSAGE][WARNING] - No alert found after 5 second(s).

2019-04-25 15:24:09 - [TEST_STEP][FAILED] - acceptAlert(): acceptAlert() FAILED.
Reason:
com.kms.katalon.core.exception.StepFailedException: Unable to accept alert (Root cause: com.kms.katalon.core.exception.StepFailedException: No alert found)
	at com.kms.katalon.core.keyword.internal.KeywordMain.stepFailed(KeywordMain.groovy:36)
	at com.kms.katalon.core.webui.keyword.internal.WebUIKeywordMain.stepFailed(WebUIKeywordMain.groovy:65)
	at com.kms.katalon.core.webui.keyword.internal.WebUIKeywordMain.runKeyword(WebUIKeywordMain.groovy:27)
	at com.kms.katalon.core.webui.keyword.builtin.AcceptAlertKeyword.acceptAlert(AcceptAlertKeyword.groovy:71)
	at com.kms.katalon.core.webui.keyword.builtin.AcceptAlertKeyword.execute(AcceptAlertKeyword.groovy:66)
	at com.kms.katalon.core.keyword.internal.KeywordExecutor.executeKeywordForPlatform(KeywordExecutor.groovy:53)
	at com.kms.katalon.core.webui.keyword.WebUiBuiltInKeywords.acceptAlert(WebUiBuiltInKeywords.groovy:1492)
	at com.kms.katalon.core.webui.keyword.WebUiBuiltInKeywords$acceptAlert$8.call(Unknown Source)
	at Accept and verify.run(Accept and verify:18)
	at com.kms.katalon.core.main.ScriptEngine.run(ScriptEngine.java:194)
	at com.kms.katalon.core.main.ScriptEngine.runScriptAsRawText(ScriptEngine.java:119)
	at com.kms.katalon.core.main.TestCaseExecutor.runScript(TestCaseExecutor.java:328)
	at com.kms.katalon.core.main.TestCaseExecutor.doExecute(TestCaseExecutor.java:319)
	at com.kms.katalon.core.main.TestCaseExecutor.processExecutionPhase(TestCaseExecutor.java:298)
	at com.kms.katalon.core.main.TestCaseExecutor.accessMainPhase(TestCaseExecutor.java:290)
	at com.kms.katalon.core.main.TestCaseExecutor.execute(TestCaseExecutor.java:224)
	at com.kms.katalon.core.main.TestSuiteExecutor.accessTestCaseMainPhase(TestSuiteExecutor.java:129)
	at com.kms.katalon.core.main.TestSuiteExecutor.accessTestSuiteMainPhase(TestSuiteExecutor.java:112)
	at com.kms.katalon.core.main.TestSuiteExecutor.execute(TestSuiteExecutor.java:81)
	at com.kms.katalon.core.main.TestCaseMain.startTestSuite(TestCaseMain.java:149)
	at com.kms.katalon.core.main.TestCaseMain$startTestSuite$0.call(Unknown Source)
	at TempTestSuite1556176987846.run(TempTestSuite1556176987846.groovy:36)


2019-04-25 15:24:09 - [MESSAGE][FAILED] - No alert found
[[ATTACHMENT|C:\\Users\\KennyIC_chen.COMPAL\\git\\PSItest\\Reports\\1-3 Purchase return Test Suite\\20190425_152307\\1556177049520.png]]

2019-04-25 15:24:10 - [MESSAGE][FAILED] - Unable to accept alert (Root cause: com.kms.katalon.core.exception.StepFailedException: No alert found)
[[ATTACHMENT|C:\\Users\\KennyIC_chen.COMPAL\\git\\PSItest\\Reports\\1-3 Purchase return Test Suite\\20190425_152307\\1556177049899.png]]

2019-04-25 15:24:10 - [MESSAGE][FAILED] - acceptAlert() FAILED.
Reason:
com.kms.katalon.core.exception.StepFailedException: Unable to accept alert (Root cause: com.kms.katalon.core.exception.StepFailedException: No alert found)
	at com.kms.katalon.core.keyword.internal.KeywordMain.stepFailed(KeywordMain.groovy:36)
	at com.kms.katalon.core.webui.keyword.internal.WebUIKeywordMain.stepFailed(WebUIKeywordMain.groovy:65)
	at com.kms.katalon.core.webui.keyword.internal.WebUIKeywordMain.runKeyword(WebUIKeywordMain.groovy:27)
	at com.kms.katalon.core.webui.keyword.builtin.AcceptAlertKeyword.acceptAlert(AcceptAlertKeyword.groovy:71)
	at com.kms.katalon.core.webui.keyword.builtin.AcceptAlertKeyword.execute(AcceptAlertKeyword.groovy:66)
	at com.kms.katalon.core.keyword.internal.KeywordExecutor.executeKeywordForPlatform(KeywordExecutor.groovy:53)
	at com.kms.katalon.core.webui.keyword.WebUiBuiltInKeywords.acceptAlert(WebUiBuiltInKeywords.groovy:1492)
	at com.kms.katalon.core.webui.keyword.WebUiBuiltInKeywords$acceptAlert$8.call(Unknown Source)
	at Accept and verify.run(Accept and verify:18)
	at com.kms.katalon.core.main.ScriptEngine.run(ScriptEngine.java:194)
	at com.kms.katalon.core.main.ScriptEngine.runScriptAsRawText(ScriptEngine.java:119)
	at com.kms.katalon.core.main.TestCaseExecutor.runScript(TestCaseExecutor.java:328)
	at com.kms.katalon.core.main.TestCaseExecutor.doExecute(TestCaseExecutor.java:319)
	at com.kms.katalon.core.main.TestCaseExecutor.processExecutionPhase(TestCaseExecutor.java:298)
	at com.kms.katalon.core.main.TestCaseExecutor.accessMainPhase(TestCaseExecutor.java:290)
	at com.kms.katalon.core.main.TestCaseExecutor.execute(TestCaseExecutor.java:224)
	at com.kms.katalon.core.main.TestSuiteExecutor.accessTestCaseMainPhase(TestSuiteExecutor.java:129)
	at com.kms.katalon.core.main.TestSuiteExecutor.accessTestSuiteMainPhase(TestSuiteExecutor.java:112)
	at com.kms.katalon.core.main.TestSuiteExecutor.execute(TestSuiteExecutor.java:81)
	at com.kms.katalon.core.main.TestCaseMain.startTestSuite(TestCaseMain.java:149)
	at com.kms.katalon.core.main.TestCaseMain$startTestSuite$0.call(Unknown Source)
	at TempTestSuite1556176987846.run(TempTestSuite1556176987846.groovy:36)]]></system-out>
         <system-err><![CDATA[2019-04-25 15:24:04 - [TEST_CASE][FAILED] - Test Cases/Others/Accept and verify: Test Cases/Others/Accept and verify FAILED.
Reason:
com.kms.katalon.core.exception.StepFailedException: Unable to accept alert (Root cause: com.kms.katalon.core.exception.StepFailedException: No alert found)
	at com.kms.katalon.core.keyword.internal.KeywordMain.stepFailed(KeywordMain.groovy:36)
	at com.kms.katalon.core.webui.keyword.internal.WebUIKeywordMain.stepFailed(WebUIKeywordMain.groovy:65)
	at com.kms.katalon.core.webui.keyword.internal.WebUIKeywordMain.runKeyword(WebUIKeywordMain.groovy:27)
	at com.kms.katalon.core.webui.keyword.builtin.AcceptAlertKeyword.acceptAlert(AcceptAlertKeyword.groovy:71)
	at com.kms.katalon.core.webui.keyword.builtin.AcceptAlertKeyword.execute(AcceptAlertKeyword.groovy:66)
	at com.kms.katalon.core.keyword.internal.KeywordExecutor.executeKeywordForPlatform(KeywordExecutor.groovy:53)
	at com.kms.katalon.core.webui.keyword.WebUiBuiltInKeywords.acceptAlert(WebUiBuiltInKeywords.groovy:1492)
	at com.kms.katalon.core.webui.keyword.WebUiBuiltInKeywords$acceptAlert$8.call(Unknown Source)
	at Accept and verify.run(Accept and verify:18)
	at com.kms.katalon.core.main.ScriptEngine.run(ScriptEngine.java:194)
	at com.kms.katalon.core.main.ScriptEngine.runScriptAsRawText(ScriptEngine.java:119)
	at com.kms.katalon.core.main.TestCaseExecutor.runScript(TestCaseExecutor.java:328)
	at com.kms.katalon.core.main.TestCaseExecutor.doExecute(TestCaseExecutor.java:319)
	at com.kms.katalon.core.main.TestCaseExecutor.processExecutionPhase(TestCaseExecutor.java:298)
	at com.kms.katalon.core.main.TestCaseExecutor.accessMainPhase(TestCaseExecutor.java:290)
	at com.kms.katalon.core.main.TestCaseExecutor.execute(TestCaseExecutor.java:224)
	at com.kms.katalon.core.main.TestSuiteExecutor.accessTestCaseMainPhase(TestSuiteExecutor.java:129)
	at com.kms.katalon.core.main.TestSuiteExecutor.accessTestSuiteMainPhase(TestSuiteExecutor.java:112)
	at com.kms.katalon.core.main.TestSuiteExecutor.execute(TestSuiteExecutor.java:81)
	at com.kms.katalon.core.main.TestCaseMain.startTestSuite(TestCaseMain.java:149)
	at com.kms.katalon.core.main.TestCaseMain$startTestSuite$0.call(Unknown Source)
	at TempTestSuite1556176987846.run(TempTestSuite1556176987846.groovy:36)]]></system-err>
      </testcase>
      <system-out><![CDATA[2019-04-25 15:23:09 - [TEST_SUITE][FAILED] - 1-3 Purchase return Test Suite: Test Cases/1-3 Purchase return-Add FAILED.
Reason:
com.kms.katalon.core.exception.StepFailedException: Unable to click on object 'Object Repository/1-3 Return/Warehouse 111' (Root cause: com.kms.katalon.core.webui.exception.WebElementNotFoundException: Web element with id: 'Object Repository/1-3 Return/Warehouse 111' located by 'By.xpath: //td[(text() = '0測試倉庫0' or . = '0測試倉庫0')]' not found)
	at com.kms.katalon.core.keyword.internal.KeywordMain.stepFailed(KeywordMain.groovy:36)
	at com.kms.katalon.core.webui.keyword.internal.WebUIKeywordMain.stepFailed(WebUIKeywordMain.groovy:65)
	at com.kms.katalon.core.webui.keyword.internal.WebUIKeywordMain.runKeyword(WebUIKeywordMain.groovy:27)
	at com.kms.katalon.core.webui.keyword.builtin.ClickKeyword.click(ClickKeyword.groovy:86)
	at com.kms.katalon.core.webui.keyword.builtin.ClickKeyword.execute(ClickKeyword.groovy:67)
	at com.kms.katalon.core.keyword.internal.KeywordExecutor.executeKeywordForPlatform(KeywordExecutor.groovy:53)
	at com.kms.katalon.core.webui.keyword.WebUiBuiltInKeywords.click(WebUiBuiltInKeywords.groovy:616)
	at com.kms.katalon.core.webui.keyword.WebUiBuiltInKeywords$click$4.call(Unknown Source)
	at 1-3 Purchase return-Add.run(1-3 Purchase return-Add:92)
	at com.kms.katalon.core.main.ScriptEngine.run(ScriptEngine.java:194)
	at com.kms.katalon.core.main.ScriptEngine.runScriptAsRawText(ScriptEngine.java:119)
	at com.kms.katalon.core.main.TestCaseExecutor.runScript(TestCaseExecutor.java:328)
	at com.kms.katalon.core.main.TestCaseExecutor.doExecute(TestCaseExecutor.java:319)
	at com.kms.katalon.core.main.TestCaseExecutor.processExecutionPhase(TestCaseExecutor.java:298)
	at com.kms.katalon.core.main.TestCaseExecutor.accessMainPhase(TestCaseExecutor.java:290)
	at com.kms.katalon.core.main.TestCaseExecutor.execute(TestCaseExecutor.java:224)
	at com.kms.katalon.core.main.TestSuiteExecutor.accessTestCaseMainPhase(TestSuiteExecutor.java:129)
	at com.kms.katalon.core.main.TestSuiteExecutor.accessTestSuiteMainPhase(TestSuiteExecutor.java:112)
	at com.kms.katalon.core.main.TestSuiteExecutor.execute(TestSuiteExecutor.java:81)
	at com.kms.katalon.core.main.TestCaseMain.startTestSuite(TestCaseMain.java:149)
	at com.kms.katalon.core.main.TestCaseMain$startTestSuite$0.call(Unknown Source)
	at TempTestSuite1556176987846.run(TempTestSuite1556176987846.groovy:36)]]></system-out>
      <system-err><![CDATA[2019-04-25 15:23:09 - [TEST_SUITE][FAILED] - 1-3 Purchase return Test Suite: Test Cases/1-3 Purchase return-Add FAILED.
Reason:
com.kms.katalon.core.exception.StepFailedException: Unable to click on object 'Object Repository/1-3 Return/Warehouse 111' (Root cause: com.kms.katalon.core.webui.exception.WebElementNotFoundException: Web element with id: 'Object Repository/1-3 Return/Warehouse 111' located by 'By.xpath: //td[(text() = '0測試倉庫0' or . = '0測試倉庫0')]' not found)
	at com.kms.katalon.core.keyword.internal.KeywordMain.stepFailed(KeywordMain.groovy:36)
	at com.kms.katalon.core.webui.keyword.internal.WebUIKeywordMain.stepFailed(WebUIKeywordMain.groovy:65)
	at com.kms.katalon.core.webui.keyword.internal.WebUIKeywordMain.runKeyword(WebUIKeywordMain.groovy:27)
	at com.kms.katalon.core.webui.keyword.builtin.ClickKeyword.click(ClickKeyword.groovy:86)
	at com.kms.katalon.core.webui.keyword.builtin.ClickKeyword.execute(ClickKeyword.groovy:67)
	at com.kms.katalon.core.keyword.internal.KeywordExecutor.executeKeywordForPlatform(KeywordExecutor.groovy:53)
	at com.kms.katalon.core.webui.keyword.WebUiBuiltInKeywords.click(WebUiBuiltInKeywords.groovy:616)
	at com.kms.katalon.core.webui.keyword.WebUiBuiltInKeywords$click$4.call(Unknown Source)
	at 1-3 Purchase return-Add.run(1-3 Purchase return-Add:92)
	at com.kms.katalon.core.main.ScriptEngine.run(ScriptEngine.java:194)
	at com.kms.katalon.core.main.ScriptEngine.runScriptAsRawText(ScriptEngine.java:119)
	at com.kms.katalon.core.main.TestCaseExecutor.runScript(TestCaseExecutor.java:328)
	at com.kms.katalon.core.main.TestCaseExecutor.doExecute(TestCaseExecutor.java:319)
	at com.kms.katalon.core.main.TestCaseExecutor.processExecutionPhase(TestCaseExecutor.java:298)
	at com.kms.katalon.core.main.TestCaseExecutor.accessMainPhase(TestCaseExecutor.java:290)
	at com.kms.katalon.core.main.TestCaseExecutor.execute(TestCaseExecutor.java:224)
	at com.kms.katalon.core.main.TestSuiteExecutor.accessTestCaseMainPhase(TestSuiteExecutor.java:129)
	at com.kms.katalon.core.main.TestSuiteExecutor.accessTestSuiteMainPhase(TestSuiteExecutor.java:112)
	at com.kms.katalon.core.main.TestSuiteExecutor.execute(TestSuiteExecutor.java:81)
	at com.kms.katalon.core.main.TestCaseMain.startTestSuite(TestCaseMain.java:149)
	at com.kms.katalon.core.main.TestCaseMain$startTestSuite$0.call(Unknown Source)
	at TempTestSuite1556176987846.run(TempTestSuite1556176987846.groovy:36)]]></system-err>
   </testsuite>
</testsuites>
