<?xml version="1.0" encoding="UTF-8"?>
<testsuites name="3-4 Transfer Test suite" time="17" tests="3" failures="0" errors="1">
   <testsuite name="3-4 Transfer Test suite" tests="3" failures="0" errors="1" time="17" timestamp="2019-06-03 11:37:18" hostname="KennyIC_Chen - Larry_Chen.compal.com" id="Test Suites/3-4 Transfer Test suite">
      <properties>
         <property name="deviceName" value=""/>
         <property name="devicePlatform" value=""/>
         <property name="logFolder" value="D:\\Kenny\\D\\Katalon Studio\\PSI\\PSItest\\Reports\\3-4 Transfer Test suite\\20190603_113710"/>
         <property name="logFiles" value="D:\\Kenny\\D\\Katalon Studio\\PSI\\PSItest\\Reports\\3-4 Transfer Test suite\\20190603_113710\\execution0.log"/>
         <property name="attachments" value=""/>
         <property name="hostName" value="KennyIC_Chen - Larry_Chen.compal.com"/>
         <property name="os" value="Windows 10 64bit"/>
         <property name="katalonVersion" value="5.10.1.1"/>
         <property name="browser" value="Chrome 74.0.3729.169"/>
         <property name="hostAddress" value="10.109.98.51"/>
         <property name="sessionId" value="9777631c134e2b5dbf14718670cdd28d"/>
         <property name="seleniumVersion" value="3.7.1"/>
         <property name="proxyInformation" value="ProxyInformation{proxyOption=NO_PROXY, proxyServerType=HTTP, password=, proxyServerAddress=, proxyServerPort=0}"/>
         <property name="platform" value="Windows 10"/>
      </properties>
      <testcase name="Test Cases/Others/Login" classname="Test Cases/Others/Login" status="PASSED">
         <system-out><![CDATA[2019-06-03 11:37:18 - [TEST_CASE][PASSED] - Test Cases/Others/Login: Test Cases/Others/Login

2019-06-03 11:37:18 - [TEST_STEP][PASSED] - openBrowser(""): Browser is opened with url: ''

2019-06-03 11:37:18 - [MESSAGE][INFO] - Starting 'Chrome' driver

2019-06-03 11:37:18 - [MESSAGE][INFO] - Action delay is set to 0 seconds

2019-06-03 11:37:22 - [MESSAGE][PASSED] - Browser is opened with url: ''

2019-06-03 11:37:22 - [TEST_STEP][PASSED] - navigateToUrl("https://psi-azcldap.unicore.com.tw/login"): Navigate to 'https://psi-azcldap.unicore.com.tw/login' successfully

2019-06-03 11:37:24 - [MESSAGE][PASSED] - Navigate to 'https://psi-azcldap.unicore.com.tw/login' successfully

2019-06-03 11:37:24 - [TEST_STEP][PASSED] - maximizeWindow(): Current window maximized

2019-06-03 11:37:25 - [MESSAGE][PASSED] - Current window maximized

2019-06-03 11:37:25 - [TEST_STEP][PASSED] - setText(findTestObject("Others/Login/ID-QWE"), "QWE"): Text 'QWE' is set on object 'Object Repository/Others/Login/ID-QWE'

2019-06-03 11:37:26 - [MESSAGE][PASSED] - Text 'QWE' is set on object 'Object Repository/Others/Login/ID-QWE'

2019-06-03 11:37:26 - [TEST_STEP][PASSED] - setEncryptedText(findTestObject("Others/Login/PW-QWE"), "5opu+sh6ATw="): Text ****** has been set on object 'Object Repository/Others/Login/PW-QWE'

2019-06-03 11:37:26 - [MESSAGE][PASSED] - Text ****** has been set on object 'Object Repository/Others/Login/PW-QWE'

2019-06-03 11:37:26 - [TEST_STEP][PASSED] - click(findTestObject("Others/Login/Login Button")): Object: 'Object Repository/Others/Login/Login Button' is clicked on

2019-06-03 11:37:26 - [MESSAGE][PASSED] - Object: 'Object Repository/Others/Login/Login Button' is clicked on

2019-06-03 11:37:26 - [TEST_STEP][PASSED] - verifyElementClickable(findTestObject("Others/Login/Verify button")): Object 'Object Repository/Others/Login/Verify button' is clickable

2019-06-03 11:37:26 - [MESSAGE][PASSED] - Object 'Object Repository/Others/Login/Verify button' is clickable]]></system-out>
         <system-err><![CDATA[]]></system-err>
      </testcase>
      <testcase name="Test Cases/3 Stock/3-4 Transfer/3-4 Transfer-Add" classname="Test Cases/3 Stock/3-4 Transfer/3-4 Transfer-Add" status="PASSED">
         <system-out><![CDATA[2019-06-03 11:37:26 - [TEST_CASE][PASSED] - Test Cases/3 Stock/3-4 Transfer/3-4 Transfer-Add: Test Cases/3 Stock/3-4 Transfer/3-4 Transfer-Add

2019-06-03 11:37:27 - [TEST_STEP][PASSED] - click(findTestObject("3 Stock/3-4 Transfer/3-4 Transfer-add/Transfer button")): Object: 'Object Repository/3 Stock/3-4 Transfer/3-4 Transfer-add/Transfer button' is clicked on

2019-06-03 11:37:27 - [MESSAGE][PASSED] - Object: 'Object Repository/3 Stock/3-4 Transfer/3-4 Transfer-add/Transfer button' is clicked on

2019-06-03 11:37:27 - [TEST_STEP][PASSED] - click(findTestObject("3 Stock/3-4 Transfer/3-4 Transfer-add/Transfer note add")): Object: 'Object Repository/3 Stock/3-4 Transfer/3-4 Transfer-add/Transfer note add' is clicked on

2019-06-03 11:37:27 - [MESSAGE][PASSED] - Object: 'Object Repository/3 Stock/3-4 Transfer/3-4 Transfer-add/Transfer note add' is clicked on

2019-06-03 11:37:27 - [TEST_STEP][PASSED] - click(findTestObject("3 Stock/3-4 Transfer/3-4 Transfer-add/Transfer employee button")): Object: 'Object Repository/3 Stock/3-4 Transfer/3-4 Transfer-add/Transfer employee button' is clicked on

2019-06-03 11:37:27 - [MESSAGE][PASSED] - Object: 'Object Repository/3 Stock/3-4 Transfer/3-4 Transfer-add/Transfer employee button' is clicked on

2019-06-03 11:37:27 - [TEST_STEP][PASSED] - click(findTestObject("3 Stock/3-4 Transfer/3-4 Transfer-add/Transfer employee")): Object: 'Object Repository/3 Stock/3-4 Transfer/3-4 Transfer-add/Transfer employee' is clicked on

2019-06-03 11:37:27 - [MESSAGE][PASSED] - Object: 'Object Repository/3 Stock/3-4 Transfer/3-4 Transfer-add/Transfer employee' is clicked on

2019-06-03 11:37:27 - [TEST_STEP][PASSED] - setText(findTestObject("3 Stock/3-4 Transfer/3-4 Transfer-add/Transfer note"), time()): null

2019-06-03 11:37:27 - [TEST_STEP][PASSED] - date = new java.util.Date(): null

2019-06-03 11:37:27 - [TEST_STEP][PASSED] - sdf = new java.text.SimpleDateFormat(yyyyMMddHHmm): null

2019-06-03 11:37:27 - [TEST_STEP][PASSED] - Time = Note + sdf.format(date): null

2019-06-03 11:37:28 - [TEST_STEP][PASSED] - return (internal.GlobalVariable.Note + sdf.format(date)): Text 'Testing201906031137' is set on object 'Object Repository/3 Stock/3-4 Transfer/3-4 Transfer-add/Transfer note'

2019-06-03 11:37:28 - [MESSAGE][PASSED] - Text 'Testing201906031137' is set on object 'Object Repository/3 Stock/3-4 Transfer/3-4 Transfer-add/Transfer note'

2019-06-03 11:37:28 - [TEST_STEP][PASSED] - click(findTestObject("3 Stock/3-4 Transfer/3-4 Transfer-add/Transfer item add")): Object: 'Object Repository/3 Stock/3-4 Transfer/3-4 Transfer-add/Transfer item add' is clicked on

2019-06-03 11:37:28 - [MESSAGE][PASSED] - Object: 'Object Repository/3 Stock/3-4 Transfer/3-4 Transfer-add/Transfer item add' is clicked on

2019-06-03 11:37:28 - [TEST_STEP][PASSED] - click(findTestObject("3 Stock/3-4 Transfer/3-4 Transfer-add/Transfer item add select")): Object: 'Object Repository/3 Stock/3-4 Transfer/3-4 Transfer-add/Transfer item add select' is clicked on

2019-06-03 11:37:28 - [MESSAGE][PASSED] - Object: 'Object Repository/3 Stock/3-4 Transfer/3-4 Transfer-add/Transfer item add select' is clicked on

2019-06-03 11:37:28 - [TEST_STEP][PASSED] - click(findTestObject("3 Stock/3-4 Transfer/3-4 Transfer-add/Item unit select button")): Object: 'Object Repository/3 Stock/3-4 Transfer/3-4 Transfer-add/Item unit select button' is clicked on

2019-06-03 11:37:28 - [MESSAGE][PASSED] - Object: 'Object Repository/3 Stock/3-4 Transfer/3-4 Transfer-add/Item unit select button' is clicked on

2019-06-03 11:37:28 - [TEST_STEP][PASSED] - click(findTestObject("3 Stock/3-4 Transfer/3-4 Transfer-add/Item unit select")): Object: 'Object Repository/3 Stock/3-4 Transfer/3-4 Transfer-add/Item unit select' is clicked on

2019-06-03 11:37:29 - [MESSAGE][PASSED] - Object: 'Object Repository/3 Stock/3-4 Transfer/3-4 Transfer-add/Item unit select' is clicked on

2019-06-03 11:37:29 - [TEST_STEP][PASSED] - click(findTestObject("3 Stock/3-4 Transfer/3-4 Transfer-add/Item warehouse 1 button")): Object: 'Object Repository/3 Stock/3-4 Transfer/3-4 Transfer-add/Item warehouse 1 button' is clicked on

2019-06-03 11:37:29 - [MESSAGE][PASSED] - Object: 'Object Repository/3 Stock/3-4 Transfer/3-4 Transfer-add/Item warehouse 1 button' is clicked on

2019-06-03 11:37:29 - [TEST_STEP][PASSED] - click(findTestObject("3 Stock/3-4 Transfer/3-4 Transfer-add/Item warehouse 1 select")): Object: 'Object Repository/3 Stock/3-4 Transfer/3-4 Transfer-add/Item warehouse 1 select' is clicked on

2019-06-03 11:37:30 - [MESSAGE][PASSED] - Object: 'Object Repository/3 Stock/3-4 Transfer/3-4 Transfer-add/Item warehouse 1 select' is clicked on

2019-06-03 11:37:30 - [TEST_STEP][PASSED] - click(findTestObject("3 Stock/3-4 Transfer/3-4 Transfer-add/Item warehouse 2 button")): Object: 'Object Repository/3 Stock/3-4 Transfer/3-4 Transfer-add/Item warehouse 2 button' is clicked on

2019-06-03 11:37:30 - [MESSAGE][PASSED] - Object: 'Object Repository/3 Stock/3-4 Transfer/3-4 Transfer-add/Item warehouse 2 button' is clicked on

2019-06-03 11:37:30 - [TEST_STEP][PASSED] - click(findTestObject("3 Stock/3-4 Transfer/3-4 Transfer-add/Item warehouse 2 select")): Object: 'Object Repository/3 Stock/3-4 Transfer/3-4 Transfer-add/Item warehouse 2 select' is clicked on

2019-06-03 11:37:30 - [MESSAGE][PASSED] - Object: 'Object Repository/3 Stock/3-4 Transfer/3-4 Transfer-add/Item warehouse 2 select' is clicked on

2019-06-03 11:37:30 - [TEST_STEP][PASSED] - setText(findTestObject("3 Stock/3-4 Transfer/3-4 Transfer-add/Item QTY"), "1"): Text '1' is set on object 'Object Repository/3 Stock/3-4 Transfer/3-4 Transfer-add/Item QTY'

2019-06-03 11:37:30 - [MESSAGE][PASSED] - Text '1' is set on object 'Object Repository/3 Stock/3-4 Transfer/3-4 Transfer-add/Item QTY'

2019-06-03 11:37:30 - [TEST_STEP][NOT_RUN] - setText(findTestObject("3 Stock/3-4 Transfer/3-4 Transfer-add/Item Batch number"), "88888888"): NOT_RUN: setText(findTestObject("3 Stock/3-4 Transfer/3-4 Transfer-add/Item Batch number"), "88888888")

2019-06-03 11:37:30 - [MESSAGE][NOT_RUN] - NOT_RUN: setText(findTestObject("3 Stock/3-4 Transfer/3-4 Transfer-add/Item Batch number"), "88888888")

2019-06-03 11:37:30 - [TEST_STEP][PASSED] - click(findTestObject("3 Stock/3-4 Transfer/3-4 Transfer-add/Save button")): Object: 'Object Repository/3 Stock/3-4 Transfer/3-4 Transfer-add/Save button' is clicked on

2019-06-03 11:37:31 - [MESSAGE][PASSED] - Object: 'Object Repository/3 Stock/3-4 Transfer/3-4 Transfer-add/Save button' is clicked on]]></system-out>
         <system-err><![CDATA[]]></system-err>
      </testcase>
      <testcase name="Test Cases/Others/Accept and verify" classname="Test Cases/Others/Accept and verify" status="PASSED">
         <system-out><![CDATA[2019-06-03 11:37:31 - [TEST_CASE][PASSED] - Test Cases/Others/Accept and verify: Test Cases/Others/Accept and verify

2019-06-03 11:37:31 - [TEST_STEP][PASSED] - delay(3): Delayed 3 second(s)

2019-06-03 11:37:34 - [MESSAGE][PASSED] - Delayed 3 second(s)

2019-06-03 11:37:34 - [TEST_STEP][PASSED] - waitForAlert(5): Alert is present after 5 second(s).

2019-06-03 11:37:34 - [MESSAGE][PASSED] - Alert is present after 5 second(s).

2019-06-03 11:37:34 - [TEST_STEP][PASSED] - acceptAlert(): Alert accepted

2019-06-03 11:37:34 - [MESSAGE][PASSED] - Alert accepted

2019-06-03 11:37:34 - [TEST_STEP][PASSED] - verifyElementClickable(findTestObject("Others/Accept and verify/Verify button")): Object 'Object Repository/Others/Accept and verify/Verify button' is clickable

2019-06-03 11:37:34 - [MESSAGE][PASSED] - Object 'Object Repository/Others/Accept and verify/Verify button' is clickable]]></system-out>
         <system-err><![CDATA[]]></system-err>
      </testcase>
      <testcase name="Test Cases/3 Stock/3-4 Transfer/3-4 Transfer-Edit" classname="Test Cases/3 Stock/3-4 Transfer/3-4 Transfer-Edit" status="ERROR">
         <error type="ERROR" message="Test Cases/3 Stock/3-4 Transfer/3-4 Transfer-Edit FAILED.
Reason:
java.lang.NumberFormatException: For input string: &quot;TRAN-20190603000010&quot;
	at 3-4 Transfer-Edit.run(3-4 Transfer-Edit:32)
	at com.kms.katalon.core.main.ScriptEngine.run(ScriptEngine.java:194)
	at com.kms.katalon.core.main.ScriptEngine.runScriptAsRawText(ScriptEngine.java:119)
	at com.kms.katalon.core.main.TestCaseExecutor.runScript(TestCaseExecutor.java:328)
	at com.kms.katalon.core.main.TestCaseExecutor.doExecute(TestCaseExecutor.java:319)
	at com.kms.katalon.core.main.TestCaseExecutor.processExecutionPhase(TestCaseExecutor.java:298)
	at com.kms.katalon.core.main.TestCaseExecutor.accessMainPhase(TestCaseExecutor.java:290)
	at com.kms.katalon.core.main.TestCaseExecutor.execute(TestCaseExecutor.java:224)
	at com.kms.katalon.core.main.TestSuiteExecutor.accessTestCaseMainPhase(TestSuiteExecutor.java:129)
	at com.kms.katalon.core.main.TestSuiteExecutor.accessTestSuiteMainPhase(TestSuiteExecutor.java:112)
	at com.kms.katalon.core.main.TestSuiteExecutor.execute(TestSuiteExecutor.java:81)
	at com.kms.katalon.core.main.TestCaseMain.startTestSuite(TestCaseMain.java:149)
	at com.kms.katalon.core.main.TestCaseMain$startTestSuite$0.call(Unknown Source)
	at TempTestSuite1559533030954.run(TempTestSuite1559533030954.groovy:36)
"/>
         <system-out><![CDATA[2019-06-03 11:37:34 - [TEST_CASE][ERROR] - Test Cases/3 Stock/3-4 Transfer/3-4 Transfer-Edit: Test Cases/3 Stock/3-4 Transfer/3-4 Transfer-Edit FAILED.
Reason:
java.lang.NumberFormatException: For input string: "TRAN-20190603000010"
	at 3-4 Transfer-Edit.run(3-4 Transfer-Edit:32)
	at com.kms.katalon.core.main.ScriptEngine.run(ScriptEngine.java:194)
	at com.kms.katalon.core.main.ScriptEngine.runScriptAsRawText(ScriptEngine.java:119)
	at com.kms.katalon.core.main.TestCaseExecutor.runScript(TestCaseExecutor.java:328)
	at com.kms.katalon.core.main.TestCaseExecutor.doExecute(TestCaseExecutor.java:319)
	at com.kms.katalon.core.main.TestCaseExecutor.processExecutionPhase(TestCaseExecutor.java:298)
	at com.kms.katalon.core.main.TestCaseExecutor.accessMainPhase(TestCaseExecutor.java:290)
	at com.kms.katalon.core.main.TestCaseExecutor.execute(TestCaseExecutor.java:224)
	at com.kms.katalon.core.main.TestSuiteExecutor.accessTestCaseMainPhase(TestSuiteExecutor.java:129)
	at com.kms.katalon.core.main.TestSuiteExecutor.accessTestSuiteMainPhase(TestSuiteExecutor.java:112)
	at com.kms.katalon.core.main.TestSuiteExecutor.execute(TestSuiteExecutor.java:81)
	at com.kms.katalon.core.main.TestCaseMain.startTestSuite(TestCaseMain.java:149)
	at com.kms.katalon.core.main.TestCaseMain$startTestSuite$0.call(Unknown Source)
	at TempTestSuite1559533030954.run(TempTestSuite1559533030954.groovy:36)


2019-06-03 11:37:34 - [TEST_STEP][PASSED] - click(findTestObject("3 Stock/3-4 Transfer/3-4 Transfer-edit/Sort by number")): Object: 'Object Repository/3 Stock/3-4 Transfer/3-4 Transfer-edit/Sort by number' is clicked on

2019-06-03 11:37:34 - [MESSAGE][PASSED] - Object: 'Object Repository/3 Stock/3-4 Transfer/3-4 Transfer-edit/Sort by number' is clicked on

2019-06-03 11:37:34 - [TEST_STEP][PASSED] - click(findTestObject("3 Stock/3-4 Transfer/3-4 Transfer-edit/Sort by number")): Object: 'Object Repository/3 Stock/3-4 Transfer/3-4 Transfer-edit/Sort by number' is clicked on

2019-06-03 11:37:34 - [MESSAGE][PASSED] - Object: 'Object Repository/3 Stock/3-4 Transfer/3-4 Transfer-edit/Sort by number' is clicked on

2019-06-03 11:37:34 - [TEST_STEP][PASSED] - XXX = Time: null

2019-06-03 11:37:34 - [TEST_STEP][PASSED] - click(findTestObject("3 Stock/3-4 Transfer/3-4 Transfer-edit/Select by note", ["xxx":XXX])): Object: 'Object Repository/3 Stock/3-4 Transfer/3-4 Transfer-edit/Select by note' is clicked on

2019-06-03 11:37:34 - [MESSAGE][PASSED] - Object: 'Object Repository/3 Stock/3-4 Transfer/3-4 Transfer-edit/Select by note' is clicked on

2019-06-03 11:37:34 - [TEST_STEP][PASSED] - click(findTestObject("3 Stock/3-4 Transfer/3-4 Transfer-edit/Edit button")): Object: 'Object Repository/3 Stock/3-4 Transfer/3-4 Transfer-edit/Edit button' is clicked on

2019-06-03 11:37:34 - [MESSAGE][PASSED] - Object: 'Object Repository/3 Stock/3-4 Transfer/3-4 Transfer-edit/Edit button' is clicked on

2019-06-03 11:37:34 - [TEST_STEP][PASSED] - qqq = <not implemented yet for class: org.codehaus.groovy.ast.expr.EmptyExpression>: null

2019-06-03 11:37:34 - [TEST_STEP][PASSED] - qqq = getAttribute(findTestObject("3 Stock/3-4 Transfer/3-4 Transfer-edit/number"), "value"): Attribute 'value' of object 'Object Repository/3 Stock/3-4 Transfer/3-4 Transfer-edit/number' is: 'TRAN-20190603000010'

2019-06-03 11:37:34 - [MESSAGE][PASSED] - Attribute 'value' of object 'Object Repository/3 Stock/3-4 Transfer/3-4 Transfer-edit/number' is: 'TRAN-20190603000010'

2019-06-03 11:37:34 - [TEST_STEP][PASSED] - qqq = qqq.replaceAll(",", ""): null

2019-06-03 11:37:34 - [TEST_STEP][ERROR] - kkk = qqq.toInteger(): kkk = qqq.toInteger() FAILED.
Reason:
java.lang.NumberFormatException: For input string: "TRAN-20190603000010"
	at 3-4 Transfer-Edit.run(3-4 Transfer-Edit:32)
	at com.kms.katalon.core.main.ScriptEngine.run(ScriptEngine.java:194)
	at com.kms.katalon.core.main.ScriptEngine.runScriptAsRawText(ScriptEngine.java:119)
	at com.kms.katalon.core.main.TestCaseExecutor.runScript(TestCaseExecutor.java:328)
	at com.kms.katalon.core.main.TestCaseExecutor.doExecute(TestCaseExecutor.java:319)
	at com.kms.katalon.core.main.TestCaseExecutor.processExecutionPhase(TestCaseExecutor.java:298)
	at com.kms.katalon.core.main.TestCaseExecutor.accessMainPhase(TestCaseExecutor.java:290)
	at com.kms.katalon.core.main.TestCaseExecutor.execute(TestCaseExecutor.java:224)
	at com.kms.katalon.core.main.TestSuiteExecutor.accessTestCaseMainPhase(TestSuiteExecutor.java:129)
	at com.kms.katalon.core.main.TestSuiteExecutor.accessTestSuiteMainPhase(TestSuiteExecutor.java:112)
	at com.kms.katalon.core.main.TestSuiteExecutor.execute(TestSuiteExecutor.java:81)
	at com.kms.katalon.core.main.TestCaseMain.startTestSuite(TestCaseMain.java:149)
	at com.kms.katalon.core.main.TestCaseMain$startTestSuite$0.call(Unknown Source)
	at TempTestSuite1559533030954.run(TempTestSuite1559533030954.groovy:36)


2019-06-03 11:37:34 - [MESSAGE][ERROR] - kkk = qqq.toInteger() FAILED.
Reason:
java.lang.NumberFormatException: For input string: "TRAN-20190603000010"
	at 3-4 Transfer-Edit.run(3-4 Transfer-Edit:32)
	at com.kms.katalon.core.main.ScriptEngine.run(ScriptEngine.java:194)
	at com.kms.katalon.core.main.ScriptEngine.runScriptAsRawText(ScriptEngine.java:119)
	at com.kms.katalon.core.main.TestCaseExecutor.runScript(TestCaseExecutor.java:328)
	at com.kms.katalon.core.main.TestCaseExecutor.doExecute(TestCaseExecutor.java:319)
	at com.kms.katalon.core.main.TestCaseExecutor.processExecutionPhase(TestCaseExecutor.java:298)
	at com.kms.katalon.core.main.TestCaseExecutor.accessMainPhase(TestCaseExecutor.java:290)
	at com.kms.katalon.core.main.TestCaseExecutor.execute(TestCaseExecutor.java:224)
	at com.kms.katalon.core.main.TestSuiteExecutor.accessTestCaseMainPhase(TestSuiteExecutor.java:129)
	at com.kms.katalon.core.main.TestSuiteExecutor.accessTestSuiteMainPhase(TestSuiteExecutor.java:112)
	at com.kms.katalon.core.main.TestSuiteExecutor.execute(TestSuiteExecutor.java:81)
	at com.kms.katalon.core.main.TestCaseMain.startTestSuite(TestCaseMain.java:149)
	at com.kms.katalon.core.main.TestCaseMain$startTestSuite$0.call(Unknown Source)
	at TempTestSuite1559533030954.run(TempTestSuite1559533030954.groovy:36)]]></system-out>
         <system-err><![CDATA[2019-06-03 11:37:34 - [TEST_CASE][ERROR] - Test Cases/3 Stock/3-4 Transfer/3-4 Transfer-Edit: Test Cases/3 Stock/3-4 Transfer/3-4 Transfer-Edit FAILED.
Reason:
java.lang.NumberFormatException: For input string: "TRAN-20190603000010"
	at 3-4 Transfer-Edit.run(3-4 Transfer-Edit:32)
	at com.kms.katalon.core.main.ScriptEngine.run(ScriptEngine.java:194)
	at com.kms.katalon.core.main.ScriptEngine.runScriptAsRawText(ScriptEngine.java:119)
	at com.kms.katalon.core.main.TestCaseExecutor.runScript(TestCaseExecutor.java:328)
	at com.kms.katalon.core.main.TestCaseExecutor.doExecute(TestCaseExecutor.java:319)
	at com.kms.katalon.core.main.TestCaseExecutor.processExecutionPhase(TestCaseExecutor.java:298)
	at com.kms.katalon.core.main.TestCaseExecutor.accessMainPhase(TestCaseExecutor.java:290)
	at com.kms.katalon.core.main.TestCaseExecutor.execute(TestCaseExecutor.java:224)
	at com.kms.katalon.core.main.TestSuiteExecutor.accessTestCaseMainPhase(TestSuiteExecutor.java:129)
	at com.kms.katalon.core.main.TestSuiteExecutor.accessTestSuiteMainPhase(TestSuiteExecutor.java:112)
	at com.kms.katalon.core.main.TestSuiteExecutor.execute(TestSuiteExecutor.java:81)
	at com.kms.katalon.core.main.TestCaseMain.startTestSuite(TestCaseMain.java:149)
	at com.kms.katalon.core.main.TestCaseMain$startTestSuite$0.call(Unknown Source)
	at TempTestSuite1559533030954.run(TempTestSuite1559533030954.groovy:36)]]></system-err>
      </testcase>
      <system-out><![CDATA[2019-06-03 11:37:18 - [TEST_SUITE][ERROR] - 3-4 Transfer Test suite: Test Cases/3 Stock/3-4 Transfer/3-4 Transfer-Edit FAILED.
Reason:
java.lang.NumberFormatException: For input string: "TRAN-20190603000010"
	at 3-4 Transfer-Edit.run(3-4 Transfer-Edit:32)
	at com.kms.katalon.core.main.ScriptEngine.run(ScriptEngine.java:194)
	at com.kms.katalon.core.main.ScriptEngine.runScriptAsRawText(ScriptEngine.java:119)
	at com.kms.katalon.core.main.TestCaseExecutor.runScript(TestCaseExecutor.java:328)
	at com.kms.katalon.core.main.TestCaseExecutor.doExecute(TestCaseExecutor.java:319)
	at com.kms.katalon.core.main.TestCaseExecutor.processExecutionPhase(TestCaseExecutor.java:298)
	at com.kms.katalon.core.main.TestCaseExecutor.accessMainPhase(TestCaseExecutor.java:290)
	at com.kms.katalon.core.main.TestCaseExecutor.execute(TestCaseExecutor.java:224)
	at com.kms.katalon.core.main.TestSuiteExecutor.accessTestCaseMainPhase(TestSuiteExecutor.java:129)
	at com.kms.katalon.core.main.TestSuiteExecutor.accessTestSuiteMainPhase(TestSuiteExecutor.java:112)
	at com.kms.katalon.core.main.TestSuiteExecutor.execute(TestSuiteExecutor.java:81)
	at com.kms.katalon.core.main.TestCaseMain.startTestSuite(TestCaseMain.java:149)
	at com.kms.katalon.core.main.TestCaseMain$startTestSuite$0.call(Unknown Source)
	at TempTestSuite1559533030954.run(TempTestSuite1559533030954.groovy:36)]]></system-out>
      <system-err><![CDATA[2019-06-03 11:37:18 - [TEST_SUITE][ERROR] - 3-4 Transfer Test suite: Test Cases/3 Stock/3-4 Transfer/3-4 Transfer-Edit FAILED.
Reason:
java.lang.NumberFormatException: For input string: "TRAN-20190603000010"
	at 3-4 Transfer-Edit.run(3-4 Transfer-Edit:32)
	at com.kms.katalon.core.main.ScriptEngine.run(ScriptEngine.java:194)
	at com.kms.katalon.core.main.ScriptEngine.runScriptAsRawText(ScriptEngine.java:119)
	at com.kms.katalon.core.main.TestCaseExecutor.runScript(TestCaseExecutor.java:328)
	at com.kms.katalon.core.main.TestCaseExecutor.doExecute(TestCaseExecutor.java:319)
	at com.kms.katalon.core.main.TestCaseExecutor.processExecutionPhase(TestCaseExecutor.java:298)
	at com.kms.katalon.core.main.TestCaseExecutor.accessMainPhase(TestCaseExecutor.java:290)
	at com.kms.katalon.core.main.TestCaseExecutor.execute(TestCaseExecutor.java:224)
	at com.kms.katalon.core.main.TestSuiteExecutor.accessTestCaseMainPhase(TestSuiteExecutor.java:129)
	at com.kms.katalon.core.main.TestSuiteExecutor.accessTestSuiteMainPhase(TestSuiteExecutor.java:112)
	at com.kms.katalon.core.main.TestSuiteExecutor.execute(TestSuiteExecutor.java:81)
	at com.kms.katalon.core.main.TestCaseMain.startTestSuite(TestCaseMain.java:149)
	at com.kms.katalon.core.main.TestCaseMain$startTestSuite$0.call(Unknown Source)
	at TempTestSuite1559533030954.run(TempTestSuite1559533030954.groovy:36)]]></system-err>
   </testsuite>
</testsuites>
