<?xml version="1.0" encoding="UTF-8"?>
<testsuites name="3-1 Stock Take Test Suite" time="193" tests="5" failures="1" errors="0">
   <testsuite name="3-1 Stock Take Test Suite" tests="5" failures="1" errors="0" time="193" timestamp="2019-07-03 10:50:43" hostname="KennyIC_Chen - Larry_Chen.compal.com" id="Test Suites/3-1 Stock Take Test Suite">
      <properties>
         <property name="deviceName" value=""/>
         <property name="devicePlatform" value=""/>
         <property name="logFolder" value="D:\\Kenny\\D\\Katalon Studio\\PSI\\PSItest\\Reports\\3-1 Stock Take Test Suite\\20190703_105039"/>
         <property name="logFiles" value="D:\\Kenny\\D\\Katalon Studio\\PSI\\PSItest\\Reports\\3-1 Stock Take Test Suite\\20190703_105039\\execution0.log"/>
         <property name="attachments" value="D:\\Kenny\\D\\Katalon Studio\\PSI\\PSItest\\Reports\\3-1 Stock Take Test Suite\\20190703_105039\\1562122269774.png, D:\\Kenny\\D\\Katalon Studio\\PSI\\PSItest\\Reports\\3-1 Stock Take Test Suite\\20190703_105039\\1562122275530.png, D:\\Kenny\\D\\Katalon Studio\\PSI\\PSItest\\Reports\\3-1 Stock Take Test Suite\\20190703_105039\\1562122435882.png"/>
         <property name="hostName" value="KennyIC_Chen - Larry_Chen.compal.com"/>
         <property name="os" value="Windows 10 64bit"/>
         <property name="katalonVersion" value="5.10.1.1"/>
         <property name="browser" value="Chrome 74.0.3729.169"/>
         <property name="hostAddress" value="10.109.102.145"/>
         <property name="sessionId" value="b7992cfb319aa890c1fadb171af4b055"/>
         <property name="seleniumVersion" value="3.7.1"/>
         <property name="proxyInformation" value="ProxyInformation{proxyOption=NO_PROXY, proxyServerType=HTTP, password=, proxyServerAddress=, proxyServerPort=0}"/>
         <property name="platform" value="Windows 10"/>
      </properties>
      <testcase name="Test Cases/Others/Login" classname="Test Cases/Others/Login" status="PASSED">
         <system-out><![CDATA[2019-07-03 10:50:44 - [TEST_CASE][PASSED] - Test Cases/Others/Login: Test Cases/Others/Login

2019-07-03 10:50:45 - [TEST_STEP][PASSED] - openBrowser(""): Browser is opened with url: ''

2019-07-03 10:50:46 - [MESSAGE][INFO] - Starting 'Chrome' driver

2019-07-03 10:50:46 - [MESSAGE][INFO] - Action delay is set to 0 seconds

2019-07-03 10:50:51 - [MESSAGE][PASSED] - Browser is opened with url: ''

2019-07-03 10:50:51 - [TEST_STEP][PASSED] - navigateToUrl("https://psi-azcldap.unicore.com.tw/login"): Navigate to 'https://psi-azcldap.unicore.com.tw/login' successfully

2019-07-03 10:50:59 - [MESSAGE][PASSED] - Navigate to 'https://psi-azcldap.unicore.com.tw/login' successfully

2019-07-03 10:50:59 - [TEST_STEP][PASSED] - maximizeWindow(): Current window maximized

2019-07-03 10:51:01 - [MESSAGE][PASSED] - Current window maximized

2019-07-03 10:51:01 - [TEST_STEP][PASSED] - setText(findTestObject("Others/Login/ID-QWE"), "QWE"): Text 'QWE' is set on object 'Object Repository/Others/Login/ID-QWE'

2019-07-03 10:51:01 - [MESSAGE][PASSED] - Text 'QWE' is set on object 'Object Repository/Others/Login/ID-QWE'

2019-07-03 10:51:01 - [TEST_STEP][PASSED] - setEncryptedText(findTestObject("Others/Login/PW-QWE"), "5opu+sh6ATw="): Text ****** has been set on object 'Object Repository/Others/Login/PW-QWE'

2019-07-03 10:51:02 - [MESSAGE][PASSED] - Text ****** has been set on object 'Object Repository/Others/Login/PW-QWE'

2019-07-03 10:51:02 - [TEST_STEP][PASSED] - click(findTestObject("Others/Login/Login Button")): Object: 'Object Repository/Others/Login/Login Button' is clicked on

2019-07-03 10:51:02 - [MESSAGE][PASSED] - Object: 'Object Repository/Others/Login/Login Button' is clicked on

2019-07-03 10:51:02 - [TEST_STEP][PASSED] - verifyElementClickable(findTestObject("Others/Login/Verify button")): Object 'Object Repository/Others/Login/Verify button' is clickable

2019-07-03 10:51:03 - [MESSAGE][PASSED] - Object 'Object Repository/Others/Login/Verify button' is clickable]]></system-out>
         <system-err><![CDATA[]]></system-err>
      </testcase>
      <testcase name="Test Cases/3 Stock/3-1 Stock Take/3-1 Stock Take-Add" classname="Test Cases/3 Stock/3-1 Stock Take/3-1 Stock Take-Add" status="PASSED">
         <system-out><![CDATA[2019-07-03 10:51:03 - [TEST_CASE][PASSED] - Test Cases/3 Stock/3-1 Stock Take/3-1 Stock Take-Add: Test Cases/3 Stock/3-1 Stock Take/3-1 Stock Take-Add

2019-07-03 10:51:04 - [TEST_STEP][PASSED] - click(findTestObject("3 Stock/3-1 Stock Take/Add/Stock take button")): Object: 'Object Repository/3 Stock/3-1 Stock Take/Add/Stock take button' is clicked on

2019-07-03 10:51:04 - [MESSAGE][PASSED] - Object: 'Object Repository/3 Stock/3-1 Stock Take/Add/Stock take button' is clicked on

2019-07-03 10:51:04 - [TEST_STEP][PASSED] - click(findTestObject("3 Stock/3-1 Stock Take/Add/Add button")): Object: 'Object Repository/3 Stock/3-1 Stock Take/Add/Add button' is clicked on

2019-07-03 10:51:04 - [MESSAGE][PASSED] - Object: 'Object Repository/3 Stock/3-1 Stock Take/Add/Add button' is clicked on

2019-07-03 10:51:04 - [TEST_STEP][PASSED] - click(findTestObject("3 Stock/3-1 Stock Take/Add/Stock take date")): Object: 'Object Repository/3 Stock/3-1 Stock Take/Add/Stock take date' is clicked on

2019-07-03 10:51:05 - [MESSAGE][PASSED] - Object: 'Object Repository/3 Stock/3-1 Stock Take/Add/Stock take date' is clicked on

2019-07-03 10:51:05 - [TEST_STEP][PASSED] - click(findTestObject("3 Stock/3-1 Stock Take/Add/Date 18", ["date":today_check()])): null

2019-07-03 10:51:05 - [TEST_STEP][PASSED] - today = new java.util.Date(): null

2019-07-03 10:51:05 - [TEST_STEP][PASSED] - return today.format(d): Object: 'Object Repository/3 Stock/3-1 Stock Take/Add/Date 18' is clicked on

2019-07-03 10:51:05 - [MESSAGE][PASSED] - Object: 'Object Repository/3 Stock/3-1 Stock Take/Add/Date 18' is clicked on

2019-07-03 10:51:05 - [TEST_STEP][PASSED] - click(findTestObject("3 Stock/3-1 Stock Take/Add/Employee button")): Object: 'Object Repository/3 Stock/3-1 Stock Take/Add/Employee button' is clicked on

2019-07-03 10:51:06 - [MESSAGE][PASSED] - Object: 'Object Repository/3 Stock/3-1 Stock Take/Add/Employee button' is clicked on

2019-07-03 10:51:06 - [TEST_STEP][PASSED] - click(findTestObject("3 Stock/3-1 Stock Take/Add/Employee Larry")): Object: 'Object Repository/3 Stock/3-1 Stock Take/Add/Employee Larry' is clicked on

2019-07-03 10:51:06 - [MESSAGE][PASSED] - Object: 'Object Repository/3 Stock/3-1 Stock Take/Add/Employee Larry' is clicked on

2019-07-03 10:51:06 - [TEST_STEP][PASSED] - click(findTestObject("3 Stock/3-1 Stock Take/Add/Warehouse button")): Object: 'Object Repository/3 Stock/3-1 Stock Take/Add/Warehouse button' is clicked on

2019-07-03 10:51:06 - [MESSAGE][PASSED] - Object: 'Object Repository/3 Stock/3-1 Stock Take/Add/Warehouse button' is clicked on

2019-07-03 10:51:06 - [TEST_STEP][PASSED] - click(findTestObject("3 Stock/3-1 Stock Take/Add/Warehouse 111")): Object: 'Object Repository/3 Stock/3-1 Stock Take/Add/Warehouse 111' is clicked on

2019-07-03 10:51:07 - [MESSAGE][PASSED] - Object: 'Object Repository/3 Stock/3-1 Stock Take/Add/Warehouse 111' is clicked on

2019-07-03 10:51:07 - [TEST_STEP][PASSED] - click(findTestObject("3 Stock/3-1 Stock Take/Add/Class button")): Object: 'Object Repository/3 Stock/3-1 Stock Take/Add/Class button' is clicked on

2019-07-03 10:51:07 - [MESSAGE][PASSED] - Object: 'Object Repository/3 Stock/3-1 Stock Take/Add/Class button' is clicked on

2019-07-03 10:51:07 - [TEST_STEP][PASSED] - click(findTestObject("3 Stock/3-1 Stock Take/Add/Class IPAD")): Object: 'Object Repository/3 Stock/3-1 Stock Take/Add/Class IPAD' is clicked on

2019-07-03 10:51:08 - [MESSAGE][PASSED] - Object: 'Object Repository/3 Stock/3-1 Stock Take/Add/Class IPAD' is clicked on

2019-07-03 10:51:08 - [TEST_STEP][PASSED] - click(findTestObject("3 Stock/3-1 Stock Take/Add/Class ok button")): Object: 'Object Repository/3 Stock/3-1 Stock Take/Add/Class ok button' is clicked on

2019-07-03 10:51:08 - [MESSAGE][PASSED] - Object: 'Object Repository/3 Stock/3-1 Stock Take/Add/Class ok button' is clicked on

2019-07-03 10:51:08 - [TEST_STEP][PASSED] - setText(findTestObject("3 Stock/3-1 Stock Take/Add/Note"), time()): null

2019-07-03 10:51:08 - [TEST_STEP][PASSED] - date = new java.util.Date(): null

2019-07-03 10:51:08 - [TEST_STEP][PASSED] - sdf = new java.text.SimpleDateFormat(yyyyMMddHHmm): null

2019-07-03 10:51:08 - [TEST_STEP][PASSED] - Time = Note + sdf.format(date): null

2019-07-03 10:51:08 - [TEST_STEP][PASSED] - return (internal.GlobalVariable.Note + sdf.format(date)): Text 'Testing201907031051' is set on object 'Object Repository/3 Stock/3-1 Stock Take/Add/Note'

2019-07-03 10:51:09 - [MESSAGE][PASSED] - Text 'Testing201907031051' is set on object 'Object Repository/3 Stock/3-1 Stock Take/Add/Note'

2019-07-03 10:51:09 - [TEST_STEP][PASSED] - qqq = <not implemented yet for class: org.codehaus.groovy.ast.expr.EmptyExpression>: null

2019-07-03 10:51:09 - [TEST_STEP][PASSED] - qqq = getAttribute(findTestObject("3 Stock/3-1 Stock Take/Add/Stock number"), "value"): Attribute 'value' of object 'Object Repository/3 Stock/3-1 Stock Take/Add/Stock number' is: '-2,575'

2019-07-03 10:51:09 - [MESSAGE][PASSED] - Attribute 'value' of object 'Object Repository/3 Stock/3-1 Stock Take/Add/Stock number' is: '-2,575'

2019-07-03 10:51:09 - [TEST_STEP][PASSED] - qqq = qqq.replaceAll(",", ""): null

2019-07-03 10:51:09 - [TEST_STEP][PASSED] - kkk = qqq.toInteger(): null

2019-07-03 10:51:09 - [TEST_STEP][PASSED] - kkk = kkk - 10: null

2019-07-03 10:51:09 - [TEST_STEP][PASSED] - sendKeys(findTestObject("3 Stock/3-1 Stock Take/Add/Stock number"), Keys.chord(CONTROL, "a")): Keys 'CONTROL + a' sent to object: 'Object Repository/3 Stock/3-1 Stock Take/Add/Stock number'

2019-07-03 10:51:09 - [MESSAGE][PASSED] - Keys 'CONTROL + a' sent to object: 'Object Repository/3 Stock/3-1 Stock Take/Add/Stock number'

2019-07-03 10:51:09 - [TEST_STEP][PASSED] - sendKeys(findTestObject("3 Stock/3-1 Stock Take/Add/Stock number"), Keys.chord(DELETE)): Keys 'DELETE + ' sent to object: 'Object Repository/3 Stock/3-1 Stock Take/Add/Stock number'

2019-07-03 10:51:09 - [MESSAGE][PASSED] - Keys 'DELETE + ' sent to object: 'Object Repository/3 Stock/3-1 Stock Take/Add/Stock number'

2019-07-03 10:51:09 - [TEST_STEP][PASSED] - sendKeys(findTestObject("3 Stock/3-1 Stock Take/Add/Stock number"), kkk.toString()): Keys '-2585' sent to object: 'Object Repository/3 Stock/3-1 Stock Take/Add/Stock number'

2019-07-03 10:51:09 - [MESSAGE][PASSED] - Keys '-2585' sent to object: 'Object Repository/3 Stock/3-1 Stock Take/Add/Stock number'

2019-07-03 10:51:09 - [TEST_STEP][PASSED] - selectOptionByValue(findTestObject("3 Stock/3-1 Stock Take/Add/Stock take done"), "Y", true): All options with value 'Y' are selected in object 'Object Repository/3 Stock/3-1 Stock Take/Add/Stock take done'  using regular expression

2019-07-03 10:51:09 - [MESSAGE][PASSED] - All options with value 'Y' are selected in object 'Object Repository/3 Stock/3-1 Stock Take/Add/Stock take done'  using regular expression

2019-07-03 10:51:09 - [TEST_STEP][PASSED] - setText(findTestObject("3 Stock/3-1 Stock Take/Add/Stock take IPAD note"), "-10"): Text '-10' is set on object 'Object Repository/3 Stock/3-1 Stock Take/Add/Stock take IPAD note'

2019-07-03 10:51:09 - [MESSAGE][PASSED] - Text '-10' is set on object 'Object Repository/3 Stock/3-1 Stock Take/Add/Stock take IPAD note'

2019-07-03 10:51:09 - [TEST_STEP][PASSED] - selectOptionByValue(findTestObject("3 Stock/3-1 Stock Take/Add/Done select"), "Y", true): All options with value 'Y' are selected in object 'Object Repository/3 Stock/3-1 Stock Take/Add/Done select'  using regular expression

2019-07-03 10:51:09 - [MESSAGE][PASSED] - All options with value 'Y' are selected in object 'Object Repository/3 Stock/3-1 Stock Take/Add/Done select'  using regular expression

2019-07-03 10:51:09 - [TEST_STEP][PASSED] - takeScreenshot(): Taking screenshot successfully

2019-07-03 10:51:10 - [MESSAGE][PASSED] - Taking screenshot successfully
[[ATTACHMENT|D:\\Kenny\\D\\Katalon Studio\\PSI\\PSItest\\Reports\\3-1 Stock Take Test Suite\\20190703_105039\\1562122269774.png]]

2019-07-03 10:51:10 - [TEST_STEP][PASSED] - click(findTestObject("3 Stock/3-1 Stock Take/Add/Done")): Object: 'Object Repository/3 Stock/3-1 Stock Take/Add/Done' is clicked on

2019-07-03 10:51:10 - [MESSAGE][PASSED] - Object: 'Object Repository/3 Stock/3-1 Stock Take/Add/Done' is clicked on]]></system-out>
         <system-err><![CDATA[]]></system-err>
      </testcase>
      <testcase name="Test Cases/Others/Accept and verify" classname="Test Cases/Others/Accept and verify" status="PASSED">
         <system-out><![CDATA[2019-07-03 10:51:10 - [TEST_CASE][PASSED] - Test Cases/Others/Accept and verify: Test Cases/Others/Accept and verify

2019-07-03 10:51:10 - [TEST_STEP][PASSED] - delay(1): Delayed 1 second(s)

2019-07-03 10:51:11 - [MESSAGE][PASSED] - Delayed 1 second(s)

2019-07-03 10:51:11 - [TEST_STEP][PASSED] - waitForAlert(5): Alert is present after 5 second(s).

2019-07-03 10:51:11 - [MESSAGE][PASSED] - Alert is present after 5 second(s).

2019-07-03 10:51:11 - [TEST_STEP][PASSED] - acceptAlert(): Alert accepted

2019-07-03 10:51:11 - [MESSAGE][PASSED] - Alert accepted

2019-07-03 10:51:11 - [TEST_STEP][PASSED] - verifyElementClickable(findTestObject("Others/Accept and verify/Verify button")): Object 'Object Repository/Others/Accept and verify/Verify button' is clickable

2019-07-03 10:51:11 - [MESSAGE][PASSED] - Object 'Object Repository/Others/Accept and verify/Verify button' is clickable]]></system-out>
         <system-err><![CDATA[]]></system-err>
      </testcase>
      <testcase name="Test Cases/3 Stock/3-1 Stock Take/3-1 Stock Take-Edit" classname="Test Cases/3 Stock/3-1 Stock Take/3-1 Stock Take-Edit" status="PASSED">
         <system-out><![CDATA[2019-07-03 10:51:11 - [TEST_CASE][PASSED] - Test Cases/3 Stock/3-1 Stock Take/3-1 Stock Take-Edit: Test Cases/3 Stock/3-1 Stock Take/3-1 Stock Take-Edit

2019-07-03 10:51:12 - [TEST_STEP][PASSED] - delay(1): Delayed 1 second(s)

2019-07-03 10:51:13 - [MESSAGE][PASSED] - Delayed 1 second(s)

2019-07-03 10:51:13 - [TEST_STEP][PASSED] - click(findTestObject("3 Stock/3-1 Stock Take/Edit/Sort by no")): Object: 'Object Repository/3 Stock/3-1 Stock Take/Edit/Sort by no' is clicked on

2019-07-03 10:51:13 - [MESSAGE][PASSED] - Object: 'Object Repository/3 Stock/3-1 Stock Take/Edit/Sort by no' is clicked on

2019-07-03 10:51:13 - [TEST_STEP][PASSED] - click(findTestObject("3 Stock/3-1 Stock Take/Edit/Sort by no")): Object: 'Object Repository/3 Stock/3-1 Stock Take/Edit/Sort by no' is clicked on

2019-07-03 10:51:13 - [MESSAGE][PASSED] - Object: 'Object Repository/3 Stock/3-1 Stock Take/Edit/Sort by no' is clicked on

2019-07-03 10:51:13 - [TEST_STEP][PASSED] - XXX = Time: null

2019-07-03 10:51:13 - [TEST_STEP][PASSED] - click(findTestObject("3 Stock/3-1 Stock Take/Edit/Select by note", ["xxx":XXX])): Object: 'Object Repository/3 Stock/3-1 Stock Take/Edit/Select by note' is clicked on

2019-07-03 10:51:13 - [MESSAGE][PASSED] - Object: 'Object Repository/3 Stock/3-1 Stock Take/Edit/Select by note' is clicked on

2019-07-03 10:51:13 - [TEST_STEP][PASSED] - click(findTestObject("3 Stock/3-1 Stock Take/Edit/Edit button")): Object: 'Object Repository/3 Stock/3-1 Stock Take/Edit/Edit button' is clicked on

2019-07-03 10:51:14 - [MESSAGE][PASSED] - Object: 'Object Repository/3 Stock/3-1 Stock Take/Edit/Edit button' is clicked on

2019-07-03 10:51:14 - [TEST_STEP][PASSED] - qqq = <not implemented yet for class: org.codehaus.groovy.ast.expr.EmptyExpression>: null

2019-07-03 10:51:14 - [TEST_STEP][PASSED] - qqq = getAttribute(findTestObject("3 Stock/3-1 Stock Take/Edit/Edit number"), "value"): Attribute 'value' of object 'Object Repository/3 Stock/3-1 Stock Take/Edit/Edit number' is: '-2,585'

2019-07-03 10:51:14 - [MESSAGE][PASSED] - Attribute 'value' of object 'Object Repository/3 Stock/3-1 Stock Take/Edit/Edit number' is: '-2,585'

2019-07-03 10:51:14 - [TEST_STEP][PASSED] - qqq = qqq.replaceAll(",", ""): null

2019-07-03 10:51:14 - [TEST_STEP][PASSED] - kkk = qqq.toInteger(): null

2019-07-03 10:51:14 - [TEST_STEP][PASSED] - kkk = kkk - 10: null

2019-07-03 10:51:14 - [TEST_STEP][PASSED] - sendKeys(findTestObject("3 Stock/3-1 Stock Take/Edit/Edit number"), Keys.chord(CONTROL, "a")): Keys 'CONTROL + a' sent to object: 'Object Repository/3 Stock/3-1 Stock Take/Edit/Edit number'

2019-07-03 10:51:14 - [MESSAGE][PASSED] - Keys 'CONTROL + a' sent to object: 'Object Repository/3 Stock/3-1 Stock Take/Edit/Edit number'

2019-07-03 10:51:14 - [TEST_STEP][PASSED] - sendKeys(findTestObject("3 Stock/3-1 Stock Take/Edit/Edit number"), Keys.chord(DELETE)): Keys 'DELETE + ' sent to object: 'Object Repository/3 Stock/3-1 Stock Take/Edit/Edit number'

2019-07-03 10:51:14 - [MESSAGE][PASSED] - Keys 'DELETE + ' sent to object: 'Object Repository/3 Stock/3-1 Stock Take/Edit/Edit number'

2019-07-03 10:51:14 - [TEST_STEP][PASSED] - setText(findTestObject("3 Stock/3-1 Stock Take/Edit/Edit number"), kkk.toString()): Text '-2595' is set on object 'Object Repository/3 Stock/3-1 Stock Take/Edit/Edit number'

2019-07-03 10:51:15 - [MESSAGE][PASSED] - Text '-2595' is set on object 'Object Repository/3 Stock/3-1 Stock Take/Edit/Edit number'

2019-07-03 10:51:15 - [TEST_STEP][PASSED] - sendKeys(findTestObject("3 Stock/3-1 Stock Take/Edit/Edit note"), Keys.chord(CONTROL, "a")): Keys 'CONTROL + a' sent to object: 'Object Repository/3 Stock/3-1 Stock Take/Edit/Edit note'

2019-07-03 10:51:15 - [MESSAGE][PASSED] - Keys 'CONTROL + a' sent to object: 'Object Repository/3 Stock/3-1 Stock Take/Edit/Edit note'

2019-07-03 10:51:15 - [TEST_STEP][PASSED] - sendKeys(findTestObject("3 Stock/3-1 Stock Take/Edit/Edit note"), Keys.chord(DELETE)): Keys 'DELETE + ' sent to object: 'Object Repository/3 Stock/3-1 Stock Take/Edit/Edit note'

2019-07-03 10:51:15 - [MESSAGE][PASSED] - Keys 'DELETE + ' sent to object: 'Object Repository/3 Stock/3-1 Stock Take/Edit/Edit note'

2019-07-03 10:51:15 - [TEST_STEP][PASSED] - setText(findTestObject("3 Stock/3-1 Stock Take/Edit/Edit note"), "-20"): Text '-20' is set on object 'Object Repository/3 Stock/3-1 Stock Take/Edit/Edit note'

2019-07-03 10:51:15 - [MESSAGE][PASSED] - Text '-20' is set on object 'Object Repository/3 Stock/3-1 Stock Take/Edit/Edit note'

2019-07-03 10:51:15 - [TEST_STEP][PASSED] - takeScreenshot(): Taking screenshot successfully

2019-07-03 10:51:16 - [MESSAGE][PASSED] - Taking screenshot successfully
[[ATTACHMENT|D:\\Kenny\\D\\Katalon Studio\\PSI\\PSItest\\Reports\\3-1 Stock Take Test Suite\\20190703_105039\\1562122275530.png]]

2019-07-03 10:51:16 - [TEST_STEP][PASSED] - click(findTestObject("3 Stock/3-1 Stock Take/Edit/Save button")): Object: 'Object Repository/3 Stock/3-1 Stock Take/Edit/Save button' is clicked on

2019-07-03 10:51:16 - [MESSAGE][PASSED] - Object: 'Object Repository/3 Stock/3-1 Stock Take/Edit/Save button' is clicked on]]></system-out>
         <system-err><![CDATA[]]></system-err>
      </testcase>
      <testcase name="Test Cases/Others/Accept and verify" classname="Test Cases/Others/Accept and verify" status="PASSED">
         <system-out><![CDATA[2019-07-03 10:51:16 - [TEST_CASE][PASSED] - Test Cases/Others/Accept and verify: Test Cases/Others/Accept and verify

2019-07-03 10:51:16 - [TEST_STEP][PASSED] - delay(1): Delayed 1 second(s)

2019-07-03 10:51:17 - [MESSAGE][PASSED] - Delayed 1 second(s)

2019-07-03 10:51:17 - [TEST_STEP][PASSED] - waitForAlert(5): Alert is present after 5 second(s).

2019-07-03 10:51:17 - [MESSAGE][PASSED] - Alert is present after 5 second(s).

2019-07-03 10:51:17 - [TEST_STEP][PASSED] - acceptAlert(): Alert accepted

2019-07-03 10:51:17 - [MESSAGE][PASSED] - Alert accepted

2019-07-03 10:51:17 - [TEST_STEP][PASSED] - verifyElementClickable(findTestObject("Others/Accept and verify/Verify button")): Object 'Object Repository/Others/Accept and verify/Verify button' is clickable

2019-07-03 10:51:17 - [MESSAGE][PASSED] - Object 'Object Repository/Others/Accept and verify/Verify button' is clickable]]></system-out>
         <system-err><![CDATA[]]></system-err>
      </testcase>
      <testcase name="Test Cases/3 Stock/3-1 Stock Take/3-1 Stock Take-Delete" classname="Test Cases/3 Stock/3-1 Stock Take/3-1 Stock Take-Delete" status="FAILED">
         <failure type="FAILED" message="Test Cases/3 Stock/3-1 Stock Take/3-1 Stock Take-Delete FAILED.
Reason:
com.kms.katalon.core.exception.StepFailedException: Unable to click on object 'Object Repository/3 Stock/3-1 Stock Take/Delete/Sort by stock take no' (Root cause: com.kms.katalon.core.webui.exception.WebElementNotFoundException: Web element with id: 'Object Repository/3 Stock/3-1 Stock Take/Delete/Sort by stock take no' located by 'By.xpath: //th[(text() = '單號' or . = '單號')]' not found)
	at com.kms.katalon.core.keyword.internal.KeywordMain.stepFailed(KeywordMain.groovy:36)
	at com.kms.katalon.core.webui.keyword.internal.WebUIKeywordMain.stepFailed(WebUIKeywordMain.groovy:65)
	at com.kms.katalon.core.webui.keyword.internal.WebUIKeywordMain.runKeyword(WebUIKeywordMain.groovy:27)
	at com.kms.katalon.core.webui.keyword.builtin.ClickKeyword.click(ClickKeyword.groovy:86)
	at com.kms.katalon.core.webui.keyword.builtin.ClickKeyword.execute(ClickKeyword.groovy:67)
	at com.kms.katalon.core.keyword.internal.KeywordExecutor.executeKeywordForPlatform(KeywordExecutor.groovy:53)
	at com.kms.katalon.core.webui.keyword.WebUiBuiltInKeywords.click(WebUiBuiltInKeywords.groovy:616)
	at com.kms.katalon.core.webui.keyword.WebUiBuiltInKeywords$click$4.call(Unknown Source)
	at 3-1 Stock Take-Delete.run(3-1 Stock Take-Delete:18)
	at com.kms.katalon.core.main.ScriptEngine.run(ScriptEngine.java:194)
	at com.kms.katalon.core.main.ScriptEngine.runScriptAsRawText(ScriptEngine.java:119)
	at com.kms.katalon.core.main.TestCaseExecutor.runScript(TestCaseExecutor.java:328)
	at com.kms.katalon.core.main.TestCaseExecutor.doExecute(TestCaseExecutor.java:319)
	at com.kms.katalon.core.main.TestCaseExecutor.processExecutionPhase(TestCaseExecutor.java:298)
	at com.kms.katalon.core.main.TestCaseExecutor.accessMainPhase(TestCaseExecutor.java:290)
	at com.kms.katalon.core.main.TestCaseExecutor.execute(TestCaseExecutor.java:224)
	at com.kms.katalon.core.main.TestSuiteExecutor.accessTestCaseMainPhase(TestSuiteExecutor.java:129)
	at com.kms.katalon.core.main.TestSuiteExecutor.accessTestSuiteMainPhase(TestSuiteExecutor.java:112)
	at com.kms.katalon.core.main.TestSuiteExecutor.execute(TestSuiteExecutor.java:81)
	at com.kms.katalon.core.main.TestCaseMain.startTestSuite(TestCaseMain.java:149)
	at com.kms.katalon.core.main.TestCaseMain$startTestSuite$0.call(Unknown Source)
	at TempTestSuite1562122239098.run(TempTestSuite1562122239098.groovy:36)
"/>
         <system-out><![CDATA[2019-07-03 10:51:17 - [TEST_CASE][FAILED] - Test Cases/3 Stock/3-1 Stock Take/3-1 Stock Take-Delete: Test Cases/3 Stock/3-1 Stock Take/3-1 Stock Take-Delete FAILED.
Reason:
com.kms.katalon.core.exception.StepFailedException: Unable to click on object 'Object Repository/3 Stock/3-1 Stock Take/Delete/Sort by stock take no' (Root cause: com.kms.katalon.core.webui.exception.WebElementNotFoundException: Web element with id: 'Object Repository/3 Stock/3-1 Stock Take/Delete/Sort by stock take no' located by 'By.xpath: //th[(text() = '單號' or . = '單號')]' not found)
	at com.kms.katalon.core.keyword.internal.KeywordMain.stepFailed(KeywordMain.groovy:36)
	at com.kms.katalon.core.webui.keyword.internal.WebUIKeywordMain.stepFailed(WebUIKeywordMain.groovy:65)
	at com.kms.katalon.core.webui.keyword.internal.WebUIKeywordMain.runKeyword(WebUIKeywordMain.groovy:27)
	at com.kms.katalon.core.webui.keyword.builtin.ClickKeyword.click(ClickKeyword.groovy:86)
	at com.kms.katalon.core.webui.keyword.builtin.ClickKeyword.execute(ClickKeyword.groovy:67)
	at com.kms.katalon.core.keyword.internal.KeywordExecutor.executeKeywordForPlatform(KeywordExecutor.groovy:53)
	at com.kms.katalon.core.webui.keyword.WebUiBuiltInKeywords.click(WebUiBuiltInKeywords.groovy:616)
	at com.kms.katalon.core.webui.keyword.WebUiBuiltInKeywords$click$4.call(Unknown Source)
	at 3-1 Stock Take-Delete.run(3-1 Stock Take-Delete:18)
	at com.kms.katalon.core.main.ScriptEngine.run(ScriptEngine.java:194)
	at com.kms.katalon.core.main.ScriptEngine.runScriptAsRawText(ScriptEngine.java:119)
	at com.kms.katalon.core.main.TestCaseExecutor.runScript(TestCaseExecutor.java:328)
	at com.kms.katalon.core.main.TestCaseExecutor.doExecute(TestCaseExecutor.java:319)
	at com.kms.katalon.core.main.TestCaseExecutor.processExecutionPhase(TestCaseExecutor.java:298)
	at com.kms.katalon.core.main.TestCaseExecutor.accessMainPhase(TestCaseExecutor.java:290)
	at com.kms.katalon.core.main.TestCaseExecutor.execute(TestCaseExecutor.java:224)
	at com.kms.katalon.core.main.TestSuiteExecutor.accessTestCaseMainPhase(TestSuiteExecutor.java:129)
	at com.kms.katalon.core.main.TestSuiteExecutor.accessTestSuiteMainPhase(TestSuiteExecutor.java:112)
	at com.kms.katalon.core.main.TestSuiteExecutor.execute(TestSuiteExecutor.java:81)
	at com.kms.katalon.core.main.TestCaseMain.startTestSuite(TestCaseMain.java:149)
	at com.kms.katalon.core.main.TestCaseMain$startTestSuite$0.call(Unknown Source)
	at TempTestSuite1562122239098.run(TempTestSuite1562122239098.groovy:36)


2019-07-03 10:51:18 - [TEST_STEP][FAILED] - click(findTestObject("3 Stock/3-1 Stock Take/Delete/Sort by stock take no")): click(findTestObject("3 Stock/3-1 Stock Take/Delete/Sort by stock take no")) FAILED.
Reason:
com.kms.katalon.core.exception.StepFailedException: Unable to click on object 'Object Repository/3 Stock/3-1 Stock Take/Delete/Sort by stock take no' (Root cause: com.kms.katalon.core.webui.exception.WebElementNotFoundException: Web element with id: 'Object Repository/3 Stock/3-1 Stock Take/Delete/Sort by stock take no' located by 'By.xpath: //th[(text() = '單號' or . = '單號')]' not found)
	at com.kms.katalon.core.keyword.internal.KeywordMain.stepFailed(KeywordMain.groovy:36)
	at com.kms.katalon.core.webui.keyword.internal.WebUIKeywordMain.stepFailed(WebUIKeywordMain.groovy:65)
	at com.kms.katalon.core.webui.keyword.internal.WebUIKeywordMain.runKeyword(WebUIKeywordMain.groovy:27)
	at com.kms.katalon.core.webui.keyword.builtin.ClickKeyword.click(ClickKeyword.groovy:86)
	at com.kms.katalon.core.webui.keyword.builtin.ClickKeyword.execute(ClickKeyword.groovy:67)
	at com.kms.katalon.core.keyword.internal.KeywordExecutor.executeKeywordForPlatform(KeywordExecutor.groovy:53)
	at com.kms.katalon.core.webui.keyword.WebUiBuiltInKeywords.click(WebUiBuiltInKeywords.groovy:616)
	at com.kms.katalon.core.webui.keyword.WebUiBuiltInKeywords$click$4.call(Unknown Source)
	at 3-1 Stock Take-Delete.run(3-1 Stock Take-Delete:18)
	at com.kms.katalon.core.main.ScriptEngine.run(ScriptEngine.java:194)
	at com.kms.katalon.core.main.ScriptEngine.runScriptAsRawText(ScriptEngine.java:119)
	at com.kms.katalon.core.main.TestCaseExecutor.runScript(TestCaseExecutor.java:328)
	at com.kms.katalon.core.main.TestCaseExecutor.doExecute(TestCaseExecutor.java:319)
	at com.kms.katalon.core.main.TestCaseExecutor.processExecutionPhase(TestCaseExecutor.java:298)
	at com.kms.katalon.core.main.TestCaseExecutor.accessMainPhase(TestCaseExecutor.java:290)
	at com.kms.katalon.core.main.TestCaseExecutor.execute(TestCaseExecutor.java:224)
	at com.kms.katalon.core.main.TestSuiteExecutor.accessTestCaseMainPhase(TestSuiteExecutor.java:129)
	at com.kms.katalon.core.main.TestSuiteExecutor.accessTestSuiteMainPhase(TestSuiteExecutor.java:112)
	at com.kms.katalon.core.main.TestSuiteExecutor.execute(TestSuiteExecutor.java:81)
	at com.kms.katalon.core.main.TestCaseMain.startTestSuite(TestCaseMain.java:149)
	at com.kms.katalon.core.main.TestCaseMain$startTestSuite$0.call(Unknown Source)
	at TempTestSuite1562122239098.run(TempTestSuite1562122239098.groovy:36)


2019-07-03 10:53:55 - [MESSAGE][INFO] - Unable to find the element located by 'By.xpath: //th[(text() = '單號' or . = '單號')]'. Please recheck the objects properties to make sure the desired element is located. 

2019-07-03 10:53:56 - [MESSAGE][FAILED] - Unable to click on object 'Object Repository/3 Stock/3-1 Stock Take/Delete/Sort by stock take no' (Root cause: com.kms.katalon.core.webui.exception.WebElementNotFoundException: Web element with id: 'Object Repository/3 Stock/3-1 Stock Take/Delete/Sort by stock take no' located by 'By.xpath: //th[(text() = '單號' or . = '單號')]' not found)
[[ATTACHMENT|D:\\Kenny\\D\\Katalon Studio\\PSI\\PSItest\\Reports\\3-1 Stock Take Test Suite\\20190703_105039\\1562122435882.png]]

2019-07-03 10:53:56 - [MESSAGE][FAILED] - click(findTestObject("3 Stock/3-1 Stock Take/Delete/Sort by stock take no")) FAILED.
Reason:
com.kms.katalon.core.exception.StepFailedException: Unable to click on object 'Object Repository/3 Stock/3-1 Stock Take/Delete/Sort by stock take no' (Root cause: com.kms.katalon.core.webui.exception.WebElementNotFoundException: Web element with id: 'Object Repository/3 Stock/3-1 Stock Take/Delete/Sort by stock take no' located by 'By.xpath: //th[(text() = '單號' or . = '單號')]' not found)
	at com.kms.katalon.core.keyword.internal.KeywordMain.stepFailed(KeywordMain.groovy:36)
	at com.kms.katalon.core.webui.keyword.internal.WebUIKeywordMain.stepFailed(WebUIKeywordMain.groovy:65)
	at com.kms.katalon.core.webui.keyword.internal.WebUIKeywordMain.runKeyword(WebUIKeywordMain.groovy:27)
	at com.kms.katalon.core.webui.keyword.builtin.ClickKeyword.click(ClickKeyword.groovy:86)
	at com.kms.katalon.core.webui.keyword.builtin.ClickKeyword.execute(ClickKeyword.groovy:67)
	at com.kms.katalon.core.keyword.internal.KeywordExecutor.executeKeywordForPlatform(KeywordExecutor.groovy:53)
	at com.kms.katalon.core.webui.keyword.WebUiBuiltInKeywords.click(WebUiBuiltInKeywords.groovy:616)
	at com.kms.katalon.core.webui.keyword.WebUiBuiltInKeywords$click$4.call(Unknown Source)
	at 3-1 Stock Take-Delete.run(3-1 Stock Take-Delete:18)
	at com.kms.katalon.core.main.ScriptEngine.run(ScriptEngine.java:194)
	at com.kms.katalon.core.main.ScriptEngine.runScriptAsRawText(ScriptEngine.java:119)
	at com.kms.katalon.core.main.TestCaseExecutor.runScript(TestCaseExecutor.java:328)
	at com.kms.katalon.core.main.TestCaseExecutor.doExecute(TestCaseExecutor.java:319)
	at com.kms.katalon.core.main.TestCaseExecutor.processExecutionPhase(TestCaseExecutor.java:298)
	at com.kms.katalon.core.main.TestCaseExecutor.accessMainPhase(TestCaseExecutor.java:290)
	at com.kms.katalon.core.main.TestCaseExecutor.execute(TestCaseExecutor.java:224)
	at com.kms.katalon.core.main.TestSuiteExecutor.accessTestCaseMainPhase(TestSuiteExecutor.java:129)
	at com.kms.katalon.core.main.TestSuiteExecutor.accessTestSuiteMainPhase(TestSuiteExecutor.java:112)
	at com.kms.katalon.core.main.TestSuiteExecutor.execute(TestSuiteExecutor.java:81)
	at com.kms.katalon.core.main.TestCaseMain.startTestSuite(TestCaseMain.java:149)
	at com.kms.katalon.core.main.TestCaseMain$startTestSuite$0.call(Unknown Source)
	at TempTestSuite1562122239098.run(TempTestSuite1562122239098.groovy:36)]]></system-out>
         <system-err><![CDATA[2019-07-03 10:51:17 - [TEST_CASE][FAILED] - Test Cases/3 Stock/3-1 Stock Take/3-1 Stock Take-Delete: Test Cases/3 Stock/3-1 Stock Take/3-1 Stock Take-Delete FAILED.
Reason:
com.kms.katalon.core.exception.StepFailedException: Unable to click on object 'Object Repository/3 Stock/3-1 Stock Take/Delete/Sort by stock take no' (Root cause: com.kms.katalon.core.webui.exception.WebElementNotFoundException: Web element with id: 'Object Repository/3 Stock/3-1 Stock Take/Delete/Sort by stock take no' located by 'By.xpath: //th[(text() = '單號' or . = '單號')]' not found)
	at com.kms.katalon.core.keyword.internal.KeywordMain.stepFailed(KeywordMain.groovy:36)
	at com.kms.katalon.core.webui.keyword.internal.WebUIKeywordMain.stepFailed(WebUIKeywordMain.groovy:65)
	at com.kms.katalon.core.webui.keyword.internal.WebUIKeywordMain.runKeyword(WebUIKeywordMain.groovy:27)
	at com.kms.katalon.core.webui.keyword.builtin.ClickKeyword.click(ClickKeyword.groovy:86)
	at com.kms.katalon.core.webui.keyword.builtin.ClickKeyword.execute(ClickKeyword.groovy:67)
	at com.kms.katalon.core.keyword.internal.KeywordExecutor.executeKeywordForPlatform(KeywordExecutor.groovy:53)
	at com.kms.katalon.core.webui.keyword.WebUiBuiltInKeywords.click(WebUiBuiltInKeywords.groovy:616)
	at com.kms.katalon.core.webui.keyword.WebUiBuiltInKeywords$click$4.call(Unknown Source)
	at 3-1 Stock Take-Delete.run(3-1 Stock Take-Delete:18)
	at com.kms.katalon.core.main.ScriptEngine.run(ScriptEngine.java:194)
	at com.kms.katalon.core.main.ScriptEngine.runScriptAsRawText(ScriptEngine.java:119)
	at com.kms.katalon.core.main.TestCaseExecutor.runScript(TestCaseExecutor.java:328)
	at com.kms.katalon.core.main.TestCaseExecutor.doExecute(TestCaseExecutor.java:319)
	at com.kms.katalon.core.main.TestCaseExecutor.processExecutionPhase(TestCaseExecutor.java:298)
	at com.kms.katalon.core.main.TestCaseExecutor.accessMainPhase(TestCaseExecutor.java:290)
	at com.kms.katalon.core.main.TestCaseExecutor.execute(TestCaseExecutor.java:224)
	at com.kms.katalon.core.main.TestSuiteExecutor.accessTestCaseMainPhase(TestSuiteExecutor.java:129)
	at com.kms.katalon.core.main.TestSuiteExecutor.accessTestSuiteMainPhase(TestSuiteExecutor.java:112)
	at com.kms.katalon.core.main.TestSuiteExecutor.execute(TestSuiteExecutor.java:81)
	at com.kms.katalon.core.main.TestCaseMain.startTestSuite(TestCaseMain.java:149)
	at com.kms.katalon.core.main.TestCaseMain$startTestSuite$0.call(Unknown Source)
	at TempTestSuite1562122239098.run(TempTestSuite1562122239098.groovy:36)]]></system-err>
      </testcase>
      <system-out><![CDATA[2019-07-03 10:50:43 - [TEST_SUITE][FAILED] - 3-1 Stock Take Test Suite: Test Cases/3 Stock/3-1 Stock Take/3-1 Stock Take-Delete FAILED.
Reason:
com.kms.katalon.core.exception.StepFailedException: Unable to click on object 'Object Repository/3 Stock/3-1 Stock Take/Delete/Sort by stock take no' (Root cause: com.kms.katalon.core.webui.exception.WebElementNotFoundException: Web element with id: 'Object Repository/3 Stock/3-1 Stock Take/Delete/Sort by stock take no' located by 'By.xpath: //th[(text() = '單號' or . = '單號')]' not found)
	at com.kms.katalon.core.keyword.internal.KeywordMain.stepFailed(KeywordMain.groovy:36)
	at com.kms.katalon.core.webui.keyword.internal.WebUIKeywordMain.stepFailed(WebUIKeywordMain.groovy:65)
	at com.kms.katalon.core.webui.keyword.internal.WebUIKeywordMain.runKeyword(WebUIKeywordMain.groovy:27)
	at com.kms.katalon.core.webui.keyword.builtin.ClickKeyword.click(ClickKeyword.groovy:86)
	at com.kms.katalon.core.webui.keyword.builtin.ClickKeyword.execute(ClickKeyword.groovy:67)
	at com.kms.katalon.core.keyword.internal.KeywordExecutor.executeKeywordForPlatform(KeywordExecutor.groovy:53)
	at com.kms.katalon.core.webui.keyword.WebUiBuiltInKeywords.click(WebUiBuiltInKeywords.groovy:616)
	at com.kms.katalon.core.webui.keyword.WebUiBuiltInKeywords$click$4.call(Unknown Source)
	at 3-1 Stock Take-Delete.run(3-1 Stock Take-Delete:18)
	at com.kms.katalon.core.main.ScriptEngine.run(ScriptEngine.java:194)
	at com.kms.katalon.core.main.ScriptEngine.runScriptAsRawText(ScriptEngine.java:119)
	at com.kms.katalon.core.main.TestCaseExecutor.runScript(TestCaseExecutor.java:328)
	at com.kms.katalon.core.main.TestCaseExecutor.doExecute(TestCaseExecutor.java:319)
	at com.kms.katalon.core.main.TestCaseExecutor.processExecutionPhase(TestCaseExecutor.java:298)
	at com.kms.katalon.core.main.TestCaseExecutor.accessMainPhase(TestCaseExecutor.java:290)
	at com.kms.katalon.core.main.TestCaseExecutor.execute(TestCaseExecutor.java:224)
	at com.kms.katalon.core.main.TestSuiteExecutor.accessTestCaseMainPhase(TestSuiteExecutor.java:129)
	at com.kms.katalon.core.main.TestSuiteExecutor.accessTestSuiteMainPhase(TestSuiteExecutor.java:112)
	at com.kms.katalon.core.main.TestSuiteExecutor.execute(TestSuiteExecutor.java:81)
	at com.kms.katalon.core.main.TestCaseMain.startTestSuite(TestCaseMain.java:149)
	at com.kms.katalon.core.main.TestCaseMain$startTestSuite$0.call(Unknown Source)
	at TempTestSuite1562122239098.run(TempTestSuite1562122239098.groovy:36)]]></system-out>
      <system-err><![CDATA[2019-07-03 10:50:43 - [TEST_SUITE][FAILED] - 3-1 Stock Take Test Suite: Test Cases/3 Stock/3-1 Stock Take/3-1 Stock Take-Delete FAILED.
Reason:
com.kms.katalon.core.exception.StepFailedException: Unable to click on object 'Object Repository/3 Stock/3-1 Stock Take/Delete/Sort by stock take no' (Root cause: com.kms.katalon.core.webui.exception.WebElementNotFoundException: Web element with id: 'Object Repository/3 Stock/3-1 Stock Take/Delete/Sort by stock take no' located by 'By.xpath: //th[(text() = '單號' or . = '單號')]' not found)
	at com.kms.katalon.core.keyword.internal.KeywordMain.stepFailed(KeywordMain.groovy:36)
	at com.kms.katalon.core.webui.keyword.internal.WebUIKeywordMain.stepFailed(WebUIKeywordMain.groovy:65)
	at com.kms.katalon.core.webui.keyword.internal.WebUIKeywordMain.runKeyword(WebUIKeywordMain.groovy:27)
	at com.kms.katalon.core.webui.keyword.builtin.ClickKeyword.click(ClickKeyword.groovy:86)
	at com.kms.katalon.core.webui.keyword.builtin.ClickKeyword.execute(ClickKeyword.groovy:67)
	at com.kms.katalon.core.keyword.internal.KeywordExecutor.executeKeywordForPlatform(KeywordExecutor.groovy:53)
	at com.kms.katalon.core.webui.keyword.WebUiBuiltInKeywords.click(WebUiBuiltInKeywords.groovy:616)
	at com.kms.katalon.core.webui.keyword.WebUiBuiltInKeywords$click$4.call(Unknown Source)
	at 3-1 Stock Take-Delete.run(3-1 Stock Take-Delete:18)
	at com.kms.katalon.core.main.ScriptEngine.run(ScriptEngine.java:194)
	at com.kms.katalon.core.main.ScriptEngine.runScriptAsRawText(ScriptEngine.java:119)
	at com.kms.katalon.core.main.TestCaseExecutor.runScript(TestCaseExecutor.java:328)
	at com.kms.katalon.core.main.TestCaseExecutor.doExecute(TestCaseExecutor.java:319)
	at com.kms.katalon.core.main.TestCaseExecutor.processExecutionPhase(TestCaseExecutor.java:298)
	at com.kms.katalon.core.main.TestCaseExecutor.accessMainPhase(TestCaseExecutor.java:290)
	at com.kms.katalon.core.main.TestCaseExecutor.execute(TestCaseExecutor.java:224)
	at com.kms.katalon.core.main.TestSuiteExecutor.accessTestCaseMainPhase(TestSuiteExecutor.java:129)
	at com.kms.katalon.core.main.TestSuiteExecutor.accessTestSuiteMainPhase(TestSuiteExecutor.java:112)
	at com.kms.katalon.core.main.TestSuiteExecutor.execute(TestSuiteExecutor.java:81)
	at com.kms.katalon.core.main.TestCaseMain.startTestSuite(TestCaseMain.java:149)
	at com.kms.katalon.core.main.TestCaseMain$startTestSuite$0.call(Unknown Source)
	at TempTestSuite1562122239098.run(TempTestSuite1562122239098.groovy:36)]]></system-err>
   </testsuite>
</testsuites>
