<?xml version="1.0" encoding="UTF-8"?>
<testsuites name="1-1 Order Test Suite" time="20" tests="3" failures="0" errors="1">
   <testsuite name="1-1 Order Test Suite" tests="3" failures="0" errors="1" time="20" timestamp="2019-05-14 15:46:55" hostname="KennyIC_Chen - KennyIC_Chen.compal.com" id="Test Suites/1-1 Order Test Suite">
      <properties>
         <property name="deviceName" value=""/>
         <property name="devicePlatform" value=""/>
         <property name="logFolder" value="C:\\Users\\KennyIC_chen.COMPAL\\git\\PSItest\\Reports\\1-1 Order Test Suite\\20190514_154654"/>
         <property name="logFiles" value="C:\\Users\\KennyIC_chen.COMPAL\\git\\PSItest\\Reports\\1-1 Order Test Suite\\20190514_154654\\execution0.log"/>
         <property name="attachments" value=""/>
         <property name="hostName" value="KennyIC_Chen - KennyIC_Chen.compal.com"/>
         <property name="os" value="Windows 10 64bit"/>
         <property name="katalonVersion" value="5.10.1.1"/>
         <property name="browser" value="Chrome 73.0.3683.103"/>
         <property name="hostAddress" value="10.109.102.148"/>
         <property name="sessionId" value="bcb772a2f03f955ca8ed4f80d0ba778c"/>
         <property name="seleniumVersion" value="3.7.1"/>
         <property name="proxyInformation" value="ProxyInformation{proxyOption=NO_PROXY, proxyServerType=HTTP, password=, proxyServerAddress=, proxyServerPort=0}"/>
         <property name="platform" value="Windows 10"/>
      </properties>
      <testcase name="Test Cases/Others/Login" classname="Test Cases/Others/Login" status="PASSED">
         <system-out><![CDATA[2019-05-14 15:46:56 - [TEST_CASE][PASSED] - Test Cases/Others/Login: Test Cases/Others/Login

2019-05-14 15:46:56 - [TEST_STEP][PASSED] - openBrowser(""): Browser is opened with url: ''

2019-05-14 15:46:56 - [MESSAGE][INFO] - Starting 'Chrome' driver

2019-05-14 15:46:56 - [MESSAGE][INFO] - Action delay is set to 0 seconds

2019-05-14 15:47:02 - [MESSAGE][PASSED] - Browser is opened with url: ''

2019-05-14 15:47:02 - [TEST_STEP][PASSED] - navigateToUrl("https://psi-azcldap.unicore.com.tw/login"): Navigate to 'https://psi-azcldap.unicore.com.tw/login' successfully

2019-05-14 15:47:04 - [MESSAGE][PASSED] - Navigate to 'https://psi-azcldap.unicore.com.tw/login' successfully

2019-05-14 15:47:04 - [TEST_STEP][PASSED] - maximizeWindow(): Current window maximized

2019-05-14 15:47:05 - [MESSAGE][PASSED] - Current window maximized

2019-05-14 15:47:05 - [TEST_STEP][PASSED] - setText(findTestObject("Others/Login/ID-QWE"), "QWE"): Text 'QWE' is set on object 'Object Repository/Others/Login/ID-QWE'

2019-05-14 15:47:05 - [MESSAGE][PASSED] - Text 'QWE' is set on object 'Object Repository/Others/Login/ID-QWE'

2019-05-14 15:47:05 - [TEST_STEP][PASSED] - setEncryptedText(findTestObject("Others/Login/PW-QWE"), "5opu+sh6ATw="): Text ****** has been set on object 'Object Repository/Others/Login/PW-QWE'

2019-05-14 15:47:06 - [MESSAGE][PASSED] - Text ****** has been set on object 'Object Repository/Others/Login/PW-QWE'

2019-05-14 15:47:06 - [TEST_STEP][PASSED] - click(findTestObject("Others/Login/Login Button")): Object: 'Object Repository/Others/Login/Login Button' is clicked on

2019-05-14 15:47:06 - [MESSAGE][PASSED] - Object: 'Object Repository/Others/Login/Login Button' is clicked on

2019-05-14 15:47:06 - [TEST_STEP][PASSED] - verifyElementClickable(findTestObject("Others/Login/Verify button")): Object 'Object Repository/Others/Login/Verify button' is clickable

2019-05-14 15:47:06 - [MESSAGE][PASSED] - Object 'Object Repository/Others/Login/Verify button' is clickable]]></system-out>
         <system-err><![CDATA[]]></system-err>
      </testcase>
      <testcase name="Test Cases/1-1 Order-Add" classname="Test Cases/1-1 Order-Add" status="PASSED">
         <system-out><![CDATA[2019-05-14 15:47:06 - [TEST_CASE][PASSED] - Test Cases/1-1 Order-Add: Test Cases/1-1 Order-Add

2019-05-14 15:47:06 - [TEST_STEP][PASSED] - click(findTestObject("1-1 Order/Add/New button")): Object: 'Object Repository/1-1 Order/Add/New button' is clicked on

2019-05-14 15:47:07 - [MESSAGE][PASSED] - Object: 'Object Repository/1-1 Order/Add/New button' is clicked on

2019-05-14 15:47:07 - [TEST_STEP][PASSED] - click(findTestObject("1-1 Order/Add/Order button")): Object: 'Object Repository/1-1 Order/Add/Order button' is clicked on

2019-05-14 15:47:07 - [MESSAGE][PASSED] - Object: 'Object Repository/1-1 Order/Add/Order button' is clicked on

2019-05-14 15:47:07 - [TEST_STEP][PASSED] - click(findTestObject("1-1 Order/Add/Vendor button")): Object: 'Object Repository/1-1 Order/Add/Vendor button' is clicked on

2019-05-14 15:47:07 - [MESSAGE][PASSED] - Object: 'Object Repository/1-1 Order/Add/Vendor button' is clicked on

2019-05-14 15:47:07 - [TEST_STEP][PASSED] - click(findTestObject("1-1 Order/Add/Vendor 2324")): Object: 'Object Repository/1-1 Order/Add/Vendor 2324' is clicked on

2019-05-14 15:47:07 - [MESSAGE][PASSED] - Object: 'Object Repository/1-1 Order/Add/Vendor 2324' is clicked on

2019-05-14 15:47:07 - [TEST_STEP][PASSED] - click(findTestObject("1-1 Order/Add/Employee button")): Object: 'Object Repository/1-1 Order/Add/Employee button' is clicked on

2019-05-14 15:47:08 - [MESSAGE][PASSED] - Object: 'Object Repository/1-1 Order/Add/Employee button' is clicked on

2019-05-14 15:47:08 - [TEST_STEP][PASSED] - click(findTestObject("1-1 Order/Add/Emplyee Larry")): Object: 'Object Repository/1-1 Order/Add/Emplyee Larry' is clicked on

2019-05-14 15:47:08 - [MESSAGE][PASSED] - Object: 'Object Repository/1-1 Order/Add/Emplyee Larry' is clicked on

2019-05-14 15:47:08 - [TEST_STEP][PASSED] - click(findTestObject("1-1 Order/Add/Ship button")): Object: 'Object Repository/1-1 Order/Add/Ship button' is clicked on

2019-05-14 15:47:08 - [MESSAGE][PASSED] - Object: 'Object Repository/1-1 Order/Add/Ship button' is clicked on

2019-05-14 15:47:08 - [TEST_STEP][PASSED] - click(findTestObject("1-1 Order/Add/Ship 1")): Object: 'Object Repository/1-1 Order/Add/Ship 1' is clicked on

2019-05-14 15:47:09 - [MESSAGE][PASSED] - Object: 'Object Repository/1-1 Order/Add/Ship 1' is clicked on

2019-05-14 15:47:09 - [TEST_STEP][PASSED] - click(findTestObject("1-1 Order/Add/TAX select")): Object: 'Object Repository/1-1 Order/Add/TAX select' is clicked on

2019-05-14 15:47:09 - [MESSAGE][PASSED] - Object: 'Object Repository/1-1 Order/Add/TAX select' is clicked on

2019-05-14 15:47:09 - [TEST_STEP][PASSED] - selectOptionByValue(findTestObject("1-1 Order/Add/TAX1"), "0: 1", true): All options with value '0: 1' are selected in object 'Object Repository/1-1 Order/Add/TAX1'  using regular expression

2019-05-14 15:47:09 - [MESSAGE][PASSED] - All options with value '0: 1' are selected in object 'Object Repository/1-1 Order/Add/TAX1'  using regular expression

2019-05-14 15:47:09 - [TEST_STEP][PASSED] - setText(findTestObject("1-1 Order/Add/Note"), time()): null

2019-05-14 15:47:09 - [TEST_STEP][PASSED] - date = new java.util.Date(): null

2019-05-14 15:47:09 - [TEST_STEP][PASSED] - sdf = new java.text.SimpleDateFormat(yyyyMMddHHmm): null

2019-05-14 15:47:09 - [TEST_STEP][PASSED] - Time = Note + sdf.format(date): null

2019-05-14 15:47:09 - [TEST_STEP][PASSED] - return internal.GlobalVariable.Time: Text 'Testing   201905141547' is set on object 'Object Repository/1-1 Order/Add/Note'

2019-05-14 15:47:09 - [MESSAGE][PASSED] - Text 'Testing   201905141547' is set on object 'Object Repository/1-1 Order/Add/Note'

2019-05-14 15:47:09 - [TEST_STEP][PASSED] - click(findTestObject("1-1 Order/Add/Add item")): Object: 'Object Repository/1-1 Order/Add/Add item' is clicked on

2019-05-14 15:47:09 - [MESSAGE][PASSED] - Object: 'Object Repository/1-1 Order/Add/Add item' is clicked on

2019-05-14 15:47:09 - [TEST_STEP][PASSED] - click(findTestObject("1-1 Order/Add/Item IPAD")): Object: 'Object Repository/1-1 Order/Add/Item IPAD' is clicked on

2019-05-14 15:47:10 - [MESSAGE][PASSED] - Object: 'Object Repository/1-1 Order/Add/Item IPAD' is clicked on

2019-05-14 15:47:10 - [TEST_STEP][PASSED] - click(findTestObject("1-1 Order/Add/Unit button")): Object: 'Object Repository/1-1 Order/Add/Unit button' is clicked on

2019-05-14 15:47:10 - [MESSAGE][PASSED] - Object: 'Object Repository/1-1 Order/Add/Unit button' is clicked on

2019-05-14 15:47:10 - [TEST_STEP][PASSED] - click(findTestObject("1-1 Order/Add/Unit Change")): Object: 'Object Repository/1-1 Order/Add/Unit Change' is clicked on

2019-05-14 15:47:11 - [MESSAGE][PASSED] - Object: 'Object Repository/1-1 Order/Add/Unit Change' is clicked on

2019-05-14 15:47:11 - [TEST_STEP][PASSED] - setText(findTestObject("1-1 Order/Add/Qty"), "10"): Text '10' is set on object 'Object Repository/1-1 Order/Add/Qty'

2019-05-14 15:47:11 - [MESSAGE][PASSED] - Text '10' is set on object 'Object Repository/1-1 Order/Add/Qty'

2019-05-14 15:47:11 - [TEST_STEP][PASSED] - setText(findTestObject("1-1 Order/Add/Price"), "200"): Text '200' is set on object 'Object Repository/1-1 Order/Add/Price'

2019-05-14 15:47:11 - [MESSAGE][PASSED] - Text '200' is set on object 'Object Repository/1-1 Order/Add/Price'

2019-05-14 15:47:11 - [TEST_STEP][PASSED] - setText(findTestObject("1-1 Order/Add/Total Price"), "2000"): Text '2000' is set on object 'Object Repository/1-1 Order/Add/Total Price'

2019-05-14 15:47:11 - [MESSAGE][PASSED] - Text '2000' is set on object 'Object Repository/1-1 Order/Add/Total Price'

2019-05-14 15:47:11 - [TEST_STEP][PASSED] - click(findTestObject("1-1 Order/Add/Save")): Object: 'Object Repository/1-1 Order/Add/Save' is clicked on

2019-05-14 15:47:11 - [MESSAGE][PASSED] - Object: 'Object Repository/1-1 Order/Add/Save' is clicked on

2019-05-14 15:47:11 - [TEST_STEP][PASSED] - delay(1): Delayed 1 second(s)

2019-05-14 15:47:12 - [MESSAGE][PASSED] - Delayed 1 second(s)

2019-05-14 15:47:12 - [TEST_STEP][NOT_RUN] - acceptAlert(): NOT_RUN: acceptAlert()

2019-05-14 15:47:12 - [MESSAGE][NOT_RUN] - NOT_RUN: acceptAlert()

2019-05-14 15:47:12 - [TEST_STEP][NOT_RUN] - verifyElementClickable(findTestObject("1-1 Order/Add/Order button")): NOT_RUN: verifyElementClickable(findTestObject("1-1 Order/Add/Order button"))

2019-05-14 15:47:12 - [MESSAGE][NOT_RUN] - NOT_RUN: verifyElementClickable(findTestObject("1-1 Order/Add/Order button"))]]></system-out>
         <system-err><![CDATA[]]></system-err>
      </testcase>
      <testcase name="Test Cases/Others/Accept and verify" classname="Test Cases/Others/Accept and verify" status="PASSED">
         <system-out><![CDATA[2019-05-14 15:47:12 - [TEST_CASE][PASSED] - Test Cases/Others/Accept and verify: Test Cases/Others/Accept and verify

2019-05-14 15:47:12 - [TEST_STEP][PASSED] - delay(3): Delayed 3 second(s)

2019-05-14 15:47:15 - [MESSAGE][PASSED] - Delayed 3 second(s)

2019-05-14 15:47:15 - [TEST_STEP][PASSED] - waitForAlert(5): Alert is present after 5 second(s).

2019-05-14 15:47:15 - [MESSAGE][PASSED] - Alert is present after 5 second(s).

2019-05-14 15:47:15 - [TEST_STEP][PASSED] - acceptAlert(): Alert accepted

2019-05-14 15:47:15 - [MESSAGE][PASSED] - Alert accepted

2019-05-14 15:47:15 - [TEST_STEP][PASSED] - verifyElementClickable(findTestObject("Others/Accept and verify/Verify button")): Object 'Object Repository/Others/Accept and verify/Verify button' is clickable

2019-05-14 15:47:15 - [MESSAGE][PASSED] - Object 'Object Repository/Others/Accept and verify/Verify button' is clickable]]></system-out>
         <system-err><![CDATA[]]></system-err>
      </testcase>
      <testcase name="Test Cases/1-1 Order-Edit" classname="Test Cases/1-1 Order-Edit" status="ERROR">
         <error type="ERROR" message="Test Cases/1-1 Order-Edit FAILED.
Reason:
groovy.lang.MissingMethodException: No signature of method: static com.kms.katalon.core.util.KeywordUtil.logInfo() is applicable for argument types: (com.kms.katalon.core.testobject.TestObject) values: [TestObject - 'Object Repository/1-1 Order/Edit/Select order by note']
Possible solutions: logInfo(java.lang.String), notify()
	at 1-1 Order-Edit.run(1-1 Order-Edit:25)
	at com.kms.katalon.core.main.ScriptEngine.run(ScriptEngine.java:194)
	at com.kms.katalon.core.main.ScriptEngine.runScriptAsRawText(ScriptEngine.java:119)
	at com.kms.katalon.core.main.TestCaseExecutor.runScript(TestCaseExecutor.java:328)
	at com.kms.katalon.core.main.TestCaseExecutor.doExecute(TestCaseExecutor.java:319)
	at com.kms.katalon.core.main.TestCaseExecutor.processExecutionPhase(TestCaseExecutor.java:298)
	at com.kms.katalon.core.main.TestCaseExecutor.accessMainPhase(TestCaseExecutor.java:290)
	at com.kms.katalon.core.main.TestCaseExecutor.execute(TestCaseExecutor.java:224)
	at com.kms.katalon.core.main.TestSuiteExecutor.accessTestCaseMainPhase(TestSuiteExecutor.java:129)
	at com.kms.katalon.core.main.TestSuiteExecutor.accessTestSuiteMainPhase(TestSuiteExecutor.java:112)
	at com.kms.katalon.core.main.TestSuiteExecutor.execute(TestSuiteExecutor.java:81)
	at com.kms.katalon.core.main.TestCaseMain.startTestSuite(TestCaseMain.java:149)
	at com.kms.katalon.core.main.TestCaseMain$startTestSuite$0.call(Unknown Source)
	at TempTestSuite1557820014432.run(TempTestSuite1557820014432.groovy:36)
"/>
         <system-out><![CDATA[2019-05-14 15:47:15 - [TEST_CASE][ERROR] - Test Cases/1-1 Order-Edit: Test Cases/1-1 Order-Edit FAILED.
Reason:
groovy.lang.MissingMethodException: No signature of method: static com.kms.katalon.core.util.KeywordUtil.logInfo() is applicable for argument types: (com.kms.katalon.core.testobject.TestObject) values: [TestObject - 'Object Repository/1-1 Order/Edit/Select order by note']
Possible solutions: logInfo(java.lang.String), notify()
	at 1-1 Order-Edit.run(1-1 Order-Edit:25)
	at com.kms.katalon.core.main.ScriptEngine.run(ScriptEngine.java:194)
	at com.kms.katalon.core.main.ScriptEngine.runScriptAsRawText(ScriptEngine.java:119)
	at com.kms.katalon.core.main.TestCaseExecutor.runScript(TestCaseExecutor.java:328)
	at com.kms.katalon.core.main.TestCaseExecutor.doExecute(TestCaseExecutor.java:319)
	at com.kms.katalon.core.main.TestCaseExecutor.processExecutionPhase(TestCaseExecutor.java:298)
	at com.kms.katalon.core.main.TestCaseExecutor.accessMainPhase(TestCaseExecutor.java:290)
	at com.kms.katalon.core.main.TestCaseExecutor.execute(TestCaseExecutor.java:224)
	at com.kms.katalon.core.main.TestSuiteExecutor.accessTestCaseMainPhase(TestSuiteExecutor.java:129)
	at com.kms.katalon.core.main.TestSuiteExecutor.accessTestSuiteMainPhase(TestSuiteExecutor.java:112)
	at com.kms.katalon.core.main.TestSuiteExecutor.execute(TestSuiteExecutor.java:81)
	at com.kms.katalon.core.main.TestCaseMain.startTestSuite(TestCaseMain.java:149)
	at com.kms.katalon.core.main.TestCaseMain$startTestSuite$0.call(Unknown Source)
	at TempTestSuite1557820014432.run(TempTestSuite1557820014432.groovy:36)


2019-05-14 15:47:16 - [TEST_STEP][PASSED] - click(findTestObject("Object Repository/1-1 Order/Edit/Sort by order no")): Object: 'Object Repository/1-1 Order/Edit/Sort by order no' is clicked on

2019-05-14 15:47:16 - [MESSAGE][PASSED] - Object: 'Object Repository/1-1 Order/Edit/Sort by order no' is clicked on

2019-05-14 15:47:16 - [TEST_STEP][PASSED] - click(findTestObject("Object Repository/1-1 Order/Edit/Sort by order no")): Object: 'Object Repository/1-1 Order/Edit/Sort by order no' is clicked on

2019-05-14 15:47:16 - [MESSAGE][PASSED] - Object: 'Object Repository/1-1 Order/Edit/Sort by order no' is clicked on

2019-05-14 15:47:16 - [TEST_STEP][PASSED] - logInfo(Time): Testing   201905141547

2019-05-14 15:47:16 - [MESSAGE][INFO] - Testing   201905141547

2019-05-14 15:47:16 - [TEST_STEP][ERROR] - logInfo(findTestObject("1-1 Order/Edit/Select order by note")): logInfo(findTestObject("1-1 Order/Edit/Select order by note")) FAILED.
Reason:
groovy.lang.MissingMethodException: No signature of method: static com.kms.katalon.core.util.KeywordUtil.logInfo() is applicable for argument types: (com.kms.katalon.core.testobject.TestObject) values: [TestObject - 'Object Repository/1-1 Order/Edit/Select order by note']
Possible solutions: logInfo(java.lang.String), notify()
	at 1-1 Order-Edit.run(1-1 Order-Edit:25)
	at com.kms.katalon.core.main.ScriptEngine.run(ScriptEngine.java:194)
	at com.kms.katalon.core.main.ScriptEngine.runScriptAsRawText(ScriptEngine.java:119)
	at com.kms.katalon.core.main.TestCaseExecutor.runScript(TestCaseExecutor.java:328)
	at com.kms.katalon.core.main.TestCaseExecutor.doExecute(TestCaseExecutor.java:319)
	at com.kms.katalon.core.main.TestCaseExecutor.processExecutionPhase(TestCaseExecutor.java:298)
	at com.kms.katalon.core.main.TestCaseExecutor.accessMainPhase(TestCaseExecutor.java:290)
	at com.kms.katalon.core.main.TestCaseExecutor.execute(TestCaseExecutor.java:224)
	at com.kms.katalon.core.main.TestSuiteExecutor.accessTestCaseMainPhase(TestSuiteExecutor.java:129)
	at com.kms.katalon.core.main.TestSuiteExecutor.accessTestSuiteMainPhase(TestSuiteExecutor.java:112)
	at com.kms.katalon.core.main.TestSuiteExecutor.execute(TestSuiteExecutor.java:81)
	at com.kms.katalon.core.main.TestCaseMain.startTestSuite(TestCaseMain.java:149)
	at com.kms.katalon.core.main.TestCaseMain$startTestSuite$0.call(Unknown Source)
	at TempTestSuite1557820014432.run(TempTestSuite1557820014432.groovy:36)


2019-05-14 15:47:16 - [MESSAGE][ERROR] - logInfo(findTestObject("1-1 Order/Edit/Select order by note")) FAILED.
Reason:
groovy.lang.MissingMethodException: No signature of method: static com.kms.katalon.core.util.KeywordUtil.logInfo() is applicable for argument types: (com.kms.katalon.core.testobject.TestObject) values: [TestObject - 'Object Repository/1-1 Order/Edit/Select order by note']
Possible solutions: logInfo(java.lang.String), notify()
	at 1-1 Order-Edit.run(1-1 Order-Edit:25)
	at com.kms.katalon.core.main.ScriptEngine.run(ScriptEngine.java:194)
	at com.kms.katalon.core.main.ScriptEngine.runScriptAsRawText(ScriptEngine.java:119)
	at com.kms.katalon.core.main.TestCaseExecutor.runScript(TestCaseExecutor.java:328)
	at com.kms.katalon.core.main.TestCaseExecutor.doExecute(TestCaseExecutor.java:319)
	at com.kms.katalon.core.main.TestCaseExecutor.processExecutionPhase(TestCaseExecutor.java:298)
	at com.kms.katalon.core.main.TestCaseExecutor.accessMainPhase(TestCaseExecutor.java:290)
	at com.kms.katalon.core.main.TestCaseExecutor.execute(TestCaseExecutor.java:224)
	at com.kms.katalon.core.main.TestSuiteExecutor.accessTestCaseMainPhase(TestSuiteExecutor.java:129)
	at com.kms.katalon.core.main.TestSuiteExecutor.accessTestSuiteMainPhase(TestSuiteExecutor.java:112)
	at com.kms.katalon.core.main.TestSuiteExecutor.execute(TestSuiteExecutor.java:81)
	at com.kms.katalon.core.main.TestCaseMain.startTestSuite(TestCaseMain.java:149)
	at com.kms.katalon.core.main.TestCaseMain$startTestSuite$0.call(Unknown Source)
	at TempTestSuite1557820014432.run(TempTestSuite1557820014432.groovy:36)]]></system-out>
         <system-err><![CDATA[2019-05-14 15:47:15 - [TEST_CASE][ERROR] - Test Cases/1-1 Order-Edit: Test Cases/1-1 Order-Edit FAILED.
Reason:
groovy.lang.MissingMethodException: No signature of method: static com.kms.katalon.core.util.KeywordUtil.logInfo() is applicable for argument types: (com.kms.katalon.core.testobject.TestObject) values: [TestObject - 'Object Repository/1-1 Order/Edit/Select order by note']
Possible solutions: logInfo(java.lang.String), notify()
	at 1-1 Order-Edit.run(1-1 Order-Edit:25)
	at com.kms.katalon.core.main.ScriptEngine.run(ScriptEngine.java:194)
	at com.kms.katalon.core.main.ScriptEngine.runScriptAsRawText(ScriptEngine.java:119)
	at com.kms.katalon.core.main.TestCaseExecutor.runScript(TestCaseExecutor.java:328)
	at com.kms.katalon.core.main.TestCaseExecutor.doExecute(TestCaseExecutor.java:319)
	at com.kms.katalon.core.main.TestCaseExecutor.processExecutionPhase(TestCaseExecutor.java:298)
	at com.kms.katalon.core.main.TestCaseExecutor.accessMainPhase(TestCaseExecutor.java:290)
	at com.kms.katalon.core.main.TestCaseExecutor.execute(TestCaseExecutor.java:224)
	at com.kms.katalon.core.main.TestSuiteExecutor.accessTestCaseMainPhase(TestSuiteExecutor.java:129)
	at com.kms.katalon.core.main.TestSuiteExecutor.accessTestSuiteMainPhase(TestSuiteExecutor.java:112)
	at com.kms.katalon.core.main.TestSuiteExecutor.execute(TestSuiteExecutor.java:81)
	at com.kms.katalon.core.main.TestCaseMain.startTestSuite(TestCaseMain.java:149)
	at com.kms.katalon.core.main.TestCaseMain$startTestSuite$0.call(Unknown Source)
	at TempTestSuite1557820014432.run(TempTestSuite1557820014432.groovy:36)]]></system-err>
      </testcase>
      <system-out><![CDATA[2019-05-14 15:46:55 - [TEST_SUITE][ERROR] - 1-1 Order Test Suite: Test Cases/1-1 Order-Edit FAILED.
Reason:
groovy.lang.MissingMethodException: No signature of method: static com.kms.katalon.core.util.KeywordUtil.logInfo() is applicable for argument types: (com.kms.katalon.core.testobject.TestObject) values: [TestObject - 'Object Repository/1-1 Order/Edit/Select order by note']
Possible solutions: logInfo(java.lang.String), notify()
	at 1-1 Order-Edit.run(1-1 Order-Edit:25)
	at com.kms.katalon.core.main.ScriptEngine.run(ScriptEngine.java:194)
	at com.kms.katalon.core.main.ScriptEngine.runScriptAsRawText(ScriptEngine.java:119)
	at com.kms.katalon.core.main.TestCaseExecutor.runScript(TestCaseExecutor.java:328)
	at com.kms.katalon.core.main.TestCaseExecutor.doExecute(TestCaseExecutor.java:319)
	at com.kms.katalon.core.main.TestCaseExecutor.processExecutionPhase(TestCaseExecutor.java:298)
	at com.kms.katalon.core.main.TestCaseExecutor.accessMainPhase(TestCaseExecutor.java:290)
	at com.kms.katalon.core.main.TestCaseExecutor.execute(TestCaseExecutor.java:224)
	at com.kms.katalon.core.main.TestSuiteExecutor.accessTestCaseMainPhase(TestSuiteExecutor.java:129)
	at com.kms.katalon.core.main.TestSuiteExecutor.accessTestSuiteMainPhase(TestSuiteExecutor.java:112)
	at com.kms.katalon.core.main.TestSuiteExecutor.execute(TestSuiteExecutor.java:81)
	at com.kms.katalon.core.main.TestCaseMain.startTestSuite(TestCaseMain.java:149)
	at com.kms.katalon.core.main.TestCaseMain$startTestSuite$0.call(Unknown Source)
	at TempTestSuite1557820014432.run(TempTestSuite1557820014432.groovy:36)]]></system-out>
      <system-err><![CDATA[2019-05-14 15:46:55 - [TEST_SUITE][ERROR] - 1-1 Order Test Suite: Test Cases/1-1 Order-Edit FAILED.
Reason:
groovy.lang.MissingMethodException: No signature of method: static com.kms.katalon.core.util.KeywordUtil.logInfo() is applicable for argument types: (com.kms.katalon.core.testobject.TestObject) values: [TestObject - 'Object Repository/1-1 Order/Edit/Select order by note']
Possible solutions: logInfo(java.lang.String), notify()
	at 1-1 Order-Edit.run(1-1 Order-Edit:25)
	at com.kms.katalon.core.main.ScriptEngine.run(ScriptEngine.java:194)
	at com.kms.katalon.core.main.ScriptEngine.runScriptAsRawText(ScriptEngine.java:119)
	at com.kms.katalon.core.main.TestCaseExecutor.runScript(TestCaseExecutor.java:328)
	at com.kms.katalon.core.main.TestCaseExecutor.doExecute(TestCaseExecutor.java:319)
	at com.kms.katalon.core.main.TestCaseExecutor.processExecutionPhase(TestCaseExecutor.java:298)
	at com.kms.katalon.core.main.TestCaseExecutor.accessMainPhase(TestCaseExecutor.java:290)
	at com.kms.katalon.core.main.TestCaseExecutor.execute(TestCaseExecutor.java:224)
	at com.kms.katalon.core.main.TestSuiteExecutor.accessTestCaseMainPhase(TestSuiteExecutor.java:129)
	at com.kms.katalon.core.main.TestSuiteExecutor.accessTestSuiteMainPhase(TestSuiteExecutor.java:112)
	at com.kms.katalon.core.main.TestSuiteExecutor.execute(TestSuiteExecutor.java:81)
	at com.kms.katalon.core.main.TestCaseMain.startTestSuite(TestCaseMain.java:149)
	at com.kms.katalon.core.main.TestCaseMain$startTestSuite$0.call(Unknown Source)
	at TempTestSuite1557820014432.run(TempTestSuite1557820014432.groovy:36)]]></system-err>
   </testsuite>
</testsuites>
