<?xml version="1.0" encoding="UTF-8"?>
<testsuites name="1-3 Purchase return Test Suite" time="87" tests="1" failures="3" errors="0">
   <testsuite name="1-3 Purchase return Test Suite" tests="1" failures="3" errors="0" time="87" timestamp="2019-05-15 17:28:53" hostname="KennyIC_Chen - KennyIC_Chen.compal.com" id="Test Suites/1-3 Purchase return Test Suite">
      <properties>
         <property name="deviceName" value=""/>
         <property name="devicePlatform" value=""/>
         <property name="logFolder" value="C:\\Users\\KennyIC_chen.COMPAL\\git\\PSItest\\Reports\\1-3 Purchase return Test Suite\\20190515_172851"/>
         <property name="logFiles" value="C:\\Users\\KennyIC_chen.COMPAL\\git\\PSItest\\Reports\\1-3 Purchase return Test Suite\\20190515_172851\\execution0.log"/>
         <property name="attachments" value="C:\\Users\\KennyIC_chen.COMPAL\\git\\PSItest\\Reports\\1-3 Purchase return Test Suite\\20190515_172851\\1557912579105.png, C:\\Users\\KennyIC_chen.COMPAL\\git\\PSItest\\Reports\\1-3 Purchase return Test Suite\\20190515_172851\\1557912588197.png, C:\\Users\\KennyIC_chen.COMPAL\\git\\PSItest\\Reports\\1-3 Purchase return Test Suite\\20190515_172851\\1557912588592.png, C:\\Users\\KennyIC_chen.COMPAL\\git\\PSItest\\Reports\\1-3 Purchase return Test Suite\\20190515_172851\\1557912620229.png"/>
         <property name="hostName" value="KennyIC_Chen - KennyIC_Chen.compal.com"/>
         <property name="os" value="Windows 10 64bit"/>
         <property name="katalonVersion" value="5.10.1.1"/>
         <property name="browser" value="Chrome 73.0.3683.103"/>
         <property name="hostAddress" value="10.109.102.148"/>
         <property name="sessionId" value="b786126f73c1bdc5546218b02b3bb70d"/>
         <property name="seleniumVersion" value="3.7.1"/>
         <property name="proxyInformation" value="ProxyInformation{proxyOption=NO_PROXY, proxyServerType=HTTP, password=, proxyServerAddress=, proxyServerPort=0}"/>
         <property name="platform" value="Windows 10"/>
      </properties>
      <testcase name="Test Cases/Others/Login" classname="Test Cases/Others/Login" status="PASSED">
         <system-out><![CDATA[2019-05-15 17:28:53 - [TEST_CASE][PASSED] - Test Cases/Others/Login: Test Cases/Others/Login

2019-05-15 17:28:53 - [TEST_STEP][PASSED] - openBrowser(""): Browser is opened with url: ''

2019-05-15 17:28:54 - [MESSAGE][INFO] - Starting 'Chrome' driver

2019-05-15 17:28:54 - [MESSAGE][INFO] - Action delay is set to 0 seconds

2019-05-15 17:29:00 - [MESSAGE][PASSED] - Browser is opened with url: ''

2019-05-15 17:29:00 - [TEST_STEP][PASSED] - navigateToUrl("https://psi-azcldap.unicore.com.tw/login"): Navigate to 'https://psi-azcldap.unicore.com.tw/login' successfully

2019-05-15 17:29:02 - [MESSAGE][PASSED] - Navigate to 'https://psi-azcldap.unicore.com.tw/login' successfully

2019-05-15 17:29:02 - [TEST_STEP][PASSED] - maximizeWindow(): Current window maximized

2019-05-15 17:29:03 - [MESSAGE][PASSED] - Current window maximized

2019-05-15 17:29:03 - [TEST_STEP][PASSED] - setText(findTestObject("Others/Login/ID-QWE"), "QWE"): Text 'QWE' is set on object 'Object Repository/Others/Login/ID-QWE'

2019-05-15 17:29:03 - [MESSAGE][PASSED] - Text 'QWE' is set on object 'Object Repository/Others/Login/ID-QWE'

2019-05-15 17:29:03 - [TEST_STEP][PASSED] - setEncryptedText(findTestObject("Others/Login/PW-QWE"), "5opu+sh6ATw="): Text ****** has been set on object 'Object Repository/Others/Login/PW-QWE'

2019-05-15 17:29:04 - [MESSAGE][PASSED] - Text ****** has been set on object 'Object Repository/Others/Login/PW-QWE'

2019-05-15 17:29:04 - [TEST_STEP][PASSED] - click(findTestObject("Others/Login/Login Button")): Object: 'Object Repository/Others/Login/Login Button' is clicked on

2019-05-15 17:29:04 - [MESSAGE][PASSED] - Object: 'Object Repository/Others/Login/Login Button' is clicked on

2019-05-15 17:29:04 - [TEST_STEP][PASSED] - verifyElementClickable(findTestObject("Others/Login/Verify button")): Object 'Object Repository/Others/Login/Verify button' is clickable

2019-05-15 17:29:04 - [MESSAGE][PASSED] - Object 'Object Repository/Others/Login/Verify button' is clickable]]></system-out>
         <system-err><![CDATA[]]></system-err>
      </testcase>
      <testcase name="Test Cases/1 In/1-3 Purchase return/1-3 Purchase return-Add" classname="Test Cases/1 In/1-3 Purchase return/1-3 Purchase return-Add" status="FAILED">
         <failure type="FAILED" message="Test Cases/1 In/1-3 Purchase return/1-3 Purchase return-Add FAILED.
Reason:
com.kms.katalon.core.exception.StepFailedException: Unable to set text 'Testing201905151729' of object 'Object Repository/1 In/1-3 Return/Add/Comment' (Root cause: com.kms.katalon.core.webui.exception.WebElementNotFoundException: Web element with id: 'Object Repository/1 In/1-3 Return/Add/Comment' located by 'By.xpath: //input[@name = 'comment' and @type = 'text']' not found)
	at com.kms.katalon.core.keyword.internal.KeywordMain.stepFailed(KeywordMain.groovy:36)
	at com.kms.katalon.core.webui.keyword.internal.WebUIKeywordMain.stepFailed(WebUIKeywordMain.groovy:65)
	at com.kms.katalon.core.webui.keyword.internal.WebUIKeywordMain.runKeyword(WebUIKeywordMain.groovy:27)
	at com.kms.katalon.core.webui.keyword.builtin.SetTextKeyword.setText(SetTextKeyword.groovy:65)
	at com.kms.katalon.core.webui.keyword.builtin.SetTextKeyword.execute(SetTextKeyword.groovy:37)
	at com.kms.katalon.core.keyword.internal.KeywordExecutor.executeKeywordForPlatform(KeywordExecutor.groovy:53)
	at com.kms.katalon.core.webui.keyword.WebUiBuiltInKeywords.setText(WebUiBuiltInKeywords.groovy:950)
	at com.kms.katalon.core.webui.keyword.WebUiBuiltInKeywords$setText$2.call(Unknown Source)
	at 1-3 Purchase return-Add.run(1-3 Purchase return-Add:77)
	at com.kms.katalon.core.main.ScriptEngine.run(ScriptEngine.java:194)
	at com.kms.katalon.core.main.ScriptEngine.runScriptAsRawText(ScriptEngine.java:119)
	at com.kms.katalon.core.main.TestCaseExecutor.runScript(TestCaseExecutor.java:328)
	at com.kms.katalon.core.main.TestCaseExecutor.doExecute(TestCaseExecutor.java:319)
	at com.kms.katalon.core.main.TestCaseExecutor.processExecutionPhase(TestCaseExecutor.java:298)
	at com.kms.katalon.core.main.TestCaseExecutor.accessMainPhase(TestCaseExecutor.java:290)
	at com.kms.katalon.core.main.TestCaseExecutor.execute(TestCaseExecutor.java:224)
	at com.kms.katalon.core.main.TestSuiteExecutor.accessTestCaseMainPhase(TestSuiteExecutor.java:129)
	at com.kms.katalon.core.main.TestSuiteExecutor.accessTestSuiteMainPhase(TestSuiteExecutor.java:112)
	at com.kms.katalon.core.main.TestSuiteExecutor.execute(TestSuiteExecutor.java:81)
	at com.kms.katalon.core.main.TestCaseMain.startTestSuite(TestCaseMain.java:149)
	at com.kms.katalon.core.main.TestCaseMain$startTestSuite$0.call(Unknown Source)
	at TempTestSuite1557912531376.run(TempTestSuite1557912531376.groovy:36)
"/>
         <system-out><![CDATA[2019-05-15 17:29:04 - [TEST_CASE][FAILED] - Test Cases/1 In/1-3 Purchase return/1-3 Purchase return-Add: Test Cases/1 In/1-3 Purchase return/1-3 Purchase return-Add FAILED.
Reason:
com.kms.katalon.core.exception.StepFailedException: Unable to set text 'Testing201905151729' of object 'Object Repository/1 In/1-3 Return/Add/Comment' (Root cause: com.kms.katalon.core.webui.exception.WebElementNotFoundException: Web element with id: 'Object Repository/1 In/1-3 Return/Add/Comment' located by 'By.xpath: //input[@name = 'comment' and @type = 'text']' not found)
	at com.kms.katalon.core.keyword.internal.KeywordMain.stepFailed(KeywordMain.groovy:36)
	at com.kms.katalon.core.webui.keyword.internal.WebUIKeywordMain.stepFailed(WebUIKeywordMain.groovy:65)
	at com.kms.katalon.core.webui.keyword.internal.WebUIKeywordMain.runKeyword(WebUIKeywordMain.groovy:27)
	at com.kms.katalon.core.webui.keyword.builtin.SetTextKeyword.setText(SetTextKeyword.groovy:65)
	at com.kms.katalon.core.webui.keyword.builtin.SetTextKeyword.execute(SetTextKeyword.groovy:37)
	at com.kms.katalon.core.keyword.internal.KeywordExecutor.executeKeywordForPlatform(KeywordExecutor.groovy:53)
	at com.kms.katalon.core.webui.keyword.WebUiBuiltInKeywords.setText(WebUiBuiltInKeywords.groovy:950)
	at com.kms.katalon.core.webui.keyword.WebUiBuiltInKeywords$setText$2.call(Unknown Source)
	at 1-3 Purchase return-Add.run(1-3 Purchase return-Add:77)
	at com.kms.katalon.core.main.ScriptEngine.run(ScriptEngine.java:194)
	at com.kms.katalon.core.main.ScriptEngine.runScriptAsRawText(ScriptEngine.java:119)
	at com.kms.katalon.core.main.TestCaseExecutor.runScript(TestCaseExecutor.java:328)
	at com.kms.katalon.core.main.TestCaseExecutor.doExecute(TestCaseExecutor.java:319)
	at com.kms.katalon.core.main.TestCaseExecutor.processExecutionPhase(TestCaseExecutor.java:298)
	at com.kms.katalon.core.main.TestCaseExecutor.accessMainPhase(TestCaseExecutor.java:290)
	at com.kms.katalon.core.main.TestCaseExecutor.execute(TestCaseExecutor.java:224)
	at com.kms.katalon.core.main.TestSuiteExecutor.accessTestCaseMainPhase(TestSuiteExecutor.java:129)
	at com.kms.katalon.core.main.TestSuiteExecutor.accessTestSuiteMainPhase(TestSuiteExecutor.java:112)
	at com.kms.katalon.core.main.TestSuiteExecutor.execute(TestSuiteExecutor.java:81)
	at com.kms.katalon.core.main.TestCaseMain.startTestSuite(TestCaseMain.java:149)
	at com.kms.katalon.core.main.TestCaseMain$startTestSuite$0.call(Unknown Source)
	at TempTestSuite1557912531376.run(TempTestSuite1557912531376.groovy:36)


2019-05-15 17:29:04 - [TEST_STEP][PASSED] - click(findTestObject("1 In/1-3 Return/Add/Return button")): Object: 'Object Repository/1 In/1-3 Return/Add/Return button' is clicked on

2019-05-15 17:29:05 - [MESSAGE][PASSED] - Object: 'Object Repository/1 In/1-3 Return/Add/Return button' is clicked on

2019-05-15 17:29:05 - [TEST_STEP][PASSED] - click(findTestObject("1 In/1-3 Return/Add/Add button")): Object: 'Object Repository/1 In/1-3 Return/Add/Add button' is clicked on

2019-05-15 17:29:05 - [MESSAGE][PASSED] - Object: 'Object Repository/1 In/1-3 Return/Add/Add button' is clicked on

2019-05-15 17:29:05 - [TEST_STEP][PASSED] - click(findTestObject("1 In/1-3 Return/Add/Customer button")): Object: 'Object Repository/1 In/1-3 Return/Add/Customer button' is clicked on

2019-05-15 17:29:05 - [MESSAGE][PASSED] - Object: 'Object Repository/1 In/1-3 Return/Add/Customer button' is clicked on

2019-05-15 17:29:05 - [TEST_STEP][PASSED] - click(findTestObject("1 In/1-3 Return/Add/Customer 95230")): Object: 'Object Repository/1 In/1-3 Return/Add/Customer 95230' is clicked on

2019-05-15 17:29:06 - [MESSAGE][PASSED] - Object: 'Object Repository/1 In/1-3 Return/Add/Customer 95230' is clicked on

2019-05-15 17:29:06 - [TEST_STEP][PASSED] - click(findTestObject("1 In/1-3 Return/Add/Payment select")): Object: 'Object Repository/1 In/1-3 Return/Add/Payment select' is clicked on

2019-05-15 17:29:06 - [MESSAGE][PASSED] - Object: 'Object Repository/1 In/1-3 Return/Add/Payment select' is clicked on

2019-05-15 17:29:06 - [TEST_STEP][PASSED] - selectOptionByValue(findTestObject("1 In/1-3 Return/Add/Payment"), "0: 1", true): All options with value '0: 1' are selected in object 'Object Repository/1 In/1-3 Return/Add/Payment'  using regular expression

2019-05-15 17:29:06 - [MESSAGE][PASSED] - All options with value '0: 1' are selected in object 'Object Repository/1 In/1-3 Return/Add/Payment'  using regular expression

2019-05-15 17:29:06 - [TEST_STEP][PASSED] - click(findTestObject("1 In/1-3 Return/Add/Payment Date 1")): Object: 'Object Repository/1 In/1-3 Return/Add/Payment Date 1' is clicked on

2019-05-15 17:29:06 - [MESSAGE][PASSED] - Object: 'Object Repository/1 In/1-3 Return/Add/Payment Date 1' is clicked on

2019-05-15 17:29:06 - [TEST_STEP][PASSED] - click(findTestObject("1 In/1-3 Return/Add/Payment date 1 next month 10", ["xxx":abc(5)])): null

2019-05-15 17:29:06 - [TEST_STEP][PASSED] - today = new java.util.Date(): null

2019-05-15 17:29:06 - [TEST_STEP][PASSED] - day1 = Date().plus(num): null

2019-05-15 17:29:06 - [TEST_STEP][PASSED] - if (day1.format("MM") > today.format("MM")): null

2019-05-15 17:29:06 - [TEST_STEP][PASSED] - else: Object: 'Object Repository/1 In/1-3 Return/Add/Payment date 1 next month 10' is clicked on

2019-05-15 17:29:06 - [TEST_STEP][PASSED] - return day1.format(d): Object: 'Object Repository/1 In/1-3 Return/Add/Payment date 1 next month 10' is clicked on

2019-05-15 17:29:06 - [MESSAGE][PASSED] - Object: 'Object Repository/1 In/1-3 Return/Add/Payment date 1 next month 10' is clicked on

2019-05-15 17:29:06 - [TEST_STEP][PASSED] - click(findTestObject("1 In/1-3 Return/Add/Payment Date 2")): Object: 'Object Repository/1 In/1-3 Return/Add/Payment Date 2' is clicked on

2019-05-15 17:29:06 - [MESSAGE][PASSED] - Object: 'Object Repository/1 In/1-3 Return/Add/Payment Date 2' is clicked on

2019-05-15 17:29:06 - [TEST_STEP][PASSED] - click(findTestObject("1 In/1-3 Return/Add/Payment date 2 next month 15", ["xxx":abc(10)])): null

2019-05-15 17:29:06 - [TEST_STEP][PASSED] - today = new java.util.Date(): null

2019-05-15 17:29:06 - [TEST_STEP][PASSED] - day1 = Date().plus(num): null

2019-05-15 17:29:06 - [TEST_STEP][PASSED] - if (day1.format("MM") > today.format("MM")): null

2019-05-15 17:29:06 - [TEST_STEP][PASSED] - else: Object: 'Object Repository/1 In/1-3 Return/Add/Payment date 2 next month 15' is clicked on

2019-05-15 17:29:06 - [TEST_STEP][PASSED] - return day1.format(d): Object: 'Object Repository/1 In/1-3 Return/Add/Payment date 2 next month 15' is clicked on

2019-05-15 17:29:06 - [MESSAGE][PASSED] - Object: 'Object Repository/1 In/1-3 Return/Add/Payment date 2 next month 15' is clicked on

2019-05-15 17:29:06 - [TEST_STEP][PASSED] - click(findTestObject("1 In/1-3 Return/Add/Payment Date 3")): Object: 'Object Repository/1 In/1-3 Return/Add/Payment Date 3' is clicked on

2019-05-15 17:29:06 - [MESSAGE][PASSED] - Object: 'Object Repository/1 In/1-3 Return/Add/Payment Date 3' is clicked on

2019-05-15 17:29:06 - [TEST_STEP][PASSED] - click(findTestObject("1 In/1-3 Return/Add/Payment date 3 next month 20", ["xxx":abc(15)])): null

2019-05-15 17:29:06 - [TEST_STEP][PASSED] - today = new java.util.Date(): null

2019-05-15 17:29:06 - [TEST_STEP][PASSED] - day1 = Date().plus(num): null

2019-05-15 17:29:06 - [TEST_STEP][PASSED] - if (day1.format("MM") > today.format("MM")): null

2019-05-15 17:29:06 - [TEST_STEP][PASSED] - else: Object: 'Object Repository/1 In/1-3 Return/Add/Payment date 3 next month 20' is clicked on

2019-05-15 17:29:06 - [TEST_STEP][PASSED] - return day1.format(d): Object: 'Object Repository/1 In/1-3 Return/Add/Payment date 3 next month 20' is clicked on

2019-05-15 17:29:06 - [MESSAGE][PASSED] - Object: 'Object Repository/1 In/1-3 Return/Add/Payment date 3 next month 20' is clicked on

2019-05-15 17:29:06 - [TEST_STEP][PASSED] - click(findTestObject("1 In/1-3 Return/Add/Invoice select")): Object: 'Object Repository/1 In/1-3 Return/Add/Invoice select' is clicked on

2019-05-15 17:29:06 - [MESSAGE][PASSED] - Object: 'Object Repository/1 In/1-3 Return/Add/Invoice select' is clicked on

2019-05-15 17:29:06 - [TEST_STEP][PASSED] - selectOptionByValue(findTestObject("1 In/1-3 Return/Add/Invoice"), "3: 4", true): All options with value '3: 4' are selected in object 'Object Repository/1 In/1-3 Return/Add/Invoice'  using regular expression

2019-05-15 17:29:07 - [MESSAGE][PASSED] - All options with value '3: 4' are selected in object 'Object Repository/1 In/1-3 Return/Add/Invoice'  using regular expression

2019-05-15 17:29:07 - [TEST_STEP][PASSED] - setText(findTestObject("1 In/1-3 Return/Add/Invoice number"), Invoice_number): Text 'AB-12345678' is set on object 'Object Repository/1 In/1-3 Return/Add/Invoice number'

2019-05-15 17:29:07 - [MESSAGE][PASSED] - Text 'AB-12345678' is set on object 'Object Repository/1 In/1-3 Return/Add/Invoice number'

2019-05-15 17:29:07 - [TEST_STEP][PASSED] - click(findTestObject("1 In/1-3 Return/Add/Empolyee button")): Object: 'Object Repository/1 In/1-3 Return/Add/Empolyee button' is clicked on

2019-05-15 17:29:07 - [MESSAGE][PASSED] - Object: 'Object Repository/1 In/1-3 Return/Add/Empolyee button' is clicked on

2019-05-15 17:29:07 - [TEST_STEP][PASSED] - click(findTestObject("1 In/1-3 Return/Add/Employee Larry")): Object: 'Object Repository/1 In/1-3 Return/Add/Employee Larry' is clicked on

2019-05-15 17:29:07 - [MESSAGE][PASSED] - Object: 'Object Repository/1 In/1-3 Return/Add/Employee Larry' is clicked on

2019-05-15 17:29:07 - [TEST_STEP][PASSED] - setText(findTestObject("1 In/1-3 Return/Add/Purchase number"), "BB87654321"): Text 'BB87654321' is set on object 'Object Repository/1 In/1-3 Return/Add/Purchase number'

2019-05-15 17:29:08 - [MESSAGE][PASSED] - Text 'BB87654321' is set on object 'Object Repository/1 In/1-3 Return/Add/Purchase number'

2019-05-15 17:29:08 - [TEST_STEP][PASSED] - setText(findTestObject("1 In/1-3 Return/Add/Comment"), time()): null

2019-05-15 17:29:08 - [TEST_STEP][PASSED] - date = new java.util.Date(): null

2019-05-15 17:29:08 - [TEST_STEP][PASSED] - sdf = new java.text.SimpleDateFormat(yyyyMMddHHmm): null

2019-05-15 17:29:08 - [TEST_STEP][PASSED] - Time = Note + sdf.format(date): null

2019-05-15 17:29:08 - [TEST_STEP][FAILED] - return internal.GlobalVariable.Time: return internal.GlobalVariable.Time FAILED.
Reason:
com.kms.katalon.core.exception.StepFailedException: Unable to set text 'Testing201905151729' of object 'Object Repository/1 In/1-3 Return/Add/Comment' (Root cause: com.kms.katalon.core.webui.exception.WebElementNotFoundException: Web element with id: 'Object Repository/1 In/1-3 Return/Add/Comment' located by 'By.xpath: //input[@name = 'comment' and @type = 'text']' not found)
	at com.kms.katalon.core.keyword.internal.KeywordMain.stepFailed(KeywordMain.groovy:36)
	at com.kms.katalon.core.webui.keyword.internal.WebUIKeywordMain.stepFailed(WebUIKeywordMain.groovy:65)
	at com.kms.katalon.core.webui.keyword.internal.WebUIKeywordMain.runKeyword(WebUIKeywordMain.groovy:27)
	at com.kms.katalon.core.webui.keyword.builtin.SetTextKeyword.setText(SetTextKeyword.groovy:65)
	at com.kms.katalon.core.webui.keyword.builtin.SetTextKeyword.execute(SetTextKeyword.groovy:37)
	at com.kms.katalon.core.keyword.internal.KeywordExecutor.executeKeywordForPlatform(KeywordExecutor.groovy:53)
	at com.kms.katalon.core.webui.keyword.WebUiBuiltInKeywords.setText(WebUiBuiltInKeywords.groovy:950)
	at com.kms.katalon.core.webui.keyword.WebUiBuiltInKeywords$setText$2.call(Unknown Source)
	at 1-3 Purchase return-Add.run(1-3 Purchase return-Add:77)
	at com.kms.katalon.core.main.ScriptEngine.run(ScriptEngine.java:194)
	at com.kms.katalon.core.main.ScriptEngine.runScriptAsRawText(ScriptEngine.java:119)
	at com.kms.katalon.core.main.TestCaseExecutor.runScript(TestCaseExecutor.java:328)
	at com.kms.katalon.core.main.TestCaseExecutor.doExecute(TestCaseExecutor.java:319)
	at com.kms.katalon.core.main.TestCaseExecutor.processExecutionPhase(TestCaseExecutor.java:298)
	at com.kms.katalon.core.main.TestCaseExecutor.accessMainPhase(TestCaseExecutor.java:290)
	at com.kms.katalon.core.main.TestCaseExecutor.execute(TestCaseExecutor.java:224)
	at com.kms.katalon.core.main.TestSuiteExecutor.accessTestCaseMainPhase(TestSuiteExecutor.java:129)
	at com.kms.katalon.core.main.TestSuiteExecutor.accessTestSuiteMainPhase(TestSuiteExecutor.java:112)
	at com.kms.katalon.core.main.TestSuiteExecutor.execute(TestSuiteExecutor.java:81)
	at com.kms.katalon.core.main.TestCaseMain.startTestSuite(TestCaseMain.java:149)
	at com.kms.katalon.core.main.TestCaseMain$startTestSuite$0.call(Unknown Source)
	at TempTestSuite1557912531376.run(TempTestSuite1557912531376.groovy:36)


2019-05-15 17:29:39 - [MESSAGE][INFO] - Unable to find the element located by 'By.xpath: //input[@name = 'comment' and @type = 'text']'. Please recheck the objects properties to make sure the desired element is located. 

2019-05-15 17:29:39 - [MESSAGE][FAILED] - Unable to set text 'Testing201905151729' of object 'Object Repository/1 In/1-3 Return/Add/Comment' (Root cause: com.kms.katalon.core.webui.exception.WebElementNotFoundException: Web element with id: 'Object Repository/1 In/1-3 Return/Add/Comment' located by 'By.xpath: //input[@name = 'comment' and @type = 'text']' not found)
[[ATTACHMENT|C:\\Users\\KennyIC_chen.COMPAL\\git\\PSItest\\Reports\\1-3 Purchase return Test Suite\\20190515_172851\\1557912579105.png]]

2019-05-15 17:29:39 - [MESSAGE][FAILED] - return internal.GlobalVariable.Time FAILED.
Reason:
com.kms.katalon.core.exception.StepFailedException: Unable to set text 'Testing201905151729' of object 'Object Repository/1 In/1-3 Return/Add/Comment' (Root cause: com.kms.katalon.core.webui.exception.WebElementNotFoundException: Web element with id: 'Object Repository/1 In/1-3 Return/Add/Comment' located by 'By.xpath: //input[@name = 'comment' and @type = 'text']' not found)
	at com.kms.katalon.core.keyword.internal.KeywordMain.stepFailed(KeywordMain.groovy:36)
	at com.kms.katalon.core.webui.keyword.internal.WebUIKeywordMain.stepFailed(WebUIKeywordMain.groovy:65)
	at com.kms.katalon.core.webui.keyword.internal.WebUIKeywordMain.runKeyword(WebUIKeywordMain.groovy:27)
	at com.kms.katalon.core.webui.keyword.builtin.SetTextKeyword.setText(SetTextKeyword.groovy:65)
	at com.kms.katalon.core.webui.keyword.builtin.SetTextKeyword.execute(SetTextKeyword.groovy:37)
	at com.kms.katalon.core.keyword.internal.KeywordExecutor.executeKeywordForPlatform(KeywordExecutor.groovy:53)
	at com.kms.katalon.core.webui.keyword.WebUiBuiltInKeywords.setText(WebUiBuiltInKeywords.groovy:950)
	at com.kms.katalon.core.webui.keyword.WebUiBuiltInKeywords$setText$2.call(Unknown Source)
	at 1-3 Purchase return-Add.run(1-3 Purchase return-Add:77)
	at com.kms.katalon.core.main.ScriptEngine.run(ScriptEngine.java:194)
	at com.kms.katalon.core.main.ScriptEngine.runScriptAsRawText(ScriptEngine.java:119)
	at com.kms.katalon.core.main.TestCaseExecutor.runScript(TestCaseExecutor.java:328)
	at com.kms.katalon.core.main.TestCaseExecutor.doExecute(TestCaseExecutor.java:319)
	at com.kms.katalon.core.main.TestCaseExecutor.processExecutionPhase(TestCaseExecutor.java:298)
	at com.kms.katalon.core.main.TestCaseExecutor.accessMainPhase(TestCaseExecutor.java:290)
	at com.kms.katalon.core.main.TestCaseExecutor.execute(TestCaseExecutor.java:224)
	at com.kms.katalon.core.main.TestSuiteExecutor.accessTestCaseMainPhase(TestSuiteExecutor.java:129)
	at com.kms.katalon.core.main.TestSuiteExecutor.accessTestSuiteMainPhase(TestSuiteExecutor.java:112)
	at com.kms.katalon.core.main.TestSuiteExecutor.execute(TestSuiteExecutor.java:81)
	at com.kms.katalon.core.main.TestCaseMain.startTestSuite(TestCaseMain.java:149)
	at com.kms.katalon.core.main.TestCaseMain$startTestSuite$0.call(Unknown Source)
	at TempTestSuite1557912531376.run(TempTestSuite1557912531376.groovy:36)]]></system-out>
         <system-err><![CDATA[2019-05-15 17:29:04 - [TEST_CASE][FAILED] - Test Cases/1 In/1-3 Purchase return/1-3 Purchase return-Add: Test Cases/1 In/1-3 Purchase return/1-3 Purchase return-Add FAILED.
Reason:
com.kms.katalon.core.exception.StepFailedException: Unable to set text 'Testing201905151729' of object 'Object Repository/1 In/1-3 Return/Add/Comment' (Root cause: com.kms.katalon.core.webui.exception.WebElementNotFoundException: Web element with id: 'Object Repository/1 In/1-3 Return/Add/Comment' located by 'By.xpath: //input[@name = 'comment' and @type = 'text']' not found)
	at com.kms.katalon.core.keyword.internal.KeywordMain.stepFailed(KeywordMain.groovy:36)
	at com.kms.katalon.core.webui.keyword.internal.WebUIKeywordMain.stepFailed(WebUIKeywordMain.groovy:65)
	at com.kms.katalon.core.webui.keyword.internal.WebUIKeywordMain.runKeyword(WebUIKeywordMain.groovy:27)
	at com.kms.katalon.core.webui.keyword.builtin.SetTextKeyword.setText(SetTextKeyword.groovy:65)
	at com.kms.katalon.core.webui.keyword.builtin.SetTextKeyword.execute(SetTextKeyword.groovy:37)
	at com.kms.katalon.core.keyword.internal.KeywordExecutor.executeKeywordForPlatform(KeywordExecutor.groovy:53)
	at com.kms.katalon.core.webui.keyword.WebUiBuiltInKeywords.setText(WebUiBuiltInKeywords.groovy:950)
	at com.kms.katalon.core.webui.keyword.WebUiBuiltInKeywords$setText$2.call(Unknown Source)
	at 1-3 Purchase return-Add.run(1-3 Purchase return-Add:77)
	at com.kms.katalon.core.main.ScriptEngine.run(ScriptEngine.java:194)
	at com.kms.katalon.core.main.ScriptEngine.runScriptAsRawText(ScriptEngine.java:119)
	at com.kms.katalon.core.main.TestCaseExecutor.runScript(TestCaseExecutor.java:328)
	at com.kms.katalon.core.main.TestCaseExecutor.doExecute(TestCaseExecutor.java:319)
	at com.kms.katalon.core.main.TestCaseExecutor.processExecutionPhase(TestCaseExecutor.java:298)
	at com.kms.katalon.core.main.TestCaseExecutor.accessMainPhase(TestCaseExecutor.java:290)
	at com.kms.katalon.core.main.TestCaseExecutor.execute(TestCaseExecutor.java:224)
	at com.kms.katalon.core.main.TestSuiteExecutor.accessTestCaseMainPhase(TestSuiteExecutor.java:129)
	at com.kms.katalon.core.main.TestSuiteExecutor.accessTestSuiteMainPhase(TestSuiteExecutor.java:112)
	at com.kms.katalon.core.main.TestSuiteExecutor.execute(TestSuiteExecutor.java:81)
	at com.kms.katalon.core.main.TestCaseMain.startTestSuite(TestCaseMain.java:149)
	at com.kms.katalon.core.main.TestCaseMain$startTestSuite$0.call(Unknown Source)
	at TempTestSuite1557912531376.run(TempTestSuite1557912531376.groovy:36)]]></system-err>
      </testcase>
      <testcase name="Test Cases/Others/Accept and verify" classname="Test Cases/Others/Accept and verify" status="FAILED">
         <failure type="FAILED" message="Test Cases/Others/Accept and verify FAILED.
Reason:
com.kms.katalon.core.exception.StepFailedException: Unable to accept alert (Root cause: com.kms.katalon.core.exception.StepFailedException: No alert found)
	at com.kms.katalon.core.keyword.internal.KeywordMain.stepFailed(KeywordMain.groovy:36)
	at com.kms.katalon.core.webui.keyword.internal.WebUIKeywordMain.stepFailed(WebUIKeywordMain.groovy:65)
	at com.kms.katalon.core.webui.keyword.internal.WebUIKeywordMain.runKeyword(WebUIKeywordMain.groovy:27)
	at com.kms.katalon.core.webui.keyword.builtin.AcceptAlertKeyword.acceptAlert(AcceptAlertKeyword.groovy:71)
	at com.kms.katalon.core.webui.keyword.builtin.AcceptAlertKeyword.execute(AcceptAlertKeyword.groovy:66)
	at com.kms.katalon.core.keyword.internal.KeywordExecutor.executeKeywordForPlatform(KeywordExecutor.groovy:53)
	at com.kms.katalon.core.webui.keyword.WebUiBuiltInKeywords.acceptAlert(WebUiBuiltInKeywords.groovy:1492)
	at com.kms.katalon.core.webui.keyword.WebUiBuiltInKeywords$acceptAlert$8.call(Unknown Source)
	at Accept and verify.run(Accept and verify:20)
	at com.kms.katalon.core.main.ScriptEngine.run(ScriptEngine.java:194)
	at com.kms.katalon.core.main.ScriptEngine.runScriptAsRawText(ScriptEngine.java:119)
	at com.kms.katalon.core.main.TestCaseExecutor.runScript(TestCaseExecutor.java:328)
	at com.kms.katalon.core.main.TestCaseExecutor.doExecute(TestCaseExecutor.java:319)
	at com.kms.katalon.core.main.TestCaseExecutor.processExecutionPhase(TestCaseExecutor.java:298)
	at com.kms.katalon.core.main.TestCaseExecutor.accessMainPhase(TestCaseExecutor.java:290)
	at com.kms.katalon.core.main.TestCaseExecutor.execute(TestCaseExecutor.java:224)
	at com.kms.katalon.core.main.TestSuiteExecutor.accessTestCaseMainPhase(TestSuiteExecutor.java:129)
	at com.kms.katalon.core.main.TestSuiteExecutor.accessTestSuiteMainPhase(TestSuiteExecutor.java:112)
	at com.kms.katalon.core.main.TestSuiteExecutor.execute(TestSuiteExecutor.java:81)
	at com.kms.katalon.core.main.TestCaseMain.startTestSuite(TestCaseMain.java:149)
	at com.kms.katalon.core.main.TestCaseMain$startTestSuite$0.call(Unknown Source)
	at TempTestSuite1557912531376.run(TempTestSuite1557912531376.groovy:36)
"/>
         <system-out><![CDATA[2019-05-15 17:29:39 - [TEST_CASE][FAILED] - Test Cases/Others/Accept and verify: Test Cases/Others/Accept and verify FAILED.
Reason:
com.kms.katalon.core.exception.StepFailedException: Unable to accept alert (Root cause: com.kms.katalon.core.exception.StepFailedException: No alert found)
	at com.kms.katalon.core.keyword.internal.KeywordMain.stepFailed(KeywordMain.groovy:36)
	at com.kms.katalon.core.webui.keyword.internal.WebUIKeywordMain.stepFailed(WebUIKeywordMain.groovy:65)
	at com.kms.katalon.core.webui.keyword.internal.WebUIKeywordMain.runKeyword(WebUIKeywordMain.groovy:27)
	at com.kms.katalon.core.webui.keyword.builtin.AcceptAlertKeyword.acceptAlert(AcceptAlertKeyword.groovy:71)
	at com.kms.katalon.core.webui.keyword.builtin.AcceptAlertKeyword.execute(AcceptAlertKeyword.groovy:66)
	at com.kms.katalon.core.keyword.internal.KeywordExecutor.executeKeywordForPlatform(KeywordExecutor.groovy:53)
	at com.kms.katalon.core.webui.keyword.WebUiBuiltInKeywords.acceptAlert(WebUiBuiltInKeywords.groovy:1492)
	at com.kms.katalon.core.webui.keyword.WebUiBuiltInKeywords$acceptAlert$8.call(Unknown Source)
	at Accept and verify.run(Accept and verify:20)
	at com.kms.katalon.core.main.ScriptEngine.run(ScriptEngine.java:194)
	at com.kms.katalon.core.main.ScriptEngine.runScriptAsRawText(ScriptEngine.java:119)
	at com.kms.katalon.core.main.TestCaseExecutor.runScript(TestCaseExecutor.java:328)
	at com.kms.katalon.core.main.TestCaseExecutor.doExecute(TestCaseExecutor.java:319)
	at com.kms.katalon.core.main.TestCaseExecutor.processExecutionPhase(TestCaseExecutor.java:298)
	at com.kms.katalon.core.main.TestCaseExecutor.accessMainPhase(TestCaseExecutor.java:290)
	at com.kms.katalon.core.main.TestCaseExecutor.execute(TestCaseExecutor.java:224)
	at com.kms.katalon.core.main.TestSuiteExecutor.accessTestCaseMainPhase(TestSuiteExecutor.java:129)
	at com.kms.katalon.core.main.TestSuiteExecutor.accessTestSuiteMainPhase(TestSuiteExecutor.java:112)
	at com.kms.katalon.core.main.TestSuiteExecutor.execute(TestSuiteExecutor.java:81)
	at com.kms.katalon.core.main.TestCaseMain.startTestSuite(TestCaseMain.java:149)
	at com.kms.katalon.core.main.TestCaseMain$startTestSuite$0.call(Unknown Source)
	at TempTestSuite1557912531376.run(TempTestSuite1557912531376.groovy:36)


2019-05-15 17:29:39 - [TEST_STEP][PASSED] - delay(3): Delayed 3 second(s)

2019-05-15 17:29:43 - [MESSAGE][PASSED] - Delayed 3 second(s)

2019-05-15 17:29:43 - [TEST_STEP][PASSED] - waitForAlert(5): No alert found after 5 second(s).

2019-05-15 17:29:48 - [MESSAGE][WARNING] - No alert found after 5 second(s).

2019-05-15 17:29:48 - [TEST_STEP][FAILED] - acceptAlert(): acceptAlert() FAILED.
Reason:
com.kms.katalon.core.exception.StepFailedException: Unable to accept alert (Root cause: com.kms.katalon.core.exception.StepFailedException: No alert found)
	at com.kms.katalon.core.keyword.internal.KeywordMain.stepFailed(KeywordMain.groovy:36)
	at com.kms.katalon.core.webui.keyword.internal.WebUIKeywordMain.stepFailed(WebUIKeywordMain.groovy:65)
	at com.kms.katalon.core.webui.keyword.internal.WebUIKeywordMain.runKeyword(WebUIKeywordMain.groovy:27)
	at com.kms.katalon.core.webui.keyword.builtin.AcceptAlertKeyword.acceptAlert(AcceptAlertKeyword.groovy:71)
	at com.kms.katalon.core.webui.keyword.builtin.AcceptAlertKeyword.execute(AcceptAlertKeyword.groovy:66)
	at com.kms.katalon.core.keyword.internal.KeywordExecutor.executeKeywordForPlatform(KeywordExecutor.groovy:53)
	at com.kms.katalon.core.webui.keyword.WebUiBuiltInKeywords.acceptAlert(WebUiBuiltInKeywords.groovy:1492)
	at com.kms.katalon.core.webui.keyword.WebUiBuiltInKeywords$acceptAlert$8.call(Unknown Source)
	at Accept and verify.run(Accept and verify:20)
	at com.kms.katalon.core.main.ScriptEngine.run(ScriptEngine.java:194)
	at com.kms.katalon.core.main.ScriptEngine.runScriptAsRawText(ScriptEngine.java:119)
	at com.kms.katalon.core.main.TestCaseExecutor.runScript(TestCaseExecutor.java:328)
	at com.kms.katalon.core.main.TestCaseExecutor.doExecute(TestCaseExecutor.java:319)
	at com.kms.katalon.core.main.TestCaseExecutor.processExecutionPhase(TestCaseExecutor.java:298)
	at com.kms.katalon.core.main.TestCaseExecutor.accessMainPhase(TestCaseExecutor.java:290)
	at com.kms.katalon.core.main.TestCaseExecutor.execute(TestCaseExecutor.java:224)
	at com.kms.katalon.core.main.TestSuiteExecutor.accessTestCaseMainPhase(TestSuiteExecutor.java:129)
	at com.kms.katalon.core.main.TestSuiteExecutor.accessTestSuiteMainPhase(TestSuiteExecutor.java:112)
	at com.kms.katalon.core.main.TestSuiteExecutor.execute(TestSuiteExecutor.java:81)
	at com.kms.katalon.core.main.TestCaseMain.startTestSuite(TestCaseMain.java:149)
	at com.kms.katalon.core.main.TestCaseMain$startTestSuite$0.call(Unknown Source)
	at TempTestSuite1557912531376.run(TempTestSuite1557912531376.groovy:36)


2019-05-15 17:29:48 - [MESSAGE][FAILED] - No alert found
[[ATTACHMENT|C:\\Users\\KennyIC_chen.COMPAL\\git\\PSItest\\Reports\\1-3 Purchase return Test Suite\\20190515_172851\\1557912588197.png]]

2019-05-15 17:29:48 - [MESSAGE][FAILED] - Unable to accept alert (Root cause: com.kms.katalon.core.exception.StepFailedException: No alert found)
[[ATTACHMENT|C:\\Users\\KennyIC_chen.COMPAL\\git\\PSItest\\Reports\\1-3 Purchase return Test Suite\\20190515_172851\\1557912588592.png]]

2019-05-15 17:29:48 - [MESSAGE][FAILED] - acceptAlert() FAILED.
Reason:
com.kms.katalon.core.exception.StepFailedException: Unable to accept alert (Root cause: com.kms.katalon.core.exception.StepFailedException: No alert found)
	at com.kms.katalon.core.keyword.internal.KeywordMain.stepFailed(KeywordMain.groovy:36)
	at com.kms.katalon.core.webui.keyword.internal.WebUIKeywordMain.stepFailed(WebUIKeywordMain.groovy:65)
	at com.kms.katalon.core.webui.keyword.internal.WebUIKeywordMain.runKeyword(WebUIKeywordMain.groovy:27)
	at com.kms.katalon.core.webui.keyword.builtin.AcceptAlertKeyword.acceptAlert(AcceptAlertKeyword.groovy:71)
	at com.kms.katalon.core.webui.keyword.builtin.AcceptAlertKeyword.execute(AcceptAlertKeyword.groovy:66)
	at com.kms.katalon.core.keyword.internal.KeywordExecutor.executeKeywordForPlatform(KeywordExecutor.groovy:53)
	at com.kms.katalon.core.webui.keyword.WebUiBuiltInKeywords.acceptAlert(WebUiBuiltInKeywords.groovy:1492)
	at com.kms.katalon.core.webui.keyword.WebUiBuiltInKeywords$acceptAlert$8.call(Unknown Source)
	at Accept and verify.run(Accept and verify:20)
	at com.kms.katalon.core.main.ScriptEngine.run(ScriptEngine.java:194)
	at com.kms.katalon.core.main.ScriptEngine.runScriptAsRawText(ScriptEngine.java:119)
	at com.kms.katalon.core.main.TestCaseExecutor.runScript(TestCaseExecutor.java:328)
	at com.kms.katalon.core.main.TestCaseExecutor.doExecute(TestCaseExecutor.java:319)
	at com.kms.katalon.core.main.TestCaseExecutor.processExecutionPhase(TestCaseExecutor.java:298)
	at com.kms.katalon.core.main.TestCaseExecutor.accessMainPhase(TestCaseExecutor.java:290)
	at com.kms.katalon.core.main.TestCaseExecutor.execute(TestCaseExecutor.java:224)
	at com.kms.katalon.core.main.TestSuiteExecutor.accessTestCaseMainPhase(TestSuiteExecutor.java:129)
	at com.kms.katalon.core.main.TestSuiteExecutor.accessTestSuiteMainPhase(TestSuiteExecutor.java:112)
	at com.kms.katalon.core.main.TestSuiteExecutor.execute(TestSuiteExecutor.java:81)
	at com.kms.katalon.core.main.TestCaseMain.startTestSuite(TestCaseMain.java:149)
	at com.kms.katalon.core.main.TestCaseMain$startTestSuite$0.call(Unknown Source)
	at TempTestSuite1557912531376.run(TempTestSuite1557912531376.groovy:36)]]></system-out>
         <system-err><![CDATA[2019-05-15 17:29:39 - [TEST_CASE][FAILED] - Test Cases/Others/Accept and verify: Test Cases/Others/Accept and verify FAILED.
Reason:
com.kms.katalon.core.exception.StepFailedException: Unable to accept alert (Root cause: com.kms.katalon.core.exception.StepFailedException: No alert found)
	at com.kms.katalon.core.keyword.internal.KeywordMain.stepFailed(KeywordMain.groovy:36)
	at com.kms.katalon.core.webui.keyword.internal.WebUIKeywordMain.stepFailed(WebUIKeywordMain.groovy:65)
	at com.kms.katalon.core.webui.keyword.internal.WebUIKeywordMain.runKeyword(WebUIKeywordMain.groovy:27)
	at com.kms.katalon.core.webui.keyword.builtin.AcceptAlertKeyword.acceptAlert(AcceptAlertKeyword.groovy:71)
	at com.kms.katalon.core.webui.keyword.builtin.AcceptAlertKeyword.execute(AcceptAlertKeyword.groovy:66)
	at com.kms.katalon.core.keyword.internal.KeywordExecutor.executeKeywordForPlatform(KeywordExecutor.groovy:53)
	at com.kms.katalon.core.webui.keyword.WebUiBuiltInKeywords.acceptAlert(WebUiBuiltInKeywords.groovy:1492)
	at com.kms.katalon.core.webui.keyword.WebUiBuiltInKeywords$acceptAlert$8.call(Unknown Source)
	at Accept and verify.run(Accept and verify:20)
	at com.kms.katalon.core.main.ScriptEngine.run(ScriptEngine.java:194)
	at com.kms.katalon.core.main.ScriptEngine.runScriptAsRawText(ScriptEngine.java:119)
	at com.kms.katalon.core.main.TestCaseExecutor.runScript(TestCaseExecutor.java:328)
	at com.kms.katalon.core.main.TestCaseExecutor.doExecute(TestCaseExecutor.java:319)
	at com.kms.katalon.core.main.TestCaseExecutor.processExecutionPhase(TestCaseExecutor.java:298)
	at com.kms.katalon.core.main.TestCaseExecutor.accessMainPhase(TestCaseExecutor.java:290)
	at com.kms.katalon.core.main.TestCaseExecutor.execute(TestCaseExecutor.java:224)
	at com.kms.katalon.core.main.TestSuiteExecutor.accessTestCaseMainPhase(TestSuiteExecutor.java:129)
	at com.kms.katalon.core.main.TestSuiteExecutor.accessTestSuiteMainPhase(TestSuiteExecutor.java:112)
	at com.kms.katalon.core.main.TestSuiteExecutor.execute(TestSuiteExecutor.java:81)
	at com.kms.katalon.core.main.TestCaseMain.startTestSuite(TestCaseMain.java:149)
	at com.kms.katalon.core.main.TestCaseMain$startTestSuite$0.call(Unknown Source)
	at TempTestSuite1557912531376.run(TempTestSuite1557912531376.groovy:36)]]></system-err>
      </testcase>
      <testcase name="Test Cases/1 In/1-3 Purchase return/1-3 Purchase return-Edit" classname="Test Cases/1 In/1-3 Purchase return/1-3 Purchase return-Edit" status="FAILED">
         <failure type="FAILED" message="Test Cases/1 In/1-3 Purchase return/1-3 Purchase return-Edit FAILED.
Reason:
com.kms.katalon.core.exception.StepFailedException: Unable to click on object 'Object Repository/1 In/1-3 Return/Edit/Sort button by no' (Root cause: com.kms.katalon.core.webui.exception.WebElementNotFoundException: Web element with id: 'Object Repository/1 In/1-3 Return/Edit/Sort button by no' located by 'By.xpath: //td[(text() = '單號' or . = '單號')]' not found)
	at com.kms.katalon.core.keyword.internal.KeywordMain.stepFailed(KeywordMain.groovy:36)
	at com.kms.katalon.core.webui.keyword.internal.WebUIKeywordMain.stepFailed(WebUIKeywordMain.groovy:65)
	at com.kms.katalon.core.webui.keyword.internal.WebUIKeywordMain.runKeyword(WebUIKeywordMain.groovy:27)
	at com.kms.katalon.core.webui.keyword.builtin.ClickKeyword.click(ClickKeyword.groovy:86)
	at com.kms.katalon.core.webui.keyword.builtin.ClickKeyword.execute(ClickKeyword.groovy:67)
	at com.kms.katalon.core.keyword.internal.KeywordExecutor.executeKeywordForPlatform(KeywordExecutor.groovy:53)
	at com.kms.katalon.core.webui.keyword.WebUiBuiltInKeywords.click(WebUiBuiltInKeywords.groovy:616)
	at com.kms.katalon.core.webui.keyword.WebUiBuiltInKeywords$click$4.call(Unknown Source)
	at 1-3 Purchase return-Edit.run(1-3 Purchase return-Edit:16)
	at com.kms.katalon.core.main.ScriptEngine.run(ScriptEngine.java:194)
	at com.kms.katalon.core.main.ScriptEngine.runScriptAsRawText(ScriptEngine.java:119)
	at com.kms.katalon.core.main.TestCaseExecutor.runScript(TestCaseExecutor.java:328)
	at com.kms.katalon.core.main.TestCaseExecutor.doExecute(TestCaseExecutor.java:319)
	at com.kms.katalon.core.main.TestCaseExecutor.processExecutionPhase(TestCaseExecutor.java:298)
	at com.kms.katalon.core.main.TestCaseExecutor.accessMainPhase(TestCaseExecutor.java:290)
	at com.kms.katalon.core.main.TestCaseExecutor.execute(TestCaseExecutor.java:224)
	at com.kms.katalon.core.main.TestSuiteExecutor.accessTestCaseMainPhase(TestSuiteExecutor.java:129)
	at com.kms.katalon.core.main.TestSuiteExecutor.accessTestSuiteMainPhase(TestSuiteExecutor.java:112)
	at com.kms.katalon.core.main.TestSuiteExecutor.execute(TestSuiteExecutor.java:81)
	at com.kms.katalon.core.main.TestCaseMain.startTestSuite(TestCaseMain.java:149)
	at com.kms.katalon.core.main.TestCaseMain$startTestSuite$0.call(Unknown Source)
	at TempTestSuite1557912531376.run(TempTestSuite1557912531376.groovy:36)
"/>
         <system-out><![CDATA[2019-05-15 17:29:48 - [TEST_CASE][FAILED] - Test Cases/1 In/1-3 Purchase return/1-3 Purchase return-Edit: Test Cases/1 In/1-3 Purchase return/1-3 Purchase return-Edit FAILED.
Reason:
com.kms.katalon.core.exception.StepFailedException: Unable to click on object 'Object Repository/1 In/1-3 Return/Edit/Sort button by no' (Root cause: com.kms.katalon.core.webui.exception.WebElementNotFoundException: Web element with id: 'Object Repository/1 In/1-3 Return/Edit/Sort button by no' located by 'By.xpath: //td[(text() = '單號' or . = '單號')]' not found)
	at com.kms.katalon.core.keyword.internal.KeywordMain.stepFailed(KeywordMain.groovy:36)
	at com.kms.katalon.core.webui.keyword.internal.WebUIKeywordMain.stepFailed(WebUIKeywordMain.groovy:65)
	at com.kms.katalon.core.webui.keyword.internal.WebUIKeywordMain.runKeyword(WebUIKeywordMain.groovy:27)
	at com.kms.katalon.core.webui.keyword.builtin.ClickKeyword.click(ClickKeyword.groovy:86)
	at com.kms.katalon.core.webui.keyword.builtin.ClickKeyword.execute(ClickKeyword.groovy:67)
	at com.kms.katalon.core.keyword.internal.KeywordExecutor.executeKeywordForPlatform(KeywordExecutor.groovy:53)
	at com.kms.katalon.core.webui.keyword.WebUiBuiltInKeywords.click(WebUiBuiltInKeywords.groovy:616)
	at com.kms.katalon.core.webui.keyword.WebUiBuiltInKeywords$click$4.call(Unknown Source)
	at 1-3 Purchase return-Edit.run(1-3 Purchase return-Edit:16)
	at com.kms.katalon.core.main.ScriptEngine.run(ScriptEngine.java:194)
	at com.kms.katalon.core.main.ScriptEngine.runScriptAsRawText(ScriptEngine.java:119)
	at com.kms.katalon.core.main.TestCaseExecutor.runScript(TestCaseExecutor.java:328)
	at com.kms.katalon.core.main.TestCaseExecutor.doExecute(TestCaseExecutor.java:319)
	at com.kms.katalon.core.main.TestCaseExecutor.processExecutionPhase(TestCaseExecutor.java:298)
	at com.kms.katalon.core.main.TestCaseExecutor.accessMainPhase(TestCaseExecutor.java:290)
	at com.kms.katalon.core.main.TestCaseExecutor.execute(TestCaseExecutor.java:224)
	at com.kms.katalon.core.main.TestSuiteExecutor.accessTestCaseMainPhase(TestSuiteExecutor.java:129)
	at com.kms.katalon.core.main.TestSuiteExecutor.accessTestSuiteMainPhase(TestSuiteExecutor.java:112)
	at com.kms.katalon.core.main.TestSuiteExecutor.execute(TestSuiteExecutor.java:81)
	at com.kms.katalon.core.main.TestCaseMain.startTestSuite(TestCaseMain.java:149)
	at com.kms.katalon.core.main.TestCaseMain$startTestSuite$0.call(Unknown Source)
	at TempTestSuite1557912531376.run(TempTestSuite1557912531376.groovy:36)


2019-05-15 17:29:49 - [TEST_STEP][FAILED] - click(findTestObject("Object Repository/1 In/1-3 Return/Edit/Sort button by no")): click(findTestObject("Object Repository/1 In/1-3 Return/Edit/Sort button by no")) FAILED.
Reason:
com.kms.katalon.core.exception.StepFailedException: Unable to click on object 'Object Repository/1 In/1-3 Return/Edit/Sort button by no' (Root cause: com.kms.katalon.core.webui.exception.WebElementNotFoundException: Web element with id: 'Object Repository/1 In/1-3 Return/Edit/Sort button by no' located by 'By.xpath: //td[(text() = '單號' or . = '單號')]' not found)
	at com.kms.katalon.core.keyword.internal.KeywordMain.stepFailed(KeywordMain.groovy:36)
	at com.kms.katalon.core.webui.keyword.internal.WebUIKeywordMain.stepFailed(WebUIKeywordMain.groovy:65)
	at com.kms.katalon.core.webui.keyword.internal.WebUIKeywordMain.runKeyword(WebUIKeywordMain.groovy:27)
	at com.kms.katalon.core.webui.keyword.builtin.ClickKeyword.click(ClickKeyword.groovy:86)
	at com.kms.katalon.core.webui.keyword.builtin.ClickKeyword.execute(ClickKeyword.groovy:67)
	at com.kms.katalon.core.keyword.internal.KeywordExecutor.executeKeywordForPlatform(KeywordExecutor.groovy:53)
	at com.kms.katalon.core.webui.keyword.WebUiBuiltInKeywords.click(WebUiBuiltInKeywords.groovy:616)
	at com.kms.katalon.core.webui.keyword.WebUiBuiltInKeywords$click$4.call(Unknown Source)
	at 1-3 Purchase return-Edit.run(1-3 Purchase return-Edit:16)
	at com.kms.katalon.core.main.ScriptEngine.run(ScriptEngine.java:194)
	at com.kms.katalon.core.main.ScriptEngine.runScriptAsRawText(ScriptEngine.java:119)
	at com.kms.katalon.core.main.TestCaseExecutor.runScript(TestCaseExecutor.java:328)
	at com.kms.katalon.core.main.TestCaseExecutor.doExecute(TestCaseExecutor.java:319)
	at com.kms.katalon.core.main.TestCaseExecutor.processExecutionPhase(TestCaseExecutor.java:298)
	at com.kms.katalon.core.main.TestCaseExecutor.accessMainPhase(TestCaseExecutor.java:290)
	at com.kms.katalon.core.main.TestCaseExecutor.execute(TestCaseExecutor.java:224)
	at com.kms.katalon.core.main.TestSuiteExecutor.accessTestCaseMainPhase(TestSuiteExecutor.java:129)
	at com.kms.katalon.core.main.TestSuiteExecutor.accessTestSuiteMainPhase(TestSuiteExecutor.java:112)
	at com.kms.katalon.core.main.TestSuiteExecutor.execute(TestSuiteExecutor.java:81)
	at com.kms.katalon.core.main.TestCaseMain.startTestSuite(TestCaseMain.java:149)
	at com.kms.katalon.core.main.TestCaseMain$startTestSuite$0.call(Unknown Source)
	at TempTestSuite1557912531376.run(TempTestSuite1557912531376.groovy:36)


2019-05-15 17:30:20 - [MESSAGE][INFO] - Unable to find the element located by 'By.xpath: //td[(text() = '單號' or . = '單號')]'. Please recheck the objects properties to make sure the desired element is located. 

2019-05-15 17:30:20 - [MESSAGE][FAILED] - Unable to click on object 'Object Repository/1 In/1-3 Return/Edit/Sort button by no' (Root cause: com.kms.katalon.core.webui.exception.WebElementNotFoundException: Web element with id: 'Object Repository/1 In/1-3 Return/Edit/Sort button by no' located by 'By.xpath: //td[(text() = '單號' or . = '單號')]' not found)
[[ATTACHMENT|C:\\Users\\KennyIC_chen.COMPAL\\git\\PSItest\\Reports\\1-3 Purchase return Test Suite\\20190515_172851\\1557912620229.png]]

2019-05-15 17:30:20 - [MESSAGE][FAILED] - click(findTestObject("Object Repository/1 In/1-3 Return/Edit/Sort button by no")) FAILED.
Reason:
com.kms.katalon.core.exception.StepFailedException: Unable to click on object 'Object Repository/1 In/1-3 Return/Edit/Sort button by no' (Root cause: com.kms.katalon.core.webui.exception.WebElementNotFoundException: Web element with id: 'Object Repository/1 In/1-3 Return/Edit/Sort button by no' located by 'By.xpath: //td[(text() = '單號' or . = '單號')]' not found)
	at com.kms.katalon.core.keyword.internal.KeywordMain.stepFailed(KeywordMain.groovy:36)
	at com.kms.katalon.core.webui.keyword.internal.WebUIKeywordMain.stepFailed(WebUIKeywordMain.groovy:65)
	at com.kms.katalon.core.webui.keyword.internal.WebUIKeywordMain.runKeyword(WebUIKeywordMain.groovy:27)
	at com.kms.katalon.core.webui.keyword.builtin.ClickKeyword.click(ClickKeyword.groovy:86)
	at com.kms.katalon.core.webui.keyword.builtin.ClickKeyword.execute(ClickKeyword.groovy:67)
	at com.kms.katalon.core.keyword.internal.KeywordExecutor.executeKeywordForPlatform(KeywordExecutor.groovy:53)
	at com.kms.katalon.core.webui.keyword.WebUiBuiltInKeywords.click(WebUiBuiltInKeywords.groovy:616)
	at com.kms.katalon.core.webui.keyword.WebUiBuiltInKeywords$click$4.call(Unknown Source)
	at 1-3 Purchase return-Edit.run(1-3 Purchase return-Edit:16)
	at com.kms.katalon.core.main.ScriptEngine.run(ScriptEngine.java:194)
	at com.kms.katalon.core.main.ScriptEngine.runScriptAsRawText(ScriptEngine.java:119)
	at com.kms.katalon.core.main.TestCaseExecutor.runScript(TestCaseExecutor.java:328)
	at com.kms.katalon.core.main.TestCaseExecutor.doExecute(TestCaseExecutor.java:319)
	at com.kms.katalon.core.main.TestCaseExecutor.processExecutionPhase(TestCaseExecutor.java:298)
	at com.kms.katalon.core.main.TestCaseExecutor.accessMainPhase(TestCaseExecutor.java:290)
	at com.kms.katalon.core.main.TestCaseExecutor.execute(TestCaseExecutor.java:224)
	at com.kms.katalon.core.main.TestSuiteExecutor.accessTestCaseMainPhase(TestSuiteExecutor.java:129)
	at com.kms.katalon.core.main.TestSuiteExecutor.accessTestSuiteMainPhase(TestSuiteExecutor.java:112)
	at com.kms.katalon.core.main.TestSuiteExecutor.execute(TestSuiteExecutor.java:81)
	at com.kms.katalon.core.main.TestCaseMain.startTestSuite(TestCaseMain.java:149)
	at com.kms.katalon.core.main.TestCaseMain$startTestSuite$0.call(Unknown Source)
	at TempTestSuite1557912531376.run(TempTestSuite1557912531376.groovy:36)]]></system-out>
         <system-err><![CDATA[2019-05-15 17:29:48 - [TEST_CASE][FAILED] - Test Cases/1 In/1-3 Purchase return/1-3 Purchase return-Edit: Test Cases/1 In/1-3 Purchase return/1-3 Purchase return-Edit FAILED.
Reason:
com.kms.katalon.core.exception.StepFailedException: Unable to click on object 'Object Repository/1 In/1-3 Return/Edit/Sort button by no' (Root cause: com.kms.katalon.core.webui.exception.WebElementNotFoundException: Web element with id: 'Object Repository/1 In/1-3 Return/Edit/Sort button by no' located by 'By.xpath: //td[(text() = '單號' or . = '單號')]' not found)
	at com.kms.katalon.core.keyword.internal.KeywordMain.stepFailed(KeywordMain.groovy:36)
	at com.kms.katalon.core.webui.keyword.internal.WebUIKeywordMain.stepFailed(WebUIKeywordMain.groovy:65)
	at com.kms.katalon.core.webui.keyword.internal.WebUIKeywordMain.runKeyword(WebUIKeywordMain.groovy:27)
	at com.kms.katalon.core.webui.keyword.builtin.ClickKeyword.click(ClickKeyword.groovy:86)
	at com.kms.katalon.core.webui.keyword.builtin.ClickKeyword.execute(ClickKeyword.groovy:67)
	at com.kms.katalon.core.keyword.internal.KeywordExecutor.executeKeywordForPlatform(KeywordExecutor.groovy:53)
	at com.kms.katalon.core.webui.keyword.WebUiBuiltInKeywords.click(WebUiBuiltInKeywords.groovy:616)
	at com.kms.katalon.core.webui.keyword.WebUiBuiltInKeywords$click$4.call(Unknown Source)
	at 1-3 Purchase return-Edit.run(1-3 Purchase return-Edit:16)
	at com.kms.katalon.core.main.ScriptEngine.run(ScriptEngine.java:194)
	at com.kms.katalon.core.main.ScriptEngine.runScriptAsRawText(ScriptEngine.java:119)
	at com.kms.katalon.core.main.TestCaseExecutor.runScript(TestCaseExecutor.java:328)
	at com.kms.katalon.core.main.TestCaseExecutor.doExecute(TestCaseExecutor.java:319)
	at com.kms.katalon.core.main.TestCaseExecutor.processExecutionPhase(TestCaseExecutor.java:298)
	at com.kms.katalon.core.main.TestCaseExecutor.accessMainPhase(TestCaseExecutor.java:290)
	at com.kms.katalon.core.main.TestCaseExecutor.execute(TestCaseExecutor.java:224)
	at com.kms.katalon.core.main.TestSuiteExecutor.accessTestCaseMainPhase(TestSuiteExecutor.java:129)
	at com.kms.katalon.core.main.TestSuiteExecutor.accessTestSuiteMainPhase(TestSuiteExecutor.java:112)
	at com.kms.katalon.core.main.TestSuiteExecutor.execute(TestSuiteExecutor.java:81)
	at com.kms.katalon.core.main.TestCaseMain.startTestSuite(TestCaseMain.java:149)
	at com.kms.katalon.core.main.TestCaseMain$startTestSuite$0.call(Unknown Source)
	at TempTestSuite1557912531376.run(TempTestSuite1557912531376.groovy:36)]]></system-err>
      </testcase>
      <system-out><![CDATA[2019-05-15 17:28:53 - [TEST_SUITE][FAILED] - 1-3 Purchase return Test Suite: Test Cases/1 In/1-3 Purchase return/1-3 Purchase return-Add FAILED.
Reason:
com.kms.katalon.core.exception.StepFailedException: Unable to set text 'Testing201905151729' of object 'Object Repository/1 In/1-3 Return/Add/Comment' (Root cause: com.kms.katalon.core.webui.exception.WebElementNotFoundException: Web element with id: 'Object Repository/1 In/1-3 Return/Add/Comment' located by 'By.xpath: //input[@name = 'comment' and @type = 'text']' not found)
	at com.kms.katalon.core.keyword.internal.KeywordMain.stepFailed(KeywordMain.groovy:36)
	at com.kms.katalon.core.webui.keyword.internal.WebUIKeywordMain.stepFailed(WebUIKeywordMain.groovy:65)
	at com.kms.katalon.core.webui.keyword.internal.WebUIKeywordMain.runKeyword(WebUIKeywordMain.groovy:27)
	at com.kms.katalon.core.webui.keyword.builtin.SetTextKeyword.setText(SetTextKeyword.groovy:65)
	at com.kms.katalon.core.webui.keyword.builtin.SetTextKeyword.execute(SetTextKeyword.groovy:37)
	at com.kms.katalon.core.keyword.internal.KeywordExecutor.executeKeywordForPlatform(KeywordExecutor.groovy:53)
	at com.kms.katalon.core.webui.keyword.WebUiBuiltInKeywords.setText(WebUiBuiltInKeywords.groovy:950)
	at com.kms.katalon.core.webui.keyword.WebUiBuiltInKeywords$setText$2.call(Unknown Source)
	at 1-3 Purchase return-Add.run(1-3 Purchase return-Add:77)
	at com.kms.katalon.core.main.ScriptEngine.run(ScriptEngine.java:194)
	at com.kms.katalon.core.main.ScriptEngine.runScriptAsRawText(ScriptEngine.java:119)
	at com.kms.katalon.core.main.TestCaseExecutor.runScript(TestCaseExecutor.java:328)
	at com.kms.katalon.core.main.TestCaseExecutor.doExecute(TestCaseExecutor.java:319)
	at com.kms.katalon.core.main.TestCaseExecutor.processExecutionPhase(TestCaseExecutor.java:298)
	at com.kms.katalon.core.main.TestCaseExecutor.accessMainPhase(TestCaseExecutor.java:290)
	at com.kms.katalon.core.main.TestCaseExecutor.execute(TestCaseExecutor.java:224)
	at com.kms.katalon.core.main.TestSuiteExecutor.accessTestCaseMainPhase(TestSuiteExecutor.java:129)
	at com.kms.katalon.core.main.TestSuiteExecutor.accessTestSuiteMainPhase(TestSuiteExecutor.java:112)
	at com.kms.katalon.core.main.TestSuiteExecutor.execute(TestSuiteExecutor.java:81)
	at com.kms.katalon.core.main.TestCaseMain.startTestSuite(TestCaseMain.java:149)
	at com.kms.katalon.core.main.TestCaseMain$startTestSuite$0.call(Unknown Source)
	at TempTestSuite1557912531376.run(TempTestSuite1557912531376.groovy:36)]]></system-out>
      <system-err><![CDATA[2019-05-15 17:28:53 - [TEST_SUITE][FAILED] - 1-3 Purchase return Test Suite: Test Cases/1 In/1-3 Purchase return/1-3 Purchase return-Add FAILED.
Reason:
com.kms.katalon.core.exception.StepFailedException: Unable to set text 'Testing201905151729' of object 'Object Repository/1 In/1-3 Return/Add/Comment' (Root cause: com.kms.katalon.core.webui.exception.WebElementNotFoundException: Web element with id: 'Object Repository/1 In/1-3 Return/Add/Comment' located by 'By.xpath: //input[@name = 'comment' and @type = 'text']' not found)
	at com.kms.katalon.core.keyword.internal.KeywordMain.stepFailed(KeywordMain.groovy:36)
	at com.kms.katalon.core.webui.keyword.internal.WebUIKeywordMain.stepFailed(WebUIKeywordMain.groovy:65)
	at com.kms.katalon.core.webui.keyword.internal.WebUIKeywordMain.runKeyword(WebUIKeywordMain.groovy:27)
	at com.kms.katalon.core.webui.keyword.builtin.SetTextKeyword.setText(SetTextKeyword.groovy:65)
	at com.kms.katalon.core.webui.keyword.builtin.SetTextKeyword.execute(SetTextKeyword.groovy:37)
	at com.kms.katalon.core.keyword.internal.KeywordExecutor.executeKeywordForPlatform(KeywordExecutor.groovy:53)
	at com.kms.katalon.core.webui.keyword.WebUiBuiltInKeywords.setText(WebUiBuiltInKeywords.groovy:950)
	at com.kms.katalon.core.webui.keyword.WebUiBuiltInKeywords$setText$2.call(Unknown Source)
	at 1-3 Purchase return-Add.run(1-3 Purchase return-Add:77)
	at com.kms.katalon.core.main.ScriptEngine.run(ScriptEngine.java:194)
	at com.kms.katalon.core.main.ScriptEngine.runScriptAsRawText(ScriptEngine.java:119)
	at com.kms.katalon.core.main.TestCaseExecutor.runScript(TestCaseExecutor.java:328)
	at com.kms.katalon.core.main.TestCaseExecutor.doExecute(TestCaseExecutor.java:319)
	at com.kms.katalon.core.main.TestCaseExecutor.processExecutionPhase(TestCaseExecutor.java:298)
	at com.kms.katalon.core.main.TestCaseExecutor.accessMainPhase(TestCaseExecutor.java:290)
	at com.kms.katalon.core.main.TestCaseExecutor.execute(TestCaseExecutor.java:224)
	at com.kms.katalon.core.main.TestSuiteExecutor.accessTestCaseMainPhase(TestSuiteExecutor.java:129)
	at com.kms.katalon.core.main.TestSuiteExecutor.accessTestSuiteMainPhase(TestSuiteExecutor.java:112)
	at com.kms.katalon.core.main.TestSuiteExecutor.execute(TestSuiteExecutor.java:81)
	at com.kms.katalon.core.main.TestCaseMain.startTestSuite(TestCaseMain.java:149)
	at com.kms.katalon.core.main.TestCaseMain$startTestSuite$0.call(Unknown Source)
	at TempTestSuite1557912531376.run(TempTestSuite1557912531376.groovy:36)]]></system-err>
   </testsuite>
</testsuites>
