<?xml version="1.0" encoding="UTF-8"?>
<testsuites name="3-3 Adjust Test Suite" time="174" tests="3" failures="1" errors="0">
   <testsuite name="3-3 Adjust Test Suite" tests="3" failures="1" errors="0" time="174" timestamp="2019-06-03 09:15:20" hostname="KennyIC_Chen - Larry_Chen.compal.com" id="Test Suites/3-3 Adjust Test Suite">
      <properties>
         <property name="deviceName" value=""/>
         <property name="devicePlatform" value=""/>
         <property name="logFolder" value="D:\\Kenny\\D\\Katalon Studio\\PSI\\PSItest\\Reports\\3-3 Adjust Test Suite\\20190603_091518"/>
         <property name="logFiles" value="D:\\Kenny\\D\\Katalon Studio\\PSI\\PSItest\\Reports\\3-3 Adjust Test Suite\\20190603_091518\\execution0.log"/>
         <property name="attachments" value="D:\\Kenny\\D\\Katalon Studio\\PSI\\PSItest\\Reports\\3-3 Adjust Test Suite\\20190603_091518\\1559524693119.png"/>
         <property name="hostName" value="KennyIC_Chen - Larry_Chen.compal.com"/>
         <property name="os" value="Windows 10 64bit"/>
         <property name="katalonVersion" value="5.10.1.1"/>
         <property name="browser" value="Chrome 74.0.3729.169"/>
         <property name="hostAddress" value="10.109.98.51"/>
         <property name="sessionId" value="f3024b2604388704330b4df5e750b888"/>
         <property name="seleniumVersion" value="3.7.1"/>
         <property name="proxyInformation" value="ProxyInformation{proxyOption=NO_PROXY, proxyServerType=HTTP, password=, proxyServerAddress=, proxyServerPort=0}"/>
         <property name="platform" value="Windows 10"/>
      </properties>
      <testcase name="Test Cases/Others/Login" classname="Test Cases/Others/Login" status="PASSED">
         <system-out><![CDATA[2019-06-03 09:15:20 - [TEST_CASE][PASSED] - Test Cases/Others/Login: Test Cases/Others/Login

2019-06-03 09:15:20 - [TEST_STEP][PASSED] - openBrowser(""): Browser is opened with url: ''

2019-06-03 09:15:20 - [MESSAGE][INFO] - Starting 'Chrome' driver

2019-06-03 09:15:20 - [MESSAGE][INFO] - Action delay is set to 0 seconds

2019-06-03 09:15:23 - [MESSAGE][PASSED] - Browser is opened with url: ''

2019-06-03 09:15:23 - [TEST_STEP][PASSED] - navigateToUrl("https://psi-azcldap.unicore.com.tw/login"): Navigate to 'https://psi-azcldap.unicore.com.tw/login' successfully

2019-06-03 09:15:26 - [MESSAGE][PASSED] - Navigate to 'https://psi-azcldap.unicore.com.tw/login' successfully

2019-06-03 09:15:26 - [TEST_STEP][PASSED] - maximizeWindow(): Current window maximized

2019-06-03 09:15:27 - [MESSAGE][PASSED] - Current window maximized

2019-06-03 09:15:27 - [TEST_STEP][PASSED] - setText(findTestObject("Others/Login/ID-QWE"), "QWE"): Text 'QWE' is set on object 'Object Repository/Others/Login/ID-QWE'

2019-06-03 09:15:27 - [MESSAGE][PASSED] - Text 'QWE' is set on object 'Object Repository/Others/Login/ID-QWE'

2019-06-03 09:15:27 - [TEST_STEP][PASSED] - setEncryptedText(findTestObject("Others/Login/PW-QWE"), "5opu+sh6ATw="): Text ****** has been set on object 'Object Repository/Others/Login/PW-QWE'

2019-06-03 09:15:28 - [MESSAGE][PASSED] - Text ****** has been set on object 'Object Repository/Others/Login/PW-QWE'

2019-06-03 09:15:28 - [TEST_STEP][PASSED] - click(findTestObject("Others/Login/Login Button")): Object: 'Object Repository/Others/Login/Login Button' is clicked on

2019-06-03 09:15:28 - [MESSAGE][PASSED] - Object: 'Object Repository/Others/Login/Login Button' is clicked on

2019-06-03 09:15:28 - [TEST_STEP][PASSED] - verifyElementClickable(findTestObject("Others/Login/Verify button")): Object 'Object Repository/Others/Login/Verify button' is clickable

2019-06-03 09:15:28 - [MESSAGE][PASSED] - Object 'Object Repository/Others/Login/Verify button' is clickable]]></system-out>
         <system-err><![CDATA[]]></system-err>
      </testcase>
      <testcase name="Test Cases/3 Stock/3-3 Adjust/3-3 Adjust-add" classname="Test Cases/3 Stock/3-3 Adjust/3-3 Adjust-add" status="PASSED">
         <system-out><![CDATA[2019-06-03 09:15:28 - [TEST_CASE][PASSED] - Test Cases/3 Stock/3-3 Adjust/3-3 Adjust-add: Test Cases/3 Stock/3-3 Adjust/3-3 Adjust-add

2019-06-03 09:15:28 - [TEST_STEP][PASSED] - click(findTestObject("3 Stock/3-3 Adjuset/3-3 Adjuset-add/Adjuset button")): Object: 'Object Repository/3 Stock/3-3 Adjuset/3-3 Adjuset-add/Adjuset button' is clicked on

2019-06-03 09:15:28 - [MESSAGE][PASSED] - Object: 'Object Repository/3 Stock/3-3 Adjuset/3-3 Adjuset-add/Adjuset button' is clicked on

2019-06-03 09:15:28 - [TEST_STEP][PASSED] - click(findTestObject("3 Stock/3-3 Adjuset/3-3 Adjuset-add/Add button")): Object: 'Object Repository/3 Stock/3-3 Adjuset/3-3 Adjuset-add/Add button' is clicked on

2019-06-03 09:15:29 - [MESSAGE][PASSED] - Object: 'Object Repository/3 Stock/3-3 Adjuset/3-3 Adjuset-add/Add button' is clicked on

2019-06-03 09:15:29 - [TEST_STEP][PASSED] - click(findTestObject("3 Stock/3-3 Adjuset/3-3 Adjuset-add/Adjust type button")): Object: 'Object Repository/3 Stock/3-3 Adjuset/3-3 Adjuset-add/Adjust type button' is clicked on

2019-06-03 09:15:29 - [MESSAGE][PASSED] - Object: 'Object Repository/3 Stock/3-3 Adjuset/3-3 Adjuset-add/Adjust type button' is clicked on

2019-06-03 09:15:29 - [TEST_STEP][PASSED] - selectOptionByValue(findTestObject("3 Stock/3-3 Adjuset/3-3 Adjuset-add/Adjust type select"), "0: 2", true): All options with value '0: 2' are selected in object 'Object Repository/3 Stock/3-3 Adjuset/3-3 Adjuset-add/Adjust type select'  using regular expression

2019-06-03 09:15:29 - [MESSAGE][PASSED] - All options with value '0: 2' are selected in object 'Object Repository/3 Stock/3-3 Adjuset/3-3 Adjuset-add/Adjust type select'  using regular expression

2019-06-03 09:15:29 - [TEST_STEP][PASSED] - click(findTestObject("3 Stock/3-3 Adjuset/3-3 Adjuset-add/Adjust employee button")): Object: 'Object Repository/3 Stock/3-3 Adjuset/3-3 Adjuset-add/Adjust employee button' is clicked on

2019-06-03 09:15:29 - [MESSAGE][PASSED] - Object: 'Object Repository/3 Stock/3-3 Adjuset/3-3 Adjuset-add/Adjust employee button' is clicked on

2019-06-03 09:15:29 - [TEST_STEP][PASSED] - click(findTestObject("3 Stock/3-3 Adjuset/3-3 Adjuset-add/Adjust employee")): Object: 'Object Repository/3 Stock/3-3 Adjuset/3-3 Adjuset-add/Adjust employee' is clicked on

2019-06-03 09:15:30 - [MESSAGE][PASSED] - Object: 'Object Repository/3 Stock/3-3 Adjuset/3-3 Adjuset-add/Adjust employee' is clicked on

2019-06-03 09:15:30 - [TEST_STEP][PASSED] - setText(findTestObject("3 Stock/3-3 Adjuset/3-3 Adjuset-add/input__comments"), time()): null

2019-06-03 09:15:30 - [TEST_STEP][PASSED] - date = new java.util.Date(): null

2019-06-03 09:15:30 - [TEST_STEP][PASSED] - sdf = new java.text.SimpleDateFormat(yyyyMMddHHmm): null

2019-06-03 09:15:30 - [TEST_STEP][PASSED] - return (internal.GlobalVariable.Note + sdf.format(date)): Text 'Testing201906030915' is set on object 'Object Repository/3 Stock/3-3 Adjuset/3-3 Adjuset-add/input__comments'

2019-06-03 09:15:30 - [MESSAGE][PASSED] - Text 'Testing201906030915' is set on object 'Object Repository/3 Stock/3-3 Adjuset/3-3 Adjuset-add/input__comments'

2019-06-03 09:15:30 - [TEST_STEP][PASSED] - click(findTestObject("3 Stock/3-3 Adjuset/3-3 Adjuset-add/Adjust item button")): Object: 'Object Repository/3 Stock/3-3 Adjuset/3-3 Adjuset-add/Adjust item button' is clicked on

2019-06-03 09:15:30 - [MESSAGE][PASSED] - Object: 'Object Repository/3 Stock/3-3 Adjuset/3-3 Adjuset-add/Adjust item button' is clicked on

2019-06-03 09:15:30 - [TEST_STEP][PASSED] - click(findTestObject("3 Stock/3-3 Adjuset/3-3 Adjuset-add/item select")): Object: 'Object Repository/3 Stock/3-3 Adjuset/3-3 Adjuset-add/item select' is clicked on

2019-06-03 09:15:31 - [MESSAGE][PASSED] - Object: 'Object Repository/3 Stock/3-3 Adjuset/3-3 Adjuset-add/item select' is clicked on

2019-06-03 09:15:31 - [TEST_STEP][PASSED] - click(findTestObject("3 Stock/3-3 Adjuset/3-3 Adjuset-add/Item unit button")): Object: 'Object Repository/3 Stock/3-3 Adjuset/3-3 Adjuset-add/Item unit button' is clicked on

2019-06-03 09:15:31 - [MESSAGE][PASSED] - Object: 'Object Repository/3 Stock/3-3 Adjuset/3-3 Adjuset-add/Item unit button' is clicked on

2019-06-03 09:15:31 - [TEST_STEP][PASSED] - click(findTestObject("3 Stock/3-3 Adjuset/3-3 Adjuset-add/item unit")): Object: 'Object Repository/3 Stock/3-3 Adjuset/3-3 Adjuset-add/item unit' is clicked on

2019-06-03 09:15:32 - [MESSAGE][PASSED] - Object: 'Object Repository/3 Stock/3-3 Adjuset/3-3 Adjuset-add/item unit' is clicked on

2019-06-03 09:15:32 - [TEST_STEP][PASSED] - click(findTestObject("3 Stock/3-3 Adjuset/3-3 Adjuset-add/item warehouse button")): Object: 'Object Repository/3 Stock/3-3 Adjuset/3-3 Adjuset-add/item warehouse button' is clicked on

2019-06-03 09:15:32 - [MESSAGE][PASSED] - Object: 'Object Repository/3 Stock/3-3 Adjuset/3-3 Adjuset-add/item warehouse button' is clicked on

2019-06-03 09:15:32 - [TEST_STEP][PASSED] - click(findTestObject("3 Stock/3-3 Adjuset/3-3 Adjuset-add/item warehouse")): Object: 'Object Repository/3 Stock/3-3 Adjuset/3-3 Adjuset-add/item warehouse' is clicked on

2019-06-03 09:15:32 - [MESSAGE][PASSED] - Object: 'Object Repository/3 Stock/3-3 Adjuset/3-3 Adjuset-add/item warehouse' is clicked on

2019-06-03 09:15:32 - [TEST_STEP][PASSED] - setText(findTestObject("3 Stock/3-3 Adjuset/3-3 Adjuset-add/item qty"), "10"): Text '10' is set on object 'Object Repository/3 Stock/3-3 Adjuset/3-3 Adjuset-add/item qty'

2019-06-03 09:15:32 - [MESSAGE][PASSED] - Text '10' is set on object 'Object Repository/3 Stock/3-3 Adjuset/3-3 Adjuset-add/item qty'

2019-06-03 09:15:32 - [TEST_STEP][PASSED] - setText(findTestObject("3 Stock/3-3 Adjuset/3-3 Adjuset-add/item price"), "120"): Text '120' is set on object 'Object Repository/3 Stock/3-3 Adjuset/3-3 Adjuset-add/item price'

2019-06-03 09:15:32 - [MESSAGE][PASSED] - Text '120' is set on object 'Object Repository/3 Stock/3-3 Adjuset/3-3 Adjuset-add/item price'

2019-06-03 09:15:32 - [TEST_STEP][PASSED] - setText(findTestObject("3 Stock/3-3 Adjuset/3-3 Adjuset-add/item price 1"), "150"): Text '150' is set on object 'Object Repository/3 Stock/3-3 Adjuset/3-3 Adjuset-add/item price 1'

2019-06-03 09:15:32 - [MESSAGE][PASSED] - Text '150' is set on object 'Object Repository/3 Stock/3-3 Adjuset/3-3 Adjuset-add/item price 1'

2019-06-03 09:15:32 - [TEST_STEP][PASSED] - click(findTestObject("3 Stock/3-3 Adjuset/3-3 Adjuset-add/save")): Object: 'Object Repository/3 Stock/3-3 Adjuset/3-3 Adjuset-add/save' is clicked on

2019-06-03 09:15:33 - [MESSAGE][PASSED] - Object: 'Object Repository/3 Stock/3-3 Adjuset/3-3 Adjuset-add/save' is clicked on]]></system-out>
         <system-err><![CDATA[]]></system-err>
      </testcase>
      <testcase name="Test Cases/Others/Accept and verify" classname="Test Cases/Others/Accept and verify" status="PASSED">
         <system-out><![CDATA[2019-06-03 09:15:33 - [TEST_CASE][PASSED] - Test Cases/Others/Accept and verify: Test Cases/Others/Accept and verify

2019-06-03 09:15:33 - [TEST_STEP][PASSED] - delay(3): Delayed 3 second(s)

2019-06-03 09:15:36 - [MESSAGE][PASSED] - Delayed 3 second(s)

2019-06-03 09:15:36 - [TEST_STEP][PASSED] - waitForAlert(5): Alert is present after 5 second(s).

2019-06-03 09:15:36 - [MESSAGE][PASSED] - Alert is present after 5 second(s).

2019-06-03 09:15:36 - [TEST_STEP][PASSED] - acceptAlert(): Alert accepted

2019-06-03 09:15:36 - [MESSAGE][PASSED] - Alert accepted

2019-06-03 09:15:36 - [TEST_STEP][PASSED] - verifyElementClickable(findTestObject("Others/Accept and verify/Verify button")): Object 'Object Repository/Others/Accept and verify/Verify button' is clickable

2019-06-03 09:15:36 - [MESSAGE][PASSED] - Object 'Object Repository/Others/Accept and verify/Verify button' is clickable]]></system-out>
         <system-err><![CDATA[]]></system-err>
      </testcase>
      <testcase name="Test Cases/3 Stock/3-3 Adjust/3-3 Adjust-edit" classname="Test Cases/3 Stock/3-3 Adjust/3-3 Adjust-edit" status="FAILED">
         <failure type="FAILED" message="Test Cases/3 Stock/3-3 Adjust/3-3 Adjust-edit FAILED.
Reason:
com.kms.katalon.core.exception.StepFailedException: Unable to click on object 'Object Repository/3 Stock/3-3 Adjuset/3-3 Adjuset-edit/Select by note' (Root cause: com.kms.katalon.core.webui.exception.WebElementNotFoundException: Web element with id: 'Object Repository/3 Stock/3-3 Adjuset/3-3 Adjuset-edit/Select by note' located by 'By.xpath: //td[(text() = '' or . = '')]' not found)
	at com.kms.katalon.core.keyword.internal.KeywordMain.stepFailed(KeywordMain.groovy:36)
	at com.kms.katalon.core.webui.keyword.internal.WebUIKeywordMain.stepFailed(WebUIKeywordMain.groovy:65)
	at com.kms.katalon.core.webui.keyword.internal.WebUIKeywordMain.runKeyword(WebUIKeywordMain.groovy:27)
	at com.kms.katalon.core.webui.keyword.builtin.ClickKeyword.click(ClickKeyword.groovy:86)
	at com.kms.katalon.core.webui.keyword.builtin.ClickKeyword.execute(ClickKeyword.groovy:67)
	at com.kms.katalon.core.keyword.internal.KeywordExecutor.executeKeywordForPlatform(KeywordExecutor.groovy:53)
	at com.kms.katalon.core.webui.keyword.WebUiBuiltInKeywords.click(WebUiBuiltInKeywords.groovy:616)
	at com.kms.katalon.core.webui.keyword.WebUiBuiltInKeywords$click$4.call(Unknown Source)
	at 3-3 Adjust-edit.run(3-3 Adjust-edit:26)
	at com.kms.katalon.core.main.ScriptEngine.run(ScriptEngine.java:194)
	at com.kms.katalon.core.main.ScriptEngine.runScriptAsRawText(ScriptEngine.java:119)
	at com.kms.katalon.core.main.TestCaseExecutor.runScript(TestCaseExecutor.java:328)
	at com.kms.katalon.core.main.TestCaseExecutor.doExecute(TestCaseExecutor.java:319)
	at com.kms.katalon.core.main.TestCaseExecutor.processExecutionPhase(TestCaseExecutor.java:298)
	at com.kms.katalon.core.main.TestCaseExecutor.accessMainPhase(TestCaseExecutor.java:290)
	at com.kms.katalon.core.main.TestCaseExecutor.execute(TestCaseExecutor.java:224)
	at com.kms.katalon.core.main.TestSuiteExecutor.accessTestCaseMainPhase(TestSuiteExecutor.java:129)
	at com.kms.katalon.core.main.TestSuiteExecutor.accessTestSuiteMainPhase(TestSuiteExecutor.java:112)
	at com.kms.katalon.core.main.TestSuiteExecutor.execute(TestSuiteExecutor.java:81)
	at com.kms.katalon.core.main.TestCaseMain.startTestSuite(TestCaseMain.java:149)
	at com.kms.katalon.core.main.TestCaseMain$startTestSuite$0.call(Unknown Source)
	at TempTestSuite1559524518356.run(TempTestSuite1559524518356.groovy:36)
"/>
         <system-out><![CDATA[2019-06-03 09:15:36 - [TEST_CASE][FAILED] - Test Cases/3 Stock/3-3 Adjust/3-3 Adjust-edit: Test Cases/3 Stock/3-3 Adjust/3-3 Adjust-edit FAILED.
Reason:
com.kms.katalon.core.exception.StepFailedException: Unable to click on object 'Object Repository/3 Stock/3-3 Adjuset/3-3 Adjuset-edit/Select by note' (Root cause: com.kms.katalon.core.webui.exception.WebElementNotFoundException: Web element with id: 'Object Repository/3 Stock/3-3 Adjuset/3-3 Adjuset-edit/Select by note' located by 'By.xpath: //td[(text() = '' or . = '')]' not found)
	at com.kms.katalon.core.keyword.internal.KeywordMain.stepFailed(KeywordMain.groovy:36)
	at com.kms.katalon.core.webui.keyword.internal.WebUIKeywordMain.stepFailed(WebUIKeywordMain.groovy:65)
	at com.kms.katalon.core.webui.keyword.internal.WebUIKeywordMain.runKeyword(WebUIKeywordMain.groovy:27)
	at com.kms.katalon.core.webui.keyword.builtin.ClickKeyword.click(ClickKeyword.groovy:86)
	at com.kms.katalon.core.webui.keyword.builtin.ClickKeyword.execute(ClickKeyword.groovy:67)
	at com.kms.katalon.core.keyword.internal.KeywordExecutor.executeKeywordForPlatform(KeywordExecutor.groovy:53)
	at com.kms.katalon.core.webui.keyword.WebUiBuiltInKeywords.click(WebUiBuiltInKeywords.groovy:616)
	at com.kms.katalon.core.webui.keyword.WebUiBuiltInKeywords$click$4.call(Unknown Source)
	at 3-3 Adjust-edit.run(3-3 Adjust-edit:26)
	at com.kms.katalon.core.main.ScriptEngine.run(ScriptEngine.java:194)
	at com.kms.katalon.core.main.ScriptEngine.runScriptAsRawText(ScriptEngine.java:119)
	at com.kms.katalon.core.main.TestCaseExecutor.runScript(TestCaseExecutor.java:328)
	at com.kms.katalon.core.main.TestCaseExecutor.doExecute(TestCaseExecutor.java:319)
	at com.kms.katalon.core.main.TestCaseExecutor.processExecutionPhase(TestCaseExecutor.java:298)
	at com.kms.katalon.core.main.TestCaseExecutor.accessMainPhase(TestCaseExecutor.java:290)
	at com.kms.katalon.core.main.TestCaseExecutor.execute(TestCaseExecutor.java:224)
	at com.kms.katalon.core.main.TestSuiteExecutor.accessTestCaseMainPhase(TestSuiteExecutor.java:129)
	at com.kms.katalon.core.main.TestSuiteExecutor.accessTestSuiteMainPhase(TestSuiteExecutor.java:112)
	at com.kms.katalon.core.main.TestSuiteExecutor.execute(TestSuiteExecutor.java:81)
	at com.kms.katalon.core.main.TestCaseMain.startTestSuite(TestCaseMain.java:149)
	at com.kms.katalon.core.main.TestCaseMain$startTestSuite$0.call(Unknown Source)
	at TempTestSuite1559524518356.run(TempTestSuite1559524518356.groovy:36)


2019-06-03 09:15:36 - [TEST_STEP][PASSED] - click(findTestObject("3 Stock/3-3 Adjuset/3-3 Adjuset-edit/Sort by number")): Object: 'Object Repository/3 Stock/3-3 Adjuset/3-3 Adjuset-edit/Sort by number' is clicked on

2019-06-03 09:15:36 - [MESSAGE][PASSED] - Object: 'Object Repository/3 Stock/3-3 Adjuset/3-3 Adjuset-edit/Sort by number' is clicked on

2019-06-03 09:15:36 - [TEST_STEP][PASSED] - click(findTestObject("3 Stock/3-3 Adjuset/3-3 Adjuset-edit/Sort by number")): Object: 'Object Repository/3 Stock/3-3 Adjuset/3-3 Adjuset-edit/Sort by number' is clicked on

2019-06-03 09:15:36 - [MESSAGE][PASSED] - Object: 'Object Repository/3 Stock/3-3 Adjuset/3-3 Adjuset-edit/Sort by number' is clicked on

2019-06-03 09:15:36 - [TEST_STEP][PASSED] - XXX = Time: null

2019-06-03 09:15:36 - [TEST_STEP][FAILED] - click(findTestObject("3 Stock/3-3 Adjuset/3-3 Adjuset-edit/Select by note", ["xxx":XXX])): click(findTestObject("3 Stock/3-3 Adjuset/3-3 Adjuset-edit/Select by note", ["xxx":XXX])) FAILED.
Reason:
com.kms.katalon.core.exception.StepFailedException: Unable to click on object 'Object Repository/3 Stock/3-3 Adjuset/3-3 Adjuset-edit/Select by note' (Root cause: com.kms.katalon.core.webui.exception.WebElementNotFoundException: Web element with id: 'Object Repository/3 Stock/3-3 Adjuset/3-3 Adjuset-edit/Select by note' located by 'By.xpath: //td[(text() = '' or . = '')]' not found)
	at com.kms.katalon.core.keyword.internal.KeywordMain.stepFailed(KeywordMain.groovy:36)
	at com.kms.katalon.core.webui.keyword.internal.WebUIKeywordMain.stepFailed(WebUIKeywordMain.groovy:65)
	at com.kms.katalon.core.webui.keyword.internal.WebUIKeywordMain.runKeyword(WebUIKeywordMain.groovy:27)
	at com.kms.katalon.core.webui.keyword.builtin.ClickKeyword.click(ClickKeyword.groovy:86)
	at com.kms.katalon.core.webui.keyword.builtin.ClickKeyword.execute(ClickKeyword.groovy:67)
	at com.kms.katalon.core.keyword.internal.KeywordExecutor.executeKeywordForPlatform(KeywordExecutor.groovy:53)
	at com.kms.katalon.core.webui.keyword.WebUiBuiltInKeywords.click(WebUiBuiltInKeywords.groovy:616)
	at com.kms.katalon.core.webui.keyword.WebUiBuiltInKeywords$click$4.call(Unknown Source)
	at 3-3 Adjust-edit.run(3-3 Adjust-edit:26)
	at com.kms.katalon.core.main.ScriptEngine.run(ScriptEngine.java:194)
	at com.kms.katalon.core.main.ScriptEngine.runScriptAsRawText(ScriptEngine.java:119)
	at com.kms.katalon.core.main.TestCaseExecutor.runScript(TestCaseExecutor.java:328)
	at com.kms.katalon.core.main.TestCaseExecutor.doExecute(TestCaseExecutor.java:319)
	at com.kms.katalon.core.main.TestCaseExecutor.processExecutionPhase(TestCaseExecutor.java:298)
	at com.kms.katalon.core.main.TestCaseExecutor.accessMainPhase(TestCaseExecutor.java:290)
	at com.kms.katalon.core.main.TestCaseExecutor.execute(TestCaseExecutor.java:224)
	at com.kms.katalon.core.main.TestSuiteExecutor.accessTestCaseMainPhase(TestSuiteExecutor.java:129)
	at com.kms.katalon.core.main.TestSuiteExecutor.accessTestSuiteMainPhase(TestSuiteExecutor.java:112)
	at com.kms.katalon.core.main.TestSuiteExecutor.execute(TestSuiteExecutor.java:81)
	at com.kms.katalon.core.main.TestCaseMain.startTestSuite(TestCaseMain.java:149)
	at com.kms.katalon.core.main.TestCaseMain$startTestSuite$0.call(Unknown Source)
	at TempTestSuite1559524518356.run(TempTestSuite1559524518356.groovy:36)


2019-06-03 09:18:13 - [MESSAGE][INFO] - Unable to find the element located by 'By.xpath: //td[(text() = '' or . = '')]'. Please recheck the objects properties to make sure the desired element is located. 

2019-06-03 09:18:13 - [MESSAGE][FAILED] - Unable to click on object 'Object Repository/3 Stock/3-3 Adjuset/3-3 Adjuset-edit/Select by note' (Root cause: com.kms.katalon.core.webui.exception.WebElementNotFoundException: Web element with id: 'Object Repository/3 Stock/3-3 Adjuset/3-3 Adjuset-edit/Select by note' located by 'By.xpath: //td[(text() = '' or . = '')]' not found)
[[ATTACHMENT|D:\\Kenny\\D\\Katalon Studio\\PSI\\PSItest\\Reports\\3-3 Adjust Test Suite\\20190603_091518\\1559524693119.png]]

2019-06-03 09:18:13 - [MESSAGE][FAILED] - click(findTestObject("3 Stock/3-3 Adjuset/3-3 Adjuset-edit/Select by note", ["xxx":XXX])) FAILED.
Reason:
com.kms.katalon.core.exception.StepFailedException: Unable to click on object 'Object Repository/3 Stock/3-3 Adjuset/3-3 Adjuset-edit/Select by note' (Root cause: com.kms.katalon.core.webui.exception.WebElementNotFoundException: Web element with id: 'Object Repository/3 Stock/3-3 Adjuset/3-3 Adjuset-edit/Select by note' located by 'By.xpath: //td[(text() = '' or . = '')]' not found)
	at com.kms.katalon.core.keyword.internal.KeywordMain.stepFailed(KeywordMain.groovy:36)
	at com.kms.katalon.core.webui.keyword.internal.WebUIKeywordMain.stepFailed(WebUIKeywordMain.groovy:65)
	at com.kms.katalon.core.webui.keyword.internal.WebUIKeywordMain.runKeyword(WebUIKeywordMain.groovy:27)
	at com.kms.katalon.core.webui.keyword.builtin.ClickKeyword.click(ClickKeyword.groovy:86)
	at com.kms.katalon.core.webui.keyword.builtin.ClickKeyword.execute(ClickKeyword.groovy:67)
	at com.kms.katalon.core.keyword.internal.KeywordExecutor.executeKeywordForPlatform(KeywordExecutor.groovy:53)
	at com.kms.katalon.core.webui.keyword.WebUiBuiltInKeywords.click(WebUiBuiltInKeywords.groovy:616)
	at com.kms.katalon.core.webui.keyword.WebUiBuiltInKeywords$click$4.call(Unknown Source)
	at 3-3 Adjust-edit.run(3-3 Adjust-edit:26)
	at com.kms.katalon.core.main.ScriptEngine.run(ScriptEngine.java:194)
	at com.kms.katalon.core.main.ScriptEngine.runScriptAsRawText(ScriptEngine.java:119)
	at com.kms.katalon.core.main.TestCaseExecutor.runScript(TestCaseExecutor.java:328)
	at com.kms.katalon.core.main.TestCaseExecutor.doExecute(TestCaseExecutor.java:319)
	at com.kms.katalon.core.main.TestCaseExecutor.processExecutionPhase(TestCaseExecutor.java:298)
	at com.kms.katalon.core.main.TestCaseExecutor.accessMainPhase(TestCaseExecutor.java:290)
	at com.kms.katalon.core.main.TestCaseExecutor.execute(TestCaseExecutor.java:224)
	at com.kms.katalon.core.main.TestSuiteExecutor.accessTestCaseMainPhase(TestSuiteExecutor.java:129)
	at com.kms.katalon.core.main.TestSuiteExecutor.accessTestSuiteMainPhase(TestSuiteExecutor.java:112)
	at com.kms.katalon.core.main.TestSuiteExecutor.execute(TestSuiteExecutor.java:81)
	at com.kms.katalon.core.main.TestCaseMain.startTestSuite(TestCaseMain.java:149)
	at com.kms.katalon.core.main.TestCaseMain$startTestSuite$0.call(Unknown Source)
	at TempTestSuite1559524518356.run(TempTestSuite1559524518356.groovy:36)]]></system-out>
         <system-err><![CDATA[2019-06-03 09:15:36 - [TEST_CASE][FAILED] - Test Cases/3 Stock/3-3 Adjust/3-3 Adjust-edit: Test Cases/3 Stock/3-3 Adjust/3-3 Adjust-edit FAILED.
Reason:
com.kms.katalon.core.exception.StepFailedException: Unable to click on object 'Object Repository/3 Stock/3-3 Adjuset/3-3 Adjuset-edit/Select by note' (Root cause: com.kms.katalon.core.webui.exception.WebElementNotFoundException: Web element with id: 'Object Repository/3 Stock/3-3 Adjuset/3-3 Adjuset-edit/Select by note' located by 'By.xpath: //td[(text() = '' or . = '')]' not found)
	at com.kms.katalon.core.keyword.internal.KeywordMain.stepFailed(KeywordMain.groovy:36)
	at com.kms.katalon.core.webui.keyword.internal.WebUIKeywordMain.stepFailed(WebUIKeywordMain.groovy:65)
	at com.kms.katalon.core.webui.keyword.internal.WebUIKeywordMain.runKeyword(WebUIKeywordMain.groovy:27)
	at com.kms.katalon.core.webui.keyword.builtin.ClickKeyword.click(ClickKeyword.groovy:86)
	at com.kms.katalon.core.webui.keyword.builtin.ClickKeyword.execute(ClickKeyword.groovy:67)
	at com.kms.katalon.core.keyword.internal.KeywordExecutor.executeKeywordForPlatform(KeywordExecutor.groovy:53)
	at com.kms.katalon.core.webui.keyword.WebUiBuiltInKeywords.click(WebUiBuiltInKeywords.groovy:616)
	at com.kms.katalon.core.webui.keyword.WebUiBuiltInKeywords$click$4.call(Unknown Source)
	at 3-3 Adjust-edit.run(3-3 Adjust-edit:26)
	at com.kms.katalon.core.main.ScriptEngine.run(ScriptEngine.java:194)
	at com.kms.katalon.core.main.ScriptEngine.runScriptAsRawText(ScriptEngine.java:119)
	at com.kms.katalon.core.main.TestCaseExecutor.runScript(TestCaseExecutor.java:328)
	at com.kms.katalon.core.main.TestCaseExecutor.doExecute(TestCaseExecutor.java:319)
	at com.kms.katalon.core.main.TestCaseExecutor.processExecutionPhase(TestCaseExecutor.java:298)
	at com.kms.katalon.core.main.TestCaseExecutor.accessMainPhase(TestCaseExecutor.java:290)
	at com.kms.katalon.core.main.TestCaseExecutor.execute(TestCaseExecutor.java:224)
	at com.kms.katalon.core.main.TestSuiteExecutor.accessTestCaseMainPhase(TestSuiteExecutor.java:129)
	at com.kms.katalon.core.main.TestSuiteExecutor.accessTestSuiteMainPhase(TestSuiteExecutor.java:112)
	at com.kms.katalon.core.main.TestSuiteExecutor.execute(TestSuiteExecutor.java:81)
	at com.kms.katalon.core.main.TestCaseMain.startTestSuite(TestCaseMain.java:149)
	at com.kms.katalon.core.main.TestCaseMain$startTestSuite$0.call(Unknown Source)
	at TempTestSuite1559524518356.run(TempTestSuite1559524518356.groovy:36)]]></system-err>
      </testcase>
      <system-out><![CDATA[2019-06-03 09:15:20 - [TEST_SUITE][FAILED] - 3-3 Adjust Test Suite: Test Cases/3 Stock/3-3 Adjust/3-3 Adjust-edit FAILED.
Reason:
com.kms.katalon.core.exception.StepFailedException: Unable to click on object 'Object Repository/3 Stock/3-3 Adjuset/3-3 Adjuset-edit/Select by note' (Root cause: com.kms.katalon.core.webui.exception.WebElementNotFoundException: Web element with id: 'Object Repository/3 Stock/3-3 Adjuset/3-3 Adjuset-edit/Select by note' located by 'By.xpath: //td[(text() = '' or . = '')]' not found)
	at com.kms.katalon.core.keyword.internal.KeywordMain.stepFailed(KeywordMain.groovy:36)
	at com.kms.katalon.core.webui.keyword.internal.WebUIKeywordMain.stepFailed(WebUIKeywordMain.groovy:65)
	at com.kms.katalon.core.webui.keyword.internal.WebUIKeywordMain.runKeyword(WebUIKeywordMain.groovy:27)
	at com.kms.katalon.core.webui.keyword.builtin.ClickKeyword.click(ClickKeyword.groovy:86)
	at com.kms.katalon.core.webui.keyword.builtin.ClickKeyword.execute(ClickKeyword.groovy:67)
	at com.kms.katalon.core.keyword.internal.KeywordExecutor.executeKeywordForPlatform(KeywordExecutor.groovy:53)
	at com.kms.katalon.core.webui.keyword.WebUiBuiltInKeywords.click(WebUiBuiltInKeywords.groovy:616)
	at com.kms.katalon.core.webui.keyword.WebUiBuiltInKeywords$click$4.call(Unknown Source)
	at 3-3 Adjust-edit.run(3-3 Adjust-edit:26)
	at com.kms.katalon.core.main.ScriptEngine.run(ScriptEngine.java:194)
	at com.kms.katalon.core.main.ScriptEngine.runScriptAsRawText(ScriptEngine.java:119)
	at com.kms.katalon.core.main.TestCaseExecutor.runScript(TestCaseExecutor.java:328)
	at com.kms.katalon.core.main.TestCaseExecutor.doExecute(TestCaseExecutor.java:319)
	at com.kms.katalon.core.main.TestCaseExecutor.processExecutionPhase(TestCaseExecutor.java:298)
	at com.kms.katalon.core.main.TestCaseExecutor.accessMainPhase(TestCaseExecutor.java:290)
	at com.kms.katalon.core.main.TestCaseExecutor.execute(TestCaseExecutor.java:224)
	at com.kms.katalon.core.main.TestSuiteExecutor.accessTestCaseMainPhase(TestSuiteExecutor.java:129)
	at com.kms.katalon.core.main.TestSuiteExecutor.accessTestSuiteMainPhase(TestSuiteExecutor.java:112)
	at com.kms.katalon.core.main.TestSuiteExecutor.execute(TestSuiteExecutor.java:81)
	at com.kms.katalon.core.main.TestCaseMain.startTestSuite(TestCaseMain.java:149)
	at com.kms.katalon.core.main.TestCaseMain$startTestSuite$0.call(Unknown Source)
	at TempTestSuite1559524518356.run(TempTestSuite1559524518356.groovy:36)]]></system-out>
      <system-err><![CDATA[2019-06-03 09:15:20 - [TEST_SUITE][FAILED] - 3-3 Adjust Test Suite: Test Cases/3 Stock/3-3 Adjust/3-3 Adjust-edit FAILED.
Reason:
com.kms.katalon.core.exception.StepFailedException: Unable to click on object 'Object Repository/3 Stock/3-3 Adjuset/3-3 Adjuset-edit/Select by note' (Root cause: com.kms.katalon.core.webui.exception.WebElementNotFoundException: Web element with id: 'Object Repository/3 Stock/3-3 Adjuset/3-3 Adjuset-edit/Select by note' located by 'By.xpath: //td[(text() = '' or . = '')]' not found)
	at com.kms.katalon.core.keyword.internal.KeywordMain.stepFailed(KeywordMain.groovy:36)
	at com.kms.katalon.core.webui.keyword.internal.WebUIKeywordMain.stepFailed(WebUIKeywordMain.groovy:65)
	at com.kms.katalon.core.webui.keyword.internal.WebUIKeywordMain.runKeyword(WebUIKeywordMain.groovy:27)
	at com.kms.katalon.core.webui.keyword.builtin.ClickKeyword.click(ClickKeyword.groovy:86)
	at com.kms.katalon.core.webui.keyword.builtin.ClickKeyword.execute(ClickKeyword.groovy:67)
	at com.kms.katalon.core.keyword.internal.KeywordExecutor.executeKeywordForPlatform(KeywordExecutor.groovy:53)
	at com.kms.katalon.core.webui.keyword.WebUiBuiltInKeywords.click(WebUiBuiltInKeywords.groovy:616)
	at com.kms.katalon.core.webui.keyword.WebUiBuiltInKeywords$click$4.call(Unknown Source)
	at 3-3 Adjust-edit.run(3-3 Adjust-edit:26)
	at com.kms.katalon.core.main.ScriptEngine.run(ScriptEngine.java:194)
	at com.kms.katalon.core.main.ScriptEngine.runScriptAsRawText(ScriptEngine.java:119)
	at com.kms.katalon.core.main.TestCaseExecutor.runScript(TestCaseExecutor.java:328)
	at com.kms.katalon.core.main.TestCaseExecutor.doExecute(TestCaseExecutor.java:319)
	at com.kms.katalon.core.main.TestCaseExecutor.processExecutionPhase(TestCaseExecutor.java:298)
	at com.kms.katalon.core.main.TestCaseExecutor.accessMainPhase(TestCaseExecutor.java:290)
	at com.kms.katalon.core.main.TestCaseExecutor.execute(TestCaseExecutor.java:224)
	at com.kms.katalon.core.main.TestSuiteExecutor.accessTestCaseMainPhase(TestSuiteExecutor.java:129)
	at com.kms.katalon.core.main.TestSuiteExecutor.accessTestSuiteMainPhase(TestSuiteExecutor.java:112)
	at com.kms.katalon.core.main.TestSuiteExecutor.execute(TestSuiteExecutor.java:81)
	at com.kms.katalon.core.main.TestCaseMain.startTestSuite(TestCaseMain.java:149)
	at com.kms.katalon.core.main.TestCaseMain$startTestSuite$0.call(Unknown Source)
	at TempTestSuite1559524518356.run(TempTestSuite1559524518356.groovy:36)]]></system-err>
   </testsuite>
</testsuites>
