<?xml version="1.0" encoding="UTF-8"?>
<testsuites name="Purchase Test Suite" time="119" tests="1" failures="2" errors="0">
   <testsuite name="Purchase Test Suite" tests="1" failures="2" errors="0" time="119" timestamp="2019-04-19 16:18:13" hostname="KennyIC_Chen - KennyIC_Chen.compal.com" id="Test Suites/Purchase Test Suite">
      <properties>
         <property name="deviceName" value=""/>
         <property name="devicePlatform" value=""/>
         <property name="logFolder" value="C:\\Users\\KennyIC_chen.COMPAL\\git\\PSItest\\Reports\\Purchase Test Suite\\20190419_161607"/>
         <property name="logFiles" value="C:\\Users\\KennyIC_chen.COMPAL\\git\\PSItest\\Reports\\Purchase Test Suite\\20190419_161607\\execution0.log"/>
         <property name="attachments" value="C:\\Users\\KennyIC_chen.COMPAL\\git\\PSItest\\Reports\\Purchase Test Suite\\20190419_161607\\1555662010643.png, C:\\Users\\KennyIC_chen.COMPAL\\git\\PSItest\\Reports\\Purchase Test Suite\\20190419_161607\\1555662011236.png, C:\\Users\\KennyIC_chen.COMPAL\\git\\PSItest\\Reports\\Purchase Test Suite\\20190419_161607\\1555662011591.png"/>
         <property name="hostName" value="KennyIC_Chen - KennyIC_Chen.compal.com"/>
         <property name="os" value="Windows 10 64bit"/>
         <property name="katalonVersion" value="5.10.1.1"/>
         <property name="browser" value="Chrome 73.0.3683.103"/>
         <property name="hostAddress" value="10.109.102.148"/>
         <property name="sessionId" value="8b2b5f1de0157b0a1fafb1bf66d50836"/>
         <property name="seleniumVersion" value="3.7.1"/>
         <property name="proxyInformation" value="ProxyInformation{proxyOption=NO_PROXY, proxyServerType=HTTP, password=, proxyServerAddress=, proxyServerPort=0}"/>
         <property name="platform" value="Windows 10"/>
      </properties>
      <testcase name="Test Cases/Login" classname="Test Cases/Login" status="PASSED">
         <system-out><![CDATA[2019-04-19 16:18:13 - [TEST_CASE][PASSED] - Test Cases/Login: Test Cases/Login

2019-04-19 16:18:13 - [TEST_STEP][PASSED] - openBrowser(""): Browser is opened with url: ''

2019-04-19 16:18:14 - [MESSAGE][INFO] - Starting 'Chrome' driver

2019-04-19 16:18:14 - [MESSAGE][INFO] - Action delay is set to 0 seconds

2019-04-19 16:18:16 - [MESSAGE][PASSED] - Browser is opened with url: ''

2019-04-19 16:18:16 - [TEST_STEP][PASSED] - navigateToUrl("https://psi-azcldap.unicore.com.tw/login"): Navigate to 'https://psi-azcldap.unicore.com.tw/login' successfully

2019-04-19 16:18:22 - [MESSAGE][PASSED] - Navigate to 'https://psi-azcldap.unicore.com.tw/login' successfully

2019-04-19 16:18:22 - [TEST_STEP][PASSED] - maximizeWindow(): Current window maximized

2019-04-19 16:18:23 - [MESSAGE][PASSED] - Current window maximized

2019-04-19 16:18:23 - [TEST_STEP][PASSED] - setText(findTestObject("Login/ID-QWE"), "QWE"): Text 'QWE' is set on object 'Object Repository/Login/ID-QWE'

2019-04-19 16:18:24 - [MESSAGE][PASSED] - Text 'QWE' is set on object 'Object Repository/Login/ID-QWE'

2019-04-19 16:18:24 - [TEST_STEP][PASSED] - setEncryptedText(findTestObject("Login/PW-QWE"), "5opu+sh6ATw="): Text ****** has been set on object 'Object Repository/Login/PW-QWE'

2019-04-19 16:18:24 - [MESSAGE][PASSED] - Text ****** has been set on object 'Object Repository/Login/PW-QWE'

2019-04-19 16:18:24 - [TEST_STEP][PASSED] - click(findTestObject("Login/Login Button")): Object: 'Object Repository/Login/Login Button' is clicked on

2019-04-19 16:18:24 - [MESSAGE][PASSED] - Object: 'Object Repository/Login/Login Button' is clicked on

2019-04-19 16:18:24 - [TEST_STEP][PASSED] - verifyElementClickable(findTestObject("Login/Verify button")): Object 'Object Repository/Login/Verify button' is clickable

2019-04-19 16:18:24 - [MESSAGE][PASSED] - Object 'Object Repository/Login/Verify button' is clickable]]></system-out>
         <system-err><![CDATA[]]></system-err>
      </testcase>
      <testcase name="Test Cases/Purchase-Add" classname="Test Cases/Purchase-Add" status="FAILED">
         <failure type="FAILED" message="Test Cases/Purchase-Add FAILED.
Reason:
com.kms.katalon.core.exception.StepFailedException: Unable to click on object 'Object Repository/Purchase/Payment date 1 next month' (Root cause: com.kms.katalon.core.webui.exception.WebElementNotFoundException: Web element with id: 'Object Repository/Purchase/Payment date 1 next month' located by 'By.xpath: /html[1]/body[1]/app-root[1]/app-home[1]/main[@class=&quot;testborder-main&quot;]/div[@class=&quot;main-content&quot;]/app-order-list-detail[1]/div[@class=&quot;myBlock&quot;]/form[@class=&quot;ng-touched ng-dirty ng-valid&quot;]/div[@class=&quot;form-group row text-right&quot;]/div[@class=&quot;col-3 input-group&quot;]/ngb-datepicker[@class=&quot;dropdown-menu show&quot;]/div[@class=&quot;ngb-dp-header bg-light&quot;]/ngb-datepicker-navigation[1]/div[@class=&quot;ngb-dp-arrow right&quot;]/button[@class=&quot;btn btn-link ngb-dp-arrow-btn&quot;][count(. | //button[@aria-label = 'Next month' and @class = 'btn btn-link ngb-dp-arrow-btn' and @title = 'Next month' and @type = 'button']) = count(//button[@aria-label = 'Next month' and @class = 'btn btn-link ngb-dp-arrow-btn' and @title = 'Next month' and @type = 'button'])]' not found)
	at com.kms.katalon.core.keyword.internal.KeywordMain.stepFailed(KeywordMain.groovy:36)
	at com.kms.katalon.core.webui.keyword.internal.WebUIKeywordMain.stepFailed(WebUIKeywordMain.groovy:65)
	at com.kms.katalon.core.webui.keyword.internal.WebUIKeywordMain.runKeyword(WebUIKeywordMain.groovy:27)
	at com.kms.katalon.core.webui.keyword.builtin.ClickKeyword.click(ClickKeyword.groovy:86)
	at com.kms.katalon.core.webui.keyword.builtin.ClickKeyword.execute(ClickKeyword.groovy:67)
	at com.kms.katalon.core.keyword.internal.KeywordExecutor.executeKeywordForPlatform(KeywordExecutor.groovy:53)
	at com.kms.katalon.core.webui.keyword.WebUiBuiltInKeywords.click(WebUiBuiltInKeywords.groovy:616)
	at com.kms.katalon.core.webui.keyword.WebUiBuiltInKeywords$click$4.call(Unknown Source)
	at Purchase-Add.run(Purchase-Add:30)
	at com.kms.katalon.core.main.ScriptEngine.run(ScriptEngine.java:194)
	at com.kms.katalon.core.main.ScriptEngine.runScriptAsRawText(ScriptEngine.java:119)
	at com.kms.katalon.core.main.TestCaseExecutor.runScript(TestCaseExecutor.java:328)
	at com.kms.katalon.core.main.TestCaseExecutor.doExecute(TestCaseExecutor.java:319)
	at com.kms.katalon.core.main.TestCaseExecutor.processExecutionPhase(TestCaseExecutor.java:298)
	at com.kms.katalon.core.main.TestCaseExecutor.accessMainPhase(TestCaseExecutor.java:290)
	at com.kms.katalon.core.main.TestCaseExecutor.execute(TestCaseExecutor.java:224)
	at com.kms.katalon.core.main.TestSuiteExecutor.accessTestCaseMainPhase(TestSuiteExecutor.java:129)
	at com.kms.katalon.core.main.TestSuiteExecutor.accessTestSuiteMainPhase(TestSuiteExecutor.java:112)
	at com.kms.katalon.core.main.TestSuiteExecutor.execute(TestSuiteExecutor.java:81)
	at com.kms.katalon.core.main.TestCaseMain.startTestSuite(TestCaseMain.java:149)
	at com.kms.katalon.core.main.TestCaseMain$startTestSuite$0.call(Unknown Source)
	at TempTestSuite1555661767509.run(TempTestSuite1555661767509.groovy:36)
"/>
         <system-out><![CDATA[2019-04-19 16:18:24 - [TEST_CASE][FAILED] - Test Cases/Purchase-Add: Test Cases/Purchase-Add FAILED.
Reason:
com.kms.katalon.core.exception.StepFailedException: Unable to click on object 'Object Repository/Purchase/Payment date 1 next month' (Root cause: com.kms.katalon.core.webui.exception.WebElementNotFoundException: Web element with id: 'Object Repository/Purchase/Payment date 1 next month' located by 'By.xpath: /html[1]/body[1]/app-root[1]/app-home[1]/main[@class="testborder-main"]/div[@class="main-content"]/app-order-list-detail[1]/div[@class="myBlock"]/form[@class="ng-touched ng-dirty ng-valid"]/div[@class="form-group row text-right"]/div[@class="col-3 input-group"]/ngb-datepicker[@class="dropdown-menu show"]/div[@class="ngb-dp-header bg-light"]/ngb-datepicker-navigation[1]/div[@class="ngb-dp-arrow right"]/button[@class="btn btn-link ngb-dp-arrow-btn"][count(. | //button[@aria-label = 'Next month' and @class = 'btn btn-link ngb-dp-arrow-btn' and @title = 'Next month' and @type = 'button']) = count(//button[@aria-label = 'Next month' and @class = 'btn btn-link ngb-dp-arrow-btn' and @title = 'Next month' and @type = 'button'])]' not found)
	at com.kms.katalon.core.keyword.internal.KeywordMain.stepFailed(KeywordMain.groovy:36)
	at com.kms.katalon.core.webui.keyword.internal.WebUIKeywordMain.stepFailed(WebUIKeywordMain.groovy:65)
	at com.kms.katalon.core.webui.keyword.internal.WebUIKeywordMain.runKeyword(WebUIKeywordMain.groovy:27)
	at com.kms.katalon.core.webui.keyword.builtin.ClickKeyword.click(ClickKeyword.groovy:86)
	at com.kms.katalon.core.webui.keyword.builtin.ClickKeyword.execute(ClickKeyword.groovy:67)
	at com.kms.katalon.core.keyword.internal.KeywordExecutor.executeKeywordForPlatform(KeywordExecutor.groovy:53)
	at com.kms.katalon.core.webui.keyword.WebUiBuiltInKeywords.click(WebUiBuiltInKeywords.groovy:616)
	at com.kms.katalon.core.webui.keyword.WebUiBuiltInKeywords$click$4.call(Unknown Source)
	at Purchase-Add.run(Purchase-Add:30)
	at com.kms.katalon.core.main.ScriptEngine.run(ScriptEngine.java:194)
	at com.kms.katalon.core.main.ScriptEngine.runScriptAsRawText(ScriptEngine.java:119)
	at com.kms.katalon.core.main.TestCaseExecutor.runScript(TestCaseExecutor.java:328)
	at com.kms.katalon.core.main.TestCaseExecutor.doExecute(TestCaseExecutor.java:319)
	at com.kms.katalon.core.main.TestCaseExecutor.processExecutionPhase(TestCaseExecutor.java:298)
	at com.kms.katalon.core.main.TestCaseExecutor.accessMainPhase(TestCaseExecutor.java:290)
	at com.kms.katalon.core.main.TestCaseExecutor.execute(TestCaseExecutor.java:224)
	at com.kms.katalon.core.main.TestSuiteExecutor.accessTestCaseMainPhase(TestSuiteExecutor.java:129)
	at com.kms.katalon.core.main.TestSuiteExecutor.accessTestSuiteMainPhase(TestSuiteExecutor.java:112)
	at com.kms.katalon.core.main.TestSuiteExecutor.execute(TestSuiteExecutor.java:81)
	at com.kms.katalon.core.main.TestCaseMain.startTestSuite(TestCaseMain.java:149)
	at com.kms.katalon.core.main.TestCaseMain$startTestSuite$0.call(Unknown Source)
	at TempTestSuite1555661767509.run(TempTestSuite1555661767509.groovy:36)


2019-04-19 16:18:25 - [TEST_STEP][PASSED] - click(findTestObject("Purchase/Purchase button")): Object: 'Object Repository/Purchase/Purchase button' is clicked on

2019-04-19 16:18:25 - [MESSAGE][PASSED] - Object: 'Object Repository/Purchase/Purchase button' is clicked on

2019-04-19 16:18:25 - [TEST_STEP][PASSED] - click(findTestObject("Purchase/Add button")): Object: 'Object Repository/Purchase/Add button' is clicked on

2019-04-19 16:18:25 - [MESSAGE][PASSED] - Object: 'Object Repository/Purchase/Add button' is clicked on

2019-04-19 16:18:25 - [TEST_STEP][PASSED] - click(findTestObject("Purchase/Vendor button")): Object: 'Object Repository/Purchase/Vendor button' is clicked on

2019-04-19 16:18:25 - [MESSAGE][PASSED] - Object: 'Object Repository/Purchase/Vendor button' is clicked on

2019-04-19 16:18:25 - [TEST_STEP][PASSED] - click(findTestObject("Purchase/Vendor 2324")): Object: 'Object Repository/Purchase/Vendor 2324' is clicked on

2019-04-19 16:18:26 - [MESSAGE][PASSED] - Object: 'Object Repository/Purchase/Vendor 2324' is clicked on

2019-04-19 16:18:26 - [TEST_STEP][PASSED] - click(findTestObject("Purchase/Payment select")): Object: 'Object Repository/Purchase/Payment select' is clicked on

2019-04-19 16:18:26 - [MESSAGE][PASSED] - Object: 'Object Repository/Purchase/Payment select' is clicked on

2019-04-19 16:18:26 - [TEST_STEP][PASSED] - selectOptionByValue(findTestObject("Purchase/Payment Cash"), "0: 1", true): All options with value '0: 1' are selected in object 'Object Repository/Purchase/Payment Cash'  using regular expression

2019-04-19 16:18:26 - [MESSAGE][PASSED] - All options with value '0: 1' are selected in object 'Object Repository/Purchase/Payment Cash'  using regular expression

2019-04-19 16:18:26 - [TEST_STEP][PASSED] - click(findTestObject("Purchase/Payment date 1")): Object: 'Object Repository/Purchase/Payment date 1' is clicked on

2019-04-19 16:18:26 - [MESSAGE][PASSED] - Object: 'Object Repository/Purchase/Payment date 1' is clicked on

2019-04-19 16:18:26 - [TEST_STEP][FAILED] - click(findTestObject("Purchase/Payment date 1 next month")): click(findTestObject("Purchase/Payment date 1 next month")) FAILED.
Reason:
com.kms.katalon.core.exception.StepFailedException: Unable to click on object 'Object Repository/Purchase/Payment date 1 next month' (Root cause: com.kms.katalon.core.webui.exception.WebElementNotFoundException: Web element with id: 'Object Repository/Purchase/Payment date 1 next month' located by 'By.xpath: /html[1]/body[1]/app-root[1]/app-home[1]/main[@class="testborder-main"]/div[@class="main-content"]/app-order-list-detail[1]/div[@class="myBlock"]/form[@class="ng-touched ng-dirty ng-valid"]/div[@class="form-group row text-right"]/div[@class="col-3 input-group"]/ngb-datepicker[@class="dropdown-menu show"]/div[@class="ngb-dp-header bg-light"]/ngb-datepicker-navigation[1]/div[@class="ngb-dp-arrow right"]/button[@class="btn btn-link ngb-dp-arrow-btn"][count(. | //button[@aria-label = 'Next month' and @class = 'btn btn-link ngb-dp-arrow-btn' and @title = 'Next month' and @type = 'button']) = count(//button[@aria-label = 'Next month' and @class = 'btn btn-link ngb-dp-arrow-btn' and @title = 'Next month' and @type = 'button'])]' not found)
	at com.kms.katalon.core.keyword.internal.KeywordMain.stepFailed(KeywordMain.groovy:36)
	at com.kms.katalon.core.webui.keyword.internal.WebUIKeywordMain.stepFailed(WebUIKeywordMain.groovy:65)
	at com.kms.katalon.core.webui.keyword.internal.WebUIKeywordMain.runKeyword(WebUIKeywordMain.groovy:27)
	at com.kms.katalon.core.webui.keyword.builtin.ClickKeyword.click(ClickKeyword.groovy:86)
	at com.kms.katalon.core.webui.keyword.builtin.ClickKeyword.execute(ClickKeyword.groovy:67)
	at com.kms.katalon.core.keyword.internal.KeywordExecutor.executeKeywordForPlatform(KeywordExecutor.groovy:53)
	at com.kms.katalon.core.webui.keyword.WebUiBuiltInKeywords.click(WebUiBuiltInKeywords.groovy:616)
	at com.kms.katalon.core.webui.keyword.WebUiBuiltInKeywords$click$4.call(Unknown Source)
	at Purchase-Add.run(Purchase-Add:30)
	at com.kms.katalon.core.main.ScriptEngine.run(ScriptEngine.java:194)
	at com.kms.katalon.core.main.ScriptEngine.runScriptAsRawText(ScriptEngine.java:119)
	at com.kms.katalon.core.main.TestCaseExecutor.runScript(TestCaseExecutor.java:328)
	at com.kms.katalon.core.main.TestCaseExecutor.doExecute(TestCaseExecutor.java:319)
	at com.kms.katalon.core.main.TestCaseExecutor.processExecutionPhase(TestCaseExecutor.java:298)
	at com.kms.katalon.core.main.TestCaseExecutor.accessMainPhase(TestCaseExecutor.java:290)
	at com.kms.katalon.core.main.TestCaseExecutor.execute(TestCaseExecutor.java:224)
	at com.kms.katalon.core.main.TestSuiteExecutor.accessTestCaseMainPhase(TestSuiteExecutor.java:129)
	at com.kms.katalon.core.main.TestSuiteExecutor.accessTestSuiteMainPhase(TestSuiteExecutor.java:112)
	at com.kms.katalon.core.main.TestSuiteExecutor.execute(TestSuiteExecutor.java:81)
	at com.kms.katalon.core.main.TestCaseMain.startTestSuite(TestCaseMain.java:149)
	at com.kms.katalon.core.main.TestCaseMain$startTestSuite$0.call(Unknown Source)
	at TempTestSuite1555661767509.run(TempTestSuite1555661767509.groovy:36)


2019-04-19 16:20:10 - [MESSAGE][INFO] - Unable to find the element located by 'By.xpath: /html[1]/body[1]/app-root[1]/app-home[1]/main[@class="testborder-main"]/div[@class="main-content"]/app-order-list-detail[1]/div[@class="myBlock"]/form[@class="ng-touched ng-dirty ng-valid"]/div[@class="form-group row text-right"]/div[@class="col-3 input-group"]/ngb-datepicker[@class="dropdown-menu show"]/div[@class="ngb-dp-header bg-light"]/ngb-datepicker-navigation[1]/div[@class="ngb-dp-arrow right"]/button[@class="btn btn-link ngb-dp-arrow-btn"][count(. | //button[@aria-label = 'Next month' and @class = 'btn btn-link ngb-dp-arrow-btn' and @title = 'Next month' and @type = 'button']) = count(//button[@aria-label = 'Next month' and @class = 'btn btn-link ngb-dp-arrow-btn' and @title = 'Next month' and @type = 'button'])]'. Please recheck the objects properties to make sure the desired element is located. 

2019-04-19 16:20:11 - [MESSAGE][FAILED] - Unable to click on object 'Object Repository/Purchase/Payment date 1 next month' (Root cause: com.kms.katalon.core.webui.exception.WebElementNotFoundException: Web element with id: 'Object Repository/Purchase/Payment date 1 next month' located by 'By.xpath: /html[1]/body[1]/app-root[1]/app-home[1]/main[@class="testborder-main"]/div[@class="main-content"]/app-order-list-detail[1]/div[@class="myBlock"]/form[@class="ng-touched ng-dirty ng-valid"]/div[@class="form-group row text-right"]/div[@class="col-3 input-group"]/ngb-datepicker[@class="dropdown-menu show"]/div[@class="ngb-dp-header bg-light"]/ngb-datepicker-navigation[1]/div[@class="ngb-dp-arrow right"]/button[@class="btn btn-link ngb-dp-arrow-btn"][count(. | //button[@aria-label = 'Next month' and @class = 'btn btn-link ngb-dp-arrow-btn' and @title = 'Next month' and @type = 'button']) = count(//button[@aria-label = 'Next month' and @class = 'btn btn-link ngb-dp-arrow-btn' and @title = 'Next month' and @type = 'button'])]' not found)
[[ATTACHMENT|C:\\Users\\KennyIC_chen.COMPAL\\git\\PSItest\\Reports\\Purchase Test Suite\\20190419_161607\\1555662010643.png]]

2019-04-19 16:20:11 - [MESSAGE][FAILED] - click(findTestObject("Purchase/Payment date 1 next month")) FAILED.
Reason:
com.kms.katalon.core.exception.StepFailedException: Unable to click on object 'Object Repository/Purchase/Payment date 1 next month' (Root cause: com.kms.katalon.core.webui.exception.WebElementNotFoundException: Web element with id: 'Object Repository/Purchase/Payment date 1 next month' located by 'By.xpath: /html[1]/body[1]/app-root[1]/app-home[1]/main[@class="testborder-main"]/div[@class="main-content"]/app-order-list-detail[1]/div[@class="myBlock"]/form[@class="ng-touched ng-dirty ng-valid"]/div[@class="form-group row text-right"]/div[@class="col-3 input-group"]/ngb-datepicker[@class="dropdown-menu show"]/div[@class="ngb-dp-header bg-light"]/ngb-datepicker-navigation[1]/div[@class="ngb-dp-arrow right"]/button[@class="btn btn-link ngb-dp-arrow-btn"][count(. | //button[@aria-label = 'Next month' and @class = 'btn btn-link ngb-dp-arrow-btn' and @title = 'Next month' and @type = 'button']) = count(//button[@aria-label = 'Next month' and @class = 'btn btn-link ngb-dp-arrow-btn' and @title = 'Next month' and @type = 'button'])]' not found)
	at com.kms.katalon.core.keyword.internal.KeywordMain.stepFailed(KeywordMain.groovy:36)
	at com.kms.katalon.core.webui.keyword.internal.WebUIKeywordMain.stepFailed(WebUIKeywordMain.groovy:65)
	at com.kms.katalon.core.webui.keyword.internal.WebUIKeywordMain.runKeyword(WebUIKeywordMain.groovy:27)
	at com.kms.katalon.core.webui.keyword.builtin.ClickKeyword.click(ClickKeyword.groovy:86)
	at com.kms.katalon.core.webui.keyword.builtin.ClickKeyword.execute(ClickKeyword.groovy:67)
	at com.kms.katalon.core.keyword.internal.KeywordExecutor.executeKeywordForPlatform(KeywordExecutor.groovy:53)
	at com.kms.katalon.core.webui.keyword.WebUiBuiltInKeywords.click(WebUiBuiltInKeywords.groovy:616)
	at com.kms.katalon.core.webui.keyword.WebUiBuiltInKeywords$click$4.call(Unknown Source)
	at Purchase-Add.run(Purchase-Add:30)
	at com.kms.katalon.core.main.ScriptEngine.run(ScriptEngine.java:194)
	at com.kms.katalon.core.main.ScriptEngine.runScriptAsRawText(ScriptEngine.java:119)
	at com.kms.katalon.core.main.TestCaseExecutor.runScript(TestCaseExecutor.java:328)
	at com.kms.katalon.core.main.TestCaseExecutor.doExecute(TestCaseExecutor.java:319)
	at com.kms.katalon.core.main.TestCaseExecutor.processExecutionPhase(TestCaseExecutor.java:298)
	at com.kms.katalon.core.main.TestCaseExecutor.accessMainPhase(TestCaseExecutor.java:290)
	at com.kms.katalon.core.main.TestCaseExecutor.execute(TestCaseExecutor.java:224)
	at com.kms.katalon.core.main.TestSuiteExecutor.accessTestCaseMainPhase(TestSuiteExecutor.java:129)
	at com.kms.katalon.core.main.TestSuiteExecutor.accessTestSuiteMainPhase(TestSuiteExecutor.java:112)
	at com.kms.katalon.core.main.TestSuiteExecutor.execute(TestSuiteExecutor.java:81)
	at com.kms.katalon.core.main.TestCaseMain.startTestSuite(TestCaseMain.java:149)
	at com.kms.katalon.core.main.TestCaseMain$startTestSuite$0.call(Unknown Source)
	at TempTestSuite1555661767509.run(TempTestSuite1555661767509.groovy:36)]]></system-out>
         <system-err><![CDATA[2019-04-19 16:18:24 - [TEST_CASE][FAILED] - Test Cases/Purchase-Add: Test Cases/Purchase-Add FAILED.
Reason:
com.kms.katalon.core.exception.StepFailedException: Unable to click on object 'Object Repository/Purchase/Payment date 1 next month' (Root cause: com.kms.katalon.core.webui.exception.WebElementNotFoundException: Web element with id: 'Object Repository/Purchase/Payment date 1 next month' located by 'By.xpath: /html[1]/body[1]/app-root[1]/app-home[1]/main[@class="testborder-main"]/div[@class="main-content"]/app-order-list-detail[1]/div[@class="myBlock"]/form[@class="ng-touched ng-dirty ng-valid"]/div[@class="form-group row text-right"]/div[@class="col-3 input-group"]/ngb-datepicker[@class="dropdown-menu show"]/div[@class="ngb-dp-header bg-light"]/ngb-datepicker-navigation[1]/div[@class="ngb-dp-arrow right"]/button[@class="btn btn-link ngb-dp-arrow-btn"][count(. | //button[@aria-label = 'Next month' and @class = 'btn btn-link ngb-dp-arrow-btn' and @title = 'Next month' and @type = 'button']) = count(//button[@aria-label = 'Next month' and @class = 'btn btn-link ngb-dp-arrow-btn' and @title = 'Next month' and @type = 'button'])]' not found)
	at com.kms.katalon.core.keyword.internal.KeywordMain.stepFailed(KeywordMain.groovy:36)
	at com.kms.katalon.core.webui.keyword.internal.WebUIKeywordMain.stepFailed(WebUIKeywordMain.groovy:65)
	at com.kms.katalon.core.webui.keyword.internal.WebUIKeywordMain.runKeyword(WebUIKeywordMain.groovy:27)
	at com.kms.katalon.core.webui.keyword.builtin.ClickKeyword.click(ClickKeyword.groovy:86)
	at com.kms.katalon.core.webui.keyword.builtin.ClickKeyword.execute(ClickKeyword.groovy:67)
	at com.kms.katalon.core.keyword.internal.KeywordExecutor.executeKeywordForPlatform(KeywordExecutor.groovy:53)
	at com.kms.katalon.core.webui.keyword.WebUiBuiltInKeywords.click(WebUiBuiltInKeywords.groovy:616)
	at com.kms.katalon.core.webui.keyword.WebUiBuiltInKeywords$click$4.call(Unknown Source)
	at Purchase-Add.run(Purchase-Add:30)
	at com.kms.katalon.core.main.ScriptEngine.run(ScriptEngine.java:194)
	at com.kms.katalon.core.main.ScriptEngine.runScriptAsRawText(ScriptEngine.java:119)
	at com.kms.katalon.core.main.TestCaseExecutor.runScript(TestCaseExecutor.java:328)
	at com.kms.katalon.core.main.TestCaseExecutor.doExecute(TestCaseExecutor.java:319)
	at com.kms.katalon.core.main.TestCaseExecutor.processExecutionPhase(TestCaseExecutor.java:298)
	at com.kms.katalon.core.main.TestCaseExecutor.accessMainPhase(TestCaseExecutor.java:290)
	at com.kms.katalon.core.main.TestCaseExecutor.execute(TestCaseExecutor.java:224)
	at com.kms.katalon.core.main.TestSuiteExecutor.accessTestCaseMainPhase(TestSuiteExecutor.java:129)
	at com.kms.katalon.core.main.TestSuiteExecutor.accessTestSuiteMainPhase(TestSuiteExecutor.java:112)
	at com.kms.katalon.core.main.TestSuiteExecutor.execute(TestSuiteExecutor.java:81)
	at com.kms.katalon.core.main.TestCaseMain.startTestSuite(TestCaseMain.java:149)
	at com.kms.katalon.core.main.TestCaseMain$startTestSuite$0.call(Unknown Source)
	at TempTestSuite1555661767509.run(TempTestSuite1555661767509.groovy:36)]]></system-err>
      </testcase>
      <testcase name="Test Cases/Accept and verify" classname="Test Cases/Accept and verify" status="FAILED">
         <failure type="FAILED" message="Test Cases/Accept and verify FAILED.
Reason:
com.kms.katalon.core.exception.StepFailedException: Unable to accept alert (Root cause: com.kms.katalon.core.exception.StepFailedException: No alert found)
	at com.kms.katalon.core.keyword.internal.KeywordMain.stepFailed(KeywordMain.groovy:36)
	at com.kms.katalon.core.webui.keyword.internal.WebUIKeywordMain.stepFailed(WebUIKeywordMain.groovy:65)
	at com.kms.katalon.core.webui.keyword.internal.WebUIKeywordMain.runKeyword(WebUIKeywordMain.groovy:27)
	at com.kms.katalon.core.webui.keyword.builtin.AcceptAlertKeyword.acceptAlert(AcceptAlertKeyword.groovy:71)
	at com.kms.katalon.core.webui.keyword.builtin.AcceptAlertKeyword.execute(AcceptAlertKeyword.groovy:66)
	at com.kms.katalon.core.keyword.internal.KeywordExecutor.executeKeywordForPlatform(KeywordExecutor.groovy:53)
	at com.kms.katalon.core.webui.keyword.WebUiBuiltInKeywords.acceptAlert(WebUiBuiltInKeywords.groovy:1492)
	at com.kms.katalon.core.webui.keyword.WebUiBuiltInKeywords$acceptAlert$7.call(Unknown Source)
	at Accept and verify.run(Accept and verify:16)
	at com.kms.katalon.core.main.ScriptEngine.run(ScriptEngine.java:194)
	at com.kms.katalon.core.main.ScriptEngine.runScriptAsRawText(ScriptEngine.java:119)
	at com.kms.katalon.core.main.TestCaseExecutor.runScript(TestCaseExecutor.java:328)
	at com.kms.katalon.core.main.TestCaseExecutor.doExecute(TestCaseExecutor.java:319)
	at com.kms.katalon.core.main.TestCaseExecutor.processExecutionPhase(TestCaseExecutor.java:298)
	at com.kms.katalon.core.main.TestCaseExecutor.accessMainPhase(TestCaseExecutor.java:290)
	at com.kms.katalon.core.main.TestCaseExecutor.execute(TestCaseExecutor.java:224)
	at com.kms.katalon.core.main.TestSuiteExecutor.accessTestCaseMainPhase(TestSuiteExecutor.java:129)
	at com.kms.katalon.core.main.TestSuiteExecutor.accessTestSuiteMainPhase(TestSuiteExecutor.java:112)
	at com.kms.katalon.core.main.TestSuiteExecutor.execute(TestSuiteExecutor.java:81)
	at com.kms.katalon.core.main.TestCaseMain.startTestSuite(TestCaseMain.java:149)
	at com.kms.katalon.core.main.TestCaseMain$startTestSuite$0.call(Unknown Source)
	at TempTestSuite1555661767509.run(TempTestSuite1555661767509.groovy:36)
"/>
         <system-out><![CDATA[2019-04-19 16:20:11 - [TEST_CASE][FAILED] - Test Cases/Accept and verify: Test Cases/Accept and verify FAILED.
Reason:
com.kms.katalon.core.exception.StepFailedException: Unable to accept alert (Root cause: com.kms.katalon.core.exception.StepFailedException: No alert found)
	at com.kms.katalon.core.keyword.internal.KeywordMain.stepFailed(KeywordMain.groovy:36)
	at com.kms.katalon.core.webui.keyword.internal.WebUIKeywordMain.stepFailed(WebUIKeywordMain.groovy:65)
	at com.kms.katalon.core.webui.keyword.internal.WebUIKeywordMain.runKeyword(WebUIKeywordMain.groovy:27)
	at com.kms.katalon.core.webui.keyword.builtin.AcceptAlertKeyword.acceptAlert(AcceptAlertKeyword.groovy:71)
	at com.kms.katalon.core.webui.keyword.builtin.AcceptAlertKeyword.execute(AcceptAlertKeyword.groovy:66)
	at com.kms.katalon.core.keyword.internal.KeywordExecutor.executeKeywordForPlatform(KeywordExecutor.groovy:53)
	at com.kms.katalon.core.webui.keyword.WebUiBuiltInKeywords.acceptAlert(WebUiBuiltInKeywords.groovy:1492)
	at com.kms.katalon.core.webui.keyword.WebUiBuiltInKeywords$acceptAlert$7.call(Unknown Source)
	at Accept and verify.run(Accept and verify:16)
	at com.kms.katalon.core.main.ScriptEngine.run(ScriptEngine.java:194)
	at com.kms.katalon.core.main.ScriptEngine.runScriptAsRawText(ScriptEngine.java:119)
	at com.kms.katalon.core.main.TestCaseExecutor.runScript(TestCaseExecutor.java:328)
	at com.kms.katalon.core.main.TestCaseExecutor.doExecute(TestCaseExecutor.java:319)
	at com.kms.katalon.core.main.TestCaseExecutor.processExecutionPhase(TestCaseExecutor.java:298)
	at com.kms.katalon.core.main.TestCaseExecutor.accessMainPhase(TestCaseExecutor.java:290)
	at com.kms.katalon.core.main.TestCaseExecutor.execute(TestCaseExecutor.java:224)
	at com.kms.katalon.core.main.TestSuiteExecutor.accessTestCaseMainPhase(TestSuiteExecutor.java:129)
	at com.kms.katalon.core.main.TestSuiteExecutor.accessTestSuiteMainPhase(TestSuiteExecutor.java:112)
	at com.kms.katalon.core.main.TestSuiteExecutor.execute(TestSuiteExecutor.java:81)
	at com.kms.katalon.core.main.TestCaseMain.startTestSuite(TestCaseMain.java:149)
	at com.kms.katalon.core.main.TestCaseMain$startTestSuite$0.call(Unknown Source)
	at TempTestSuite1555661767509.run(TempTestSuite1555661767509.groovy:36)


2019-04-19 16:20:11 - [TEST_STEP][FAILED] - acceptAlert(): acceptAlert() FAILED.
Reason:
com.kms.katalon.core.exception.StepFailedException: Unable to accept alert (Root cause: com.kms.katalon.core.exception.StepFailedException: No alert found)
	at com.kms.katalon.core.keyword.internal.KeywordMain.stepFailed(KeywordMain.groovy:36)
	at com.kms.katalon.core.webui.keyword.internal.WebUIKeywordMain.stepFailed(WebUIKeywordMain.groovy:65)
	at com.kms.katalon.core.webui.keyword.internal.WebUIKeywordMain.runKeyword(WebUIKeywordMain.groovy:27)
	at com.kms.katalon.core.webui.keyword.builtin.AcceptAlertKeyword.acceptAlert(AcceptAlertKeyword.groovy:71)
	at com.kms.katalon.core.webui.keyword.builtin.AcceptAlertKeyword.execute(AcceptAlertKeyword.groovy:66)
	at com.kms.katalon.core.keyword.internal.KeywordExecutor.executeKeywordForPlatform(KeywordExecutor.groovy:53)
	at com.kms.katalon.core.webui.keyword.WebUiBuiltInKeywords.acceptAlert(WebUiBuiltInKeywords.groovy:1492)
	at com.kms.katalon.core.webui.keyword.WebUiBuiltInKeywords$acceptAlert$7.call(Unknown Source)
	at Accept and verify.run(Accept and verify:16)
	at com.kms.katalon.core.main.ScriptEngine.run(ScriptEngine.java:194)
	at com.kms.katalon.core.main.ScriptEngine.runScriptAsRawText(ScriptEngine.java:119)
	at com.kms.katalon.core.main.TestCaseExecutor.runScript(TestCaseExecutor.java:328)
	at com.kms.katalon.core.main.TestCaseExecutor.doExecute(TestCaseExecutor.java:319)
	at com.kms.katalon.core.main.TestCaseExecutor.processExecutionPhase(TestCaseExecutor.java:298)
	at com.kms.katalon.core.main.TestCaseExecutor.accessMainPhase(TestCaseExecutor.java:290)
	at com.kms.katalon.core.main.TestCaseExecutor.execute(TestCaseExecutor.java:224)
	at com.kms.katalon.core.main.TestSuiteExecutor.accessTestCaseMainPhase(TestSuiteExecutor.java:129)
	at com.kms.katalon.core.main.TestSuiteExecutor.accessTestSuiteMainPhase(TestSuiteExecutor.java:112)
	at com.kms.katalon.core.main.TestSuiteExecutor.execute(TestSuiteExecutor.java:81)
	at com.kms.katalon.core.main.TestCaseMain.startTestSuite(TestCaseMain.java:149)
	at com.kms.katalon.core.main.TestCaseMain$startTestSuite$0.call(Unknown Source)
	at TempTestSuite1555661767509.run(TempTestSuite1555661767509.groovy:36)


2019-04-19 16:20:11 - [MESSAGE][FAILED] - No alert found
[[ATTACHMENT|C:\\Users\\KennyIC_chen.COMPAL\\git\\PSItest\\Reports\\Purchase Test Suite\\20190419_161607\\1555662011236.png]]

2019-04-19 16:20:11 - [MESSAGE][FAILED] - Unable to accept alert (Root cause: com.kms.katalon.core.exception.StepFailedException: No alert found)
[[ATTACHMENT|C:\\Users\\KennyIC_chen.COMPAL\\git\\PSItest\\Reports\\Purchase Test Suite\\20190419_161607\\1555662011591.png]]

2019-04-19 16:20:11 - [MESSAGE][FAILED] - acceptAlert() FAILED.
Reason:
com.kms.katalon.core.exception.StepFailedException: Unable to accept alert (Root cause: com.kms.katalon.core.exception.StepFailedException: No alert found)
	at com.kms.katalon.core.keyword.internal.KeywordMain.stepFailed(KeywordMain.groovy:36)
	at com.kms.katalon.core.webui.keyword.internal.WebUIKeywordMain.stepFailed(WebUIKeywordMain.groovy:65)
	at com.kms.katalon.core.webui.keyword.internal.WebUIKeywordMain.runKeyword(WebUIKeywordMain.groovy:27)
	at com.kms.katalon.core.webui.keyword.builtin.AcceptAlertKeyword.acceptAlert(AcceptAlertKeyword.groovy:71)
	at com.kms.katalon.core.webui.keyword.builtin.AcceptAlertKeyword.execute(AcceptAlertKeyword.groovy:66)
	at com.kms.katalon.core.keyword.internal.KeywordExecutor.executeKeywordForPlatform(KeywordExecutor.groovy:53)
	at com.kms.katalon.core.webui.keyword.WebUiBuiltInKeywords.acceptAlert(WebUiBuiltInKeywords.groovy:1492)
	at com.kms.katalon.core.webui.keyword.WebUiBuiltInKeywords$acceptAlert$7.call(Unknown Source)
	at Accept and verify.run(Accept and verify:16)
	at com.kms.katalon.core.main.ScriptEngine.run(ScriptEngine.java:194)
	at com.kms.katalon.core.main.ScriptEngine.runScriptAsRawText(ScriptEngine.java:119)
	at com.kms.katalon.core.main.TestCaseExecutor.runScript(TestCaseExecutor.java:328)
	at com.kms.katalon.core.main.TestCaseExecutor.doExecute(TestCaseExecutor.java:319)
	at com.kms.katalon.core.main.TestCaseExecutor.processExecutionPhase(TestCaseExecutor.java:298)
	at com.kms.katalon.core.main.TestCaseExecutor.accessMainPhase(TestCaseExecutor.java:290)
	at com.kms.katalon.core.main.TestCaseExecutor.execute(TestCaseExecutor.java:224)
	at com.kms.katalon.core.main.TestSuiteExecutor.accessTestCaseMainPhase(TestSuiteExecutor.java:129)
	at com.kms.katalon.core.main.TestSuiteExecutor.accessTestSuiteMainPhase(TestSuiteExecutor.java:112)
	at com.kms.katalon.core.main.TestSuiteExecutor.execute(TestSuiteExecutor.java:81)
	at com.kms.katalon.core.main.TestCaseMain.startTestSuite(TestCaseMain.java:149)
	at com.kms.katalon.core.main.TestCaseMain$startTestSuite$0.call(Unknown Source)
	at TempTestSuite1555661767509.run(TempTestSuite1555661767509.groovy:36)]]></system-out>
         <system-err><![CDATA[2019-04-19 16:20:11 - [TEST_CASE][FAILED] - Test Cases/Accept and verify: Test Cases/Accept and verify FAILED.
Reason:
com.kms.katalon.core.exception.StepFailedException: Unable to accept alert (Root cause: com.kms.katalon.core.exception.StepFailedException: No alert found)
	at com.kms.katalon.core.keyword.internal.KeywordMain.stepFailed(KeywordMain.groovy:36)
	at com.kms.katalon.core.webui.keyword.internal.WebUIKeywordMain.stepFailed(WebUIKeywordMain.groovy:65)
	at com.kms.katalon.core.webui.keyword.internal.WebUIKeywordMain.runKeyword(WebUIKeywordMain.groovy:27)
	at com.kms.katalon.core.webui.keyword.builtin.AcceptAlertKeyword.acceptAlert(AcceptAlertKeyword.groovy:71)
	at com.kms.katalon.core.webui.keyword.builtin.AcceptAlertKeyword.execute(AcceptAlertKeyword.groovy:66)
	at com.kms.katalon.core.keyword.internal.KeywordExecutor.executeKeywordForPlatform(KeywordExecutor.groovy:53)
	at com.kms.katalon.core.webui.keyword.WebUiBuiltInKeywords.acceptAlert(WebUiBuiltInKeywords.groovy:1492)
	at com.kms.katalon.core.webui.keyword.WebUiBuiltInKeywords$acceptAlert$7.call(Unknown Source)
	at Accept and verify.run(Accept and verify:16)
	at com.kms.katalon.core.main.ScriptEngine.run(ScriptEngine.java:194)
	at com.kms.katalon.core.main.ScriptEngine.runScriptAsRawText(ScriptEngine.java:119)
	at com.kms.katalon.core.main.TestCaseExecutor.runScript(TestCaseExecutor.java:328)
	at com.kms.katalon.core.main.TestCaseExecutor.doExecute(TestCaseExecutor.java:319)
	at com.kms.katalon.core.main.TestCaseExecutor.processExecutionPhase(TestCaseExecutor.java:298)
	at com.kms.katalon.core.main.TestCaseExecutor.accessMainPhase(TestCaseExecutor.java:290)
	at com.kms.katalon.core.main.TestCaseExecutor.execute(TestCaseExecutor.java:224)
	at com.kms.katalon.core.main.TestSuiteExecutor.accessTestCaseMainPhase(TestSuiteExecutor.java:129)
	at com.kms.katalon.core.main.TestSuiteExecutor.accessTestSuiteMainPhase(TestSuiteExecutor.java:112)
	at com.kms.katalon.core.main.TestSuiteExecutor.execute(TestSuiteExecutor.java:81)
	at com.kms.katalon.core.main.TestCaseMain.startTestSuite(TestCaseMain.java:149)
	at com.kms.katalon.core.main.TestCaseMain$startTestSuite$0.call(Unknown Source)
	at TempTestSuite1555661767509.run(TempTestSuite1555661767509.groovy:36)]]></system-err>
      </testcase>
      <system-out><![CDATA[2019-04-19 16:18:13 - [TEST_SUITE][FAILED] - Purchase Test Suite: Test Cases/Purchase-Add FAILED.
Reason:
com.kms.katalon.core.exception.StepFailedException: Unable to click on object 'Object Repository/Purchase/Payment date 1 next month' (Root cause: com.kms.katalon.core.webui.exception.WebElementNotFoundException: Web element with id: 'Object Repository/Purchase/Payment date 1 next month' located by 'By.xpath: /html[1]/body[1]/app-root[1]/app-home[1]/main[@class="testborder-main"]/div[@class="main-content"]/app-order-list-detail[1]/div[@class="myBlock"]/form[@class="ng-touched ng-dirty ng-valid"]/div[@class="form-group row text-right"]/div[@class="col-3 input-group"]/ngb-datepicker[@class="dropdown-menu show"]/div[@class="ngb-dp-header bg-light"]/ngb-datepicker-navigation[1]/div[@class="ngb-dp-arrow right"]/button[@class="btn btn-link ngb-dp-arrow-btn"][count(. | //button[@aria-label = 'Next month' and @class = 'btn btn-link ngb-dp-arrow-btn' and @title = 'Next month' and @type = 'button']) = count(//button[@aria-label = 'Next month' and @class = 'btn btn-link ngb-dp-arrow-btn' and @title = 'Next month' and @type = 'button'])]' not found)
	at com.kms.katalon.core.keyword.internal.KeywordMain.stepFailed(KeywordMain.groovy:36)
	at com.kms.katalon.core.webui.keyword.internal.WebUIKeywordMain.stepFailed(WebUIKeywordMain.groovy:65)
	at com.kms.katalon.core.webui.keyword.internal.WebUIKeywordMain.runKeyword(WebUIKeywordMain.groovy:27)
	at com.kms.katalon.core.webui.keyword.builtin.ClickKeyword.click(ClickKeyword.groovy:86)
	at com.kms.katalon.core.webui.keyword.builtin.ClickKeyword.execute(ClickKeyword.groovy:67)
	at com.kms.katalon.core.keyword.internal.KeywordExecutor.executeKeywordForPlatform(KeywordExecutor.groovy:53)
	at com.kms.katalon.core.webui.keyword.WebUiBuiltInKeywords.click(WebUiBuiltInKeywords.groovy:616)
	at com.kms.katalon.core.webui.keyword.WebUiBuiltInKeywords$click$4.call(Unknown Source)
	at Purchase-Add.run(Purchase-Add:30)
	at com.kms.katalon.core.main.ScriptEngine.run(ScriptEngine.java:194)
	at com.kms.katalon.core.main.ScriptEngine.runScriptAsRawText(ScriptEngine.java:119)
	at com.kms.katalon.core.main.TestCaseExecutor.runScript(TestCaseExecutor.java:328)
	at com.kms.katalon.core.main.TestCaseExecutor.doExecute(TestCaseExecutor.java:319)
	at com.kms.katalon.core.main.TestCaseExecutor.processExecutionPhase(TestCaseExecutor.java:298)
	at com.kms.katalon.core.main.TestCaseExecutor.accessMainPhase(TestCaseExecutor.java:290)
	at com.kms.katalon.core.main.TestCaseExecutor.execute(TestCaseExecutor.java:224)
	at com.kms.katalon.core.main.TestSuiteExecutor.accessTestCaseMainPhase(TestSuiteExecutor.java:129)
	at com.kms.katalon.core.main.TestSuiteExecutor.accessTestSuiteMainPhase(TestSuiteExecutor.java:112)
	at com.kms.katalon.core.main.TestSuiteExecutor.execute(TestSuiteExecutor.java:81)
	at com.kms.katalon.core.main.TestCaseMain.startTestSuite(TestCaseMain.java:149)
	at com.kms.katalon.core.main.TestCaseMain$startTestSuite$0.call(Unknown Source)
	at TempTestSuite1555661767509.run(TempTestSuite1555661767509.groovy:36)]]></system-out>
      <system-err><![CDATA[2019-04-19 16:18:13 - [TEST_SUITE][FAILED] - Purchase Test Suite: Test Cases/Purchase-Add FAILED.
Reason:
com.kms.katalon.core.exception.StepFailedException: Unable to click on object 'Object Repository/Purchase/Payment date 1 next month' (Root cause: com.kms.katalon.core.webui.exception.WebElementNotFoundException: Web element with id: 'Object Repository/Purchase/Payment date 1 next month' located by 'By.xpath: /html[1]/body[1]/app-root[1]/app-home[1]/main[@class="testborder-main"]/div[@class="main-content"]/app-order-list-detail[1]/div[@class="myBlock"]/form[@class="ng-touched ng-dirty ng-valid"]/div[@class="form-group row text-right"]/div[@class="col-3 input-group"]/ngb-datepicker[@class="dropdown-menu show"]/div[@class="ngb-dp-header bg-light"]/ngb-datepicker-navigation[1]/div[@class="ngb-dp-arrow right"]/button[@class="btn btn-link ngb-dp-arrow-btn"][count(. | //button[@aria-label = 'Next month' and @class = 'btn btn-link ngb-dp-arrow-btn' and @title = 'Next month' and @type = 'button']) = count(//button[@aria-label = 'Next month' and @class = 'btn btn-link ngb-dp-arrow-btn' and @title = 'Next month' and @type = 'button'])]' not found)
	at com.kms.katalon.core.keyword.internal.KeywordMain.stepFailed(KeywordMain.groovy:36)
	at com.kms.katalon.core.webui.keyword.internal.WebUIKeywordMain.stepFailed(WebUIKeywordMain.groovy:65)
	at com.kms.katalon.core.webui.keyword.internal.WebUIKeywordMain.runKeyword(WebUIKeywordMain.groovy:27)
	at com.kms.katalon.core.webui.keyword.builtin.ClickKeyword.click(ClickKeyword.groovy:86)
	at com.kms.katalon.core.webui.keyword.builtin.ClickKeyword.execute(ClickKeyword.groovy:67)
	at com.kms.katalon.core.keyword.internal.KeywordExecutor.executeKeywordForPlatform(KeywordExecutor.groovy:53)
	at com.kms.katalon.core.webui.keyword.WebUiBuiltInKeywords.click(WebUiBuiltInKeywords.groovy:616)
	at com.kms.katalon.core.webui.keyword.WebUiBuiltInKeywords$click$4.call(Unknown Source)
	at Purchase-Add.run(Purchase-Add:30)
	at com.kms.katalon.core.main.ScriptEngine.run(ScriptEngine.java:194)
	at com.kms.katalon.core.main.ScriptEngine.runScriptAsRawText(ScriptEngine.java:119)
	at com.kms.katalon.core.main.TestCaseExecutor.runScript(TestCaseExecutor.java:328)
	at com.kms.katalon.core.main.TestCaseExecutor.doExecute(TestCaseExecutor.java:319)
	at com.kms.katalon.core.main.TestCaseExecutor.processExecutionPhase(TestCaseExecutor.java:298)
	at com.kms.katalon.core.main.TestCaseExecutor.accessMainPhase(TestCaseExecutor.java:290)
	at com.kms.katalon.core.main.TestCaseExecutor.execute(TestCaseExecutor.java:224)
	at com.kms.katalon.core.main.TestSuiteExecutor.accessTestCaseMainPhase(TestSuiteExecutor.java:129)
	at com.kms.katalon.core.main.TestSuiteExecutor.accessTestSuiteMainPhase(TestSuiteExecutor.java:112)
	at com.kms.katalon.core.main.TestSuiteExecutor.execute(TestSuiteExecutor.java:81)
	at com.kms.katalon.core.main.TestCaseMain.startTestSuite(TestCaseMain.java:149)
	at com.kms.katalon.core.main.TestCaseMain$startTestSuite$0.call(Unknown Source)
	at TempTestSuite1555661767509.run(TempTestSuite1555661767509.groovy:36)]]></system-err>
   </testsuite>
</testsuites>
