<?xml version="1.0" encoding="UTF-8"?>
<testsuites name="3-5 Batch number maintain" time="59" tests="3" failures="1" errors="0">
   <testsuite name="3-5 Batch number maintain" tests="3" failures="1" errors="0" time="59" timestamp="2019-06-05 10:01:56" hostname="KennyIC_Chen - Larry_Chen.compal.com" id="Test Suites/3-5 Batch number maintain">
      <properties>
         <property name="deviceName" value=""/>
         <property name="devicePlatform" value=""/>
         <property name="logFolder" value="D:\\Kenny\\D\\Katalon Studio\\PSI\\PSItest\\Reports\\3-5 Batch number maintain\\20190605_100134"/>
         <property name="logFiles" value="D:\\Kenny\\D\\Katalon Studio\\PSI\\PSItest\\Reports\\3-5 Batch number maintain\\20190605_100134\\execution0.log"/>
         <property name="attachments" value="D:\\Kenny\\D\\Katalon Studio\\PSI\\PSItest\\Reports\\3-5 Batch number maintain\\20190605_100134\\1559700175028.png"/>
         <property name="hostName" value="KennyIC_Chen - Larry_Chen.compal.com"/>
         <property name="os" value="Windows 10 64bit"/>
         <property name="katalonVersion" value="5.10.1.1"/>
         <property name="browser" value="Chrome 74.0.3729.169"/>
         <property name="hostAddress" value="10.109.102.145"/>
         <property name="sessionId" value="ee5b22c27281ff0a9fd396b9666c1097"/>
         <property name="seleniumVersion" value="3.7.1"/>
         <property name="proxyInformation" value="ProxyInformation{proxyOption=NO_PROXY, proxyServerType=HTTP, password=, proxyServerAddress=, proxyServerPort=0}"/>
         <property name="platform" value="Windows 10"/>
      </properties>
      <testcase name="Test Cases/Others/Login" classname="Test Cases/Others/Login" status="PASSED">
         <system-out><![CDATA[2019-06-05 10:01:58 - [TEST_CASE][PASSED] - Test Cases/Others/Login: Test Cases/Others/Login

2019-06-05 10:01:59 - [TEST_STEP][PASSED] - openBrowser(""): Browser is opened with url: ''

2019-06-05 10:02:00 - [MESSAGE][INFO] - Starting 'Chrome' driver

2019-06-05 10:02:00 - [MESSAGE][INFO] - Action delay is set to 0 seconds

2019-06-05 10:02:05 - [MESSAGE][PASSED] - Browser is opened with url: ''

2019-06-05 10:02:05 - [TEST_STEP][PASSED] - navigateToUrl("https://psi-azcldap.unicore.com.tw/login"): Navigate to 'https://psi-azcldap.unicore.com.tw/login' successfully

2019-06-05 10:02:39 - [MESSAGE][PASSED] - Navigate to 'https://psi-azcldap.unicore.com.tw/login' successfully

2019-06-05 10:02:39 - [TEST_STEP][PASSED] - maximizeWindow(): Current window maximized

2019-06-05 10:02:41 - [MESSAGE][PASSED] - Current window maximized

2019-06-05 10:02:41 - [TEST_STEP][PASSED] - setText(findTestObject("Others/Login/ID-QWE"), "QWE"): Text 'QWE' is set on object 'Object Repository/Others/Login/ID-QWE'

2019-06-05 10:02:41 - [MESSAGE][PASSED] - Text 'QWE' is set on object 'Object Repository/Others/Login/ID-QWE'

2019-06-05 10:02:41 - [TEST_STEP][PASSED] - setEncryptedText(findTestObject("Others/Login/PW-QWE"), "5opu+sh6ATw="): Text ****** has been set on object 'Object Repository/Others/Login/PW-QWE'

2019-06-05 10:02:42 - [MESSAGE][PASSED] - Text ****** has been set on object 'Object Repository/Others/Login/PW-QWE'

2019-06-05 10:02:42 - [TEST_STEP][PASSED] - click(findTestObject("Others/Login/Login Button")): Object: 'Object Repository/Others/Login/Login Button' is clicked on

2019-06-05 10:02:42 - [MESSAGE][PASSED] - Object: 'Object Repository/Others/Login/Login Button' is clicked on

2019-06-05 10:02:42 - [TEST_STEP][PASSED] - verifyElementClickable(findTestObject("Others/Login/Verify button")): Object 'Object Repository/Others/Login/Verify button' is clickable

2019-06-05 10:02:43 - [MESSAGE][PASSED] - Object 'Object Repository/Others/Login/Verify button' is clickable]]></system-out>
         <system-err><![CDATA[]]></system-err>
      </testcase>
      <testcase name="Test Cases/3 Stock/3-5 Batch number maintain/3-5 Batch number maintain-Add" classname="Test Cases/3 Stock/3-5 Batch number maintain/3-5 Batch number maintain-Add" status="PASSED">
         <system-out><![CDATA[2019-06-05 10:02:43 - [TEST_CASE][PASSED] - Test Cases/3 Stock/3-5 Batch number maintain/3-5 Batch number maintain-Add: Test Cases/3 Stock/3-5 Batch number maintain/3-5 Batch number maintain-Add

2019-06-05 10:02:44 - [TEST_STEP][PASSED] - click(findTestObject("3 Stock/3-5 Btach number maintain/3-5 Btach number maintain-add/Batch maintain button")): Object: 'Object Repository/3 Stock/3-5 Btach number maintain/3-5 Btach number maintain-add/Batch maintain button' is clicked on

2019-06-05 10:02:44 - [MESSAGE][PASSED] - Object: 'Object Repository/3 Stock/3-5 Btach number maintain/3-5 Btach number maintain-add/Batch maintain button' is clicked on

2019-06-05 10:02:44 - [TEST_STEP][PASSED] - click(findTestObject("3 Stock/3-5 Btach number maintain/3-5 Btach number maintain-add/Batch maintain add button")): Object: 'Object Repository/3 Stock/3-5 Btach number maintain/3-5 Btach number maintain-add/Batch maintain add button' is clicked on

2019-06-05 10:02:45 - [MESSAGE][PASSED] - Object: 'Object Repository/3 Stock/3-5 Btach number maintain/3-5 Btach number maintain-add/Batch maintain add button' is clicked on

2019-06-05 10:02:45 - [TEST_STEP][PASSED] - click(findTestObject("3 Stock/3-5 Btach number maintain/3-5 Btach number maintain-add/Item button")): Object: 'Object Repository/3 Stock/3-5 Btach number maintain/3-5 Btach number maintain-add/Item button' is clicked on

2019-06-05 10:02:45 - [MESSAGE][PASSED] - Object: 'Object Repository/3 Stock/3-5 Btach number maintain/3-5 Btach number maintain-add/Item button' is clicked on

2019-06-05 10:02:45 - [TEST_STEP][PASSED] - click(findTestObject("3 Stock/3-5 Btach number maintain/3-5 Btach number maintain-add/Item select")): Object: 'Object Repository/3 Stock/3-5 Btach number maintain/3-5 Btach number maintain-add/Item select' is clicked on

2019-06-05 10:02:46 - [MESSAGE][PASSED] - Object: 'Object Repository/3 Stock/3-5 Btach number maintain/3-5 Btach number maintain-add/Item select' is clicked on

2019-06-05 10:02:46 - [TEST_STEP][PASSED] - setText(findTestObject("3 Stock/3-5 Btach number maintain/3-5 Btach number maintain-add/Item life day"), "30"): Text '30' is set on object 'Object Repository/3 Stock/3-5 Btach number maintain/3-5 Btach number maintain-add/Item life day'

2019-06-05 10:02:46 - [MESSAGE][PASSED] - Text '30' is set on object 'Object Repository/3 Stock/3-5 Btach number maintain/3-5 Btach number maintain-add/Item life day'

2019-06-05 10:02:46 - [TEST_STEP][PASSED] - setText(findTestObject("3 Stock/3-5 Btach number maintain/3-5 Btach number maintain-add/item batch code"), time()): null

2019-06-05 10:02:46 - [TEST_STEP][PASSED] - date = new java.util.Date(): null

2019-06-05 10:02:46 - [TEST_STEP][PASSED] - sdf = new java.text.SimpleDateFormat(yyyyMMddHHmm): null

2019-06-05 10:02:46 - [TEST_STEP][PASSED] - Time = Note + sdf.format(date): null

2019-06-05 10:02:46 - [TEST_STEP][PASSED] - return internal.GlobalVariable.Time: Text 'Testing201906051002' is set on object 'Object Repository/3 Stock/3-5 Btach number maintain/3-5 Btach number maintain-add/item batch code'

2019-06-05 10:02:47 - [MESSAGE][PASSED] - Text 'Testing201906051002' is set on object 'Object Repository/3 Stock/3-5 Btach number maintain/3-5 Btach number maintain-add/item batch code'

2019-06-05 10:02:47 - [TEST_STEP][PASSED] - click(findTestObject("3 Stock/3-5 Btach number maintain/3-5 Btach number maintain-add/item life date")): Object: 'Object Repository/3 Stock/3-5 Btach number maintain/3-5 Btach number maintain-add/item life date' is clicked on

2019-06-05 10:02:47 - [MESSAGE][PASSED] - Object: 'Object Repository/3 Stock/3-5 Btach number maintain/3-5 Btach number maintain-add/item life date' is clicked on

2019-06-05 10:02:47 - [TEST_STEP][PASSED] - click(findTestObject("3 Stock/3-5 Btach number maintain/3-5 Btach number maintain-add/Item life date next month 23", ["xxx":abc(0)])): null

2019-06-05 10:02:47 - [TEST_STEP][PASSED] - today = new java.util.Date(): null

2019-06-05 10:02:47 - [TEST_STEP][PASSED] - day1 = Date().plus(num): null

2019-06-05 10:02:47 - [TEST_STEP][PASSED] - if (day1.format("MM") > today.format("MM")): null

2019-06-05 10:02:47 - [TEST_STEP][PASSED] - else: Object: 'Object Repository/3 Stock/3-5 Btach number maintain/3-5 Btach number maintain-add/Item life date next month 23' is clicked on

2019-06-05 10:02:47 - [TEST_STEP][PASSED] - return day1.format(d): Object: 'Object Repository/3 Stock/3-5 Btach number maintain/3-5 Btach number maintain-add/Item life date next month 23' is clicked on

2019-06-05 10:02:48 - [MESSAGE][PASSED] - Object: 'Object Repository/3 Stock/3-5 Btach number maintain/3-5 Btach number maintain-add/Item life date next month 23' is clicked on

2019-06-05 10:02:48 - [TEST_STEP][PASSED] - click(findTestObject("3 Stock/3-5 Btach number maintain/3-5 Btach number maintain-add/Item enable")): Object: 'Object Repository/3 Stock/3-5 Btach number maintain/3-5 Btach number maintain-add/Item enable' is clicked on

2019-06-05 10:02:48 - [MESSAGE][PASSED] - Object: 'Object Repository/3 Stock/3-5 Btach number maintain/3-5 Btach number maintain-add/Item enable' is clicked on

2019-06-05 10:02:48 - [TEST_STEP][PASSED] - selectOptionByValue(findTestObject("3 Stock/3-5 Btach number maintain/3-5 Btach number maintain-add/Item enable select"), "0: Y", true): All options with value '0: Y' are selected in object 'Object Repository/3 Stock/3-5 Btach number maintain/3-5 Btach number maintain-add/Item enable select'  using regular expression

2019-06-05 10:02:48 - [MESSAGE][PASSED] - All options with value '0: Y' are selected in object 'Object Repository/3 Stock/3-5 Btach number maintain/3-5 Btach number maintain-add/Item enable select'  using regular expression

2019-06-05 10:02:48 - [TEST_STEP][PASSED] - setText(findTestObject("3 Stock/3-5 Btach number maintain/3-5 Btach number maintain-add/Item note"), time()): null

2019-06-05 10:02:48 - [TEST_STEP][PASSED] - date = new java.util.Date(): null

2019-06-05 10:02:48 - [TEST_STEP][PASSED] - sdf = new java.text.SimpleDateFormat(yyyyMMddHHmm): null

2019-06-05 10:02:48 - [TEST_STEP][PASSED] - Time = Note + sdf.format(date): null

2019-06-05 10:02:48 - [TEST_STEP][PASSED] - return internal.GlobalVariable.Time: Text 'Testing201906051002' is set on object 'Object Repository/3 Stock/3-5 Btach number maintain/3-5 Btach number maintain-add/Item note'

2019-06-05 10:02:49 - [MESSAGE][PASSED] - Text 'Testing201906051002' is set on object 'Object Repository/3 Stock/3-5 Btach number maintain/3-5 Btach number maintain-add/Item note'

2019-06-05 10:02:49 - [TEST_STEP][PASSED] - click(findTestObject("3 Stock/3-5 Btach number maintain/3-5 Btach number maintain-add/Save button")): Object: 'Object Repository/3 Stock/3-5 Btach number maintain/3-5 Btach number maintain-add/Save button' is clicked on

2019-06-05 10:02:49 - [MESSAGE][PASSED] - Object: 'Object Repository/3 Stock/3-5 Btach number maintain/3-5 Btach number maintain-add/Save button' is clicked on]]></system-out>
         <system-err><![CDATA[]]></system-err>
      </testcase>
      <testcase name="Test Cases/Others/Accept and verify" classname="Test Cases/Others/Accept and verify" status="PASSED">
         <system-out><![CDATA[2019-06-05 10:02:49 - [TEST_CASE][PASSED] - Test Cases/Others/Accept and verify: Test Cases/Others/Accept and verify

2019-06-05 10:02:49 - [TEST_STEP][PASSED] - delay(3): Delayed 3 second(s)

2019-06-05 10:02:53 - [MESSAGE][PASSED] - Delayed 3 second(s)

2019-06-05 10:02:53 - [TEST_STEP][PASSED] - waitForAlert(5): Alert is present after 5 second(s).

2019-06-05 10:02:53 - [MESSAGE][PASSED] - Alert is present after 5 second(s).

2019-06-05 10:02:53 - [TEST_STEP][PASSED] - acceptAlert(): Alert accepted

2019-06-05 10:02:53 - [MESSAGE][PASSED] - Alert accepted

2019-06-05 10:02:53 - [TEST_STEP][PASSED] - verifyElementClickable(findTestObject("Others/Accept and verify/Verify button")): Object 'Object Repository/Others/Accept and verify/Verify button' is clickable

2019-06-05 10:02:53 - [MESSAGE][PASSED] - Object 'Object Repository/Others/Accept and verify/Verify button' is clickable]]></system-out>
         <system-err><![CDATA[]]></system-err>
      </testcase>
      <testcase name="Test Cases/3 Stock/3-5 Batch number maintain/3-5 Batch number maintain-Edit" classname="Test Cases/3 Stock/3-5 Batch number maintain/3-5 Batch number maintain-Edit" status="FAILED">
         <failure type="FAILED" message="Test Cases/3 Stock/3-5 Batch number maintain/3-5 Batch number maintain-Edit FAILED.
Reason:
com.kms.katalon.core.exception.StepFailedException: Unable to set text '60' of object 'Object Repository/3 Stock/3-5 Btach number maintain/3-5 Btach number maintain-edit/Life days' (Root cause: org.openqa.selenium.InvalidElementStateException: invalid element state: Element must be user-editable in order to clear it.
  (Session info: chrome=74.0.3729.169)
  (Driver info: chromedriver=74.0.3729.6 (255758eccf3d244491b8a1317aa76e1ce10d57e9-refs/branch-heads/3729@{#29}),platform=Windows NT 10.0.10586 x86_64) (WARNING: The server did not provide any stacktrace information)
Command duration or timeout: 0 milliseconds
Build info: version: '3.7.1', revision: '8a0099a', time: '2017-11-06T21:07:36.161Z'
System info: host: 'LARRY_CHEN', ip: '10.109.102.145', os.name: 'Windows 10', os.arch: 'amd64', os.version: '10.0', java.version: '1.8.0_181'
Driver info: com.kms.katalon.selenium.driver.CChromeDriver
Capabilities {acceptInsecureCerts: false, acceptSslCerts: false, applicationCacheEnabled: false, browserConnectionEnabled: false, browserName: chrome, chrome: {chromedriverVersion: 74.0.3729.6 (255758eccf3d24..., userDataDir: C:\Users\KENNYI~1\AppData\L...}, cssSelectorsEnabled: true, databaseEnabled: false, goog:chromeOptions: {debuggerAddress: localhost:51227}, handlesAlerts: true, hasTouchScreen: false, javascriptEnabled: true, locationContextEnabled: true, mobileEmulationEnabled: false, nativeEvents: true, networkConnectionEnabled: false, pageLoadStrategy: normal, platform: XP, platformName: XP, proxy: Proxy(direct), rotatable: false, setWindowRect: true, strictFileInteractability: false, takesHeapSnapshot: true, takesScreenshot: true, timeouts: {implicit: 0, pageLoad: 300000, script: 30000}, unexpectedAlertBehaviour: ignore, unhandledPromptBehavior: ignore, version: 74.0.3729.169, webStorageEnabled: true}
Session ID: ee5b22c27281ff0a9fd396b9666c1097)
	at com.kms.katalon.core.keyword.internal.KeywordMain.stepFailed(KeywordMain.groovy:36)
	at com.kms.katalon.core.webui.keyword.internal.WebUIKeywordMain.stepFailed(WebUIKeywordMain.groovy:65)
	at com.kms.katalon.core.webui.keyword.internal.WebUIKeywordMain.runKeyword(WebUIKeywordMain.groovy:27)
	at com.kms.katalon.core.webui.keyword.builtin.SetTextKeyword.setText(SetTextKeyword.groovy:65)
	at com.kms.katalon.core.webui.keyword.builtin.SetTextKeyword.execute(SetTextKeyword.groovy:37)
	at com.kms.katalon.core.keyword.internal.KeywordExecutor.executeKeywordForPlatform(KeywordExecutor.groovy:53)
	at com.kms.katalon.core.webui.keyword.WebUiBuiltInKeywords.setText(WebUiBuiltInKeywords.groovy:950)
	at com.kms.katalon.core.webui.keyword.WebUiBuiltInKeywords$setText$2.call(Unknown Source)
	at 3-5 Batch number maintain-Edit.run(3-5 Batch number maintain-Edit:26)
	at com.kms.katalon.core.main.ScriptEngine.run(ScriptEngine.java:194)
	at com.kms.katalon.core.main.ScriptEngine.runScriptAsRawText(ScriptEngine.java:119)
	at com.kms.katalon.core.main.TestCaseExecutor.runScript(TestCaseExecutor.java:328)
	at com.kms.katalon.core.main.TestCaseExecutor.doExecute(TestCaseExecutor.java:319)
	at com.kms.katalon.core.main.TestCaseExecutor.processExecutionPhase(TestCaseExecutor.java:298)
	at com.kms.katalon.core.main.TestCaseExecutor.accessMainPhase(TestCaseExecutor.java:290)
	at com.kms.katalon.core.main.TestCaseExecutor.execute(TestCaseExecutor.java:224)
	at com.kms.katalon.core.main.TestSuiteExecutor.accessTestCaseMainPhase(TestSuiteExecutor.java:129)
	at com.kms.katalon.core.main.TestSuiteExecutor.accessTestSuiteMainPhase(TestSuiteExecutor.java:112)
	at com.kms.katalon.core.main.TestSuiteExecutor.execute(TestSuiteExecutor.java:81)
	at com.kms.katalon.core.main.TestCaseMain.startTestSuite(TestCaseMain.java:149)
	at com.kms.katalon.core.main.TestCaseMain$startTestSuite$0.call(Unknown Source)
	at TempTestSuite1559700094223.run(TempTestSuite1559700094223.groovy:36)
"/>
         <system-out><![CDATA[2019-06-05 10:02:53 - [TEST_CASE][FAILED] - Test Cases/3 Stock/3-5 Batch number maintain/3-5 Batch number maintain-Edit: Test Cases/3 Stock/3-5 Batch number maintain/3-5 Batch number maintain-Edit FAILED.
Reason:
com.kms.katalon.core.exception.StepFailedException: Unable to set text '60' of object 'Object Repository/3 Stock/3-5 Btach number maintain/3-5 Btach number maintain-edit/Life days' (Root cause: org.openqa.selenium.InvalidElementStateException: invalid element state: Element must be user-editable in order to clear it.
  (Session info: chrome=74.0.3729.169)
  (Driver info: chromedriver=74.0.3729.6 (255758eccf3d244491b8a1317aa76e1ce10d57e9-refs/branch-heads/3729@{#29}),platform=Windows NT 10.0.10586 x86_64) (WARNING: The server did not provide any stacktrace information)
Command duration or timeout: 0 milliseconds
Build info: version: '3.7.1', revision: '8a0099a', time: '2017-11-06T21:07:36.161Z'
System info: host: 'LARRY_CHEN', ip: '10.109.102.145', os.name: 'Windows 10', os.arch: 'amd64', os.version: '10.0', java.version: '1.8.0_181'
Driver info: com.kms.katalon.selenium.driver.CChromeDriver
Capabilities {acceptInsecureCerts: false, acceptSslCerts: false, applicationCacheEnabled: false, browserConnectionEnabled: false, browserName: chrome, chrome: {chromedriverVersion: 74.0.3729.6 (255758eccf3d24..., userDataDir: C:\Users\KENNYI~1\AppData\L...}, cssSelectorsEnabled: true, databaseEnabled: false, goog:chromeOptions: {debuggerAddress: localhost:51227}, handlesAlerts: true, hasTouchScreen: false, javascriptEnabled: true, locationContextEnabled: true, mobileEmulationEnabled: false, nativeEvents: true, networkConnectionEnabled: false, pageLoadStrategy: normal, platform: XP, platformName: XP, proxy: Proxy(direct), rotatable: false, setWindowRect: true, strictFileInteractability: false, takesHeapSnapshot: true, takesScreenshot: true, timeouts: {implicit: 0, pageLoad: 300000, script: 30000}, unexpectedAlertBehaviour: ignore, unhandledPromptBehavior: ignore, version: 74.0.3729.169, webStorageEnabled: true}
Session ID: ee5b22c27281ff0a9fd396b9666c1097)
	at com.kms.katalon.core.keyword.internal.KeywordMain.stepFailed(KeywordMain.groovy:36)
	at com.kms.katalon.core.webui.keyword.internal.WebUIKeywordMain.stepFailed(WebUIKeywordMain.groovy:65)
	at com.kms.katalon.core.webui.keyword.internal.WebUIKeywordMain.runKeyword(WebUIKeywordMain.groovy:27)
	at com.kms.katalon.core.webui.keyword.builtin.SetTextKeyword.setText(SetTextKeyword.groovy:65)
	at com.kms.katalon.core.webui.keyword.builtin.SetTextKeyword.execute(SetTextKeyword.groovy:37)
	at com.kms.katalon.core.keyword.internal.KeywordExecutor.executeKeywordForPlatform(KeywordExecutor.groovy:53)
	at com.kms.katalon.core.webui.keyword.WebUiBuiltInKeywords.setText(WebUiBuiltInKeywords.groovy:950)
	at com.kms.katalon.core.webui.keyword.WebUiBuiltInKeywords$setText$2.call(Unknown Source)
	at 3-5 Batch number maintain-Edit.run(3-5 Batch number maintain-Edit:26)
	at com.kms.katalon.core.main.ScriptEngine.run(ScriptEngine.java:194)
	at com.kms.katalon.core.main.ScriptEngine.runScriptAsRawText(ScriptEngine.java:119)
	at com.kms.katalon.core.main.TestCaseExecutor.runScript(TestCaseExecutor.java:328)
	at com.kms.katalon.core.main.TestCaseExecutor.doExecute(TestCaseExecutor.java:319)
	at com.kms.katalon.core.main.TestCaseExecutor.processExecutionPhase(TestCaseExecutor.java:298)
	at com.kms.katalon.core.main.TestCaseExecutor.accessMainPhase(TestCaseExecutor.java:290)
	at com.kms.katalon.core.main.TestCaseExecutor.execute(TestCaseExecutor.java:224)
	at com.kms.katalon.core.main.TestSuiteExecutor.accessTestCaseMainPhase(TestSuiteExecutor.java:129)
	at com.kms.katalon.core.main.TestSuiteExecutor.accessTestSuiteMainPhase(TestSuiteExecutor.java:112)
	at com.kms.katalon.core.main.TestSuiteExecutor.execute(TestSuiteExecutor.java:81)
	at com.kms.katalon.core.main.TestCaseMain.startTestSuite(TestCaseMain.java:149)
	at com.kms.katalon.core.main.TestCaseMain$startTestSuite$0.call(Unknown Source)
	at TempTestSuite1559700094223.run(TempTestSuite1559700094223.groovy:36)


2019-06-05 10:02:54 - [TEST_STEP][PASSED] - click(findTestObject("Object Repository/3 Stock/3-5 Btach number maintain/3-5 Btach number maintain-edit/Sort by number")): Object: 'Object Repository/3 Stock/3-5 Btach number maintain/3-5 Btach number maintain-edit/Sort by number' is clicked on

2019-06-05 10:02:54 - [MESSAGE][PASSED] - Object: 'Object Repository/3 Stock/3-5 Btach number maintain/3-5 Btach number maintain-edit/Sort by number' is clicked on

2019-06-05 10:02:54 - [TEST_STEP][PASSED] - click(findTestObject("Object Repository/3 Stock/3-5 Btach number maintain/3-5 Btach number maintain-edit/Sort by number")): Object: 'Object Repository/3 Stock/3-5 Btach number maintain/3-5 Btach number maintain-edit/Sort by number' is clicked on

2019-06-05 10:02:54 - [MESSAGE][PASSED] - Object: 'Object Repository/3 Stock/3-5 Btach number maintain/3-5 Btach number maintain-edit/Sort by number' is clicked on

2019-06-05 10:02:54 - [TEST_STEP][PASSED] - XXX = Time: null

2019-06-05 10:02:54 - [TEST_STEP][PASSED] - click(findTestObject("Object Repository/3 Stock/3-5 Btach number maintain/3-5 Btach number maintain-edit/Select by number", ["xxx":XXX])): Object: 'Object Repository/3 Stock/3-5 Btach number maintain/3-5 Btach number maintain-edit/Select by number' is clicked on

2019-06-05 10:02:54 - [MESSAGE][PASSED] - Object: 'Object Repository/3 Stock/3-5 Btach number maintain/3-5 Btach number maintain-edit/Select by number' is clicked on

2019-06-05 10:02:54 - [TEST_STEP][PASSED] - click(findTestObject("Object Repository/3 Stock/3-5 Btach number maintain/3-5 Btach number maintain-edit/Edit button")): Object: 'Object Repository/3 Stock/3-5 Btach number maintain/3-5 Btach number maintain-edit/Edit button' is clicked on

2019-06-05 10:02:54 - [MESSAGE][PASSED] - Object: 'Object Repository/3 Stock/3-5 Btach number maintain/3-5 Btach number maintain-edit/Edit button' is clicked on

2019-06-05 10:02:54 - [TEST_STEP][FAILED] - setText(findTestObject("Object Repository/3 Stock/3-5 Btach number maintain/3-5 Btach number maintain-edit/Life days"), "60"): setText(findTestObject("Object Repository/3 Stock/3-5 Btach number maintain/3-5 Btach number maintain-edit/Life days"), "60") FAILED.
Reason:
com.kms.katalon.core.exception.StepFailedException: Unable to set text '60' of object 'Object Repository/3 Stock/3-5 Btach number maintain/3-5 Btach number maintain-edit/Life days' (Root cause: org.openqa.selenium.InvalidElementStateException: invalid element state: Element must be user-editable in order to clear it.
  (Session info: chrome=74.0.3729.169)
  (Driver info: chromedriver=74.0.3729.6 (255758eccf3d244491b8a1317aa76e1ce10d57e9-refs/branch-heads/3729@{#29}),platform=Windows NT 10.0.10586 x86_64) (WARNING: The server did not provide any stacktrace information)
Command duration or timeout: 0 milliseconds
Build info: version: '3.7.1', revision: '8a0099a', time: '2017-11-06T21:07:36.161Z'
System info: host: 'LARRY_CHEN', ip: '10.109.102.145', os.name: 'Windows 10', os.arch: 'amd64', os.version: '10.0', java.version: '1.8.0_181'
Driver info: com.kms.katalon.selenium.driver.CChromeDriver
Capabilities {acceptInsecureCerts: false, acceptSslCerts: false, applicationCacheEnabled: false, browserConnectionEnabled: false, browserName: chrome, chrome: {chromedriverVersion: 74.0.3729.6 (255758eccf3d24..., userDataDir: C:\Users\KENNYI~1\AppData\L...}, cssSelectorsEnabled: true, databaseEnabled: false, goog:chromeOptions: {debuggerAddress: localhost:51227}, handlesAlerts: true, hasTouchScreen: false, javascriptEnabled: true, locationContextEnabled: true, mobileEmulationEnabled: false, nativeEvents: true, networkConnectionEnabled: false, pageLoadStrategy: normal, platform: XP, platformName: XP, proxy: Proxy(direct), rotatable: false, setWindowRect: true, strictFileInteractability: false, takesHeapSnapshot: true, takesScreenshot: true, timeouts: {implicit: 0, pageLoad: 300000, script: 30000}, unexpectedAlertBehaviour: ignore, unhandledPromptBehavior: ignore, version: 74.0.3729.169, webStorageEnabled: true}
Session ID: ee5b22c27281ff0a9fd396b9666c1097)
	at com.kms.katalon.core.keyword.internal.KeywordMain.stepFailed(KeywordMain.groovy:36)
	at com.kms.katalon.core.webui.keyword.internal.WebUIKeywordMain.stepFailed(WebUIKeywordMain.groovy:65)
	at com.kms.katalon.core.webui.keyword.internal.WebUIKeywordMain.runKeyword(WebUIKeywordMain.groovy:27)
	at com.kms.katalon.core.webui.keyword.builtin.SetTextKeyword.setText(SetTextKeyword.groovy:65)
	at com.kms.katalon.core.webui.keyword.builtin.SetTextKeyword.execute(SetTextKeyword.groovy:37)
	at com.kms.katalon.core.keyword.internal.KeywordExecutor.executeKeywordForPlatform(KeywordExecutor.groovy:53)
	at com.kms.katalon.core.webui.keyword.WebUiBuiltInKeywords.setText(WebUiBuiltInKeywords.groovy:950)
	at com.kms.katalon.core.webui.keyword.WebUiBuiltInKeywords$setText$2.call(Unknown Source)
	at 3-5 Batch number maintain-Edit.run(3-5 Batch number maintain-Edit:26)
	at com.kms.katalon.core.main.ScriptEngine.run(ScriptEngine.java:194)
	at com.kms.katalon.core.main.ScriptEngine.runScriptAsRawText(ScriptEngine.java:119)
	at com.kms.katalon.core.main.TestCaseExecutor.runScript(TestCaseExecutor.java:328)
	at com.kms.katalon.core.main.TestCaseExecutor.doExecute(TestCaseExecutor.java:319)
	at com.kms.katalon.core.main.TestCaseExecutor.processExecutionPhase(TestCaseExecutor.java:298)
	at com.kms.katalon.core.main.TestCaseExecutor.accessMainPhase(TestCaseExecutor.java:290)
	at com.kms.katalon.core.main.TestCaseExecutor.execute(TestCaseExecutor.java:224)
	at com.kms.katalon.core.main.TestSuiteExecutor.accessTestCaseMainPhase(TestSuiteExecutor.java:129)
	at com.kms.katalon.core.main.TestSuiteExecutor.accessTestSuiteMainPhase(TestSuiteExecutor.java:112)
	at com.kms.katalon.core.main.TestSuiteExecutor.execute(TestSuiteExecutor.java:81)
	at com.kms.katalon.core.main.TestCaseMain.startTestSuite(TestCaseMain.java:149)
	at com.kms.katalon.core.main.TestCaseMain$startTestSuite$0.call(Unknown Source)
	at TempTestSuite1559700094223.run(TempTestSuite1559700094223.groovy:36)


2019-06-05 10:02:55 - [MESSAGE][FAILED] - Unable to set text '60' of object 'Object Repository/3 Stock/3-5 Btach number maintain/3-5 Btach number maintain-edit/Life days' (Root cause: org.openqa.selenium.InvalidElementStateException: invalid element state: Element must be user-editable in order to clear it.
  (Session info: chrome=74.0.3729.169)
  (Driver info: chromedriver=74.0.3729.6 (255758eccf3d244491b8a1317aa76e1ce10d57e9-refs/branch-heads/3729@{#29}),platform=Windows NT 10.0.10586 x86_64) (WARNING: The server did not provide any stacktrace information)
Command duration or timeout: 0 milliseconds
Build info: version: '3.7.1', revision: '8a0099a', time: '2017-11-06T21:07:36.161Z'
System info: host: 'LARRY_CHEN', ip: '10.109.102.145', os.name: 'Windows 10', os.arch: 'amd64', os.version: '10.0', java.version: '1.8.0_181'
Driver info: com.kms.katalon.selenium.driver.CChromeDriver
Capabilities {acceptInsecureCerts: false, acceptSslCerts: false, applicationCacheEnabled: false, browserConnectionEnabled: false, browserName: chrome, chrome: {chromedriverVersion: 74.0.3729.6 (255758eccf3d24..., userDataDir: C:\Users\KENNYI~1\AppData\L...}, cssSelectorsEnabled: true, databaseEnabled: false, goog:chromeOptions: {debuggerAddress: localhost:51227}, handlesAlerts: true, hasTouchScreen: false, javascriptEnabled: true, locationContextEnabled: true, mobileEmulationEnabled: false, nativeEvents: true, networkConnectionEnabled: false, pageLoadStrategy: normal, platform: XP, platformName: XP, proxy: Proxy(direct), rotatable: false, setWindowRect: true, strictFileInteractability: false, takesHeapSnapshot: true, takesScreenshot: true, timeouts: {implicit: 0, pageLoad: 300000, script: 30000}, unexpectedAlertBehaviour: ignore, unhandledPromptBehavior: ignore, version: 74.0.3729.169, webStorageEnabled: true}
Session ID: ee5b22c27281ff0a9fd396b9666c1097)
[[ATTACHMENT|D:\\Kenny\\D\\Katalon Studio\\PSI\\PSItest\\Reports\\3-5 Batch number maintain\\20190605_100134\\1559700175028.png]]

2019-06-05 10:02:55 - [MESSAGE][FAILED] - setText(findTestObject("Object Repository/3 Stock/3-5 Btach number maintain/3-5 Btach number maintain-edit/Life days"), "60") FAILED.
Reason:
com.kms.katalon.core.exception.StepFailedException: Unable to set text '60' of object 'Object Repository/3 Stock/3-5 Btach number maintain/3-5 Btach number maintain-edit/Life days' (Root cause: org.openqa.selenium.InvalidElementStateException: invalid element state: Element must be user-editable in order to clear it.
  (Session info: chrome=74.0.3729.169)
  (Driver info: chromedriver=74.0.3729.6 (255758eccf3d244491b8a1317aa76e1ce10d57e9-refs/branch-heads/3729@{#29}),platform=Windows NT 10.0.10586 x86_64) (WARNING: The server did not provide any stacktrace information)
Command duration or timeout: 0 milliseconds
Build info: version: '3.7.1', revision: '8a0099a', time: '2017-11-06T21:07:36.161Z'
System info: host: 'LARRY_CHEN', ip: '10.109.102.145', os.name: 'Windows 10', os.arch: 'amd64', os.version: '10.0', java.version: '1.8.0_181'
Driver info: com.kms.katalon.selenium.driver.CChromeDriver
Capabilities {acceptInsecureCerts: false, acceptSslCerts: false, applicationCacheEnabled: false, browserConnectionEnabled: false, browserName: chrome, chrome: {chromedriverVersion: 74.0.3729.6 (255758eccf3d24..., userDataDir: C:\Users\KENNYI~1\AppData\L...}, cssSelectorsEnabled: true, databaseEnabled: false, goog:chromeOptions: {debuggerAddress: localhost:51227}, handlesAlerts: true, hasTouchScreen: false, javascriptEnabled: true, locationContextEnabled: true, mobileEmulationEnabled: false, nativeEvents: true, networkConnectionEnabled: false, pageLoadStrategy: normal, platform: XP, platformName: XP, proxy: Proxy(direct), rotatable: false, setWindowRect: true, strictFileInteractability: false, takesHeapSnapshot: true, takesScreenshot: true, timeouts: {implicit: 0, pageLoad: 300000, script: 30000}, unexpectedAlertBehaviour: ignore, unhandledPromptBehavior: ignore, version: 74.0.3729.169, webStorageEnabled: true}
Session ID: ee5b22c27281ff0a9fd396b9666c1097)
	at com.kms.katalon.core.keyword.internal.KeywordMain.stepFailed(KeywordMain.groovy:36)
	at com.kms.katalon.core.webui.keyword.internal.WebUIKeywordMain.stepFailed(WebUIKeywordMain.groovy:65)
	at com.kms.katalon.core.webui.keyword.internal.WebUIKeywordMain.runKeyword(WebUIKeywordMain.groovy:27)
	at com.kms.katalon.core.webui.keyword.builtin.SetTextKeyword.setText(SetTextKeyword.groovy:65)
	at com.kms.katalon.core.webui.keyword.builtin.SetTextKeyword.execute(SetTextKeyword.groovy:37)
	at com.kms.katalon.core.keyword.internal.KeywordExecutor.executeKeywordForPlatform(KeywordExecutor.groovy:53)
	at com.kms.katalon.core.webui.keyword.WebUiBuiltInKeywords.setText(WebUiBuiltInKeywords.groovy:950)
	at com.kms.katalon.core.webui.keyword.WebUiBuiltInKeywords$setText$2.call(Unknown Source)
	at 3-5 Batch number maintain-Edit.run(3-5 Batch number maintain-Edit:26)
	at com.kms.katalon.core.main.ScriptEngine.run(ScriptEngine.java:194)
	at com.kms.katalon.core.main.ScriptEngine.runScriptAsRawText(ScriptEngine.java:119)
	at com.kms.katalon.core.main.TestCaseExecutor.runScript(TestCaseExecutor.java:328)
	at com.kms.katalon.core.main.TestCaseExecutor.doExecute(TestCaseExecutor.java:319)
	at com.kms.katalon.core.main.TestCaseExecutor.processExecutionPhase(TestCaseExecutor.java:298)
	at com.kms.katalon.core.main.TestCaseExecutor.accessMainPhase(TestCaseExecutor.java:290)
	at com.kms.katalon.core.main.TestCaseExecutor.execute(TestCaseExecutor.java:224)
	at com.kms.katalon.core.main.TestSuiteExecutor.accessTestCaseMainPhase(TestSuiteExecutor.java:129)
	at com.kms.katalon.core.main.TestSuiteExecutor.accessTestSuiteMainPhase(TestSuiteExecutor.java:112)
	at com.kms.katalon.core.main.TestSuiteExecutor.execute(TestSuiteExecutor.java:81)
	at com.kms.katalon.core.main.TestCaseMain.startTestSuite(TestCaseMain.java:149)
	at com.kms.katalon.core.main.TestCaseMain$startTestSuite$0.call(Unknown Source)
	at TempTestSuite1559700094223.run(TempTestSuite1559700094223.groovy:36)]]></system-out>
         <system-err><![CDATA[2019-06-05 10:02:53 - [TEST_CASE][FAILED] - Test Cases/3 Stock/3-5 Batch number maintain/3-5 Batch number maintain-Edit: Test Cases/3 Stock/3-5 Batch number maintain/3-5 Batch number maintain-Edit FAILED.
Reason:
com.kms.katalon.core.exception.StepFailedException: Unable to set text '60' of object 'Object Repository/3 Stock/3-5 Btach number maintain/3-5 Btach number maintain-edit/Life days' (Root cause: org.openqa.selenium.InvalidElementStateException: invalid element state: Element must be user-editable in order to clear it.
  (Session info: chrome=74.0.3729.169)
  (Driver info: chromedriver=74.0.3729.6 (255758eccf3d244491b8a1317aa76e1ce10d57e9-refs/branch-heads/3729@{#29}),platform=Windows NT 10.0.10586 x86_64) (WARNING: The server did not provide any stacktrace information)
Command duration or timeout: 0 milliseconds
Build info: version: '3.7.1', revision: '8a0099a', time: '2017-11-06T21:07:36.161Z'
System info: host: 'LARRY_CHEN', ip: '10.109.102.145', os.name: 'Windows 10', os.arch: 'amd64', os.version: '10.0', java.version: '1.8.0_181'
Driver info: com.kms.katalon.selenium.driver.CChromeDriver
Capabilities {acceptInsecureCerts: false, acceptSslCerts: false, applicationCacheEnabled: false, browserConnectionEnabled: false, browserName: chrome, chrome: {chromedriverVersion: 74.0.3729.6 (255758eccf3d24..., userDataDir: C:\Users\KENNYI~1\AppData\L...}, cssSelectorsEnabled: true, databaseEnabled: false, goog:chromeOptions: {debuggerAddress: localhost:51227}, handlesAlerts: true, hasTouchScreen: false, javascriptEnabled: true, locationContextEnabled: true, mobileEmulationEnabled: false, nativeEvents: true, networkConnectionEnabled: false, pageLoadStrategy: normal, platform: XP, platformName: XP, proxy: Proxy(direct), rotatable: false, setWindowRect: true, strictFileInteractability: false, takesHeapSnapshot: true, takesScreenshot: true, timeouts: {implicit: 0, pageLoad: 300000, script: 30000}, unexpectedAlertBehaviour: ignore, unhandledPromptBehavior: ignore, version: 74.0.3729.169, webStorageEnabled: true}
Session ID: ee5b22c27281ff0a9fd396b9666c1097)
	at com.kms.katalon.core.keyword.internal.KeywordMain.stepFailed(KeywordMain.groovy:36)
	at com.kms.katalon.core.webui.keyword.internal.WebUIKeywordMain.stepFailed(WebUIKeywordMain.groovy:65)
	at com.kms.katalon.core.webui.keyword.internal.WebUIKeywordMain.runKeyword(WebUIKeywordMain.groovy:27)
	at com.kms.katalon.core.webui.keyword.builtin.SetTextKeyword.setText(SetTextKeyword.groovy:65)
	at com.kms.katalon.core.webui.keyword.builtin.SetTextKeyword.execute(SetTextKeyword.groovy:37)
	at com.kms.katalon.core.keyword.internal.KeywordExecutor.executeKeywordForPlatform(KeywordExecutor.groovy:53)
	at com.kms.katalon.core.webui.keyword.WebUiBuiltInKeywords.setText(WebUiBuiltInKeywords.groovy:950)
	at com.kms.katalon.core.webui.keyword.WebUiBuiltInKeywords$setText$2.call(Unknown Source)
	at 3-5 Batch number maintain-Edit.run(3-5 Batch number maintain-Edit:26)
	at com.kms.katalon.core.main.ScriptEngine.run(ScriptEngine.java:194)
	at com.kms.katalon.core.main.ScriptEngine.runScriptAsRawText(ScriptEngine.java:119)
	at com.kms.katalon.core.main.TestCaseExecutor.runScript(TestCaseExecutor.java:328)
	at com.kms.katalon.core.main.TestCaseExecutor.doExecute(TestCaseExecutor.java:319)
	at com.kms.katalon.core.main.TestCaseExecutor.processExecutionPhase(TestCaseExecutor.java:298)
	at com.kms.katalon.core.main.TestCaseExecutor.accessMainPhase(TestCaseExecutor.java:290)
	at com.kms.katalon.core.main.TestCaseExecutor.execute(TestCaseExecutor.java:224)
	at com.kms.katalon.core.main.TestSuiteExecutor.accessTestCaseMainPhase(TestSuiteExecutor.java:129)
	at com.kms.katalon.core.main.TestSuiteExecutor.accessTestSuiteMainPhase(TestSuiteExecutor.java:112)
	at com.kms.katalon.core.main.TestSuiteExecutor.execute(TestSuiteExecutor.java:81)
	at com.kms.katalon.core.main.TestCaseMain.startTestSuite(TestCaseMain.java:149)
	at com.kms.katalon.core.main.TestCaseMain$startTestSuite$0.call(Unknown Source)
	at TempTestSuite1559700094223.run(TempTestSuite1559700094223.groovy:36)]]></system-err>
      </testcase>
      <system-out><![CDATA[2019-06-05 10:01:56 - [TEST_SUITE][FAILED] - 3-5 Batch number maintain: Test Cases/3 Stock/3-5 Batch number maintain/3-5 Batch number maintain-Edit FAILED.
Reason:
com.kms.katalon.core.exception.StepFailedException: Unable to set text '60' of object 'Object Repository/3 Stock/3-5 Btach number maintain/3-5 Btach number maintain-edit/Life days' (Root cause: org.openqa.selenium.InvalidElementStateException: invalid element state: Element must be user-editable in order to clear it.
  (Session info: chrome=74.0.3729.169)
  (Driver info: chromedriver=74.0.3729.6 (255758eccf3d244491b8a1317aa76e1ce10d57e9-refs/branch-heads/3729@{#29}),platform=Windows NT 10.0.10586 x86_64) (WARNING: The server did not provide any stacktrace information)
Command duration or timeout: 0 milliseconds
Build info: version: '3.7.1', revision: '8a0099a', time: '2017-11-06T21:07:36.161Z'
System info: host: 'LARRY_CHEN', ip: '10.109.102.145', os.name: 'Windows 10', os.arch: 'amd64', os.version: '10.0', java.version: '1.8.0_181'
Driver info: com.kms.katalon.selenium.driver.CChromeDriver
Capabilities {acceptInsecureCerts: false, acceptSslCerts: false, applicationCacheEnabled: false, browserConnectionEnabled: false, browserName: chrome, chrome: {chromedriverVersion: 74.0.3729.6 (255758eccf3d24..., userDataDir: C:\Users\KENNYI~1\AppData\L...}, cssSelectorsEnabled: true, databaseEnabled: false, goog:chromeOptions: {debuggerAddress: localhost:51227}, handlesAlerts: true, hasTouchScreen: false, javascriptEnabled: true, locationContextEnabled: true, mobileEmulationEnabled: false, nativeEvents: true, networkConnectionEnabled: false, pageLoadStrategy: normal, platform: XP, platformName: XP, proxy: Proxy(direct), rotatable: false, setWindowRect: true, strictFileInteractability: false, takesHeapSnapshot: true, takesScreenshot: true, timeouts: {implicit: 0, pageLoad: 300000, script: 30000}, unexpectedAlertBehaviour: ignore, unhandledPromptBehavior: ignore, version: 74.0.3729.169, webStorageEnabled: true}
Session ID: ee5b22c27281ff0a9fd396b9666c1097)
	at com.kms.katalon.core.keyword.internal.KeywordMain.stepFailed(KeywordMain.groovy:36)
	at com.kms.katalon.core.webui.keyword.internal.WebUIKeywordMain.stepFailed(WebUIKeywordMain.groovy:65)
	at com.kms.katalon.core.webui.keyword.internal.WebUIKeywordMain.runKeyword(WebUIKeywordMain.groovy:27)
	at com.kms.katalon.core.webui.keyword.builtin.SetTextKeyword.setText(SetTextKeyword.groovy:65)
	at com.kms.katalon.core.webui.keyword.builtin.SetTextKeyword.execute(SetTextKeyword.groovy:37)
	at com.kms.katalon.core.keyword.internal.KeywordExecutor.executeKeywordForPlatform(KeywordExecutor.groovy:53)
	at com.kms.katalon.core.webui.keyword.WebUiBuiltInKeywords.setText(WebUiBuiltInKeywords.groovy:950)
	at com.kms.katalon.core.webui.keyword.WebUiBuiltInKeywords$setText$2.call(Unknown Source)
	at 3-5 Batch number maintain-Edit.run(3-5 Batch number maintain-Edit:26)
	at com.kms.katalon.core.main.ScriptEngine.run(ScriptEngine.java:194)
	at com.kms.katalon.core.main.ScriptEngine.runScriptAsRawText(ScriptEngine.java:119)
	at com.kms.katalon.core.main.TestCaseExecutor.runScript(TestCaseExecutor.java:328)
	at com.kms.katalon.core.main.TestCaseExecutor.doExecute(TestCaseExecutor.java:319)
	at com.kms.katalon.core.main.TestCaseExecutor.processExecutionPhase(TestCaseExecutor.java:298)
	at com.kms.katalon.core.main.TestCaseExecutor.accessMainPhase(TestCaseExecutor.java:290)
	at com.kms.katalon.core.main.TestCaseExecutor.execute(TestCaseExecutor.java:224)
	at com.kms.katalon.core.main.TestSuiteExecutor.accessTestCaseMainPhase(TestSuiteExecutor.java:129)
	at com.kms.katalon.core.main.TestSuiteExecutor.accessTestSuiteMainPhase(TestSuiteExecutor.java:112)
	at com.kms.katalon.core.main.TestSuiteExecutor.execute(TestSuiteExecutor.java:81)
	at com.kms.katalon.core.main.TestCaseMain.startTestSuite(TestCaseMain.java:149)
	at com.kms.katalon.core.main.TestCaseMain$startTestSuite$0.call(Unknown Source)
	at TempTestSuite1559700094223.run(TempTestSuite1559700094223.groovy:36)]]></system-out>
      <system-err><![CDATA[2019-06-05 10:01:56 - [TEST_SUITE][FAILED] - 3-5 Batch number maintain: Test Cases/3 Stock/3-5 Batch number maintain/3-5 Batch number maintain-Edit FAILED.
Reason:
com.kms.katalon.core.exception.StepFailedException: Unable to set text '60' of object 'Object Repository/3 Stock/3-5 Btach number maintain/3-5 Btach number maintain-edit/Life days' (Root cause: org.openqa.selenium.InvalidElementStateException: invalid element state: Element must be user-editable in order to clear it.
  (Session info: chrome=74.0.3729.169)
  (Driver info: chromedriver=74.0.3729.6 (255758eccf3d244491b8a1317aa76e1ce10d57e9-refs/branch-heads/3729@{#29}),platform=Windows NT 10.0.10586 x86_64) (WARNING: The server did not provide any stacktrace information)
Command duration or timeout: 0 milliseconds
Build info: version: '3.7.1', revision: '8a0099a', time: '2017-11-06T21:07:36.161Z'
System info: host: 'LARRY_CHEN', ip: '10.109.102.145', os.name: 'Windows 10', os.arch: 'amd64', os.version: '10.0', java.version: '1.8.0_181'
Driver info: com.kms.katalon.selenium.driver.CChromeDriver
Capabilities {acceptInsecureCerts: false, acceptSslCerts: false, applicationCacheEnabled: false, browserConnectionEnabled: false, browserName: chrome, chrome: {chromedriverVersion: 74.0.3729.6 (255758eccf3d24..., userDataDir: C:\Users\KENNYI~1\AppData\L...}, cssSelectorsEnabled: true, databaseEnabled: false, goog:chromeOptions: {debuggerAddress: localhost:51227}, handlesAlerts: true, hasTouchScreen: false, javascriptEnabled: true, locationContextEnabled: true, mobileEmulationEnabled: false, nativeEvents: true, networkConnectionEnabled: false, pageLoadStrategy: normal, platform: XP, platformName: XP, proxy: Proxy(direct), rotatable: false, setWindowRect: true, strictFileInteractability: false, takesHeapSnapshot: true, takesScreenshot: true, timeouts: {implicit: 0, pageLoad: 300000, script: 30000}, unexpectedAlertBehaviour: ignore, unhandledPromptBehavior: ignore, version: 74.0.3729.169, webStorageEnabled: true}
Session ID: ee5b22c27281ff0a9fd396b9666c1097)
	at com.kms.katalon.core.keyword.internal.KeywordMain.stepFailed(KeywordMain.groovy:36)
	at com.kms.katalon.core.webui.keyword.internal.WebUIKeywordMain.stepFailed(WebUIKeywordMain.groovy:65)
	at com.kms.katalon.core.webui.keyword.internal.WebUIKeywordMain.runKeyword(WebUIKeywordMain.groovy:27)
	at com.kms.katalon.core.webui.keyword.builtin.SetTextKeyword.setText(SetTextKeyword.groovy:65)
	at com.kms.katalon.core.webui.keyword.builtin.SetTextKeyword.execute(SetTextKeyword.groovy:37)
	at com.kms.katalon.core.keyword.internal.KeywordExecutor.executeKeywordForPlatform(KeywordExecutor.groovy:53)
	at com.kms.katalon.core.webui.keyword.WebUiBuiltInKeywords.setText(WebUiBuiltInKeywords.groovy:950)
	at com.kms.katalon.core.webui.keyword.WebUiBuiltInKeywords$setText$2.call(Unknown Source)
	at 3-5 Batch number maintain-Edit.run(3-5 Batch number maintain-Edit:26)
	at com.kms.katalon.core.main.ScriptEngine.run(ScriptEngine.java:194)
	at com.kms.katalon.core.main.ScriptEngine.runScriptAsRawText(ScriptEngine.java:119)
	at com.kms.katalon.core.main.TestCaseExecutor.runScript(TestCaseExecutor.java:328)
	at com.kms.katalon.core.main.TestCaseExecutor.doExecute(TestCaseExecutor.java:319)
	at com.kms.katalon.core.main.TestCaseExecutor.processExecutionPhase(TestCaseExecutor.java:298)
	at com.kms.katalon.core.main.TestCaseExecutor.accessMainPhase(TestCaseExecutor.java:290)
	at com.kms.katalon.core.main.TestCaseExecutor.execute(TestCaseExecutor.java:224)
	at com.kms.katalon.core.main.TestSuiteExecutor.accessTestCaseMainPhase(TestSuiteExecutor.java:129)
	at com.kms.katalon.core.main.TestSuiteExecutor.accessTestSuiteMainPhase(TestSuiteExecutor.java:112)
	at com.kms.katalon.core.main.TestSuiteExecutor.execute(TestSuiteExecutor.java:81)
	at com.kms.katalon.core.main.TestCaseMain.startTestSuite(TestCaseMain.java:149)
	at com.kms.katalon.core.main.TestCaseMain$startTestSuite$0.call(Unknown Source)
	at TempTestSuite1559700094223.run(TempTestSuite1559700094223.groovy:36)]]></system-err>
   </testsuite>
</testsuites>
