<?xml version="1.0" encoding="UTF-8"?>
<testsuites name="2-1 Sale Test Suite" time="22" tests="1" failures="1" errors="1">
   <testsuite name="2-1 Sale Test Suite" tests="1" failures="1" errors="1" time="22" timestamp="2019-04-25 16:39:13" hostname="KennyIC_Chen - KennyIC_Chen.compal.com" id="Test Suites/2-1 Sale Test Suite">
      <properties>
         <property name="deviceName" value=""/>
         <property name="devicePlatform" value=""/>
         <property name="logFolder" value="C:\\Users\\KennyIC_chen.COMPAL\\git\\PSItest\\Reports\\2-1 Sale Test Suite\\20190425_163912"/>
         <property name="logFiles" value="C:\\Users\\KennyIC_chen.COMPAL\\git\\PSItest\\Reports\\2-1 Sale Test Suite\\20190425_163912\\execution0.log"/>
         <property name="attachments" value="C:\\Users\\KennyIC_chen.COMPAL\\git\\PSItest\\Reports\\2-1 Sale Test Suite\\20190425_163912\\1556181575416.png, C:\\Users\\KennyIC_chen.COMPAL\\git\\PSItest\\Reports\\2-1 Sale Test Suite\\20190425_163912\\1556181575786.png"/>
         <property name="hostName" value="KennyIC_Chen - KennyIC_Chen.compal.com"/>
         <property name="os" value="Windows 10 64bit"/>
         <property name="katalonVersion" value="5.10.1.1"/>
         <property name="browser" value="Chrome 73.0.3683.103"/>
         <property name="hostAddress" value="10.109.102.148"/>
         <property name="sessionId" value="6138a23f68bd4d41e2fab0fdf48ce361"/>
         <property name="seleniumVersion" value="3.7.1"/>
         <property name="proxyInformation" value="ProxyInformation{proxyOption=NO_PROXY, proxyServerType=HTTP, password=, proxyServerAddress=, proxyServerPort=0}"/>
         <property name="platform" value="Windows 10"/>
      </properties>
      <testcase name="Test Cases/Others/Login" classname="Test Cases/Others/Login" status="PASSED">
         <system-out><![CDATA[2019-04-25 16:39:14 - [TEST_CASE][PASSED] - Test Cases/Others/Login: Test Cases/Others/Login

2019-04-25 16:39:14 - [TEST_STEP][PASSED] - openBrowser(""): Browser is opened with url: ''

2019-04-25 16:39:14 - [MESSAGE][INFO] - Starting 'Chrome' driver

2019-04-25 16:39:14 - [MESSAGE][INFO] - Action delay is set to 0 seconds

2019-04-25 16:39:17 - [MESSAGE][PASSED] - Browser is opened with url: ''

2019-04-25 16:39:17 - [TEST_STEP][PASSED] - navigateToUrl("https://psi-azcldap.unicore.com.tw/login"): Navigate to 'https://psi-azcldap.unicore.com.tw/login' successfully

2019-04-25 16:39:21 - [MESSAGE][PASSED] - Navigate to 'https://psi-azcldap.unicore.com.tw/login' successfully

2019-04-25 16:39:21 - [TEST_STEP][PASSED] - maximizeWindow(): Current window maximized

2019-04-25 16:39:22 - [MESSAGE][PASSED] - Current window maximized

2019-04-25 16:39:22 - [TEST_STEP][PASSED] - setText(findTestObject("Others/Login/ID-QWE"), "QWE"): Text 'QWE' is set on object 'Object Repository/Others/Login/ID-QWE'

2019-04-25 16:39:23 - [MESSAGE][PASSED] - Text 'QWE' is set on object 'Object Repository/Others/Login/ID-QWE'

2019-04-25 16:39:23 - [TEST_STEP][PASSED] - setEncryptedText(findTestObject("Others/Login/PW-QWE"), "5opu+sh6ATw="): Text ****** has been set on object 'Object Repository/Others/Login/PW-QWE'

2019-04-25 16:39:23 - [MESSAGE][PASSED] - Text ****** has been set on object 'Object Repository/Others/Login/PW-QWE'

2019-04-25 16:39:23 - [TEST_STEP][PASSED] - click(findTestObject("Others/Login/Login Button")): Object: 'Object Repository/Others/Login/Login Button' is clicked on

2019-04-25 16:39:23 - [MESSAGE][PASSED] - Object: 'Object Repository/Others/Login/Login Button' is clicked on

2019-04-25 16:39:23 - [TEST_STEP][PASSED] - verifyElementClickable(findTestObject("Others/Login/Verify button")): Object 'Object Repository/Others/Login/Verify button' is clickable

2019-04-25 16:39:23 - [MESSAGE][PASSED] - Object 'Object Repository/Others/Login/Verify button' is clickable]]></system-out>
         <system-err><![CDATA[]]></system-err>
      </testcase>
      <testcase name="Test Cases/2-1 Sale-add" classname="Test Cases/2-1 Sale-add" status="ERROR">
         <error type="ERROR" message="Test Cases/2-1 Sale-add FAILED.
Reason:
groovy.lang.MissingMethodException: No signature of method: Script1555921230772.Note() is applicable for argument types: () values: []
Possible solutions: time(), use([Ljava.lang.Object;), with(groovy.lang.Closure), use(java.util.List, groovy.lang.Closure), use(java.lang.Class, groovy.lang.Closure), notify()
	at 2-1 Sale-add.run(2-1 Sale-add:98)
	at com.kms.katalon.core.main.ScriptEngine.run(ScriptEngine.java:194)
	at com.kms.katalon.core.main.ScriptEngine.runScriptAsRawText(ScriptEngine.java:119)
	at com.kms.katalon.core.main.TestCaseExecutor.runScript(TestCaseExecutor.java:328)
	at com.kms.katalon.core.main.TestCaseExecutor.doExecute(TestCaseExecutor.java:319)
	at com.kms.katalon.core.main.TestCaseExecutor.processExecutionPhase(TestCaseExecutor.java:298)
	at com.kms.katalon.core.main.TestCaseExecutor.accessMainPhase(TestCaseExecutor.java:290)
	at com.kms.katalon.core.main.TestCaseExecutor.execute(TestCaseExecutor.java:224)
	at com.kms.katalon.core.main.TestSuiteExecutor.accessTestCaseMainPhase(TestSuiteExecutor.java:129)
	at com.kms.katalon.core.main.TestSuiteExecutor.accessTestSuiteMainPhase(TestSuiteExecutor.java:112)
	at com.kms.katalon.core.main.TestSuiteExecutor.execute(TestSuiteExecutor.java:81)
	at com.kms.katalon.core.main.TestCaseMain.startTestSuite(TestCaseMain.java:149)
	at com.kms.katalon.core.main.TestCaseMain$startTestSuite$0.call(Unknown Source)
	at TempTestSuite1556181552320.run(TempTestSuite1556181552320.groovy:36)
"/>
         <system-out><![CDATA[2019-04-25 16:39:23 - [TEST_CASE][ERROR] - Test Cases/2-1 Sale-add: Test Cases/2-1 Sale-add FAILED.
Reason:
groovy.lang.MissingMethodException: No signature of method: Script1555921230772.Note() is applicable for argument types: () values: []
Possible solutions: time(), use([Ljava.lang.Object;), with(groovy.lang.Closure), use(java.util.List, groovy.lang.Closure), use(java.lang.Class, groovy.lang.Closure), notify()
	at 2-1 Sale-add.run(2-1 Sale-add:98)
	at com.kms.katalon.core.main.ScriptEngine.run(ScriptEngine.java:194)
	at com.kms.katalon.core.main.ScriptEngine.runScriptAsRawText(ScriptEngine.java:119)
	at com.kms.katalon.core.main.TestCaseExecutor.runScript(TestCaseExecutor.java:328)
	at com.kms.katalon.core.main.TestCaseExecutor.doExecute(TestCaseExecutor.java:319)
	at com.kms.katalon.core.main.TestCaseExecutor.processExecutionPhase(TestCaseExecutor.java:298)
	at com.kms.katalon.core.main.TestCaseExecutor.accessMainPhase(TestCaseExecutor.java:290)
	at com.kms.katalon.core.main.TestCaseExecutor.execute(TestCaseExecutor.java:224)
	at com.kms.katalon.core.main.TestSuiteExecutor.accessTestCaseMainPhase(TestSuiteExecutor.java:129)
	at com.kms.katalon.core.main.TestSuiteExecutor.accessTestSuiteMainPhase(TestSuiteExecutor.java:112)
	at com.kms.katalon.core.main.TestSuiteExecutor.execute(TestSuiteExecutor.java:81)
	at com.kms.katalon.core.main.TestCaseMain.startTestSuite(TestCaseMain.java:149)
	at com.kms.katalon.core.main.TestCaseMain$startTestSuite$0.call(Unknown Source)
	at TempTestSuite1556181552320.run(TempTestSuite1556181552320.groovy:36)


2019-04-25 16:39:24 - [TEST_STEP][PASSED] - click(findTestObject("2-1 Sale/Sale button")): Object: 'Object Repository/2-1 Sale/Sale button' is clicked on

2019-04-25 16:39:24 - [MESSAGE][PASSED] - Object: 'Object Repository/2-1 Sale/Sale button' is clicked on

2019-04-25 16:39:24 - [TEST_STEP][PASSED] - click(findTestObject("2-1 Sale/Sale add button")): Object: 'Object Repository/2-1 Sale/Sale add button' is clicked on

2019-04-25 16:39:24 - [MESSAGE][PASSED] - Object: 'Object Repository/2-1 Sale/Sale add button' is clicked on

2019-04-25 16:39:24 - [TEST_STEP][PASSED] - click(findTestObject("2-1 Sale/Sale customer button")): Object: 'Object Repository/2-1 Sale/Sale customer button' is clicked on

2019-04-25 16:39:24 - [MESSAGE][PASSED] - Object: 'Object Repository/2-1 Sale/Sale customer button' is clicked on

2019-04-25 16:39:24 - [TEST_STEP][PASSED] - click(findTestObject("2-1 Sale/Sale customer 95230")): Object: 'Object Repository/2-1 Sale/Sale customer 95230' is clicked on

2019-04-25 16:39:25 - [MESSAGE][PASSED] - Object: 'Object Repository/2-1 Sale/Sale customer 95230' is clicked on

2019-04-25 16:39:25 - [TEST_STEP][PASSED] - click(findTestObject("2-1 Sale/Sale date button")): Object: 'Object Repository/2-1 Sale/Sale date button' is clicked on

2019-04-25 16:39:25 - [MESSAGE][PASSED] - Object: 'Object Repository/2-1 Sale/Sale date button' is clicked on

2019-04-25 16:39:25 - [TEST_STEP][PASSED] - click(findTestObject("2-1 Sale/Sale date 22")): Object: 'Object Repository/2-1 Sale/Sale date 22' is clicked on

2019-04-25 16:39:25 - [MESSAGE][PASSED] - Object: 'Object Repository/2-1 Sale/Sale date 22' is clicked on

2019-04-25 16:39:25 - [TEST_STEP][PASSED] - click(findTestObject("2-1 Sale/Sale sales button")): Object: 'Object Repository/2-1 Sale/Sale sales button' is clicked on

2019-04-25 16:39:25 - [MESSAGE][PASSED] - Object: 'Object Repository/2-1 Sale/Sale sales button' is clicked on

2019-04-25 16:39:25 - [TEST_STEP][PASSED] - click(findTestObject("2-1 Sale/Sale sales 0001")): Object: 'Object Repository/2-1 Sale/Sale sales 0001' is clicked on

2019-04-25 16:39:26 - [MESSAGE][PASSED] - Object: 'Object Repository/2-1 Sale/Sale sales 0001' is clicked on

2019-04-25 16:39:26 - [TEST_STEP][PASSED] - click(findTestObject("2-1 Sale/Sale ship type button")): Object: 'Object Repository/2-1 Sale/Sale ship type button' is clicked on

2019-04-25 16:39:26 - [MESSAGE][PASSED] - Object: 'Object Repository/2-1 Sale/Sale ship type button' is clicked on

2019-04-25 16:39:26 - [TEST_STEP][PASSED] - selectOptionByValue(findTestObject("2-1 Sale/Sale ship type select"), "0: 2", true): All options with value '0: 2' are selected in object 'Object Repository/2-1 Sale/Sale ship type select'  using regular expression

2019-04-25 16:39:26 - [MESSAGE][PASSED] - All options with value '0: 2' are selected in object 'Object Repository/2-1 Sale/Sale ship type select'  using regular expression

2019-04-25 16:39:26 - [TEST_STEP][PASSED] - click(findTestObject("2-1 Sale/Sale payment type button")): Object: 'Object Repository/2-1 Sale/Sale payment type button' is clicked on

2019-04-25 16:39:26 - [MESSAGE][PASSED] - Object: 'Object Repository/2-1 Sale/Sale payment type button' is clicked on

2019-04-25 16:39:26 - [TEST_STEP][PASSED] - selectOptionByValue(findTestObject("2-1 Sale/Sale payment type select"), "0: 4", true): All options with value '0: 4' are selected in object 'Object Repository/2-1 Sale/Sale payment type select'  using regular expression

2019-04-25 16:39:26 - [MESSAGE][PASSED] - All options with value '0: 4' are selected in object 'Object Repository/2-1 Sale/Sale payment type select'  using regular expression

2019-04-25 16:39:26 - [TEST_STEP][PASSED] - click(findTestObject("2-1 Sale/Sale payment 1")): Object: 'Object Repository/2-1 Sale/Sale payment 1' is clicked on

2019-04-25 16:39:26 - [MESSAGE][PASSED] - Object: 'Object Repository/2-1 Sale/Sale payment 1' is clicked on

2019-04-25 16:39:26 - [TEST_STEP][PASSED] - click(findTestObject("2-1 Sale/Sale payment 1 next month 10", ["xxx":abc(5)])): null

2019-04-25 16:39:26 - [TEST_STEP][PASSED] - today = new java.util.Date(): null

2019-04-25 16:39:26 - [TEST_STEP][PASSED] - day1 = Date().plus(num): null

2019-04-25 16:39:26 - [TEST_STEP][PASSED] - if (day1.format("MM") > today.format("MM")): null

2019-04-25 16:39:26 - [TEST_STEP][PASSED] - else: Object: 'Object Repository/2-1 Sale/Sale payment 1 next month 10' is clicked on

2019-04-25 16:39:26 - [TEST_STEP][PASSED] - return day1.format(d): Object: 'Object Repository/2-1 Sale/Sale payment 1 next month 10' is clicked on

2019-04-25 16:39:26 - [MESSAGE][PASSED] - Object: 'Object Repository/2-1 Sale/Sale payment 1 next month 10' is clicked on

2019-04-25 16:39:26 - [TEST_STEP][PASSED] - click(findTestObject("2-1 Sale/Sale payment 2")): Object: 'Object Repository/2-1 Sale/Sale payment 2' is clicked on

2019-04-25 16:39:26 - [MESSAGE][PASSED] - Object: 'Object Repository/2-1 Sale/Sale payment 2' is clicked on

2019-04-25 16:39:26 - [TEST_STEP][PASSED] - click(findTestObject("2-1 Sale/Sale payment 2 next month 15", ["xxx":abc(10)])): null

2019-04-25 16:39:26 - [TEST_STEP][PASSED] - today = new java.util.Date(): null

2019-04-25 16:39:26 - [TEST_STEP][PASSED] - day1 = Date().plus(num): null

2019-04-25 16:39:26 - [TEST_STEP][PASSED] - if (day1.format("MM") > today.format("MM")): Object: 'Object Repository/2-1 Sale/Sale payment 2 next month 15' is clicked on

2019-04-25 16:39:26 - [TEST_STEP][PASSED] - click(findTestObject("2-1 Sale/Sale payment next month")): Object: 'Object Repository/2-1 Sale/Sale payment next month' is clicked on

2019-04-25 16:39:26 - [MESSAGE][PASSED] - Object: 'Object Repository/2-1 Sale/Sale payment next month' is clicked on

2019-04-25 16:39:26 - [TEST_STEP][PASSED] - return day1.format(d): Object: 'Object Repository/2-1 Sale/Sale payment 2 next month 15' is clicked on

2019-04-25 16:39:27 - [MESSAGE][PASSED] - Object: 'Object Repository/2-1 Sale/Sale payment 2 next month 15' is clicked on

2019-04-25 16:39:27 - [TEST_STEP][PASSED] - click(findTestObject("2-1 Sale/Sale payment 3")): Object: 'Object Repository/2-1 Sale/Sale payment 3' is clicked on

2019-04-25 16:39:27 - [MESSAGE][PASSED] - Object: 'Object Repository/2-1 Sale/Sale payment 3' is clicked on

2019-04-25 16:39:27 - [TEST_STEP][PASSED] - click(findTestObject("2-1 Sale/Sale payment 3 next month 20", ["xxx":abc(15)])): null

2019-04-25 16:39:27 - [TEST_STEP][PASSED] - today = new java.util.Date(): null

2019-04-25 16:39:27 - [TEST_STEP][PASSED] - day1 = Date().plus(num): null

2019-04-25 16:39:27 - [TEST_STEP][PASSED] - if (day1.format("MM") > today.format("MM")): Object: 'Object Repository/2-1 Sale/Sale payment 3 next month 20' is clicked on

2019-04-25 16:39:27 - [TEST_STEP][PASSED] - click(findTestObject("2-1 Sale/Sale payment next month")): Object: 'Object Repository/2-1 Sale/Sale payment next month' is clicked on

2019-04-25 16:39:27 - [MESSAGE][PASSED] - Object: 'Object Repository/2-1 Sale/Sale payment next month' is clicked on

2019-04-25 16:39:27 - [TEST_STEP][PASSED] - return day1.format(d): Object: 'Object Repository/2-1 Sale/Sale payment 3 next month 20' is clicked on

2019-04-25 16:39:27 - [MESSAGE][PASSED] - Object: 'Object Repository/2-1 Sale/Sale payment 3 next month 20' is clicked on

2019-04-25 16:39:27 - [TEST_STEP][PASSED] - click(findTestObject("2-1 Sale/Sale invoice number")): Object: 'Object Repository/2-1 Sale/Sale invoice number' is clicked on

2019-04-25 16:39:27 - [MESSAGE][PASSED] - Object: 'Object Repository/2-1 Sale/Sale invoice number' is clicked on

2019-04-25 16:39:27 - [TEST_STEP][PASSED] - selectOptionByValue(findTestObject("2-1 Sale/Sale invoice select"), "3: 4", true): All options with value '3: 4' are selected in object 'Object Repository/2-1 Sale/Sale invoice select'  using regular expression

2019-04-25 16:39:27 - [MESSAGE][PASSED] - All options with value '3: 4' are selected in object 'Object Repository/2-1 Sale/Sale invoice select'  using regular expression

2019-04-25 16:39:27 - [TEST_STEP][PASSED] - click(findTestObject("2-1 Sale/Sale TAX button")): Object: 'Object Repository/2-1 Sale/Sale TAX button' is clicked on

2019-04-25 16:39:27 - [MESSAGE][PASSED] - Object: 'Object Repository/2-1 Sale/Sale TAX button' is clicked on

2019-04-25 16:39:27 - [TEST_STEP][PASSED] - selectOptionByValue(findTestObject("2-1 Sale/Sale TAX select"), "1: 2", true): All options with value '1: 2' are selected in object 'Object Repository/2-1 Sale/Sale TAX select'  using regular expression

2019-04-25 16:39:27 - [MESSAGE][PASSED] - All options with value '1: 2' are selected in object 'Object Repository/2-1 Sale/Sale TAX select'  using regular expression

2019-04-25 16:39:27 - [TEST_STEP][PASSED] - setText(findTestObject("2-1 Sale/Sale invoice number"), Invoice_number): Text 'AB-12345678' is set on object 'Object Repository/2-1 Sale/Sale invoice number'

2019-04-25 16:39:28 - [MESSAGE][PASSED] - Text 'AB-12345678' is set on object 'Object Repository/2-1 Sale/Sale invoice number'

2019-04-25 16:39:28 - [TEST_STEP][PASSED] - setText(findTestObject("2-1 Sale/Sale GUI number"), "12345678"): Text '12345678' is set on object 'Object Repository/2-1 Sale/Sale GUI number'

2019-04-25 16:39:28 - [MESSAGE][PASSED] - Text '12345678' is set on object 'Object Repository/2-1 Sale/Sale GUI number'

2019-04-25 16:39:28 - [TEST_STEP][PASSED] - click(findTestObject("2-1 Sale/Sale contact window button")): Object: 'Object Repository/2-1 Sale/Sale contact window button' is clicked on

2019-04-25 16:39:28 - [MESSAGE][PASSED] - Object: 'Object Repository/2-1 Sale/Sale contact window button' is clicked on

2019-04-25 16:39:28 - [TEST_STEP][PASSED] - click(findTestObject("2-1 Sale/Sale contact window 0001")): Object: 'Object Repository/2-1 Sale/Sale contact window 0001' is clicked on

2019-04-25 16:39:28 - [MESSAGE][PASSED] - Object: 'Object Repository/2-1 Sale/Sale contact window 0001' is clicked on

2019-04-25 16:39:28 - [TEST_STEP][PASSED] - selectOptionByValue(findTestObject("2-1 Sale/Sale city select"), "1: 2", true): All options with value '1: 2' are selected in object 'Object Repository/2-1 Sale/Sale city select'  using regular expression

2019-04-25 16:39:29 - [MESSAGE][PASSED] - All options with value '1: 2' are selected in object 'Object Repository/2-1 Sale/Sale city select'  using regular expression

2019-04-25 16:39:29 - [TEST_STEP][PASSED] - selectOptionByValue(findTestObject("2-1 Sale/Sale dist select"), "9: 17", true): All options with value '9: 17' are selected in object 'Object Repository/2-1 Sale/Sale dist select'  using regular expression

2019-04-25 16:39:29 - [MESSAGE][PASSED] - All options with value '9: 17' are selected in object 'Object Repository/2-1 Sale/Sale dist select'  using regular expression

2019-04-25 16:39:29 - [TEST_STEP][PASSED] - setText(findTestObject("2-1 Sale/Sale address"), "瑞光路584號"): Text '瑞光路584號' is set on object 'Object Repository/2-1 Sale/Sale address'

2019-04-25 16:39:30 - [MESSAGE][PASSED] - Text '瑞光路584號' is set on object 'Object Repository/2-1 Sale/Sale address'

2019-04-25 16:39:30 - [TEST_STEP][ERROR] - setText(findTestObject("2-1 Sale/Sale note"), Note()): setText(findTestObject("2-1 Sale/Sale note"), Note()) FAILED.
Reason:
groovy.lang.MissingMethodException: No signature of method: Script1555921230772.Note() is applicable for argument types: () values: []
Possible solutions: time(), use([Ljava.lang.Object;), with(groovy.lang.Closure), use(java.util.List, groovy.lang.Closure), use(java.lang.Class, groovy.lang.Closure), notify()
	at 2-1 Sale-add.run(2-1 Sale-add:98)
	at com.kms.katalon.core.main.ScriptEngine.run(ScriptEngine.java:194)
	at com.kms.katalon.core.main.ScriptEngine.runScriptAsRawText(ScriptEngine.java:119)
	at com.kms.katalon.core.main.TestCaseExecutor.runScript(TestCaseExecutor.java:328)
	at com.kms.katalon.core.main.TestCaseExecutor.doExecute(TestCaseExecutor.java:319)
	at com.kms.katalon.core.main.TestCaseExecutor.processExecutionPhase(TestCaseExecutor.java:298)
	at com.kms.katalon.core.main.TestCaseExecutor.accessMainPhase(TestCaseExecutor.java:290)
	at com.kms.katalon.core.main.TestCaseExecutor.execute(TestCaseExecutor.java:224)
	at com.kms.katalon.core.main.TestSuiteExecutor.accessTestCaseMainPhase(TestSuiteExecutor.java:129)
	at com.kms.katalon.core.main.TestSuiteExecutor.accessTestSuiteMainPhase(TestSuiteExecutor.java:112)
	at com.kms.katalon.core.main.TestSuiteExecutor.execute(TestSuiteExecutor.java:81)
	at com.kms.katalon.core.main.TestCaseMain.startTestSuite(TestCaseMain.java:149)
	at com.kms.katalon.core.main.TestCaseMain$startTestSuite$0.call(Unknown Source)
	at TempTestSuite1556181552320.run(TempTestSuite1556181552320.groovy:36)


2019-04-25 16:39:30 - [MESSAGE][ERROR] - setText(findTestObject("2-1 Sale/Sale note"), Note()) FAILED.
Reason:
groovy.lang.MissingMethodException: No signature of method: Script1555921230772.Note() is applicable for argument types: () values: []
Possible solutions: time(), use([Ljava.lang.Object;), with(groovy.lang.Closure), use(java.util.List, groovy.lang.Closure), use(java.lang.Class, groovy.lang.Closure), notify()
	at 2-1 Sale-add.run(2-1 Sale-add:98)
	at com.kms.katalon.core.main.ScriptEngine.run(ScriptEngine.java:194)
	at com.kms.katalon.core.main.ScriptEngine.runScriptAsRawText(ScriptEngine.java:119)
	at com.kms.katalon.core.main.TestCaseExecutor.runScript(TestCaseExecutor.java:328)
	at com.kms.katalon.core.main.TestCaseExecutor.doExecute(TestCaseExecutor.java:319)
	at com.kms.katalon.core.main.TestCaseExecutor.processExecutionPhase(TestCaseExecutor.java:298)
	at com.kms.katalon.core.main.TestCaseExecutor.accessMainPhase(TestCaseExecutor.java:290)
	at com.kms.katalon.core.main.TestCaseExecutor.execute(TestCaseExecutor.java:224)
	at com.kms.katalon.core.main.TestSuiteExecutor.accessTestCaseMainPhase(TestSuiteExecutor.java:129)
	at com.kms.katalon.core.main.TestSuiteExecutor.accessTestSuiteMainPhase(TestSuiteExecutor.java:112)
	at com.kms.katalon.core.main.TestSuiteExecutor.execute(TestSuiteExecutor.java:81)
	at com.kms.katalon.core.main.TestCaseMain.startTestSuite(TestCaseMain.java:149)
	at com.kms.katalon.core.main.TestCaseMain$startTestSuite$0.call(Unknown Source)
	at TempTestSuite1556181552320.run(TempTestSuite1556181552320.groovy:36)]]></system-out>
         <system-err><![CDATA[2019-04-25 16:39:23 - [TEST_CASE][ERROR] - Test Cases/2-1 Sale-add: Test Cases/2-1 Sale-add FAILED.
Reason:
groovy.lang.MissingMethodException: No signature of method: Script1555921230772.Note() is applicable for argument types: () values: []
Possible solutions: time(), use([Ljava.lang.Object;), with(groovy.lang.Closure), use(java.util.List, groovy.lang.Closure), use(java.lang.Class, groovy.lang.Closure), notify()
	at 2-1 Sale-add.run(2-1 Sale-add:98)
	at com.kms.katalon.core.main.ScriptEngine.run(ScriptEngine.java:194)
	at com.kms.katalon.core.main.ScriptEngine.runScriptAsRawText(ScriptEngine.java:119)
	at com.kms.katalon.core.main.TestCaseExecutor.runScript(TestCaseExecutor.java:328)
	at com.kms.katalon.core.main.TestCaseExecutor.doExecute(TestCaseExecutor.java:319)
	at com.kms.katalon.core.main.TestCaseExecutor.processExecutionPhase(TestCaseExecutor.java:298)
	at com.kms.katalon.core.main.TestCaseExecutor.accessMainPhase(TestCaseExecutor.java:290)
	at com.kms.katalon.core.main.TestCaseExecutor.execute(TestCaseExecutor.java:224)
	at com.kms.katalon.core.main.TestSuiteExecutor.accessTestCaseMainPhase(TestSuiteExecutor.java:129)
	at com.kms.katalon.core.main.TestSuiteExecutor.accessTestSuiteMainPhase(TestSuiteExecutor.java:112)
	at com.kms.katalon.core.main.TestSuiteExecutor.execute(TestSuiteExecutor.java:81)
	at com.kms.katalon.core.main.TestCaseMain.startTestSuite(TestCaseMain.java:149)
	at com.kms.katalon.core.main.TestCaseMain$startTestSuite$0.call(Unknown Source)
	at TempTestSuite1556181552320.run(TempTestSuite1556181552320.groovy:36)]]></system-err>
      </testcase>
      <testcase name="Test Cases/Others/Accept and verify" classname="Test Cases/Others/Accept and verify" status="FAILED">
         <failure type="FAILED" message="Test Cases/Others/Accept and verify FAILED.
Reason:
com.kms.katalon.core.exception.StepFailedException: Unable to accept alert (Root cause: com.kms.katalon.core.exception.StepFailedException: No alert found)
	at com.kms.katalon.core.keyword.internal.KeywordMain.stepFailed(KeywordMain.groovy:36)
	at com.kms.katalon.core.webui.keyword.internal.WebUIKeywordMain.stepFailed(WebUIKeywordMain.groovy:65)
	at com.kms.katalon.core.webui.keyword.internal.WebUIKeywordMain.runKeyword(WebUIKeywordMain.groovy:27)
	at com.kms.katalon.core.webui.keyword.builtin.AcceptAlertKeyword.acceptAlert(AcceptAlertKeyword.groovy:71)
	at com.kms.katalon.core.webui.keyword.builtin.AcceptAlertKeyword.execute(AcceptAlertKeyword.groovy:66)
	at com.kms.katalon.core.keyword.internal.KeywordExecutor.executeKeywordForPlatform(KeywordExecutor.groovy:53)
	at com.kms.katalon.core.webui.keyword.WebUiBuiltInKeywords.acceptAlert(WebUiBuiltInKeywords.groovy:1492)
	at com.kms.katalon.core.webui.keyword.WebUiBuiltInKeywords$acceptAlert$8.call(Unknown Source)
	at Accept and verify.run(Accept and verify:18)
	at com.kms.katalon.core.main.ScriptEngine.run(ScriptEngine.java:194)
	at com.kms.katalon.core.main.ScriptEngine.runScriptAsRawText(ScriptEngine.java:119)
	at com.kms.katalon.core.main.TestCaseExecutor.runScript(TestCaseExecutor.java:328)
	at com.kms.katalon.core.main.TestCaseExecutor.doExecute(TestCaseExecutor.java:319)
	at com.kms.katalon.core.main.TestCaseExecutor.processExecutionPhase(TestCaseExecutor.java:298)
	at com.kms.katalon.core.main.TestCaseExecutor.accessMainPhase(TestCaseExecutor.java:290)
	at com.kms.katalon.core.main.TestCaseExecutor.execute(TestCaseExecutor.java:224)
	at com.kms.katalon.core.main.TestSuiteExecutor.accessTestCaseMainPhase(TestSuiteExecutor.java:129)
	at com.kms.katalon.core.main.TestSuiteExecutor.accessTestSuiteMainPhase(TestSuiteExecutor.java:112)
	at com.kms.katalon.core.main.TestSuiteExecutor.execute(TestSuiteExecutor.java:81)
	at com.kms.katalon.core.main.TestCaseMain.startTestSuite(TestCaseMain.java:149)
	at com.kms.katalon.core.main.TestCaseMain$startTestSuite$0.call(Unknown Source)
	at TempTestSuite1556181552320.run(TempTestSuite1556181552320.groovy:36)
"/>
         <system-out><![CDATA[2019-04-25 16:39:30 - [TEST_CASE][FAILED] - Test Cases/Others/Accept and verify: Test Cases/Others/Accept and verify FAILED.
Reason:
com.kms.katalon.core.exception.StepFailedException: Unable to accept alert (Root cause: com.kms.katalon.core.exception.StepFailedException: No alert found)
	at com.kms.katalon.core.keyword.internal.KeywordMain.stepFailed(KeywordMain.groovy:36)
	at com.kms.katalon.core.webui.keyword.internal.WebUIKeywordMain.stepFailed(WebUIKeywordMain.groovy:65)
	at com.kms.katalon.core.webui.keyword.internal.WebUIKeywordMain.runKeyword(WebUIKeywordMain.groovy:27)
	at com.kms.katalon.core.webui.keyword.builtin.AcceptAlertKeyword.acceptAlert(AcceptAlertKeyword.groovy:71)
	at com.kms.katalon.core.webui.keyword.builtin.AcceptAlertKeyword.execute(AcceptAlertKeyword.groovy:66)
	at com.kms.katalon.core.keyword.internal.KeywordExecutor.executeKeywordForPlatform(KeywordExecutor.groovy:53)
	at com.kms.katalon.core.webui.keyword.WebUiBuiltInKeywords.acceptAlert(WebUiBuiltInKeywords.groovy:1492)
	at com.kms.katalon.core.webui.keyword.WebUiBuiltInKeywords$acceptAlert$8.call(Unknown Source)
	at Accept and verify.run(Accept and verify:18)
	at com.kms.katalon.core.main.ScriptEngine.run(ScriptEngine.java:194)
	at com.kms.katalon.core.main.ScriptEngine.runScriptAsRawText(ScriptEngine.java:119)
	at com.kms.katalon.core.main.TestCaseExecutor.runScript(TestCaseExecutor.java:328)
	at com.kms.katalon.core.main.TestCaseExecutor.doExecute(TestCaseExecutor.java:319)
	at com.kms.katalon.core.main.TestCaseExecutor.processExecutionPhase(TestCaseExecutor.java:298)
	at com.kms.katalon.core.main.TestCaseExecutor.accessMainPhase(TestCaseExecutor.java:290)
	at com.kms.katalon.core.main.TestCaseExecutor.execute(TestCaseExecutor.java:224)
	at com.kms.katalon.core.main.TestSuiteExecutor.accessTestCaseMainPhase(TestSuiteExecutor.java:129)
	at com.kms.katalon.core.main.TestSuiteExecutor.accessTestSuiteMainPhase(TestSuiteExecutor.java:112)
	at com.kms.katalon.core.main.TestSuiteExecutor.execute(TestSuiteExecutor.java:81)
	at com.kms.katalon.core.main.TestCaseMain.startTestSuite(TestCaseMain.java:149)
	at com.kms.katalon.core.main.TestCaseMain$startTestSuite$0.call(Unknown Source)
	at TempTestSuite1556181552320.run(TempTestSuite1556181552320.groovy:36)


2019-04-25 16:39:30 - [TEST_STEP][PASSED] - waitForAlert(5): No alert found after 5 second(s).

2019-04-25 16:39:35 - [MESSAGE][WARNING] - No alert found after 5 second(s).

2019-04-25 16:39:35 - [TEST_STEP][FAILED] - acceptAlert(): acceptAlert() FAILED.
Reason:
com.kms.katalon.core.exception.StepFailedException: Unable to accept alert (Root cause: com.kms.katalon.core.exception.StepFailedException: No alert found)
	at com.kms.katalon.core.keyword.internal.KeywordMain.stepFailed(KeywordMain.groovy:36)
	at com.kms.katalon.core.webui.keyword.internal.WebUIKeywordMain.stepFailed(WebUIKeywordMain.groovy:65)
	at com.kms.katalon.core.webui.keyword.internal.WebUIKeywordMain.runKeyword(WebUIKeywordMain.groovy:27)
	at com.kms.katalon.core.webui.keyword.builtin.AcceptAlertKeyword.acceptAlert(AcceptAlertKeyword.groovy:71)
	at com.kms.katalon.core.webui.keyword.builtin.AcceptAlertKeyword.execute(AcceptAlertKeyword.groovy:66)
	at com.kms.katalon.core.keyword.internal.KeywordExecutor.executeKeywordForPlatform(KeywordExecutor.groovy:53)
	at com.kms.katalon.core.webui.keyword.WebUiBuiltInKeywords.acceptAlert(WebUiBuiltInKeywords.groovy:1492)
	at com.kms.katalon.core.webui.keyword.WebUiBuiltInKeywords$acceptAlert$8.call(Unknown Source)
	at Accept and verify.run(Accept and verify:18)
	at com.kms.katalon.core.main.ScriptEngine.run(ScriptEngine.java:194)
	at com.kms.katalon.core.main.ScriptEngine.runScriptAsRawText(ScriptEngine.java:119)
	at com.kms.katalon.core.main.TestCaseExecutor.runScript(TestCaseExecutor.java:328)
	at com.kms.katalon.core.main.TestCaseExecutor.doExecute(TestCaseExecutor.java:319)
	at com.kms.katalon.core.main.TestCaseExecutor.processExecutionPhase(TestCaseExecutor.java:298)
	at com.kms.katalon.core.main.TestCaseExecutor.accessMainPhase(TestCaseExecutor.java:290)
	at com.kms.katalon.core.main.TestCaseExecutor.execute(TestCaseExecutor.java:224)
	at com.kms.katalon.core.main.TestSuiteExecutor.accessTestCaseMainPhase(TestSuiteExecutor.java:129)
	at com.kms.katalon.core.main.TestSuiteExecutor.accessTestSuiteMainPhase(TestSuiteExecutor.java:112)
	at com.kms.katalon.core.main.TestSuiteExecutor.execute(TestSuiteExecutor.java:81)
	at com.kms.katalon.core.main.TestCaseMain.startTestSuite(TestCaseMain.java:149)
	at com.kms.katalon.core.main.TestCaseMain$startTestSuite$0.call(Unknown Source)
	at TempTestSuite1556181552320.run(TempTestSuite1556181552320.groovy:36)


2019-04-25 16:39:35 - [MESSAGE][FAILED] - No alert found
[[ATTACHMENT|C:\\Users\\KennyIC_chen.COMPAL\\git\\PSItest\\Reports\\2-1 Sale Test Suite\\20190425_163912\\1556181575416.png]]

2019-04-25 16:39:36 - [MESSAGE][FAILED] - Unable to accept alert (Root cause: com.kms.katalon.core.exception.StepFailedException: No alert found)
[[ATTACHMENT|C:\\Users\\KennyIC_chen.COMPAL\\git\\PSItest\\Reports\\2-1 Sale Test Suite\\20190425_163912\\1556181575786.png]]

2019-04-25 16:39:36 - [MESSAGE][FAILED] - acceptAlert() FAILED.
Reason:
com.kms.katalon.core.exception.StepFailedException: Unable to accept alert (Root cause: com.kms.katalon.core.exception.StepFailedException: No alert found)
	at com.kms.katalon.core.keyword.internal.KeywordMain.stepFailed(KeywordMain.groovy:36)
	at com.kms.katalon.core.webui.keyword.internal.WebUIKeywordMain.stepFailed(WebUIKeywordMain.groovy:65)
	at com.kms.katalon.core.webui.keyword.internal.WebUIKeywordMain.runKeyword(WebUIKeywordMain.groovy:27)
	at com.kms.katalon.core.webui.keyword.builtin.AcceptAlertKeyword.acceptAlert(AcceptAlertKeyword.groovy:71)
	at com.kms.katalon.core.webui.keyword.builtin.AcceptAlertKeyword.execute(AcceptAlertKeyword.groovy:66)
	at com.kms.katalon.core.keyword.internal.KeywordExecutor.executeKeywordForPlatform(KeywordExecutor.groovy:53)
	at com.kms.katalon.core.webui.keyword.WebUiBuiltInKeywords.acceptAlert(WebUiBuiltInKeywords.groovy:1492)
	at com.kms.katalon.core.webui.keyword.WebUiBuiltInKeywords$acceptAlert$8.call(Unknown Source)
	at Accept and verify.run(Accept and verify:18)
	at com.kms.katalon.core.main.ScriptEngine.run(ScriptEngine.java:194)
	at com.kms.katalon.core.main.ScriptEngine.runScriptAsRawText(ScriptEngine.java:119)
	at com.kms.katalon.core.main.TestCaseExecutor.runScript(TestCaseExecutor.java:328)
	at com.kms.katalon.core.main.TestCaseExecutor.doExecute(TestCaseExecutor.java:319)
	at com.kms.katalon.core.main.TestCaseExecutor.processExecutionPhase(TestCaseExecutor.java:298)
	at com.kms.katalon.core.main.TestCaseExecutor.accessMainPhase(TestCaseExecutor.java:290)
	at com.kms.katalon.core.main.TestCaseExecutor.execute(TestCaseExecutor.java:224)
	at com.kms.katalon.core.main.TestSuiteExecutor.accessTestCaseMainPhase(TestSuiteExecutor.java:129)
	at com.kms.katalon.core.main.TestSuiteExecutor.accessTestSuiteMainPhase(TestSuiteExecutor.java:112)
	at com.kms.katalon.core.main.TestSuiteExecutor.execute(TestSuiteExecutor.java:81)
	at com.kms.katalon.core.main.TestCaseMain.startTestSuite(TestCaseMain.java:149)
	at com.kms.katalon.core.main.TestCaseMain$startTestSuite$0.call(Unknown Source)
	at TempTestSuite1556181552320.run(TempTestSuite1556181552320.groovy:36)]]></system-out>
         <system-err><![CDATA[2019-04-25 16:39:30 - [TEST_CASE][FAILED] - Test Cases/Others/Accept and verify: Test Cases/Others/Accept and verify FAILED.
Reason:
com.kms.katalon.core.exception.StepFailedException: Unable to accept alert (Root cause: com.kms.katalon.core.exception.StepFailedException: No alert found)
	at com.kms.katalon.core.keyword.internal.KeywordMain.stepFailed(KeywordMain.groovy:36)
	at com.kms.katalon.core.webui.keyword.internal.WebUIKeywordMain.stepFailed(WebUIKeywordMain.groovy:65)
	at com.kms.katalon.core.webui.keyword.internal.WebUIKeywordMain.runKeyword(WebUIKeywordMain.groovy:27)
	at com.kms.katalon.core.webui.keyword.builtin.AcceptAlertKeyword.acceptAlert(AcceptAlertKeyword.groovy:71)
	at com.kms.katalon.core.webui.keyword.builtin.AcceptAlertKeyword.execute(AcceptAlertKeyword.groovy:66)
	at com.kms.katalon.core.keyword.internal.KeywordExecutor.executeKeywordForPlatform(KeywordExecutor.groovy:53)
	at com.kms.katalon.core.webui.keyword.WebUiBuiltInKeywords.acceptAlert(WebUiBuiltInKeywords.groovy:1492)
	at com.kms.katalon.core.webui.keyword.WebUiBuiltInKeywords$acceptAlert$8.call(Unknown Source)
	at Accept and verify.run(Accept and verify:18)
	at com.kms.katalon.core.main.ScriptEngine.run(ScriptEngine.java:194)
	at com.kms.katalon.core.main.ScriptEngine.runScriptAsRawText(ScriptEngine.java:119)
	at com.kms.katalon.core.main.TestCaseExecutor.runScript(TestCaseExecutor.java:328)
	at com.kms.katalon.core.main.TestCaseExecutor.doExecute(TestCaseExecutor.java:319)
	at com.kms.katalon.core.main.TestCaseExecutor.processExecutionPhase(TestCaseExecutor.java:298)
	at com.kms.katalon.core.main.TestCaseExecutor.accessMainPhase(TestCaseExecutor.java:290)
	at com.kms.katalon.core.main.TestCaseExecutor.execute(TestCaseExecutor.java:224)
	at com.kms.katalon.core.main.TestSuiteExecutor.accessTestCaseMainPhase(TestSuiteExecutor.java:129)
	at com.kms.katalon.core.main.TestSuiteExecutor.accessTestSuiteMainPhase(TestSuiteExecutor.java:112)
	at com.kms.katalon.core.main.TestSuiteExecutor.execute(TestSuiteExecutor.java:81)
	at com.kms.katalon.core.main.TestCaseMain.startTestSuite(TestCaseMain.java:149)
	at com.kms.katalon.core.main.TestCaseMain$startTestSuite$0.call(Unknown Source)
	at TempTestSuite1556181552320.run(TempTestSuite1556181552320.groovy:36)]]></system-err>
      </testcase>
      <system-out><![CDATA[2019-04-25 16:39:13 - [TEST_SUITE][ERROR] - 2-1 Sale Test Suite: Test Cases/2-1 Sale-add FAILED.
Reason:
groovy.lang.MissingMethodException: No signature of method: Script1555921230772.Note() is applicable for argument types: () values: []
Possible solutions: time(), use([Ljava.lang.Object;), with(groovy.lang.Closure), use(java.util.List, groovy.lang.Closure), use(java.lang.Class, groovy.lang.Closure), notify()
	at 2-1 Sale-add.run(2-1 Sale-add:98)
	at com.kms.katalon.core.main.ScriptEngine.run(ScriptEngine.java:194)
	at com.kms.katalon.core.main.ScriptEngine.runScriptAsRawText(ScriptEngine.java:119)
	at com.kms.katalon.core.main.TestCaseExecutor.runScript(TestCaseExecutor.java:328)
	at com.kms.katalon.core.main.TestCaseExecutor.doExecute(TestCaseExecutor.java:319)
	at com.kms.katalon.core.main.TestCaseExecutor.processExecutionPhase(TestCaseExecutor.java:298)
	at com.kms.katalon.core.main.TestCaseExecutor.accessMainPhase(TestCaseExecutor.java:290)
	at com.kms.katalon.core.main.TestCaseExecutor.execute(TestCaseExecutor.java:224)
	at com.kms.katalon.core.main.TestSuiteExecutor.accessTestCaseMainPhase(TestSuiteExecutor.java:129)
	at com.kms.katalon.core.main.TestSuiteExecutor.accessTestSuiteMainPhase(TestSuiteExecutor.java:112)
	at com.kms.katalon.core.main.TestSuiteExecutor.execute(TestSuiteExecutor.java:81)
	at com.kms.katalon.core.main.TestCaseMain.startTestSuite(TestCaseMain.java:149)
	at com.kms.katalon.core.main.TestCaseMain$startTestSuite$0.call(Unknown Source)
	at TempTestSuite1556181552320.run(TempTestSuite1556181552320.groovy:36)]]></system-out>
      <system-err><![CDATA[2019-04-25 16:39:13 - [TEST_SUITE][ERROR] - 2-1 Sale Test Suite: Test Cases/2-1 Sale-add FAILED.
Reason:
groovy.lang.MissingMethodException: No signature of method: Script1555921230772.Note() is applicable for argument types: () values: []
Possible solutions: time(), use([Ljava.lang.Object;), with(groovy.lang.Closure), use(java.util.List, groovy.lang.Closure), use(java.lang.Class, groovy.lang.Closure), notify()
	at 2-1 Sale-add.run(2-1 Sale-add:98)
	at com.kms.katalon.core.main.ScriptEngine.run(ScriptEngine.java:194)
	at com.kms.katalon.core.main.ScriptEngine.runScriptAsRawText(ScriptEngine.java:119)
	at com.kms.katalon.core.main.TestCaseExecutor.runScript(TestCaseExecutor.java:328)
	at com.kms.katalon.core.main.TestCaseExecutor.doExecute(TestCaseExecutor.java:319)
	at com.kms.katalon.core.main.TestCaseExecutor.processExecutionPhase(TestCaseExecutor.java:298)
	at com.kms.katalon.core.main.TestCaseExecutor.accessMainPhase(TestCaseExecutor.java:290)
	at com.kms.katalon.core.main.TestCaseExecutor.execute(TestCaseExecutor.java:224)
	at com.kms.katalon.core.main.TestSuiteExecutor.accessTestCaseMainPhase(TestSuiteExecutor.java:129)
	at com.kms.katalon.core.main.TestSuiteExecutor.accessTestSuiteMainPhase(TestSuiteExecutor.java:112)
	at com.kms.katalon.core.main.TestSuiteExecutor.execute(TestSuiteExecutor.java:81)
	at com.kms.katalon.core.main.TestCaseMain.startTestSuite(TestCaseMain.java:149)
	at com.kms.katalon.core.main.TestCaseMain$startTestSuite$0.call(Unknown Source)
	at TempTestSuite1556181552320.run(TempTestSuite1556181552320.groovy:36)]]></system-err>
   </testsuite>
</testsuites>
