<?xml version="1.0" encoding="UTF-8"?>
<testsuites name="3-3 Adjust Test Suite" time="59" tests="5" failures="1" errors="0">
   <testsuite name="3-3 Adjust Test Suite" tests="5" failures="1" errors="0" time="59" timestamp="2019-07-03 11:09:32" hostname="KennyIC_Chen - Larry_Chen.compal.com" id="Test Suites/3-3 Adjust Test Suite">
      <properties>
         <property name="deviceName" value=""/>
         <property name="devicePlatform" value=""/>
         <property name="logFolder" value="D:\\Kenny\\D\\Katalon Studio\\PSI\\PSItest\\Reports\\3-3 Adjust Test Suite\\20190703_110926"/>
         <property name="logFiles" value="D:\\Kenny\\D\\Katalon Studio\\PSI\\PSItest\\Reports\\3-3 Adjust Test Suite\\20190703_110926\\execution0.log"/>
         <property name="attachments" value="D:\\Kenny\\D\\Katalon Studio\\PSI\\PSItest\\Reports\\3-3 Adjust Test Suite\\20190703_110926\\1562123421483.png, D:\\Kenny\\D\\Katalon Studio\\PSI\\PSItest\\Reports\\3-3 Adjust Test Suite\\20190703_110926\\1562123427612.png, D:\\Kenny\\D\\Katalon Studio\\PSI\\PSItest\\Reports\\3-3 Adjust Test Suite\\20190703_110926\\1562123430122.png"/>
         <property name="hostName" value="KennyIC_Chen - Larry_Chen.compal.com"/>
         <property name="os" value="Windows 10 64bit"/>
         <property name="katalonVersion" value="5.10.1.1"/>
         <property name="browser" value="Chrome 74.0.3729.169"/>
         <property name="hostAddress" value="10.109.102.145"/>
         <property name="sessionId" value="9c048fec453b4a8112f2464681c1e2e8"/>
         <property name="seleniumVersion" value="3.7.1"/>
         <property name="proxyInformation" value="ProxyInformation{proxyOption=NO_PROXY, proxyServerType=HTTP, password=, proxyServerAddress=, proxyServerPort=0}"/>
         <property name="platform" value="Windows 10"/>
      </properties>
      <testcase name="Test Cases/Others/Login" classname="Test Cases/Others/Login" status="PASSED">
         <system-out><![CDATA[2019-07-03 11:09:32 - [TEST_CASE][PASSED] - Test Cases/Others/Login: Test Cases/Others/Login

2019-07-03 11:09:33 - [TEST_STEP][PASSED] - openBrowser(""): Browser is opened with url: ''

2019-07-03 11:09:34 - [MESSAGE][INFO] - Starting 'Chrome' driver

2019-07-03 11:09:34 - [MESSAGE][INFO] - Action delay is set to 0 seconds

2019-07-03 11:09:39 - [MESSAGE][PASSED] - Browser is opened with url: ''

2019-07-03 11:09:39 - [TEST_STEP][PASSED] - navigateToUrl("https://psi-azcldap.unicore.com.tw/login"): Navigate to 'https://psi-azcldap.unicore.com.tw/login' successfully

2019-07-03 11:10:10 - [MESSAGE][PASSED] - Navigate to 'https://psi-azcldap.unicore.com.tw/login' successfully

2019-07-03 11:10:10 - [TEST_STEP][PASSED] - maximizeWindow(): Current window maximized

2019-07-03 11:10:11 - [MESSAGE][PASSED] - Current window maximized

2019-07-03 11:10:11 - [TEST_STEP][PASSED] - setText(findTestObject("Others/Login/ID-QWE"), "QWE"): Text 'QWE' is set on object 'Object Repository/Others/Login/ID-QWE'

2019-07-03 11:10:12 - [MESSAGE][PASSED] - Text 'QWE' is set on object 'Object Repository/Others/Login/ID-QWE'

2019-07-03 11:10:12 - [TEST_STEP][PASSED] - setEncryptedText(findTestObject("Others/Login/PW-QWE"), "5opu+sh6ATw="): Text ****** has been set on object 'Object Repository/Others/Login/PW-QWE'

2019-07-03 11:10:13 - [MESSAGE][PASSED] - Text ****** has been set on object 'Object Repository/Others/Login/PW-QWE'

2019-07-03 11:10:13 - [TEST_STEP][PASSED] - click(findTestObject("Others/Login/Login Button")): Object: 'Object Repository/Others/Login/Login Button' is clicked on

2019-07-03 11:10:13 - [MESSAGE][PASSED] - Object: 'Object Repository/Others/Login/Login Button' is clicked on

2019-07-03 11:10:13 - [TEST_STEP][PASSED] - verifyElementClickable(findTestObject("Others/Login/Verify button")): Object 'Object Repository/Others/Login/Verify button' is clickable

2019-07-03 11:10:14 - [MESSAGE][PASSED] - Object 'Object Repository/Others/Login/Verify button' is clickable]]></system-out>
         <system-err><![CDATA[]]></system-err>
      </testcase>
      <testcase name="Test Cases/3 Stock/3-3 Adjust/3-3 Adjust-Add" classname="Test Cases/3 Stock/3-3 Adjust/3-3 Adjust-Add" status="PASSED">
         <system-out><![CDATA[2019-07-03 11:10:14 - [TEST_CASE][PASSED] - Test Cases/3 Stock/3-3 Adjust/3-3 Adjust-Add: Test Cases/3 Stock/3-3 Adjust/3-3 Adjust-Add

2019-07-03 11:10:14 - [TEST_STEP][PASSED] - click(findTestObject("3 Stock/3-3 Adjuset/Add/Adjuset button")): Object: 'Object Repository/3 Stock/3-3 Adjuset/Add/Adjuset button' is clicked on

2019-07-03 11:10:15 - [MESSAGE][PASSED] - Object: 'Object Repository/3 Stock/3-3 Adjuset/Add/Adjuset button' is clicked on

2019-07-03 11:10:15 - [TEST_STEP][PASSED] - click(findTestObject("3 Stock/3-3 Adjuset/Add/Add button")): Object: 'Object Repository/3 Stock/3-3 Adjuset/Add/Add button' is clicked on

2019-07-03 11:10:15 - [MESSAGE][PASSED] - Object: 'Object Repository/3 Stock/3-3 Adjuset/Add/Add button' is clicked on

2019-07-03 11:10:15 - [TEST_STEP][PASSED] - click(findTestObject("3 Stock/3-3 Adjuset/Add/Adjust type button")): Object: 'Object Repository/3 Stock/3-3 Adjuset/Add/Adjust type button' is clicked on

2019-07-03 11:10:15 - [MESSAGE][PASSED] - Object: 'Object Repository/3 Stock/3-3 Adjuset/Add/Adjust type button' is clicked on

2019-07-03 11:10:15 - [TEST_STEP][PASSED] - selectOptionByValue(findTestObject("3 Stock/3-3 Adjuset/Add/Adjust type select"), "0: 2", true): All options with value '0: 2' are selected in object 'Object Repository/3 Stock/3-3 Adjuset/Add/Adjust type select'  using regular expression

2019-07-03 11:10:16 - [MESSAGE][PASSED] - All options with value '0: 2' are selected in object 'Object Repository/3 Stock/3-3 Adjuset/Add/Adjust type select'  using regular expression

2019-07-03 11:10:16 - [TEST_STEP][PASSED] - click(findTestObject("3 Stock/3-3 Adjuset/Add/Adjust employee button")): Object: 'Object Repository/3 Stock/3-3 Adjuset/Add/Adjust employee button' is clicked on

2019-07-03 11:10:16 - [MESSAGE][PASSED] - Object: 'Object Repository/3 Stock/3-3 Adjuset/Add/Adjust employee button' is clicked on

2019-07-03 11:10:16 - [TEST_STEP][PASSED] - click(findTestObject("3 Stock/3-3 Adjuset/Add/Adjust employee")): Object: 'Object Repository/3 Stock/3-3 Adjuset/Add/Adjust employee' is clicked on

2019-07-03 11:10:17 - [MESSAGE][PASSED] - Object: 'Object Repository/3 Stock/3-3 Adjuset/Add/Adjust employee' is clicked on

2019-07-03 11:10:17 - [TEST_STEP][PASSED] - setText(findTestObject("3 Stock/3-3 Adjuset/Add/input__comments"), time()): null

2019-07-03 11:10:17 - [TEST_STEP][PASSED] - date = new java.util.Date(): null

2019-07-03 11:10:17 - [TEST_STEP][PASSED] - sdf = new java.text.SimpleDateFormat(yyyyMMddHHmm): null

2019-07-03 11:10:17 - [TEST_STEP][PASSED] - Time = Note + sdf.format(date): null

2019-07-03 11:10:17 - [TEST_STEP][PASSED] - return (internal.GlobalVariable.Note + sdf.format(date)): Text 'Testing201907031110' is set on object 'Object Repository/3 Stock/3-3 Adjuset/Add/input__comments'

2019-07-03 11:10:17 - [MESSAGE][PASSED] - Text 'Testing201907031110' is set on object 'Object Repository/3 Stock/3-3 Adjuset/Add/input__comments'

2019-07-03 11:10:17 - [TEST_STEP][PASSED] - click(findTestObject("3 Stock/3-3 Adjuset/Add/Adjust item button")): Object: 'Object Repository/3 Stock/3-3 Adjuset/Add/Adjust item button' is clicked on

2019-07-03 11:10:17 - [MESSAGE][PASSED] - Object: 'Object Repository/3 Stock/3-3 Adjuset/Add/Adjust item button' is clicked on

2019-07-03 11:10:17 - [TEST_STEP][PASSED] - click(findTestObject("3 Stock/3-3 Adjuset/Add/item select")): Object: 'Object Repository/3 Stock/3-3 Adjuset/Add/item select' is clicked on

2019-07-03 11:10:18 - [MESSAGE][PASSED] - Object: 'Object Repository/3 Stock/3-3 Adjuset/Add/item select' is clicked on

2019-07-03 11:10:18 - [TEST_STEP][PASSED] - click(findTestObject("3 Stock/3-3 Adjuset/Add/Item unit button")): Object: 'Object Repository/3 Stock/3-3 Adjuset/Add/Item unit button' is clicked on

2019-07-03 11:10:18 - [MESSAGE][PASSED] - Object: 'Object Repository/3 Stock/3-3 Adjuset/Add/Item unit button' is clicked on

2019-07-03 11:10:18 - [TEST_STEP][PASSED] - click(findTestObject("3 Stock/3-3 Adjuset/Add/item unit")): Object: 'Object Repository/3 Stock/3-3 Adjuset/Add/item unit' is clicked on

2019-07-03 11:10:19 - [MESSAGE][PASSED] - Object: 'Object Repository/3 Stock/3-3 Adjuset/Add/item unit' is clicked on

2019-07-03 11:10:19 - [TEST_STEP][PASSED] - click(findTestObject("3 Stock/3-3 Adjuset/Add/item warehouse button")): Object: 'Object Repository/3 Stock/3-3 Adjuset/Add/item warehouse button' is clicked on

2019-07-03 11:10:19 - [MESSAGE][PASSED] - Object: 'Object Repository/3 Stock/3-3 Adjuset/Add/item warehouse button' is clicked on

2019-07-03 11:10:19 - [TEST_STEP][PASSED] - click(findTestObject("3 Stock/3-3 Adjuset/Add/item warehouse")): Object: 'Object Repository/3 Stock/3-3 Adjuset/Add/item warehouse' is clicked on

2019-07-03 11:10:20 - [MESSAGE][PASSED] - Object: 'Object Repository/3 Stock/3-3 Adjuset/Add/item warehouse' is clicked on

2019-07-03 11:10:20 - [TEST_STEP][PASSED] - setText(findTestObject("3 Stock/3-3 Adjuset/Add/item qty"), "10"): Text '10' is set on object 'Object Repository/3 Stock/3-3 Adjuset/Add/item qty'

2019-07-03 11:10:20 - [MESSAGE][PASSED] - Text '10' is set on object 'Object Repository/3 Stock/3-3 Adjuset/Add/item qty'

2019-07-03 11:10:20 - [TEST_STEP][PASSED] - setText(findTestObject("3 Stock/3-3 Adjuset/Add/item price"), "120"): Text '120' is set on object 'Object Repository/3 Stock/3-3 Adjuset/Add/item price'

2019-07-03 11:10:21 - [MESSAGE][PASSED] - Text '120' is set on object 'Object Repository/3 Stock/3-3 Adjuset/Add/item price'

2019-07-03 11:10:21 - [TEST_STEP][PASSED] - setText(findTestObject("3 Stock/3-3 Adjuset/Add/item price 1"), "150"): Text '150' is set on object 'Object Repository/3 Stock/3-3 Adjuset/Add/item price 1'

2019-07-03 11:10:21 - [MESSAGE][PASSED] - Text '150' is set on object 'Object Repository/3 Stock/3-3 Adjuset/Add/item price 1'

2019-07-03 11:10:21 - [TEST_STEP][PASSED] - takeScreenshot(): Taking screenshot successfully

2019-07-03 11:10:22 - [MESSAGE][PASSED] - Taking screenshot successfully
[[ATTACHMENT|D:\\Kenny\\D\\Katalon Studio\\PSI\\PSItest\\Reports\\3-3 Adjust Test Suite\\20190703_110926\\1562123421483.png]]

2019-07-03 11:10:22 - [TEST_STEP][PASSED] - click(findTestObject("3 Stock/3-3 Adjuset/Add/save")): Object: 'Object Repository/3 Stock/3-3 Adjuset/Add/save' is clicked on

2019-07-03 11:10:22 - [MESSAGE][PASSED] - Object: 'Object Repository/3 Stock/3-3 Adjuset/Add/save' is clicked on]]></system-out>
         <system-err><![CDATA[]]></system-err>
      </testcase>
      <testcase name="Test Cases/Others/Accept and verify" classname="Test Cases/Others/Accept and verify" status="PASSED">
         <system-out><![CDATA[2019-07-03 11:10:22 - [TEST_CASE][PASSED] - Test Cases/Others/Accept and verify: Test Cases/Others/Accept and verify

2019-07-03 11:10:23 - [TEST_STEP][PASSED] - delay(1): Delayed 1 second(s)

2019-07-03 11:10:24 - [MESSAGE][PASSED] - Delayed 1 second(s)

2019-07-03 11:10:24 - [TEST_STEP][PASSED] - waitForAlert(5): Alert is present after 5 second(s).

2019-07-03 11:10:24 - [MESSAGE][PASSED] - Alert is present after 5 second(s).

2019-07-03 11:10:24 - [TEST_STEP][PASSED] - acceptAlert(): Alert accepted

2019-07-03 11:10:24 - [MESSAGE][PASSED] - Alert accepted

2019-07-03 11:10:24 - [TEST_STEP][PASSED] - verifyElementClickable(findTestObject("Others/Accept and verify/Verify button")): Object 'Object Repository/Others/Accept and verify/Verify button' is clickable

2019-07-03 11:10:24 - [MESSAGE][PASSED] - Object 'Object Repository/Others/Accept and verify/Verify button' is clickable]]></system-out>
         <system-err><![CDATA[]]></system-err>
      </testcase>
      <testcase name="Test Cases/3 Stock/3-3 Adjust/3-3 Adjust-Edit" classname="Test Cases/3 Stock/3-3 Adjust/3-3 Adjust-Edit" status="PASSED">
         <system-out><![CDATA[2019-07-03 11:10:24 - [TEST_CASE][PASSED] - Test Cases/3 Stock/3-3 Adjust/3-3 Adjust-Edit: Test Cases/3 Stock/3-3 Adjust/3-3 Adjust-Edit

2019-07-03 11:10:25 - [TEST_STEP][PASSED] - delay(1): Delayed 1 second(s)

2019-07-03 11:10:26 - [MESSAGE][PASSED] - Delayed 1 second(s)

2019-07-03 11:10:26 - [TEST_STEP][PASSED] - click(findTestObject("3 Stock/3-3 Adjuset/Edit/Sort by number")): Object: 'Object Repository/3 Stock/3-3 Adjuset/Edit/Sort by number' is clicked on

2019-07-03 11:10:26 - [MESSAGE][PASSED] - Object: 'Object Repository/3 Stock/3-3 Adjuset/Edit/Sort by number' is clicked on

2019-07-03 11:10:26 - [TEST_STEP][PASSED] - click(findTestObject("3 Stock/3-3 Adjuset/Edit/Sort by number")): Object: 'Object Repository/3 Stock/3-3 Adjuset/Edit/Sort by number' is clicked on

2019-07-03 11:10:26 - [MESSAGE][PASSED] - Object: 'Object Repository/3 Stock/3-3 Adjuset/Edit/Sort by number' is clicked on

2019-07-03 11:10:26 - [TEST_STEP][PASSED] - XXX = Time: null

2019-07-03 11:10:26 - [TEST_STEP][PASSED] - click(findTestObject("3 Stock/3-3 Adjuset/Edit/Select by note", ["xxx":XXX])): Object: 'Object Repository/3 Stock/3-3 Adjuset/Edit/Select by note' is clicked on

2019-07-03 11:10:26 - [MESSAGE][PASSED] - Object: 'Object Repository/3 Stock/3-3 Adjuset/Edit/Select by note' is clicked on

2019-07-03 11:10:26 - [TEST_STEP][PASSED] - click(findTestObject("3 Stock/3-3 Adjuset/Edit/Edit button")): Object: 'Object Repository/3 Stock/3-3 Adjuset/Edit/Edit button' is clicked on

2019-07-03 11:10:26 - [MESSAGE][PASSED] - Object: 'Object Repository/3 Stock/3-3 Adjuset/Edit/Edit button' is clicked on

2019-07-03 11:10:26 - [TEST_STEP][PASSED] - qqq = <not implemented yet for class: org.codehaus.groovy.ast.expr.EmptyExpression>: null

2019-07-03 11:10:26 - [TEST_STEP][PASSED] - qqq = getAttribute(findTestObject("3 Stock/3-3 Adjuset/Edit/Edit number"), "value"): Attribute 'value' of object 'Object Repository/3 Stock/3-3 Adjuset/Edit/Edit number' is: '10'

2019-07-03 11:10:27 - [MESSAGE][PASSED] - Attribute 'value' of object 'Object Repository/3 Stock/3-3 Adjuset/Edit/Edit number' is: '10'

2019-07-03 11:10:27 - [TEST_STEP][PASSED] - qqq = qqq.replaceAll(",", ""): null

2019-07-03 11:10:27 - [TEST_STEP][PASSED] - kkk = qqq.toInteger(): null

2019-07-03 11:10:27 - [TEST_STEP][PASSED] - kkk = kkk + 10: null

2019-07-03 11:10:27 - [TEST_STEP][PASSED] - sendKeys(findTestObject("3 Stock/3-3 Adjuset/Edit/Edit number"), Keys.chord(CONTROL, "a")): Keys 'CONTROL + a' sent to object: 'Object Repository/3 Stock/3-3 Adjuset/Edit/Edit number'

2019-07-03 11:10:27 - [MESSAGE][PASSED] - Keys 'CONTROL + a' sent to object: 'Object Repository/3 Stock/3-3 Adjuset/Edit/Edit number'

2019-07-03 11:10:27 - [TEST_STEP][PASSED] - sendKeys(findTestObject("3 Stock/3-3 Adjuset/Edit/Edit number"), Keys.chord(DELETE)): Keys 'DELETE + ' sent to object: 'Object Repository/3 Stock/3-3 Adjuset/Edit/Edit number'

2019-07-03 11:10:27 - [MESSAGE][PASSED] - Keys 'DELETE + ' sent to object: 'Object Repository/3 Stock/3-3 Adjuset/Edit/Edit number'

2019-07-03 11:10:27 - [TEST_STEP][PASSED] - setText(findTestObject("3 Stock/3-3 Adjuset/Edit/Edit number"), kkk.toString()): Text '20' is set on object 'Object Repository/3 Stock/3-3 Adjuset/Edit/Edit number'

2019-07-03 11:10:27 - [MESSAGE][PASSED] - Text '20' is set on object 'Object Repository/3 Stock/3-3 Adjuset/Edit/Edit number'

2019-07-03 11:10:27 - [TEST_STEP][PASSED] - takeScreenshot(): Taking screenshot successfully

2019-07-03 11:10:28 - [MESSAGE][PASSED] - Taking screenshot successfully
[[ATTACHMENT|D:\\Kenny\\D\\Katalon Studio\\PSI\\PSItest\\Reports\\3-3 Adjust Test Suite\\20190703_110926\\1562123427612.png]]

2019-07-03 11:10:28 - [TEST_STEP][PASSED] - click(findTestObject("3 Stock/3-3 Adjuset/Edit/Save button")): Object: 'Object Repository/3 Stock/3-3 Adjuset/Edit/Save button' is clicked on

2019-07-03 11:10:28 - [MESSAGE][PASSED] - Object: 'Object Repository/3 Stock/3-3 Adjuset/Edit/Save button' is clicked on]]></system-out>
         <system-err><![CDATA[]]></system-err>
      </testcase>
      <testcase name="Test Cases/Others/Accept and verify" classname="Test Cases/Others/Accept and verify" status="PASSED">
         <system-out><![CDATA[2019-07-03 11:10:28 - [TEST_CASE][PASSED] - Test Cases/Others/Accept and verify: Test Cases/Others/Accept and verify

2019-07-03 11:10:28 - [TEST_STEP][PASSED] - delay(1): Delayed 1 second(s)

2019-07-03 11:10:29 - [MESSAGE][PASSED] - Delayed 1 second(s)

2019-07-03 11:10:29 - [TEST_STEP][PASSED] - waitForAlert(5): Alert is present after 5 second(s).

2019-07-03 11:10:29 - [MESSAGE][PASSED] - Alert is present after 5 second(s).

2019-07-03 11:10:29 - [TEST_STEP][PASSED] - acceptAlert(): Alert accepted

2019-07-03 11:10:29 - [MESSAGE][PASSED] - Alert accepted

2019-07-03 11:10:29 - [TEST_STEP][PASSED] - verifyElementClickable(findTestObject("Others/Accept and verify/Verify button")): Object 'Object Repository/Others/Accept and verify/Verify button' is clickable

2019-07-03 11:10:29 - [MESSAGE][PASSED] - Object 'Object Repository/Others/Accept and verify/Verify button' is clickable]]></system-out>
         <system-err><![CDATA[]]></system-err>
      </testcase>
      <testcase name="Test Cases/3 Stock/3-3 Adjust/3-3 Adjust-Delete" classname="Test Cases/3 Stock/3-3 Adjust/3-3 Adjust-Delete" status="FAILED">
         <failure type="FAILED" message="Test Cases/3 Stock/3-3 Adjust/3-3 Adjust-Delete FAILED.
Reason:
com.kms.katalon.core.exception.StepFailedException: Unable to click on object (Root cause: java.lang.IllegalArgumentException: Object is null)
	at com.kms.katalon.core.keyword.internal.KeywordMain.stepFailed(KeywordMain.groovy:36)
	at com.kms.katalon.core.webui.keyword.internal.WebUIKeywordMain.stepFailed(WebUIKeywordMain.groovy:65)
	at com.kms.katalon.core.webui.keyword.internal.WebUIKeywordMain.runKeyword(WebUIKeywordMain.groovy:27)
	at com.kms.katalon.core.webui.keyword.builtin.ClickKeyword.click(ClickKeyword.groovy:86)
	at com.kms.katalon.core.webui.keyword.builtin.ClickKeyword.execute(ClickKeyword.groovy:67)
	at com.kms.katalon.core.keyword.internal.KeywordExecutor.executeKeywordForPlatform(KeywordExecutor.groovy:53)
	at com.kms.katalon.core.webui.keyword.WebUiBuiltInKeywords.click(WebUiBuiltInKeywords.groovy:616)
	at com.kms.katalon.core.webui.keyword.WebUiBuiltInKeywords$click$4.call(Unknown Source)
	at 3-3 Adjust-Delete.run(3-3 Adjust-Delete:18)
	at com.kms.katalon.core.main.ScriptEngine.run(ScriptEngine.java:194)
	at com.kms.katalon.core.main.ScriptEngine.runScriptAsRawText(ScriptEngine.java:119)
	at com.kms.katalon.core.main.TestCaseExecutor.runScript(TestCaseExecutor.java:328)
	at com.kms.katalon.core.main.TestCaseExecutor.doExecute(TestCaseExecutor.java:319)
	at com.kms.katalon.core.main.TestCaseExecutor.processExecutionPhase(TestCaseExecutor.java:298)
	at com.kms.katalon.core.main.TestCaseExecutor.accessMainPhase(TestCaseExecutor.java:290)
	at com.kms.katalon.core.main.TestCaseExecutor.execute(TestCaseExecutor.java:224)
	at com.kms.katalon.core.main.TestSuiteExecutor.accessTestCaseMainPhase(TestSuiteExecutor.java:129)
	at com.kms.katalon.core.main.TestSuiteExecutor.accessTestSuiteMainPhase(TestSuiteExecutor.java:112)
	at com.kms.katalon.core.main.TestSuiteExecutor.execute(TestSuiteExecutor.java:81)
	at com.kms.katalon.core.main.TestCaseMain.startTestSuite(TestCaseMain.java:149)
	at com.kms.katalon.core.main.TestCaseMain$startTestSuite$0.call(Unknown Source)
	at TempTestSuite1562123366952.run(TempTestSuite1562123366952.groovy:36)
"/>
         <system-out><![CDATA[2019-07-03 11:10:29 - [TEST_CASE][FAILED] - Test Cases/3 Stock/3-3 Adjust/3-3 Adjust-Delete: Test Cases/3 Stock/3-3 Adjust/3-3 Adjust-Delete FAILED.
Reason:
com.kms.katalon.core.exception.StepFailedException: Unable to click on object (Root cause: java.lang.IllegalArgumentException: Object is null)
	at com.kms.katalon.core.keyword.internal.KeywordMain.stepFailed(KeywordMain.groovy:36)
	at com.kms.katalon.core.webui.keyword.internal.WebUIKeywordMain.stepFailed(WebUIKeywordMain.groovy:65)
	at com.kms.katalon.core.webui.keyword.internal.WebUIKeywordMain.runKeyword(WebUIKeywordMain.groovy:27)
	at com.kms.katalon.core.webui.keyword.builtin.ClickKeyword.click(ClickKeyword.groovy:86)
	at com.kms.katalon.core.webui.keyword.builtin.ClickKeyword.execute(ClickKeyword.groovy:67)
	at com.kms.katalon.core.keyword.internal.KeywordExecutor.executeKeywordForPlatform(KeywordExecutor.groovy:53)
	at com.kms.katalon.core.webui.keyword.WebUiBuiltInKeywords.click(WebUiBuiltInKeywords.groovy:616)
	at com.kms.katalon.core.webui.keyword.WebUiBuiltInKeywords$click$4.call(Unknown Source)
	at 3-3 Adjust-Delete.run(3-3 Adjust-Delete:18)
	at com.kms.katalon.core.main.ScriptEngine.run(ScriptEngine.java:194)
	at com.kms.katalon.core.main.ScriptEngine.runScriptAsRawText(ScriptEngine.java:119)
	at com.kms.katalon.core.main.TestCaseExecutor.runScript(TestCaseExecutor.java:328)
	at com.kms.katalon.core.main.TestCaseExecutor.doExecute(TestCaseExecutor.java:319)
	at com.kms.katalon.core.main.TestCaseExecutor.processExecutionPhase(TestCaseExecutor.java:298)
	at com.kms.katalon.core.main.TestCaseExecutor.accessMainPhase(TestCaseExecutor.java:290)
	at com.kms.katalon.core.main.TestCaseExecutor.execute(TestCaseExecutor.java:224)
	at com.kms.katalon.core.main.TestSuiteExecutor.accessTestCaseMainPhase(TestSuiteExecutor.java:129)
	at com.kms.katalon.core.main.TestSuiteExecutor.accessTestSuiteMainPhase(TestSuiteExecutor.java:112)
	at com.kms.katalon.core.main.TestSuiteExecutor.execute(TestSuiteExecutor.java:81)
	at com.kms.katalon.core.main.TestCaseMain.startTestSuite(TestCaseMain.java:149)
	at com.kms.katalon.core.main.TestCaseMain$startTestSuite$0.call(Unknown Source)
	at TempTestSuite1562123366952.run(TempTestSuite1562123366952.groovy:36)


2019-07-03 11:10:30 - [TEST_STEP][FAILED] - click(findTestObject("3 Stock/3-3 Adjust/Delete/Sort by adjuset no")): click(findTestObject("3 Stock/3-3 Adjust/Delete/Sort by adjuset no")) FAILED.
Reason:
com.kms.katalon.core.exception.StepFailedException: Unable to click on object (Root cause: java.lang.IllegalArgumentException: Object is null)
	at com.kms.katalon.core.keyword.internal.KeywordMain.stepFailed(KeywordMain.groovy:36)
	at com.kms.katalon.core.webui.keyword.internal.WebUIKeywordMain.stepFailed(WebUIKeywordMain.groovy:65)
	at com.kms.katalon.core.webui.keyword.internal.WebUIKeywordMain.runKeyword(WebUIKeywordMain.groovy:27)
	at com.kms.katalon.core.webui.keyword.builtin.ClickKeyword.click(ClickKeyword.groovy:86)
	at com.kms.katalon.core.webui.keyword.builtin.ClickKeyword.execute(ClickKeyword.groovy:67)
	at com.kms.katalon.core.keyword.internal.KeywordExecutor.executeKeywordForPlatform(KeywordExecutor.groovy:53)
	at com.kms.katalon.core.webui.keyword.WebUiBuiltInKeywords.click(WebUiBuiltInKeywords.groovy:616)
	at com.kms.katalon.core.webui.keyword.WebUiBuiltInKeywords$click$4.call(Unknown Source)
	at 3-3 Adjust-Delete.run(3-3 Adjust-Delete:18)
	at com.kms.katalon.core.main.ScriptEngine.run(ScriptEngine.java:194)
	at com.kms.katalon.core.main.ScriptEngine.runScriptAsRawText(ScriptEngine.java:119)
	at com.kms.katalon.core.main.TestCaseExecutor.runScript(TestCaseExecutor.java:328)
	at com.kms.katalon.core.main.TestCaseExecutor.doExecute(TestCaseExecutor.java:319)
	at com.kms.katalon.core.main.TestCaseExecutor.processExecutionPhase(TestCaseExecutor.java:298)
	at com.kms.katalon.core.main.TestCaseExecutor.accessMainPhase(TestCaseExecutor.java:290)
	at com.kms.katalon.core.main.TestCaseExecutor.execute(TestCaseExecutor.java:224)
	at com.kms.katalon.core.main.TestSuiteExecutor.accessTestCaseMainPhase(TestSuiteExecutor.java:129)
	at com.kms.katalon.core.main.TestSuiteExecutor.accessTestSuiteMainPhase(TestSuiteExecutor.java:112)
	at com.kms.katalon.core.main.TestSuiteExecutor.execute(TestSuiteExecutor.java:81)
	at com.kms.katalon.core.main.TestCaseMain.startTestSuite(TestCaseMain.java:149)
	at com.kms.katalon.core.main.TestCaseMain$startTestSuite$0.call(Unknown Source)
	at TempTestSuite1562123366952.run(TempTestSuite1562123366952.groovy:36)


2019-07-03 11:10:30 - [MESSAGE][WARNING] - Test object with id 'Object Repository/3 Stock/3-3 Adjust/Delete/Sort by adjuset no' does not exist

2019-07-03 11:10:30 - [MESSAGE][WARNING] - Test object with id 'Object Repository/' does not exist

2019-07-03 11:10:30 - [MESSAGE][FAILED] - Unable to click on object (Root cause: java.lang.IllegalArgumentException: Object is null)
[[ATTACHMENT|D:\\Kenny\\D\\Katalon Studio\\PSI\\PSItest\\Reports\\3-3 Adjust Test Suite\\20190703_110926\\1562123430122.png]]

2019-07-03 11:10:30 - [MESSAGE][FAILED] - click(findTestObject("3 Stock/3-3 Adjust/Delete/Sort by adjuset no")) FAILED.
Reason:
com.kms.katalon.core.exception.StepFailedException: Unable to click on object (Root cause: java.lang.IllegalArgumentException: Object is null)
	at com.kms.katalon.core.keyword.internal.KeywordMain.stepFailed(KeywordMain.groovy:36)
	at com.kms.katalon.core.webui.keyword.internal.WebUIKeywordMain.stepFailed(WebUIKeywordMain.groovy:65)
	at com.kms.katalon.core.webui.keyword.internal.WebUIKeywordMain.runKeyword(WebUIKeywordMain.groovy:27)
	at com.kms.katalon.core.webui.keyword.builtin.ClickKeyword.click(ClickKeyword.groovy:86)
	at com.kms.katalon.core.webui.keyword.builtin.ClickKeyword.execute(ClickKeyword.groovy:67)
	at com.kms.katalon.core.keyword.internal.KeywordExecutor.executeKeywordForPlatform(KeywordExecutor.groovy:53)
	at com.kms.katalon.core.webui.keyword.WebUiBuiltInKeywords.click(WebUiBuiltInKeywords.groovy:616)
	at com.kms.katalon.core.webui.keyword.WebUiBuiltInKeywords$click$4.call(Unknown Source)
	at 3-3 Adjust-Delete.run(3-3 Adjust-Delete:18)
	at com.kms.katalon.core.main.ScriptEngine.run(ScriptEngine.java:194)
	at com.kms.katalon.core.main.ScriptEngine.runScriptAsRawText(ScriptEngine.java:119)
	at com.kms.katalon.core.main.TestCaseExecutor.runScript(TestCaseExecutor.java:328)
	at com.kms.katalon.core.main.TestCaseExecutor.doExecute(TestCaseExecutor.java:319)
	at com.kms.katalon.core.main.TestCaseExecutor.processExecutionPhase(TestCaseExecutor.java:298)
	at com.kms.katalon.core.main.TestCaseExecutor.accessMainPhase(TestCaseExecutor.java:290)
	at com.kms.katalon.core.main.TestCaseExecutor.execute(TestCaseExecutor.java:224)
	at com.kms.katalon.core.main.TestSuiteExecutor.accessTestCaseMainPhase(TestSuiteExecutor.java:129)
	at com.kms.katalon.core.main.TestSuiteExecutor.accessTestSuiteMainPhase(TestSuiteExecutor.java:112)
	at com.kms.katalon.core.main.TestSuiteExecutor.execute(TestSuiteExecutor.java:81)
	at com.kms.katalon.core.main.TestCaseMain.startTestSuite(TestCaseMain.java:149)
	at com.kms.katalon.core.main.TestCaseMain$startTestSuite$0.call(Unknown Source)
	at TempTestSuite1562123366952.run(TempTestSuite1562123366952.groovy:36)]]></system-out>
         <system-err><![CDATA[2019-07-03 11:10:29 - [TEST_CASE][FAILED] - Test Cases/3 Stock/3-3 Adjust/3-3 Adjust-Delete: Test Cases/3 Stock/3-3 Adjust/3-3 Adjust-Delete FAILED.
Reason:
com.kms.katalon.core.exception.StepFailedException: Unable to click on object (Root cause: java.lang.IllegalArgumentException: Object is null)
	at com.kms.katalon.core.keyword.internal.KeywordMain.stepFailed(KeywordMain.groovy:36)
	at com.kms.katalon.core.webui.keyword.internal.WebUIKeywordMain.stepFailed(WebUIKeywordMain.groovy:65)
	at com.kms.katalon.core.webui.keyword.internal.WebUIKeywordMain.runKeyword(WebUIKeywordMain.groovy:27)
	at com.kms.katalon.core.webui.keyword.builtin.ClickKeyword.click(ClickKeyword.groovy:86)
	at com.kms.katalon.core.webui.keyword.builtin.ClickKeyword.execute(ClickKeyword.groovy:67)
	at com.kms.katalon.core.keyword.internal.KeywordExecutor.executeKeywordForPlatform(KeywordExecutor.groovy:53)
	at com.kms.katalon.core.webui.keyword.WebUiBuiltInKeywords.click(WebUiBuiltInKeywords.groovy:616)
	at com.kms.katalon.core.webui.keyword.WebUiBuiltInKeywords$click$4.call(Unknown Source)
	at 3-3 Adjust-Delete.run(3-3 Adjust-Delete:18)
	at com.kms.katalon.core.main.ScriptEngine.run(ScriptEngine.java:194)
	at com.kms.katalon.core.main.ScriptEngine.runScriptAsRawText(ScriptEngine.java:119)
	at com.kms.katalon.core.main.TestCaseExecutor.runScript(TestCaseExecutor.java:328)
	at com.kms.katalon.core.main.TestCaseExecutor.doExecute(TestCaseExecutor.java:319)
	at com.kms.katalon.core.main.TestCaseExecutor.processExecutionPhase(TestCaseExecutor.java:298)
	at com.kms.katalon.core.main.TestCaseExecutor.accessMainPhase(TestCaseExecutor.java:290)
	at com.kms.katalon.core.main.TestCaseExecutor.execute(TestCaseExecutor.java:224)
	at com.kms.katalon.core.main.TestSuiteExecutor.accessTestCaseMainPhase(TestSuiteExecutor.java:129)
	at com.kms.katalon.core.main.TestSuiteExecutor.accessTestSuiteMainPhase(TestSuiteExecutor.java:112)
	at com.kms.katalon.core.main.TestSuiteExecutor.execute(TestSuiteExecutor.java:81)
	at com.kms.katalon.core.main.TestCaseMain.startTestSuite(TestCaseMain.java:149)
	at com.kms.katalon.core.main.TestCaseMain$startTestSuite$0.call(Unknown Source)
	at TempTestSuite1562123366952.run(TempTestSuite1562123366952.groovy:36)]]></system-err>
      </testcase>
      <system-out><![CDATA[2019-07-03 11:09:32 - [TEST_SUITE][FAILED] - 3-3 Adjust Test Suite: Test Cases/3 Stock/3-3 Adjust/3-3 Adjust-Delete FAILED.
Reason:
com.kms.katalon.core.exception.StepFailedException: Unable to click on object (Root cause: java.lang.IllegalArgumentException: Object is null)
	at com.kms.katalon.core.keyword.internal.KeywordMain.stepFailed(KeywordMain.groovy:36)
	at com.kms.katalon.core.webui.keyword.internal.WebUIKeywordMain.stepFailed(WebUIKeywordMain.groovy:65)
	at com.kms.katalon.core.webui.keyword.internal.WebUIKeywordMain.runKeyword(WebUIKeywordMain.groovy:27)
	at com.kms.katalon.core.webui.keyword.builtin.ClickKeyword.click(ClickKeyword.groovy:86)
	at com.kms.katalon.core.webui.keyword.builtin.ClickKeyword.execute(ClickKeyword.groovy:67)
	at com.kms.katalon.core.keyword.internal.KeywordExecutor.executeKeywordForPlatform(KeywordExecutor.groovy:53)
	at com.kms.katalon.core.webui.keyword.WebUiBuiltInKeywords.click(WebUiBuiltInKeywords.groovy:616)
	at com.kms.katalon.core.webui.keyword.WebUiBuiltInKeywords$click$4.call(Unknown Source)
	at 3-3 Adjust-Delete.run(3-3 Adjust-Delete:18)
	at com.kms.katalon.core.main.ScriptEngine.run(ScriptEngine.java:194)
	at com.kms.katalon.core.main.ScriptEngine.runScriptAsRawText(ScriptEngine.java:119)
	at com.kms.katalon.core.main.TestCaseExecutor.runScript(TestCaseExecutor.java:328)
	at com.kms.katalon.core.main.TestCaseExecutor.doExecute(TestCaseExecutor.java:319)
	at com.kms.katalon.core.main.TestCaseExecutor.processExecutionPhase(TestCaseExecutor.java:298)
	at com.kms.katalon.core.main.TestCaseExecutor.accessMainPhase(TestCaseExecutor.java:290)
	at com.kms.katalon.core.main.TestCaseExecutor.execute(TestCaseExecutor.java:224)
	at com.kms.katalon.core.main.TestSuiteExecutor.accessTestCaseMainPhase(TestSuiteExecutor.java:129)
	at com.kms.katalon.core.main.TestSuiteExecutor.accessTestSuiteMainPhase(TestSuiteExecutor.java:112)
	at com.kms.katalon.core.main.TestSuiteExecutor.execute(TestSuiteExecutor.java:81)
	at com.kms.katalon.core.main.TestCaseMain.startTestSuite(TestCaseMain.java:149)
	at com.kms.katalon.core.main.TestCaseMain$startTestSuite$0.call(Unknown Source)
	at TempTestSuite1562123366952.run(TempTestSuite1562123366952.groovy:36)]]></system-out>
      <system-err><![CDATA[2019-07-03 11:09:32 - [TEST_SUITE][FAILED] - 3-3 Adjust Test Suite: Test Cases/3 Stock/3-3 Adjust/3-3 Adjust-Delete FAILED.
Reason:
com.kms.katalon.core.exception.StepFailedException: Unable to click on object (Root cause: java.lang.IllegalArgumentException: Object is null)
	at com.kms.katalon.core.keyword.internal.KeywordMain.stepFailed(KeywordMain.groovy:36)
	at com.kms.katalon.core.webui.keyword.internal.WebUIKeywordMain.stepFailed(WebUIKeywordMain.groovy:65)
	at com.kms.katalon.core.webui.keyword.internal.WebUIKeywordMain.runKeyword(WebUIKeywordMain.groovy:27)
	at com.kms.katalon.core.webui.keyword.builtin.ClickKeyword.click(ClickKeyword.groovy:86)
	at com.kms.katalon.core.webui.keyword.builtin.ClickKeyword.execute(ClickKeyword.groovy:67)
	at com.kms.katalon.core.keyword.internal.KeywordExecutor.executeKeywordForPlatform(KeywordExecutor.groovy:53)
	at com.kms.katalon.core.webui.keyword.WebUiBuiltInKeywords.click(WebUiBuiltInKeywords.groovy:616)
	at com.kms.katalon.core.webui.keyword.WebUiBuiltInKeywords$click$4.call(Unknown Source)
	at 3-3 Adjust-Delete.run(3-3 Adjust-Delete:18)
	at com.kms.katalon.core.main.ScriptEngine.run(ScriptEngine.java:194)
	at com.kms.katalon.core.main.ScriptEngine.runScriptAsRawText(ScriptEngine.java:119)
	at com.kms.katalon.core.main.TestCaseExecutor.runScript(TestCaseExecutor.java:328)
	at com.kms.katalon.core.main.TestCaseExecutor.doExecute(TestCaseExecutor.java:319)
	at com.kms.katalon.core.main.TestCaseExecutor.processExecutionPhase(TestCaseExecutor.java:298)
	at com.kms.katalon.core.main.TestCaseExecutor.accessMainPhase(TestCaseExecutor.java:290)
	at com.kms.katalon.core.main.TestCaseExecutor.execute(TestCaseExecutor.java:224)
	at com.kms.katalon.core.main.TestSuiteExecutor.accessTestCaseMainPhase(TestSuiteExecutor.java:129)
	at com.kms.katalon.core.main.TestSuiteExecutor.accessTestSuiteMainPhase(TestSuiteExecutor.java:112)
	at com.kms.katalon.core.main.TestSuiteExecutor.execute(TestSuiteExecutor.java:81)
	at com.kms.katalon.core.main.TestCaseMain.startTestSuite(TestCaseMain.java:149)
	at com.kms.katalon.core.main.TestCaseMain$startTestSuite$0.call(Unknown Source)
	at TempTestSuite1562123366952.run(TempTestSuite1562123366952.groovy:36)]]></system-err>
   </testsuite>
</testsuites>
