<?xml version="1.0" encoding="UTF-8"?>
<testsuites name="1-2 Purchase Test Suite" time="55" tests="1" failures="2" errors="0">
   <testsuite name="1-2 Purchase Test Suite" tests="1" failures="2" errors="0" time="55" timestamp="2019-04-25 15:09:51" hostname="KennyIC_Chen - KennyIC_Chen.compal.com" id="Test Suites/1-2 Purchase Test Suite">
      <properties>
         <property name="deviceName" value=""/>
         <property name="devicePlatform" value=""/>
         <property name="logFolder" value="C:\\Users\\KennyIC_chen.COMPAL\\git\\PSItest\\Reports\\1-2 Purchase Test Suite\\20190425_150950"/>
         <property name="logFiles" value="C:\\Users\\KennyIC_chen.COMPAL\\git\\PSItest\\Reports\\1-2 Purchase Test Suite\\20190425_150950\\execution0.log"/>
         <property name="attachments" value="C:\\Users\\KennyIC_chen.COMPAL\\git\\PSItest\\Reports\\1-2 Purchase Test Suite\\20190425_150950\\1556176240596.png, C:\\Users\\KennyIC_chen.COMPAL\\git\\PSItest\\Reports\\1-2 Purchase Test Suite\\20190425_150950\\1556176246241.png, C:\\Users\\KennyIC_chen.COMPAL\\git\\PSItest\\Reports\\1-2 Purchase Test Suite\\20190425_150950\\1556176246629.png"/>
         <property name="hostName" value="KennyIC_Chen - KennyIC_Chen.compal.com"/>
         <property name="os" value="Windows 10 64bit"/>
         <property name="katalonVersion" value="5.10.1.1"/>
         <property name="browser" value="Chrome 73.0.3683.103"/>
         <property name="hostAddress" value="10.109.102.148"/>
         <property name="sessionId" value="07883938b2ba1014f259ec657188b3e5"/>
         <property name="seleniumVersion" value="3.7.1"/>
         <property name="proxyInformation" value="ProxyInformation{proxyOption=NO_PROXY, proxyServerType=HTTP, password=, proxyServerAddress=, proxyServerPort=0}"/>
         <property name="platform" value="Windows 10"/>
      </properties>
      <testcase name="Test Cases/Others/Login" classname="Test Cases/Others/Login" status="PASSED">
         <system-out><![CDATA[2019-04-25 15:09:52 - [TEST_CASE][PASSED] - Test Cases/Others/Login: Test Cases/Others/Login

2019-04-25 15:09:52 - [TEST_STEP][PASSED] - openBrowser(""): Browser is opened with url: ''

2019-04-25 15:09:52 - [MESSAGE][INFO] - Starting 'Chrome' driver

2019-04-25 15:09:52 - [MESSAGE][INFO] - Action delay is set to 0 seconds

2019-04-25 15:09:56 - [MESSAGE][PASSED] - Browser is opened with url: ''

2019-04-25 15:09:56 - [TEST_STEP][PASSED] - navigateToUrl("https://psi-azcldap.unicore.com.tw/login"): Navigate to 'https://psi-azcldap.unicore.com.tw/login' successfully

2019-04-25 15:10:03 - [MESSAGE][PASSED] - Navigate to 'https://psi-azcldap.unicore.com.tw/login' successfully

2019-04-25 15:10:03 - [TEST_STEP][PASSED] - maximizeWindow(): Current window maximized

2019-04-25 15:10:04 - [MESSAGE][PASSED] - Current window maximized

2019-04-25 15:10:04 - [TEST_STEP][PASSED] - setText(findTestObject("Others/Login/ID-QWE"), "QWE"): Text 'QWE' is set on object 'Object Repository/Others/Login/ID-QWE'

2019-04-25 15:10:04 - [MESSAGE][PASSED] - Text 'QWE' is set on object 'Object Repository/Others/Login/ID-QWE'

2019-04-25 15:10:04 - [TEST_STEP][PASSED] - setEncryptedText(findTestObject("Others/Login/PW-QWE"), "5opu+sh6ATw="): Text ****** has been set on object 'Object Repository/Others/Login/PW-QWE'

2019-04-25 15:10:05 - [MESSAGE][PASSED] - Text ****** has been set on object 'Object Repository/Others/Login/PW-QWE'

2019-04-25 15:10:05 - [TEST_STEP][PASSED] - click(findTestObject("Others/Login/Login Button")): Object: 'Object Repository/Others/Login/Login Button' is clicked on

2019-04-25 15:10:05 - [MESSAGE][PASSED] - Object: 'Object Repository/Others/Login/Login Button' is clicked on

2019-04-25 15:10:05 - [TEST_STEP][PASSED] - verifyElementClickable(findTestObject("Others/Login/Verify button")): Object 'Object Repository/Others/Login/Verify button' is clickable

2019-04-25 15:10:05 - [MESSAGE][PASSED] - Object 'Object Repository/Others/Login/Verify button' is clickable]]></system-out>
         <system-err><![CDATA[]]></system-err>
      </testcase>
      <testcase name="Test Cases/1-2 Purchase-Add" classname="Test Cases/1-2 Purchase-Add" status="FAILED">
         <failure type="FAILED" message="Test Cases/1-2 Purchase-Add FAILED.
Reason:
com.kms.katalon.core.exception.StepFailedException: Unable to click on object 'Object Repository/1-2 Purchase/Item IPAD' (Root cause: com.kms.katalon.core.webui.exception.WebElementNotFoundException: Web element with id: 'Object Repository/1-2 Purchase/Item IPAD' located by 'By.xpath: //tbody/tr/td[2]' not found)
	at com.kms.katalon.core.keyword.internal.KeywordMain.stepFailed(KeywordMain.groovy:36)
	at com.kms.katalon.core.webui.keyword.internal.WebUIKeywordMain.stepFailed(WebUIKeywordMain.groovy:65)
	at com.kms.katalon.core.webui.keyword.internal.WebUIKeywordMain.runKeyword(WebUIKeywordMain.groovy:27)
	at com.kms.katalon.core.webui.keyword.builtin.ClickKeyword.click(ClickKeyword.groovy:86)
	at com.kms.katalon.core.webui.keyword.builtin.ClickKeyword.execute(ClickKeyword.groovy:67)
	at com.kms.katalon.core.keyword.internal.KeywordExecutor.executeKeywordForPlatform(KeywordExecutor.groovy:53)
	at com.kms.katalon.core.webui.keyword.WebUiBuiltInKeywords.click(WebUiBuiltInKeywords.groovy:616)
	at com.kms.katalon.core.webui.keyword.WebUiBuiltInKeywords$click$4.call(Unknown Source)
	at 1-2 Purchase-Add.run(1-2 Purchase-Add:80)
	at com.kms.katalon.core.main.ScriptEngine.run(ScriptEngine.java:194)
	at com.kms.katalon.core.main.ScriptEngine.runScriptAsRawText(ScriptEngine.java:119)
	at com.kms.katalon.core.main.TestCaseExecutor.runScript(TestCaseExecutor.java:328)
	at com.kms.katalon.core.main.TestCaseExecutor.doExecute(TestCaseExecutor.java:319)
	at com.kms.katalon.core.main.TestCaseExecutor.processExecutionPhase(TestCaseExecutor.java:298)
	at com.kms.katalon.core.main.TestCaseExecutor.accessMainPhase(TestCaseExecutor.java:290)
	at com.kms.katalon.core.main.TestCaseExecutor.execute(TestCaseExecutor.java:224)
	at com.kms.katalon.core.main.TestSuiteExecutor.accessTestCaseMainPhase(TestSuiteExecutor.java:129)
	at com.kms.katalon.core.main.TestSuiteExecutor.accessTestSuiteMainPhase(TestSuiteExecutor.java:112)
	at com.kms.katalon.core.main.TestSuiteExecutor.execute(TestSuiteExecutor.java:81)
	at com.kms.katalon.core.main.TestCaseMain.startTestSuite(TestCaseMain.java:149)
	at com.kms.katalon.core.main.TestCaseMain$startTestSuite$0.call(Unknown Source)
	at TempTestSuite1556176190180.run(TempTestSuite1556176190180.groovy:36)
"/>
         <system-out><![CDATA[2019-04-25 15:10:05 - [TEST_CASE][FAILED] - Test Cases/1-2 Purchase-Add: Test Cases/1-2 Purchase-Add FAILED.
Reason:
com.kms.katalon.core.exception.StepFailedException: Unable to click on object 'Object Repository/1-2 Purchase/Item IPAD' (Root cause: com.kms.katalon.core.webui.exception.WebElementNotFoundException: Web element with id: 'Object Repository/1-2 Purchase/Item IPAD' located by 'By.xpath: //tbody/tr/td[2]' not found)
	at com.kms.katalon.core.keyword.internal.KeywordMain.stepFailed(KeywordMain.groovy:36)
	at com.kms.katalon.core.webui.keyword.internal.WebUIKeywordMain.stepFailed(WebUIKeywordMain.groovy:65)
	at com.kms.katalon.core.webui.keyword.internal.WebUIKeywordMain.runKeyword(WebUIKeywordMain.groovy:27)
	at com.kms.katalon.core.webui.keyword.builtin.ClickKeyword.click(ClickKeyword.groovy:86)
	at com.kms.katalon.core.webui.keyword.builtin.ClickKeyword.execute(ClickKeyword.groovy:67)
	at com.kms.katalon.core.keyword.internal.KeywordExecutor.executeKeywordForPlatform(KeywordExecutor.groovy:53)
	at com.kms.katalon.core.webui.keyword.WebUiBuiltInKeywords.click(WebUiBuiltInKeywords.groovy:616)
	at com.kms.katalon.core.webui.keyword.WebUiBuiltInKeywords$click$4.call(Unknown Source)
	at 1-2 Purchase-Add.run(1-2 Purchase-Add:80)
	at com.kms.katalon.core.main.ScriptEngine.run(ScriptEngine.java:194)
	at com.kms.katalon.core.main.ScriptEngine.runScriptAsRawText(ScriptEngine.java:119)
	at com.kms.katalon.core.main.TestCaseExecutor.runScript(TestCaseExecutor.java:328)
	at com.kms.katalon.core.main.TestCaseExecutor.doExecute(TestCaseExecutor.java:319)
	at com.kms.katalon.core.main.TestCaseExecutor.processExecutionPhase(TestCaseExecutor.java:298)
	at com.kms.katalon.core.main.TestCaseExecutor.accessMainPhase(TestCaseExecutor.java:290)
	at com.kms.katalon.core.main.TestCaseExecutor.execute(TestCaseExecutor.java:224)
	at com.kms.katalon.core.main.TestSuiteExecutor.accessTestCaseMainPhase(TestSuiteExecutor.java:129)
	at com.kms.katalon.core.main.TestSuiteExecutor.accessTestSuiteMainPhase(TestSuiteExecutor.java:112)
	at com.kms.katalon.core.main.TestSuiteExecutor.execute(TestSuiteExecutor.java:81)
	at com.kms.katalon.core.main.TestCaseMain.startTestSuite(TestCaseMain.java:149)
	at com.kms.katalon.core.main.TestCaseMain$startTestSuite$0.call(Unknown Source)
	at TempTestSuite1556176190180.run(TempTestSuite1556176190180.groovy:36)


2019-04-25 15:10:05 - [TEST_STEP][PASSED] - click(findTestObject("1-2 Purchase/Purchase button")): Object: 'Object Repository/1-2 Purchase/Purchase button' is clicked on

2019-04-25 15:10:05 - [MESSAGE][PASSED] - Object: 'Object Repository/1-2 Purchase/Purchase button' is clicked on

2019-04-25 15:10:05 - [TEST_STEP][PASSED] - callTestCase(findTestCase("Others/Get Today"), [:], STOP_ON_FAILURE): Call Test Case 'Test Cases/Others/Get Today' successfully

2019-04-25 15:10:06 - [TEST_CASE][PASSED] - Test Cases/Others/Get Today: Test Cases/Others/Get Today

2019-04-25 15:10:06 - [MESSAGE][PASSED] - Call Test Case 'Test Cases/Others/Get Today' successfully

2019-04-25 15:10:06 - [TEST_STEP][PASSED] - click(findTestObject("1-2 Purchase/Add button")): Object: 'Object Repository/1-2 Purchase/Add button' is clicked on

2019-04-25 15:10:06 - [MESSAGE][PASSED] - Object: 'Object Repository/1-2 Purchase/Add button' is clicked on

2019-04-25 15:10:06 - [TEST_STEP][PASSED] - click(findTestObject("1-2 Purchase/Vendor button")): Object: 'Object Repository/1-2 Purchase/Vendor button' is clicked on

2019-04-25 15:10:06 - [MESSAGE][PASSED] - Object: 'Object Repository/1-2 Purchase/Vendor button' is clicked on

2019-04-25 15:10:06 - [TEST_STEP][PASSED] - click(findTestObject("1-2 Purchase/Vendor 2324")): Object: 'Object Repository/1-2 Purchase/Vendor 2324' is clicked on

2019-04-25 15:10:07 - [MESSAGE][PASSED] - Object: 'Object Repository/1-2 Purchase/Vendor 2324' is clicked on

2019-04-25 15:10:07 - [TEST_STEP][PASSED] - click(findTestObject("1-2 Purchase/Payment select")): Object: 'Object Repository/1-2 Purchase/Payment select' is clicked on

2019-04-25 15:10:07 - [MESSAGE][PASSED] - Object: 'Object Repository/1-2 Purchase/Payment select' is clicked on

2019-04-25 15:10:07 - [TEST_STEP][PASSED] - selectOptionByValue(findTestObject("1-2 Purchase/Payment Cash"), "0: 1", true): All options with value '0: 1' are selected in object 'Object Repository/1-2 Purchase/Payment Cash'  using regular expression

2019-04-25 15:10:07 - [MESSAGE][PASSED] - All options with value '0: 1' are selected in object 'Object Repository/1-2 Purchase/Payment Cash'  using regular expression

2019-04-25 15:10:07 - [TEST_STEP][PASSED] - click(findTestObject("1-2 Purchase/Payment date 1")): Object: 'Object Repository/1-2 Purchase/Payment date 1' is clicked on

2019-04-25 15:10:07 - [MESSAGE][PASSED] - Object: 'Object Repository/1-2 Purchase/Payment date 1' is clicked on

2019-04-25 15:10:07 - [TEST_STEP][PASSED] - click(findTestObject("1-2 Purchase/Payment date 1 next month_10", ["xxx":abc(5)])): null

2019-04-25 15:10:07 - [TEST_STEP][PASSED] - today = new java.util.Date(): null

2019-04-25 15:10:07 - [TEST_STEP][PASSED] - day1 = Date().plus(num): null

2019-04-25 15:10:07 - [TEST_STEP][PASSED] - if (day1.format("MM") > today.format("MM")): null

2019-04-25 15:10:07 - [TEST_STEP][PASSED] - else: Object: 'Object Repository/1-2 Purchase/Payment date 1 next month_10' is clicked on

2019-04-25 15:10:07 - [TEST_STEP][PASSED] - return day1.format(d): Object: 'Object Repository/1-2 Purchase/Payment date 1 next month_10' is clicked on

2019-04-25 15:10:07 - [MESSAGE][PASSED] - Object: 'Object Repository/1-2 Purchase/Payment date 1 next month_10' is clicked on

2019-04-25 15:10:07 - [TEST_STEP][PASSED] - click(findTestObject("1-2 Purchase/Payment date 2")): Object: 'Object Repository/1-2 Purchase/Payment date 2' is clicked on

2019-04-25 15:10:07 - [MESSAGE][PASSED] - Object: 'Object Repository/1-2 Purchase/Payment date 2' is clicked on

2019-04-25 15:10:07 - [TEST_STEP][PASSED] - click(findTestObject("1-2 Purchase/Payment date 2 next month_15", ["xxx":abc(10)])): null

2019-04-25 15:10:07 - [TEST_STEP][PASSED] - today = new java.util.Date(): null

2019-04-25 15:10:07 - [TEST_STEP][PASSED] - day1 = Date().plus(num): null

2019-04-25 15:10:07 - [TEST_STEP][PASSED] - if (day1.format("MM") > today.format("MM")): Object: 'Object Repository/1-2 Purchase/Payment date 2 next month_15' is clicked on

2019-04-25 15:10:07 - [TEST_STEP][PASSED] - click(findTestObject("1-2 Purchase/Payment date 1 next month")): Object: 'Object Repository/1-2 Purchase/Payment date 1 next month' is clicked on

2019-04-25 15:10:07 - [MESSAGE][PASSED] - Object: 'Object Repository/1-2 Purchase/Payment date 1 next month' is clicked on

2019-04-25 15:10:07 - [TEST_STEP][PASSED] - return day1.format(d): Object: 'Object Repository/1-2 Purchase/Payment date 2 next month_15' is clicked on

2019-04-25 15:10:07 - [MESSAGE][PASSED] - Object: 'Object Repository/1-2 Purchase/Payment date 2 next month_15' is clicked on

2019-04-25 15:10:07 - [TEST_STEP][PASSED] - click(findTestObject("1-2 Purchase/Payment date 3")): Object: 'Object Repository/1-2 Purchase/Payment date 3' is clicked on

2019-04-25 15:10:07 - [MESSAGE][PASSED] - Object: 'Object Repository/1-2 Purchase/Payment date 3' is clicked on

2019-04-25 15:10:07 - [TEST_STEP][PASSED] - click(findTestObject("1-2 Purchase/Payment date 3 next month_20", ["xxx":abc(15)])): null

2019-04-25 15:10:07 - [TEST_STEP][PASSED] - today = new java.util.Date(): null

2019-04-25 15:10:07 - [TEST_STEP][PASSED] - day1 = Date().plus(num): null

2019-04-25 15:10:07 - [TEST_STEP][PASSED] - if (day1.format("MM") > today.format("MM")): Object: 'Object Repository/1-2 Purchase/Payment date 3 next month_20' is clicked on

2019-04-25 15:10:07 - [TEST_STEP][PASSED] - click(findTestObject("1-2 Purchase/Payment date 1 next month")): Object: 'Object Repository/1-2 Purchase/Payment date 1 next month' is clicked on

2019-04-25 15:10:08 - [MESSAGE][PASSED] - Object: 'Object Repository/1-2 Purchase/Payment date 1 next month' is clicked on

2019-04-25 15:10:08 - [TEST_STEP][PASSED] - return day1.format(d): Object: 'Object Repository/1-2 Purchase/Payment date 3 next month_20' is clicked on

2019-04-25 15:10:08 - [MESSAGE][PASSED] - Object: 'Object Repository/1-2 Purchase/Payment date 3 next month_20' is clicked on

2019-04-25 15:10:08 - [TEST_STEP][PASSED] - click(findTestObject("1-2 Purchase/Invoice select")): Object: 'Object Repository/1-2 Purchase/Invoice select' is clicked on

2019-04-25 15:10:08 - [MESSAGE][PASSED] - Object: 'Object Repository/1-2 Purchase/Invoice select' is clicked on

2019-04-25 15:10:08 - [TEST_STEP][PASSED] - selectOptionByValue(findTestObject("1-2 Purchase/Invoice 1"), "3: 4", true): All options with value '3: 4' are selected in object 'Object Repository/1-2 Purchase/Invoice 1'  using regular expression

2019-04-25 15:10:08 - [MESSAGE][PASSED] - All options with value '3: 4' are selected in object 'Object Repository/1-2 Purchase/Invoice 1'  using regular expression

2019-04-25 15:10:08 - [TEST_STEP][PASSED] - click(findTestObject("1-2 Purchase/Employee button")): Object: 'Object Repository/1-2 Purchase/Employee button' is clicked on

2019-04-25 15:10:08 - [MESSAGE][PASSED] - Object: 'Object Repository/1-2 Purchase/Employee button' is clicked on

2019-04-25 15:10:08 - [TEST_STEP][PASSED] - click(findTestObject("1-2 Purchase/Emplyee Larry")): Object: 'Object Repository/1-2 Purchase/Emplyee Larry' is clicked on

2019-04-25 15:10:09 - [MESSAGE][PASSED] - Object: 'Object Repository/1-2 Purchase/Emplyee Larry' is clicked on

2019-04-25 15:10:09 - [TEST_STEP][PASSED] - setText(findTestObject("1-2 Purchase/Note"), time()): null

2019-04-25 15:10:09 - [TEST_STEP][PASSED] - date = new java.util.Date(): null

2019-04-25 15:10:09 - [TEST_STEP][PASSED] - sdf = new java.text.SimpleDateFormat(yyyy-MM-dd HH:mm): null

2019-04-25 15:10:09 - [TEST_STEP][PASSED] - return (internal.GlobalVariable.Note + sdf.format(date)): Text 'Testing2019-04-25 15:10' is set on object 'Object Repository/1-2 Purchase/Note'

2019-04-25 15:10:09 - [MESSAGE][PASSED] - Text 'Testing2019-04-25 15:10' is set on object 'Object Repository/1-2 Purchase/Note'

2019-04-25 15:10:09 - [TEST_STEP][PASSED] - setText(findTestObject("1-2 Purchase/Invoice number"), Invoice_number): Text 'AB-12345678' is set on object 'Object Repository/1-2 Purchase/Invoice number'

2019-04-25 15:10:09 - [MESSAGE][PASSED] - Text 'AB-12345678' is set on object 'Object Repository/1-2 Purchase/Invoice number'

2019-04-25 15:10:09 - [TEST_STEP][PASSED] - click(findTestObject("1-2 Purchase/Add item button")): Object: 'Object Repository/1-2 Purchase/Add item button' is clicked on

2019-04-25 15:10:09 - [MESSAGE][PASSED] - Object: 'Object Repository/1-2 Purchase/Add item button' is clicked on

2019-04-25 15:10:09 - [TEST_STEP][FAILED] - click(findTestObject("1-2 Purchase/Item IPAD")): click(findTestObject("1-2 Purchase/Item IPAD")) FAILED.
Reason:
com.kms.katalon.core.exception.StepFailedException: Unable to click on object 'Object Repository/1-2 Purchase/Item IPAD' (Root cause: com.kms.katalon.core.webui.exception.WebElementNotFoundException: Web element with id: 'Object Repository/1-2 Purchase/Item IPAD' located by 'By.xpath: //tbody/tr/td[2]' not found)
	at com.kms.katalon.core.keyword.internal.KeywordMain.stepFailed(KeywordMain.groovy:36)
	at com.kms.katalon.core.webui.keyword.internal.WebUIKeywordMain.stepFailed(WebUIKeywordMain.groovy:65)
	at com.kms.katalon.core.webui.keyword.internal.WebUIKeywordMain.runKeyword(WebUIKeywordMain.groovy:27)
	at com.kms.katalon.core.webui.keyword.builtin.ClickKeyword.click(ClickKeyword.groovy:86)
	at com.kms.katalon.core.webui.keyword.builtin.ClickKeyword.execute(ClickKeyword.groovy:67)
	at com.kms.katalon.core.keyword.internal.KeywordExecutor.executeKeywordForPlatform(KeywordExecutor.groovy:53)
	at com.kms.katalon.core.webui.keyword.WebUiBuiltInKeywords.click(WebUiBuiltInKeywords.groovy:616)
	at com.kms.katalon.core.webui.keyword.WebUiBuiltInKeywords$click$4.call(Unknown Source)
	at 1-2 Purchase-Add.run(1-2 Purchase-Add:80)
	at com.kms.katalon.core.main.ScriptEngine.run(ScriptEngine.java:194)
	at com.kms.katalon.core.main.ScriptEngine.runScriptAsRawText(ScriptEngine.java:119)
	at com.kms.katalon.core.main.TestCaseExecutor.runScript(TestCaseExecutor.java:328)
	at com.kms.katalon.core.main.TestCaseExecutor.doExecute(TestCaseExecutor.java:319)
	at com.kms.katalon.core.main.TestCaseExecutor.processExecutionPhase(TestCaseExecutor.java:298)
	at com.kms.katalon.core.main.TestCaseExecutor.accessMainPhase(TestCaseExecutor.java:290)
	at com.kms.katalon.core.main.TestCaseExecutor.execute(TestCaseExecutor.java:224)
	at com.kms.katalon.core.main.TestSuiteExecutor.accessTestCaseMainPhase(TestSuiteExecutor.java:129)
	at com.kms.katalon.core.main.TestSuiteExecutor.accessTestSuiteMainPhase(TestSuiteExecutor.java:112)
	at com.kms.katalon.core.main.TestSuiteExecutor.execute(TestSuiteExecutor.java:81)
	at com.kms.katalon.core.main.TestCaseMain.startTestSuite(TestCaseMain.java:149)
	at com.kms.katalon.core.main.TestCaseMain$startTestSuite$0.call(Unknown Source)
	at TempTestSuite1556176190180.run(TempTestSuite1556176190180.groovy:36)


2019-04-25 15:10:40 - [MESSAGE][INFO] - Unable to find the element located by 'By.xpath: //tbody/tr/td[2]'. Please recheck the objects properties to make sure the desired element is located. 

2019-04-25 15:10:41 - [MESSAGE][FAILED] - Unable to click on object 'Object Repository/1-2 Purchase/Item IPAD' (Root cause: com.kms.katalon.core.webui.exception.WebElementNotFoundException: Web element with id: 'Object Repository/1-2 Purchase/Item IPAD' located by 'By.xpath: //tbody/tr/td[2]' not found)
[[ATTACHMENT|C:\\Users\\KennyIC_chen.COMPAL\\git\\PSItest\\Reports\\1-2 Purchase Test Suite\\20190425_150950\\1556176240596.png]]

2019-04-25 15:10:41 - [MESSAGE][FAILED] - click(findTestObject("1-2 Purchase/Item IPAD")) FAILED.
Reason:
com.kms.katalon.core.exception.StepFailedException: Unable to click on object 'Object Repository/1-2 Purchase/Item IPAD' (Root cause: com.kms.katalon.core.webui.exception.WebElementNotFoundException: Web element with id: 'Object Repository/1-2 Purchase/Item IPAD' located by 'By.xpath: //tbody/tr/td[2]' not found)
	at com.kms.katalon.core.keyword.internal.KeywordMain.stepFailed(KeywordMain.groovy:36)
	at com.kms.katalon.core.webui.keyword.internal.WebUIKeywordMain.stepFailed(WebUIKeywordMain.groovy:65)
	at com.kms.katalon.core.webui.keyword.internal.WebUIKeywordMain.runKeyword(WebUIKeywordMain.groovy:27)
	at com.kms.katalon.core.webui.keyword.builtin.ClickKeyword.click(ClickKeyword.groovy:86)
	at com.kms.katalon.core.webui.keyword.builtin.ClickKeyword.execute(ClickKeyword.groovy:67)
	at com.kms.katalon.core.keyword.internal.KeywordExecutor.executeKeywordForPlatform(KeywordExecutor.groovy:53)
	at com.kms.katalon.core.webui.keyword.WebUiBuiltInKeywords.click(WebUiBuiltInKeywords.groovy:616)
	at com.kms.katalon.core.webui.keyword.WebUiBuiltInKeywords$click$4.call(Unknown Source)
	at 1-2 Purchase-Add.run(1-2 Purchase-Add:80)
	at com.kms.katalon.core.main.ScriptEngine.run(ScriptEngine.java:194)
	at com.kms.katalon.core.main.ScriptEngine.runScriptAsRawText(ScriptEngine.java:119)
	at com.kms.katalon.core.main.TestCaseExecutor.runScript(TestCaseExecutor.java:328)
	at com.kms.katalon.core.main.TestCaseExecutor.doExecute(TestCaseExecutor.java:319)
	at com.kms.katalon.core.main.TestCaseExecutor.processExecutionPhase(TestCaseExecutor.java:298)
	at com.kms.katalon.core.main.TestCaseExecutor.accessMainPhase(TestCaseExecutor.java:290)
	at com.kms.katalon.core.main.TestCaseExecutor.execute(TestCaseExecutor.java:224)
	at com.kms.katalon.core.main.TestSuiteExecutor.accessTestCaseMainPhase(TestSuiteExecutor.java:129)
	at com.kms.katalon.core.main.TestSuiteExecutor.accessTestSuiteMainPhase(TestSuiteExecutor.java:112)
	at com.kms.katalon.core.main.TestSuiteExecutor.execute(TestSuiteExecutor.java:81)
	at com.kms.katalon.core.main.TestCaseMain.startTestSuite(TestCaseMain.java:149)
	at com.kms.katalon.core.main.TestCaseMain$startTestSuite$0.call(Unknown Source)
	at TempTestSuite1556176190180.run(TempTestSuite1556176190180.groovy:36)]]></system-out>
         <system-err><![CDATA[2019-04-25 15:10:05 - [TEST_CASE][FAILED] - Test Cases/1-2 Purchase-Add: Test Cases/1-2 Purchase-Add FAILED.
Reason:
com.kms.katalon.core.exception.StepFailedException: Unable to click on object 'Object Repository/1-2 Purchase/Item IPAD' (Root cause: com.kms.katalon.core.webui.exception.WebElementNotFoundException: Web element with id: 'Object Repository/1-2 Purchase/Item IPAD' located by 'By.xpath: //tbody/tr/td[2]' not found)
	at com.kms.katalon.core.keyword.internal.KeywordMain.stepFailed(KeywordMain.groovy:36)
	at com.kms.katalon.core.webui.keyword.internal.WebUIKeywordMain.stepFailed(WebUIKeywordMain.groovy:65)
	at com.kms.katalon.core.webui.keyword.internal.WebUIKeywordMain.runKeyword(WebUIKeywordMain.groovy:27)
	at com.kms.katalon.core.webui.keyword.builtin.ClickKeyword.click(ClickKeyword.groovy:86)
	at com.kms.katalon.core.webui.keyword.builtin.ClickKeyword.execute(ClickKeyword.groovy:67)
	at com.kms.katalon.core.keyword.internal.KeywordExecutor.executeKeywordForPlatform(KeywordExecutor.groovy:53)
	at com.kms.katalon.core.webui.keyword.WebUiBuiltInKeywords.click(WebUiBuiltInKeywords.groovy:616)
	at com.kms.katalon.core.webui.keyword.WebUiBuiltInKeywords$click$4.call(Unknown Source)
	at 1-2 Purchase-Add.run(1-2 Purchase-Add:80)
	at com.kms.katalon.core.main.ScriptEngine.run(ScriptEngine.java:194)
	at com.kms.katalon.core.main.ScriptEngine.runScriptAsRawText(ScriptEngine.java:119)
	at com.kms.katalon.core.main.TestCaseExecutor.runScript(TestCaseExecutor.java:328)
	at com.kms.katalon.core.main.TestCaseExecutor.doExecute(TestCaseExecutor.java:319)
	at com.kms.katalon.core.main.TestCaseExecutor.processExecutionPhase(TestCaseExecutor.java:298)
	at com.kms.katalon.core.main.TestCaseExecutor.accessMainPhase(TestCaseExecutor.java:290)
	at com.kms.katalon.core.main.TestCaseExecutor.execute(TestCaseExecutor.java:224)
	at com.kms.katalon.core.main.TestSuiteExecutor.accessTestCaseMainPhase(TestSuiteExecutor.java:129)
	at com.kms.katalon.core.main.TestSuiteExecutor.accessTestSuiteMainPhase(TestSuiteExecutor.java:112)
	at com.kms.katalon.core.main.TestSuiteExecutor.execute(TestSuiteExecutor.java:81)
	at com.kms.katalon.core.main.TestCaseMain.startTestSuite(TestCaseMain.java:149)
	at com.kms.katalon.core.main.TestCaseMain$startTestSuite$0.call(Unknown Source)
	at TempTestSuite1556176190180.run(TempTestSuite1556176190180.groovy:36)]]></system-err>
      </testcase>
      <testcase name="Test Cases/Others/Accept and verify" classname="Test Cases/Others/Accept and verify" status="FAILED">
         <failure type="FAILED" message="Test Cases/Others/Accept and verify FAILED.
Reason:
com.kms.katalon.core.exception.StepFailedException: Unable to accept alert (Root cause: com.kms.katalon.core.exception.StepFailedException: No alert found)
	at com.kms.katalon.core.keyword.internal.KeywordMain.stepFailed(KeywordMain.groovy:36)
	at com.kms.katalon.core.webui.keyword.internal.WebUIKeywordMain.stepFailed(WebUIKeywordMain.groovy:65)
	at com.kms.katalon.core.webui.keyword.internal.WebUIKeywordMain.runKeyword(WebUIKeywordMain.groovy:27)
	at com.kms.katalon.core.webui.keyword.builtin.AcceptAlertKeyword.acceptAlert(AcceptAlertKeyword.groovy:71)
	at com.kms.katalon.core.webui.keyword.builtin.AcceptAlertKeyword.execute(AcceptAlertKeyword.groovy:66)
	at com.kms.katalon.core.keyword.internal.KeywordExecutor.executeKeywordForPlatform(KeywordExecutor.groovy:53)
	at com.kms.katalon.core.webui.keyword.WebUiBuiltInKeywords.acceptAlert(WebUiBuiltInKeywords.groovy:1492)
	at com.kms.katalon.core.webui.keyword.WebUiBuiltInKeywords$acceptAlert$8.call(Unknown Source)
	at Accept and verify.run(Accept and verify:18)
	at com.kms.katalon.core.main.ScriptEngine.run(ScriptEngine.java:194)
	at com.kms.katalon.core.main.ScriptEngine.runScriptAsRawText(ScriptEngine.java:119)
	at com.kms.katalon.core.main.TestCaseExecutor.runScript(TestCaseExecutor.java:328)
	at com.kms.katalon.core.main.TestCaseExecutor.doExecute(TestCaseExecutor.java:319)
	at com.kms.katalon.core.main.TestCaseExecutor.processExecutionPhase(TestCaseExecutor.java:298)
	at com.kms.katalon.core.main.TestCaseExecutor.accessMainPhase(TestCaseExecutor.java:290)
	at com.kms.katalon.core.main.TestCaseExecutor.execute(TestCaseExecutor.java:224)
	at com.kms.katalon.core.main.TestSuiteExecutor.accessTestCaseMainPhase(TestSuiteExecutor.java:129)
	at com.kms.katalon.core.main.TestSuiteExecutor.accessTestSuiteMainPhase(TestSuiteExecutor.java:112)
	at com.kms.katalon.core.main.TestSuiteExecutor.execute(TestSuiteExecutor.java:81)
	at com.kms.katalon.core.main.TestCaseMain.startTestSuite(TestCaseMain.java:149)
	at com.kms.katalon.core.main.TestCaseMain$startTestSuite$0.call(Unknown Source)
	at TempTestSuite1556176190180.run(TempTestSuite1556176190180.groovy:36)
"/>
         <system-out><![CDATA[2019-04-25 15:10:41 - [TEST_CASE][FAILED] - Test Cases/Others/Accept and verify: Test Cases/Others/Accept and verify FAILED.
Reason:
com.kms.katalon.core.exception.StepFailedException: Unable to accept alert (Root cause: com.kms.katalon.core.exception.StepFailedException: No alert found)
	at com.kms.katalon.core.keyword.internal.KeywordMain.stepFailed(KeywordMain.groovy:36)
	at com.kms.katalon.core.webui.keyword.internal.WebUIKeywordMain.stepFailed(WebUIKeywordMain.groovy:65)
	at com.kms.katalon.core.webui.keyword.internal.WebUIKeywordMain.runKeyword(WebUIKeywordMain.groovy:27)
	at com.kms.katalon.core.webui.keyword.builtin.AcceptAlertKeyword.acceptAlert(AcceptAlertKeyword.groovy:71)
	at com.kms.katalon.core.webui.keyword.builtin.AcceptAlertKeyword.execute(AcceptAlertKeyword.groovy:66)
	at com.kms.katalon.core.keyword.internal.KeywordExecutor.executeKeywordForPlatform(KeywordExecutor.groovy:53)
	at com.kms.katalon.core.webui.keyword.WebUiBuiltInKeywords.acceptAlert(WebUiBuiltInKeywords.groovy:1492)
	at com.kms.katalon.core.webui.keyword.WebUiBuiltInKeywords$acceptAlert$8.call(Unknown Source)
	at Accept and verify.run(Accept and verify:18)
	at com.kms.katalon.core.main.ScriptEngine.run(ScriptEngine.java:194)
	at com.kms.katalon.core.main.ScriptEngine.runScriptAsRawText(ScriptEngine.java:119)
	at com.kms.katalon.core.main.TestCaseExecutor.runScript(TestCaseExecutor.java:328)
	at com.kms.katalon.core.main.TestCaseExecutor.doExecute(TestCaseExecutor.java:319)
	at com.kms.katalon.core.main.TestCaseExecutor.processExecutionPhase(TestCaseExecutor.java:298)
	at com.kms.katalon.core.main.TestCaseExecutor.accessMainPhase(TestCaseExecutor.java:290)
	at com.kms.katalon.core.main.TestCaseExecutor.execute(TestCaseExecutor.java:224)
	at com.kms.katalon.core.main.TestSuiteExecutor.accessTestCaseMainPhase(TestSuiteExecutor.java:129)
	at com.kms.katalon.core.main.TestSuiteExecutor.accessTestSuiteMainPhase(TestSuiteExecutor.java:112)
	at com.kms.katalon.core.main.TestSuiteExecutor.execute(TestSuiteExecutor.java:81)
	at com.kms.katalon.core.main.TestCaseMain.startTestSuite(TestCaseMain.java:149)
	at com.kms.katalon.core.main.TestCaseMain$startTestSuite$0.call(Unknown Source)
	at TempTestSuite1556176190180.run(TempTestSuite1556176190180.groovy:36)


2019-04-25 15:10:41 - [TEST_STEP][PASSED] - waitForAlert(5): No alert found after 5 second(s).

2019-04-25 15:10:46 - [MESSAGE][WARNING] - No alert found after 5 second(s).

2019-04-25 15:10:46 - [TEST_STEP][FAILED] - acceptAlert(): acceptAlert() FAILED.
Reason:
com.kms.katalon.core.exception.StepFailedException: Unable to accept alert (Root cause: com.kms.katalon.core.exception.StepFailedException: No alert found)
	at com.kms.katalon.core.keyword.internal.KeywordMain.stepFailed(KeywordMain.groovy:36)
	at com.kms.katalon.core.webui.keyword.internal.WebUIKeywordMain.stepFailed(WebUIKeywordMain.groovy:65)
	at com.kms.katalon.core.webui.keyword.internal.WebUIKeywordMain.runKeyword(WebUIKeywordMain.groovy:27)
	at com.kms.katalon.core.webui.keyword.builtin.AcceptAlertKeyword.acceptAlert(AcceptAlertKeyword.groovy:71)
	at com.kms.katalon.core.webui.keyword.builtin.AcceptAlertKeyword.execute(AcceptAlertKeyword.groovy:66)
	at com.kms.katalon.core.keyword.internal.KeywordExecutor.executeKeywordForPlatform(KeywordExecutor.groovy:53)
	at com.kms.katalon.core.webui.keyword.WebUiBuiltInKeywords.acceptAlert(WebUiBuiltInKeywords.groovy:1492)
	at com.kms.katalon.core.webui.keyword.WebUiBuiltInKeywords$acceptAlert$8.call(Unknown Source)
	at Accept and verify.run(Accept and verify:18)
	at com.kms.katalon.core.main.ScriptEngine.run(ScriptEngine.java:194)
	at com.kms.katalon.core.main.ScriptEngine.runScriptAsRawText(ScriptEngine.java:119)
	at com.kms.katalon.core.main.TestCaseExecutor.runScript(TestCaseExecutor.java:328)
	at com.kms.katalon.core.main.TestCaseExecutor.doExecute(TestCaseExecutor.java:319)
	at com.kms.katalon.core.main.TestCaseExecutor.processExecutionPhase(TestCaseExecutor.java:298)
	at com.kms.katalon.core.main.TestCaseExecutor.accessMainPhase(TestCaseExecutor.java:290)
	at com.kms.katalon.core.main.TestCaseExecutor.execute(TestCaseExecutor.java:224)
	at com.kms.katalon.core.main.TestSuiteExecutor.accessTestCaseMainPhase(TestSuiteExecutor.java:129)
	at com.kms.katalon.core.main.TestSuiteExecutor.accessTestSuiteMainPhase(TestSuiteExecutor.java:112)
	at com.kms.katalon.core.main.TestSuiteExecutor.execute(TestSuiteExecutor.java:81)
	at com.kms.katalon.core.main.TestCaseMain.startTestSuite(TestCaseMain.java:149)
	at com.kms.katalon.core.main.TestCaseMain$startTestSuite$0.call(Unknown Source)
	at TempTestSuite1556176190180.run(TempTestSuite1556176190180.groovy:36)


2019-04-25 15:10:46 - [MESSAGE][FAILED] - No alert found
[[ATTACHMENT|C:\\Users\\KennyIC_chen.COMPAL\\git\\PSItest\\Reports\\1-2 Purchase Test Suite\\20190425_150950\\1556176246241.png]]

2019-04-25 15:10:47 - [MESSAGE][FAILED] - Unable to accept alert (Root cause: com.kms.katalon.core.exception.StepFailedException: No alert found)
[[ATTACHMENT|C:\\Users\\KennyIC_chen.COMPAL\\git\\PSItest\\Reports\\1-2 Purchase Test Suite\\20190425_150950\\1556176246629.png]]

2019-04-25 15:10:47 - [MESSAGE][FAILED] - acceptAlert() FAILED.
Reason:
com.kms.katalon.core.exception.StepFailedException: Unable to accept alert (Root cause: com.kms.katalon.core.exception.StepFailedException: No alert found)
	at com.kms.katalon.core.keyword.internal.KeywordMain.stepFailed(KeywordMain.groovy:36)
	at com.kms.katalon.core.webui.keyword.internal.WebUIKeywordMain.stepFailed(WebUIKeywordMain.groovy:65)
	at com.kms.katalon.core.webui.keyword.internal.WebUIKeywordMain.runKeyword(WebUIKeywordMain.groovy:27)
	at com.kms.katalon.core.webui.keyword.builtin.AcceptAlertKeyword.acceptAlert(AcceptAlertKeyword.groovy:71)
	at com.kms.katalon.core.webui.keyword.builtin.AcceptAlertKeyword.execute(AcceptAlertKeyword.groovy:66)
	at com.kms.katalon.core.keyword.internal.KeywordExecutor.executeKeywordForPlatform(KeywordExecutor.groovy:53)
	at com.kms.katalon.core.webui.keyword.WebUiBuiltInKeywords.acceptAlert(WebUiBuiltInKeywords.groovy:1492)
	at com.kms.katalon.core.webui.keyword.WebUiBuiltInKeywords$acceptAlert$8.call(Unknown Source)
	at Accept and verify.run(Accept and verify:18)
	at com.kms.katalon.core.main.ScriptEngine.run(ScriptEngine.java:194)
	at com.kms.katalon.core.main.ScriptEngine.runScriptAsRawText(ScriptEngine.java:119)
	at com.kms.katalon.core.main.TestCaseExecutor.runScript(TestCaseExecutor.java:328)
	at com.kms.katalon.core.main.TestCaseExecutor.doExecute(TestCaseExecutor.java:319)
	at com.kms.katalon.core.main.TestCaseExecutor.processExecutionPhase(TestCaseExecutor.java:298)
	at com.kms.katalon.core.main.TestCaseExecutor.accessMainPhase(TestCaseExecutor.java:290)
	at com.kms.katalon.core.main.TestCaseExecutor.execute(TestCaseExecutor.java:224)
	at com.kms.katalon.core.main.TestSuiteExecutor.accessTestCaseMainPhase(TestSuiteExecutor.java:129)
	at com.kms.katalon.core.main.TestSuiteExecutor.accessTestSuiteMainPhase(TestSuiteExecutor.java:112)
	at com.kms.katalon.core.main.TestSuiteExecutor.execute(TestSuiteExecutor.java:81)
	at com.kms.katalon.core.main.TestCaseMain.startTestSuite(TestCaseMain.java:149)
	at com.kms.katalon.core.main.TestCaseMain$startTestSuite$0.call(Unknown Source)
	at TempTestSuite1556176190180.run(TempTestSuite1556176190180.groovy:36)]]></system-out>
         <system-err><![CDATA[2019-04-25 15:10:41 - [TEST_CASE][FAILED] - Test Cases/Others/Accept and verify: Test Cases/Others/Accept and verify FAILED.
Reason:
com.kms.katalon.core.exception.StepFailedException: Unable to accept alert (Root cause: com.kms.katalon.core.exception.StepFailedException: No alert found)
	at com.kms.katalon.core.keyword.internal.KeywordMain.stepFailed(KeywordMain.groovy:36)
	at com.kms.katalon.core.webui.keyword.internal.WebUIKeywordMain.stepFailed(WebUIKeywordMain.groovy:65)
	at com.kms.katalon.core.webui.keyword.internal.WebUIKeywordMain.runKeyword(WebUIKeywordMain.groovy:27)
	at com.kms.katalon.core.webui.keyword.builtin.AcceptAlertKeyword.acceptAlert(AcceptAlertKeyword.groovy:71)
	at com.kms.katalon.core.webui.keyword.builtin.AcceptAlertKeyword.execute(AcceptAlertKeyword.groovy:66)
	at com.kms.katalon.core.keyword.internal.KeywordExecutor.executeKeywordForPlatform(KeywordExecutor.groovy:53)
	at com.kms.katalon.core.webui.keyword.WebUiBuiltInKeywords.acceptAlert(WebUiBuiltInKeywords.groovy:1492)
	at com.kms.katalon.core.webui.keyword.WebUiBuiltInKeywords$acceptAlert$8.call(Unknown Source)
	at Accept and verify.run(Accept and verify:18)
	at com.kms.katalon.core.main.ScriptEngine.run(ScriptEngine.java:194)
	at com.kms.katalon.core.main.ScriptEngine.runScriptAsRawText(ScriptEngine.java:119)
	at com.kms.katalon.core.main.TestCaseExecutor.runScript(TestCaseExecutor.java:328)
	at com.kms.katalon.core.main.TestCaseExecutor.doExecute(TestCaseExecutor.java:319)
	at com.kms.katalon.core.main.TestCaseExecutor.processExecutionPhase(TestCaseExecutor.java:298)
	at com.kms.katalon.core.main.TestCaseExecutor.accessMainPhase(TestCaseExecutor.java:290)
	at com.kms.katalon.core.main.TestCaseExecutor.execute(TestCaseExecutor.java:224)
	at com.kms.katalon.core.main.TestSuiteExecutor.accessTestCaseMainPhase(TestSuiteExecutor.java:129)
	at com.kms.katalon.core.main.TestSuiteExecutor.accessTestSuiteMainPhase(TestSuiteExecutor.java:112)
	at com.kms.katalon.core.main.TestSuiteExecutor.execute(TestSuiteExecutor.java:81)
	at com.kms.katalon.core.main.TestCaseMain.startTestSuite(TestCaseMain.java:149)
	at com.kms.katalon.core.main.TestCaseMain$startTestSuite$0.call(Unknown Source)
	at TempTestSuite1556176190180.run(TempTestSuite1556176190180.groovy:36)]]></system-err>
      </testcase>
      <system-out><![CDATA[2019-04-25 15:09:51 - [TEST_SUITE][FAILED] - 1-2 Purchase Test Suite: Test Cases/1-2 Purchase-Add FAILED.
Reason:
com.kms.katalon.core.exception.StepFailedException: Unable to click on object 'Object Repository/1-2 Purchase/Item IPAD' (Root cause: com.kms.katalon.core.webui.exception.WebElementNotFoundException: Web element with id: 'Object Repository/1-2 Purchase/Item IPAD' located by 'By.xpath: //tbody/tr/td[2]' not found)
	at com.kms.katalon.core.keyword.internal.KeywordMain.stepFailed(KeywordMain.groovy:36)
	at com.kms.katalon.core.webui.keyword.internal.WebUIKeywordMain.stepFailed(WebUIKeywordMain.groovy:65)
	at com.kms.katalon.core.webui.keyword.internal.WebUIKeywordMain.runKeyword(WebUIKeywordMain.groovy:27)
	at com.kms.katalon.core.webui.keyword.builtin.ClickKeyword.click(ClickKeyword.groovy:86)
	at com.kms.katalon.core.webui.keyword.builtin.ClickKeyword.execute(ClickKeyword.groovy:67)
	at com.kms.katalon.core.keyword.internal.KeywordExecutor.executeKeywordForPlatform(KeywordExecutor.groovy:53)
	at com.kms.katalon.core.webui.keyword.WebUiBuiltInKeywords.click(WebUiBuiltInKeywords.groovy:616)
	at com.kms.katalon.core.webui.keyword.WebUiBuiltInKeywords$click$4.call(Unknown Source)
	at 1-2 Purchase-Add.run(1-2 Purchase-Add:80)
	at com.kms.katalon.core.main.ScriptEngine.run(ScriptEngine.java:194)
	at com.kms.katalon.core.main.ScriptEngine.runScriptAsRawText(ScriptEngine.java:119)
	at com.kms.katalon.core.main.TestCaseExecutor.runScript(TestCaseExecutor.java:328)
	at com.kms.katalon.core.main.TestCaseExecutor.doExecute(TestCaseExecutor.java:319)
	at com.kms.katalon.core.main.TestCaseExecutor.processExecutionPhase(TestCaseExecutor.java:298)
	at com.kms.katalon.core.main.TestCaseExecutor.accessMainPhase(TestCaseExecutor.java:290)
	at com.kms.katalon.core.main.TestCaseExecutor.execute(TestCaseExecutor.java:224)
	at com.kms.katalon.core.main.TestSuiteExecutor.accessTestCaseMainPhase(TestSuiteExecutor.java:129)
	at com.kms.katalon.core.main.TestSuiteExecutor.accessTestSuiteMainPhase(TestSuiteExecutor.java:112)
	at com.kms.katalon.core.main.TestSuiteExecutor.execute(TestSuiteExecutor.java:81)
	at com.kms.katalon.core.main.TestCaseMain.startTestSuite(TestCaseMain.java:149)
	at com.kms.katalon.core.main.TestCaseMain$startTestSuite$0.call(Unknown Source)
	at TempTestSuite1556176190180.run(TempTestSuite1556176190180.groovy:36)]]></system-out>
      <system-err><![CDATA[2019-04-25 15:09:51 - [TEST_SUITE][FAILED] - 1-2 Purchase Test Suite: Test Cases/1-2 Purchase-Add FAILED.
Reason:
com.kms.katalon.core.exception.StepFailedException: Unable to click on object 'Object Repository/1-2 Purchase/Item IPAD' (Root cause: com.kms.katalon.core.webui.exception.WebElementNotFoundException: Web element with id: 'Object Repository/1-2 Purchase/Item IPAD' located by 'By.xpath: //tbody/tr/td[2]' not found)
	at com.kms.katalon.core.keyword.internal.KeywordMain.stepFailed(KeywordMain.groovy:36)
	at com.kms.katalon.core.webui.keyword.internal.WebUIKeywordMain.stepFailed(WebUIKeywordMain.groovy:65)
	at com.kms.katalon.core.webui.keyword.internal.WebUIKeywordMain.runKeyword(WebUIKeywordMain.groovy:27)
	at com.kms.katalon.core.webui.keyword.builtin.ClickKeyword.click(ClickKeyword.groovy:86)
	at com.kms.katalon.core.webui.keyword.builtin.ClickKeyword.execute(ClickKeyword.groovy:67)
	at com.kms.katalon.core.keyword.internal.KeywordExecutor.executeKeywordForPlatform(KeywordExecutor.groovy:53)
	at com.kms.katalon.core.webui.keyword.WebUiBuiltInKeywords.click(WebUiBuiltInKeywords.groovy:616)
	at com.kms.katalon.core.webui.keyword.WebUiBuiltInKeywords$click$4.call(Unknown Source)
	at 1-2 Purchase-Add.run(1-2 Purchase-Add:80)
	at com.kms.katalon.core.main.ScriptEngine.run(ScriptEngine.java:194)
	at com.kms.katalon.core.main.ScriptEngine.runScriptAsRawText(ScriptEngine.java:119)
	at com.kms.katalon.core.main.TestCaseExecutor.runScript(TestCaseExecutor.java:328)
	at com.kms.katalon.core.main.TestCaseExecutor.doExecute(TestCaseExecutor.java:319)
	at com.kms.katalon.core.main.TestCaseExecutor.processExecutionPhase(TestCaseExecutor.java:298)
	at com.kms.katalon.core.main.TestCaseExecutor.accessMainPhase(TestCaseExecutor.java:290)
	at com.kms.katalon.core.main.TestCaseExecutor.execute(TestCaseExecutor.java:224)
	at com.kms.katalon.core.main.TestSuiteExecutor.accessTestCaseMainPhase(TestSuiteExecutor.java:129)
	at com.kms.katalon.core.main.TestSuiteExecutor.accessTestSuiteMainPhase(TestSuiteExecutor.java:112)
	at com.kms.katalon.core.main.TestSuiteExecutor.execute(TestSuiteExecutor.java:81)
	at com.kms.katalon.core.main.TestCaseMain.startTestSuite(TestCaseMain.java:149)
	at com.kms.katalon.core.main.TestCaseMain$startTestSuite$0.call(Unknown Source)
	at TempTestSuite1556176190180.run(TempTestSuite1556176190180.groovy:36)]]></system-err>
   </testsuite>
</testsuites>
