<?xml version="1.0" encoding="UTF-8"?>
<testsuites name="3-1 Stock Take Test Suite" time="15" tests="3" failures="0" errors="1">
   <testsuite name="3-1 Stock Take Test Suite" tests="3" failures="0" errors="1" time="15" timestamp="2019-05-30 10:43:31" hostname="KennyIC_Chen - Larry_Chen.compal.com" id="Test Suites/3-1 Stock Take Test Suite">
      <properties>
         <property name="deviceName" value=""/>
         <property name="devicePlatform" value=""/>
         <property name="logFolder" value="D:\\Kenny\\D\\Katalon Studio\\PSI\\PSItest\\Reports\\3-1 Stock Take Test Suite\\20190530_104330"/>
         <property name="logFiles" value="D:\\Kenny\\D\\Katalon Studio\\PSI\\PSItest\\Reports\\3-1 Stock Take Test Suite\\20190530_104330\\execution0.log"/>
         <property name="attachments" value=""/>
         <property name="hostName" value="KennyIC_Chen - Larry_Chen.compal.com"/>
         <property name="os" value="Windows 10 64bit"/>
         <property name="katalonVersion" value="5.10.1.1"/>
         <property name="browser" value="Chrome 74.0.3729.169"/>
         <property name="hostAddress" value="10.109.102.145"/>
         <property name="sessionId" value="fe8d8adc0c9ce59716ce0da2a3e54802"/>
         <property name="seleniumVersion" value="3.7.1"/>
         <property name="proxyInformation" value="ProxyInformation{proxyOption=NO_PROXY, proxyServerType=HTTP, password=, proxyServerAddress=, proxyServerPort=0}"/>
         <property name="platform" value="Windows 10"/>
      </properties>
      <testcase name="Test Cases/Others/Login" classname="Test Cases/Others/Login" status="PASSED">
         <system-out><![CDATA[2019-05-30 10:43:32 - [TEST_CASE][PASSED] - Test Cases/Others/Login: Test Cases/Others/Login

2019-05-30 10:43:32 - [TEST_STEP][PASSED] - openBrowser(""): Browser is opened with url: ''

2019-05-30 10:43:32 - [MESSAGE][INFO] - Starting 'Chrome' driver

2019-05-30 10:43:32 - [MESSAGE][INFO] - Action delay is set to 0 seconds

2019-05-30 10:43:35 - [MESSAGE][PASSED] - Browser is opened with url: ''

2019-05-30 10:43:35 - [TEST_STEP][PASSED] - navigateToUrl("https://psi-azcldap.unicore.com.tw/login"): Navigate to 'https://psi-azcldap.unicore.com.tw/login' successfully

2019-05-30 10:43:37 - [MESSAGE][PASSED] - Navigate to 'https://psi-azcldap.unicore.com.tw/login' successfully

2019-05-30 10:43:37 - [TEST_STEP][PASSED] - maximizeWindow(): Current window maximized

2019-05-30 10:43:38 - [MESSAGE][PASSED] - Current window maximized

2019-05-30 10:43:38 - [TEST_STEP][PASSED] - setText(findTestObject("Others/Login/ID-QWE"), "QWE"): Text 'QWE' is set on object 'Object Repository/Others/Login/ID-QWE'

2019-05-30 10:43:38 - [MESSAGE][PASSED] - Text 'QWE' is set on object 'Object Repository/Others/Login/ID-QWE'

2019-05-30 10:43:38 - [TEST_STEP][PASSED] - setEncryptedText(findTestObject("Others/Login/PW-QWE"), "5opu+sh6ATw="): Text ****** has been set on object 'Object Repository/Others/Login/PW-QWE'

2019-05-30 10:43:39 - [MESSAGE][PASSED] - Text ****** has been set on object 'Object Repository/Others/Login/PW-QWE'

2019-05-30 10:43:39 - [TEST_STEP][PASSED] - click(findTestObject("Others/Login/Login Button")): Object: 'Object Repository/Others/Login/Login Button' is clicked on

2019-05-30 10:43:39 - [MESSAGE][PASSED] - Object: 'Object Repository/Others/Login/Login Button' is clicked on

2019-05-30 10:43:39 - [TEST_STEP][PASSED] - verifyElementClickable(findTestObject("Others/Login/Verify button")): Object 'Object Repository/Others/Login/Verify button' is clickable

2019-05-30 10:43:39 - [MESSAGE][PASSED] - Object 'Object Repository/Others/Login/Verify button' is clickable]]></system-out>
         <system-err><![CDATA[]]></system-err>
      </testcase>
      <testcase name="Test Cases/3 Stock/3-1 Stock Take/3-1 Stock Take-add" classname="Test Cases/3 Stock/3-1 Stock Take/3-1 Stock Take-add" status="PASSED">
         <system-out><![CDATA[2019-05-30 10:43:39 - [TEST_CASE][PASSED] - Test Cases/3 Stock/3-1 Stock Take/3-1 Stock Take-add: Test Cases/3 Stock/3-1 Stock Take/3-1 Stock Take-add

2019-05-30 10:43:39 - [TEST_STEP][PASSED] - click(findTestObject("3 Stock/3-1 Stock take/3-1 Stock take - add/Stock take button")): Object: 'Object Repository/3 Stock/3-1 Stock take/3-1 Stock take - add/Stock take button' is clicked on

2019-05-30 10:43:39 - [MESSAGE][PASSED] - Object: 'Object Repository/3 Stock/3-1 Stock take/3-1 Stock take - add/Stock take button' is clicked on

2019-05-30 10:43:40 - [TEST_STEP][PASSED] - click(findTestObject("3 Stock/3-1 Stock take/3-1 Stock take - add/Add button")): Object: 'Object Repository/3 Stock/3-1 Stock take/3-1 Stock take - add/Add button' is clicked on

2019-05-30 10:43:40 - [MESSAGE][PASSED] - Object: 'Object Repository/3 Stock/3-1 Stock take/3-1 Stock take - add/Add button' is clicked on

2019-05-30 10:43:40 - [TEST_STEP][PASSED] - click(findTestObject("3 Stock/3-1 Stock take/3-1 Stock take - add/Stock take date")): Object: 'Object Repository/3 Stock/3-1 Stock take/3-1 Stock take - add/Stock take date' is clicked on

2019-05-30 10:43:40 - [MESSAGE][PASSED] - Object: 'Object Repository/3 Stock/3-1 Stock take/3-1 Stock take - add/Stock take date' is clicked on

2019-05-30 10:43:40 - [TEST_STEP][PASSED] - click(findTestObject("3 Stock/3-1 Stock take/3-1 Stock take - add/Date 18", ["date":today_check()])): null

2019-05-30 10:43:40 - [TEST_STEP][PASSED] - today = new java.util.Date(): null

2019-05-30 10:43:40 - [TEST_STEP][PASSED] - return today.format(d): Object: 'Object Repository/3 Stock/3-1 Stock take/3-1 Stock take - add/Date 18' is clicked on

2019-05-30 10:43:40 - [MESSAGE][PASSED] - Object: 'Object Repository/3 Stock/3-1 Stock take/3-1 Stock take - add/Date 18' is clicked on

2019-05-30 10:43:40 - [TEST_STEP][PASSED] - click(findTestObject("3 Stock/3-1 Stock take/3-1 Stock take - add/Employee button")): Object: 'Object Repository/3 Stock/3-1 Stock take/3-1 Stock take - add/Employee button' is clicked on

2019-05-30 10:43:40 - [MESSAGE][PASSED] - Object: 'Object Repository/3 Stock/3-1 Stock take/3-1 Stock take - add/Employee button' is clicked on

2019-05-30 10:43:40 - [TEST_STEP][PASSED] - click(findTestObject("3 Stock/3-1 Stock take/3-1 Stock take - add/Employee Larry")): Object: 'Object Repository/3 Stock/3-1 Stock take/3-1 Stock take - add/Employee Larry' is clicked on

2019-05-30 10:43:41 - [MESSAGE][PASSED] - Object: 'Object Repository/3 Stock/3-1 Stock take/3-1 Stock take - add/Employee Larry' is clicked on

2019-05-30 10:43:41 - [TEST_STEP][PASSED] - click(findTestObject("3 Stock/3-1 Stock take/3-1 Stock take - add/Warehouse button")): Object: 'Object Repository/3 Stock/3-1 Stock take/3-1 Stock take - add/Warehouse button' is clicked on

2019-05-30 10:43:41 - [MESSAGE][PASSED] - Object: 'Object Repository/3 Stock/3-1 Stock take/3-1 Stock take - add/Warehouse button' is clicked on

2019-05-30 10:43:41 - [TEST_STEP][PASSED] - click(findTestObject("3 Stock/3-1 Stock take/3-1 Stock take - add/Warehouse 111")): Object: 'Object Repository/3 Stock/3-1 Stock take/3-1 Stock take - add/Warehouse 111' is clicked on

2019-05-30 10:43:41 - [MESSAGE][PASSED] - Object: 'Object Repository/3 Stock/3-1 Stock take/3-1 Stock take - add/Warehouse 111' is clicked on

2019-05-30 10:43:41 - [TEST_STEP][PASSED] - click(findTestObject("3 Stock/3-1 Stock take/3-1 Stock take - add/Class button")): Object: 'Object Repository/3 Stock/3-1 Stock take/3-1 Stock take - add/Class button' is clicked on

2019-05-30 10:43:42 - [MESSAGE][PASSED] - Object: 'Object Repository/3 Stock/3-1 Stock take/3-1 Stock take - add/Class button' is clicked on

2019-05-30 10:43:42 - [TEST_STEP][PASSED] - click(findTestObject("3 Stock/3-1 Stock take/3-1 Stock take - add/Class IPAD")): Object: 'Object Repository/3 Stock/3-1 Stock take/3-1 Stock take - add/Class IPAD' is clicked on

2019-05-30 10:43:42 - [MESSAGE][PASSED] - Object: 'Object Repository/3 Stock/3-1 Stock take/3-1 Stock take - add/Class IPAD' is clicked on

2019-05-30 10:43:42 - [TEST_STEP][PASSED] - click(findTestObject("3 Stock/3-1 Stock take/3-1 Stock take - add/Class ok button")): Object: 'Object Repository/3 Stock/3-1 Stock take/3-1 Stock take - add/Class ok button' is clicked on

2019-05-30 10:43:42 - [MESSAGE][PASSED] - Object: 'Object Repository/3 Stock/3-1 Stock take/3-1 Stock take - add/Class ok button' is clicked on

2019-05-30 10:43:42 - [TEST_STEP][PASSED] - setText(findTestObject("3 Stock/3-1 Stock take/3-1 Stock take - add/Note"), time()): null

2019-05-30 10:43:42 - [TEST_STEP][PASSED] - date = new java.util.Date(): null

2019-05-30 10:43:42 - [TEST_STEP][PASSED] - sdf = new java.text.SimpleDateFormat(yyyyMMddHHmm): null

2019-05-30 10:43:42 - [TEST_STEP][PASSED] - Time = Note + sdf.format(date): null

2019-05-30 10:43:42 - [TEST_STEP][PASSED] - return (internal.GlobalVariable.Note + sdf.format(date)): Text 'Testing201905301043' is set on object 'Object Repository/3 Stock/3-1 Stock take/3-1 Stock take - add/Note'

2019-05-30 10:43:42 - [MESSAGE][PASSED] - Text 'Testing201905301043' is set on object 'Object Repository/3 Stock/3-1 Stock take/3-1 Stock take - add/Note'

2019-05-30 10:43:42 - [TEST_STEP][PASSED] - qqq = <not implemented yet for class: org.codehaus.groovy.ast.expr.EmptyExpression>: null

2019-05-30 10:43:42 - [TEST_STEP][PASSED] - qqq = getAttribute(findTestObject("3 Stock/3-1 Stock take/3-1 Stock take - add/Stock number"), "value"): Attribute 'value' of object 'Object Repository/3 Stock/3-1 Stock take/3-1 Stock take - add/Stock number' is: '-1,873'

2019-05-30 10:43:42 - [MESSAGE][PASSED] - Attribute 'value' of object 'Object Repository/3 Stock/3-1 Stock take/3-1 Stock take - add/Stock number' is: '-1,873'

2019-05-30 10:43:43 - [TEST_STEP][PASSED] - qqq = qqq.replaceAll(",", ""): null

2019-05-30 10:43:43 - [TEST_STEP][PASSED] - kkk = qqq.toInteger(): null

2019-05-30 10:43:43 - [TEST_STEP][PASSED] - kkk = kkk - 10: null

2019-05-30 10:43:43 - [TEST_STEP][PASSED] - sendKeys(findTestObject("3 Stock/3-1 Stock take/3-1 Stock take - add/Stock number"), Keys.chord(CONTROL, "a")): Keys 'CONTROL + a' sent to object: 'Object Repository/3 Stock/3-1 Stock take/3-1 Stock take - add/Stock number'

2019-05-30 10:43:43 - [MESSAGE][PASSED] - Keys 'CONTROL + a' sent to object: 'Object Repository/3 Stock/3-1 Stock take/3-1 Stock take - add/Stock number'

2019-05-30 10:43:43 - [TEST_STEP][PASSED] - sendKeys(findTestObject("3 Stock/3-1 Stock take/3-1 Stock take - add/Stock number"), Keys.chord(DELETE)): Keys 'DELETE + ' sent to object: 'Object Repository/3 Stock/3-1 Stock take/3-1 Stock take - add/Stock number'

2019-05-30 10:43:43 - [MESSAGE][PASSED] - Keys 'DELETE + ' sent to object: 'Object Repository/3 Stock/3-1 Stock take/3-1 Stock take - add/Stock number'

2019-05-30 10:43:43 - [TEST_STEP][PASSED] - sendKeys(findTestObject("3 Stock/3-1 Stock take/3-1 Stock take - add/Stock number"), kkk.toString()): Keys '-1883' sent to object: 'Object Repository/3 Stock/3-1 Stock take/3-1 Stock take - add/Stock number'

2019-05-30 10:43:43 - [MESSAGE][PASSED] - Keys '-1883' sent to object: 'Object Repository/3 Stock/3-1 Stock take/3-1 Stock take - add/Stock number'

2019-05-30 10:43:43 - [TEST_STEP][PASSED] - selectOptionByValue(findTestObject("3 Stock/3-1 Stock take/3-1 Stock take - add/Stock take done"), "Y", true): All options with value 'Y' are selected in object 'Object Repository/3 Stock/3-1 Stock take/3-1 Stock take - add/Stock take done'  using regular expression

2019-05-30 10:43:43 - [MESSAGE][PASSED] - All options with value 'Y' are selected in object 'Object Repository/3 Stock/3-1 Stock take/3-1 Stock take - add/Stock take done'  using regular expression

2019-05-30 10:43:43 - [TEST_STEP][PASSED] - setText(findTestObject("3 Stock/3-1 Stock take/3-1 Stock take - add/Stock take IPAD note"), "-10"): Text '-10' is set on object 'Object Repository/3 Stock/3-1 Stock take/3-1 Stock take - add/Stock take IPAD note'

2019-05-30 10:43:43 - [MESSAGE][PASSED] - Text '-10' is set on object 'Object Repository/3 Stock/3-1 Stock take/3-1 Stock take - add/Stock take IPAD note'

2019-05-30 10:43:43 - [TEST_STEP][PASSED] - selectOptionByValue(findTestObject("3 Stock/3-1 Stock take/3-1 Stock take - add/Done select"), "Y", true): All options with value 'Y' are selected in object 'Object Repository/3 Stock/3-1 Stock take/3-1 Stock take - add/Done select'  using regular expression

2019-05-30 10:43:43 - [MESSAGE][PASSED] - All options with value 'Y' are selected in object 'Object Repository/3 Stock/3-1 Stock take/3-1 Stock take - add/Done select'  using regular expression

2019-05-30 10:43:43 - [TEST_STEP][PASSED] - click(findTestObject("3 Stock/3-1 Stock take/3-1 Stock take - add/Done")): Object: 'Object Repository/3 Stock/3-1 Stock take/3-1 Stock take - add/Done' is clicked on

2019-05-30 10:43:43 - [MESSAGE][PASSED] - Object: 'Object Repository/3 Stock/3-1 Stock take/3-1 Stock take - add/Done' is clicked on]]></system-out>
         <system-err><![CDATA[]]></system-err>
      </testcase>
      <testcase name="Test Cases/Others/Accept and verify" classname="Test Cases/Others/Accept and verify" status="PASSED">
         <system-out><![CDATA[2019-05-30 10:43:43 - [TEST_CASE][PASSED] - Test Cases/Others/Accept and verify: Test Cases/Others/Accept and verify

2019-05-30 10:43:43 - [TEST_STEP][PASSED] - delay(3): Delayed 3 second(s)

2019-05-30 10:43:46 - [MESSAGE][PASSED] - Delayed 3 second(s)

2019-05-30 10:43:46 - [TEST_STEP][PASSED] - waitForAlert(5): Alert is present after 5 second(s).

2019-05-30 10:43:46 - [MESSAGE][PASSED] - Alert is present after 5 second(s).

2019-05-30 10:43:46 - [TEST_STEP][PASSED] - acceptAlert(): Alert accepted

2019-05-30 10:43:46 - [MESSAGE][PASSED] - Alert accepted

2019-05-30 10:43:46 - [TEST_STEP][PASSED] - verifyElementClickable(findTestObject("Others/Accept and verify/Verify button")): Object 'Object Repository/Others/Accept and verify/Verify button' is clickable

2019-05-30 10:43:46 - [MESSAGE][PASSED] - Object 'Object Repository/Others/Accept and verify/Verify button' is clickable]]></system-out>
         <system-err><![CDATA[]]></system-err>
      </testcase>
      <testcase name="Test Cases/3 Stock/3-1 Stock Take/3-1 Stock Take-edit" classname="Test Cases/3 Stock/3-1 Stock Take/3-1 Stock Take-edit" status="ERROR">
         <error type="ERROR" message="Test Cases/3 Stock/3-1 Stock Take/3-1 Stock Take-edit FAILED.
Reason:
groovy.lang.MissingPropertyException: No such property: kkk for class: Script1559180381512
	at 3-1 Stock Take-edit.run(3-1 Stock Take-edit:38)
	at com.kms.katalon.core.main.ScriptEngine.run(ScriptEngine.java:194)
	at com.kms.katalon.core.main.ScriptEngine.runScriptAsRawText(ScriptEngine.java:119)
	at com.kms.katalon.core.main.TestCaseExecutor.runScript(TestCaseExecutor.java:328)
	at com.kms.katalon.core.main.TestCaseExecutor.doExecute(TestCaseExecutor.java:319)
	at com.kms.katalon.core.main.TestCaseExecutor.processExecutionPhase(TestCaseExecutor.java:298)
	at com.kms.katalon.core.main.TestCaseExecutor.accessMainPhase(TestCaseExecutor.java:290)
	at com.kms.katalon.core.main.TestCaseExecutor.execute(TestCaseExecutor.java:224)
	at com.kms.katalon.core.main.TestSuiteExecutor.accessTestCaseMainPhase(TestSuiteExecutor.java:129)
	at com.kms.katalon.core.main.TestSuiteExecutor.accessTestSuiteMainPhase(TestSuiteExecutor.java:112)
	at com.kms.katalon.core.main.TestSuiteExecutor.execute(TestSuiteExecutor.java:81)
	at com.kms.katalon.core.main.TestCaseMain.startTestSuite(TestCaseMain.java:149)
	at com.kms.katalon.core.main.TestCaseMain$startTestSuite$0.call(Unknown Source)
	at TempTestSuite1559184210598.run(TempTestSuite1559184210598.groovy:36)
"/>
         <system-out><![CDATA[2019-05-30 10:43:46 - [TEST_CASE][ERROR] - Test Cases/3 Stock/3-1 Stock Take/3-1 Stock Take-edit: Test Cases/3 Stock/3-1 Stock Take/3-1 Stock Take-edit FAILED.
Reason:
groovy.lang.MissingPropertyException: No such property: kkk for class: Script1559180381512
	at 3-1 Stock Take-edit.run(3-1 Stock Take-edit:38)
	at com.kms.katalon.core.main.ScriptEngine.run(ScriptEngine.java:194)
	at com.kms.katalon.core.main.ScriptEngine.runScriptAsRawText(ScriptEngine.java:119)
	at com.kms.katalon.core.main.TestCaseExecutor.runScript(TestCaseExecutor.java:328)
	at com.kms.katalon.core.main.TestCaseExecutor.doExecute(TestCaseExecutor.java:319)
	at com.kms.katalon.core.main.TestCaseExecutor.processExecutionPhase(TestCaseExecutor.java:298)
	at com.kms.katalon.core.main.TestCaseExecutor.accessMainPhase(TestCaseExecutor.java:290)
	at com.kms.katalon.core.main.TestCaseExecutor.execute(TestCaseExecutor.java:224)
	at com.kms.katalon.core.main.TestSuiteExecutor.accessTestCaseMainPhase(TestSuiteExecutor.java:129)
	at com.kms.katalon.core.main.TestSuiteExecutor.accessTestSuiteMainPhase(TestSuiteExecutor.java:112)
	at com.kms.katalon.core.main.TestSuiteExecutor.execute(TestSuiteExecutor.java:81)
	at com.kms.katalon.core.main.TestCaseMain.startTestSuite(TestCaseMain.java:149)
	at com.kms.katalon.core.main.TestCaseMain$startTestSuite$0.call(Unknown Source)
	at TempTestSuite1559184210598.run(TempTestSuite1559184210598.groovy:36)


2019-05-30 10:43:46 - [TEST_STEP][PASSED] - click(findTestObject("3 Stock/3-1 Stock take/3-1 Stock take - edit/Sort by no")): Object: 'Object Repository/3 Stock/3-1 Stock take/3-1 Stock take - edit/Sort by no' is clicked on

2019-05-30 10:43:46 - [MESSAGE][PASSED] - Object: 'Object Repository/3 Stock/3-1 Stock take/3-1 Stock take - edit/Sort by no' is clicked on

2019-05-30 10:43:46 - [TEST_STEP][PASSED] - click(findTestObject("3 Stock/3-1 Stock take/3-1 Stock take - edit/Sort by no")): Object: 'Object Repository/3 Stock/3-1 Stock take/3-1 Stock take - edit/Sort by no' is clicked on

2019-05-30 10:43:47 - [MESSAGE][PASSED] - Object: 'Object Repository/3 Stock/3-1 Stock take/3-1 Stock take - edit/Sort by no' is clicked on

2019-05-30 10:43:47 - [TEST_STEP][PASSED] - XXX = Time: null

2019-05-30 10:43:47 - [TEST_STEP][PASSED] - click(findTestObject("3 Stock/3-1 Stock take/3-1 Stock take - edit/Select by note", ["xxx":XXX])): Object: 'Object Repository/3 Stock/3-1 Stock take/3-1 Stock take - edit/Select by note' is clicked on

2019-05-30 10:43:47 - [MESSAGE][PASSED] - Object: 'Object Repository/3 Stock/3-1 Stock take/3-1 Stock take - edit/Select by note' is clicked on

2019-05-30 10:43:47 - [TEST_STEP][PASSED] - click(findTestObject("3 Stock/3-1 Stock take/3-1 Stock take - edit/Edit button")): Object: 'Object Repository/3 Stock/3-1 Stock take/3-1 Stock take - edit/Edit button' is clicked on

2019-05-30 10:43:47 - [MESSAGE][PASSED] - Object: 'Object Repository/3 Stock/3-1 Stock take/3-1 Stock take - edit/Edit button' is clicked on

2019-05-30 10:43:47 - [TEST_STEP][ERROR] - kkk = kkk - 10: kkk = kkk - 10 FAILED.
Reason:
groovy.lang.MissingPropertyException: No such property: kkk for class: Script1559180381512
	at 3-1 Stock Take-edit.run(3-1 Stock Take-edit:38)
	at com.kms.katalon.core.main.ScriptEngine.run(ScriptEngine.java:194)
	at com.kms.katalon.core.main.ScriptEngine.runScriptAsRawText(ScriptEngine.java:119)
	at com.kms.katalon.core.main.TestCaseExecutor.runScript(TestCaseExecutor.java:328)
	at com.kms.katalon.core.main.TestCaseExecutor.doExecute(TestCaseExecutor.java:319)
	at com.kms.katalon.core.main.TestCaseExecutor.processExecutionPhase(TestCaseExecutor.java:298)
	at com.kms.katalon.core.main.TestCaseExecutor.accessMainPhase(TestCaseExecutor.java:290)
	at com.kms.katalon.core.main.TestCaseExecutor.execute(TestCaseExecutor.java:224)
	at com.kms.katalon.core.main.TestSuiteExecutor.accessTestCaseMainPhase(TestSuiteExecutor.java:129)
	at com.kms.katalon.core.main.TestSuiteExecutor.accessTestSuiteMainPhase(TestSuiteExecutor.java:112)
	at com.kms.katalon.core.main.TestSuiteExecutor.execute(TestSuiteExecutor.java:81)
	at com.kms.katalon.core.main.TestCaseMain.startTestSuite(TestCaseMain.java:149)
	at com.kms.katalon.core.main.TestCaseMain$startTestSuite$0.call(Unknown Source)
	at TempTestSuite1559184210598.run(TempTestSuite1559184210598.groovy:36)


2019-05-30 10:43:47 - [MESSAGE][ERROR] - kkk = kkk - 10 FAILED.
Reason:
groovy.lang.MissingPropertyException: No such property: kkk for class: Script1559180381512
	at 3-1 Stock Take-edit.run(3-1 Stock Take-edit:38)
	at com.kms.katalon.core.main.ScriptEngine.run(ScriptEngine.java:194)
	at com.kms.katalon.core.main.ScriptEngine.runScriptAsRawText(ScriptEngine.java:119)
	at com.kms.katalon.core.main.TestCaseExecutor.runScript(TestCaseExecutor.java:328)
	at com.kms.katalon.core.main.TestCaseExecutor.doExecute(TestCaseExecutor.java:319)
	at com.kms.katalon.core.main.TestCaseExecutor.processExecutionPhase(TestCaseExecutor.java:298)
	at com.kms.katalon.core.main.TestCaseExecutor.accessMainPhase(TestCaseExecutor.java:290)
	at com.kms.katalon.core.main.TestCaseExecutor.execute(TestCaseExecutor.java:224)
	at com.kms.katalon.core.main.TestSuiteExecutor.accessTestCaseMainPhase(TestSuiteExecutor.java:129)
	at com.kms.katalon.core.main.TestSuiteExecutor.accessTestSuiteMainPhase(TestSuiteExecutor.java:112)
	at com.kms.katalon.core.main.TestSuiteExecutor.execute(TestSuiteExecutor.java:81)
	at com.kms.katalon.core.main.TestCaseMain.startTestSuite(TestCaseMain.java:149)
	at com.kms.katalon.core.main.TestCaseMain$startTestSuite$0.call(Unknown Source)
	at TempTestSuite1559184210598.run(TempTestSuite1559184210598.groovy:36)]]></system-out>
         <system-err><![CDATA[2019-05-30 10:43:46 - [TEST_CASE][ERROR] - Test Cases/3 Stock/3-1 Stock Take/3-1 Stock Take-edit: Test Cases/3 Stock/3-1 Stock Take/3-1 Stock Take-edit FAILED.
Reason:
groovy.lang.MissingPropertyException: No such property: kkk for class: Script1559180381512
	at 3-1 Stock Take-edit.run(3-1 Stock Take-edit:38)
	at com.kms.katalon.core.main.ScriptEngine.run(ScriptEngine.java:194)
	at com.kms.katalon.core.main.ScriptEngine.runScriptAsRawText(ScriptEngine.java:119)
	at com.kms.katalon.core.main.TestCaseExecutor.runScript(TestCaseExecutor.java:328)
	at com.kms.katalon.core.main.TestCaseExecutor.doExecute(TestCaseExecutor.java:319)
	at com.kms.katalon.core.main.TestCaseExecutor.processExecutionPhase(TestCaseExecutor.java:298)
	at com.kms.katalon.core.main.TestCaseExecutor.accessMainPhase(TestCaseExecutor.java:290)
	at com.kms.katalon.core.main.TestCaseExecutor.execute(TestCaseExecutor.java:224)
	at com.kms.katalon.core.main.TestSuiteExecutor.accessTestCaseMainPhase(TestSuiteExecutor.java:129)
	at com.kms.katalon.core.main.TestSuiteExecutor.accessTestSuiteMainPhase(TestSuiteExecutor.java:112)
	at com.kms.katalon.core.main.TestSuiteExecutor.execute(TestSuiteExecutor.java:81)
	at com.kms.katalon.core.main.TestCaseMain.startTestSuite(TestCaseMain.java:149)
	at com.kms.katalon.core.main.TestCaseMain$startTestSuite$0.call(Unknown Source)
	at TempTestSuite1559184210598.run(TempTestSuite1559184210598.groovy:36)]]></system-err>
      </testcase>
      <system-out><![CDATA[2019-05-30 10:43:31 - [TEST_SUITE][ERROR] - 3-1 Stock Take Test Suite: Test Cases/3 Stock/3-1 Stock Take/3-1 Stock Take-edit FAILED.
Reason:
groovy.lang.MissingPropertyException: No such property: kkk for class: Script1559180381512
	at 3-1 Stock Take-edit.run(3-1 Stock Take-edit:38)
	at com.kms.katalon.core.main.ScriptEngine.run(ScriptEngine.java:194)
	at com.kms.katalon.core.main.ScriptEngine.runScriptAsRawText(ScriptEngine.java:119)
	at com.kms.katalon.core.main.TestCaseExecutor.runScript(TestCaseExecutor.java:328)
	at com.kms.katalon.core.main.TestCaseExecutor.doExecute(TestCaseExecutor.java:319)
	at com.kms.katalon.core.main.TestCaseExecutor.processExecutionPhase(TestCaseExecutor.java:298)
	at com.kms.katalon.core.main.TestCaseExecutor.accessMainPhase(TestCaseExecutor.java:290)
	at com.kms.katalon.core.main.TestCaseExecutor.execute(TestCaseExecutor.java:224)
	at com.kms.katalon.core.main.TestSuiteExecutor.accessTestCaseMainPhase(TestSuiteExecutor.java:129)
	at com.kms.katalon.core.main.TestSuiteExecutor.accessTestSuiteMainPhase(TestSuiteExecutor.java:112)
	at com.kms.katalon.core.main.TestSuiteExecutor.execute(TestSuiteExecutor.java:81)
	at com.kms.katalon.core.main.TestCaseMain.startTestSuite(TestCaseMain.java:149)
	at com.kms.katalon.core.main.TestCaseMain$startTestSuite$0.call(Unknown Source)
	at TempTestSuite1559184210598.run(TempTestSuite1559184210598.groovy:36)]]></system-out>
      <system-err><![CDATA[2019-05-30 10:43:31 - [TEST_SUITE][ERROR] - 3-1 Stock Take Test Suite: Test Cases/3 Stock/3-1 Stock Take/3-1 Stock Take-edit FAILED.
Reason:
groovy.lang.MissingPropertyException: No such property: kkk for class: Script1559180381512
	at 3-1 Stock Take-edit.run(3-1 Stock Take-edit:38)
	at com.kms.katalon.core.main.ScriptEngine.run(ScriptEngine.java:194)
	at com.kms.katalon.core.main.ScriptEngine.runScriptAsRawText(ScriptEngine.java:119)
	at com.kms.katalon.core.main.TestCaseExecutor.runScript(TestCaseExecutor.java:328)
	at com.kms.katalon.core.main.TestCaseExecutor.doExecute(TestCaseExecutor.java:319)
	at com.kms.katalon.core.main.TestCaseExecutor.processExecutionPhase(TestCaseExecutor.java:298)
	at com.kms.katalon.core.main.TestCaseExecutor.accessMainPhase(TestCaseExecutor.java:290)
	at com.kms.katalon.core.main.TestCaseExecutor.execute(TestCaseExecutor.java:224)
	at com.kms.katalon.core.main.TestSuiteExecutor.accessTestCaseMainPhase(TestSuiteExecutor.java:129)
	at com.kms.katalon.core.main.TestSuiteExecutor.accessTestSuiteMainPhase(TestSuiteExecutor.java:112)
	at com.kms.katalon.core.main.TestSuiteExecutor.execute(TestSuiteExecutor.java:81)
	at com.kms.katalon.core.main.TestCaseMain.startTestSuite(TestCaseMain.java:149)
	at com.kms.katalon.core.main.TestCaseMain$startTestSuite$0.call(Unknown Source)
	at TempTestSuite1559184210598.run(TempTestSuite1559184210598.groovy:36)]]></system-err>
   </testsuite>
</testsuites>
